        -:    0:Source:/home/maximiliank/Dokumente/workbench/Bachelor/bachelorarbeit/external/json/jsoncpp.cpp
        -:    0:Graph:/home/maximiliank/Dokumente/workbench/Bachelor/bachelorarbeit/cmake-build-debug-coverage/CMakeFiles/ba.dir/external/json/jsoncpp.cpp.gcno
        -:    0:Data:/home/maximiliank/Dokumente/workbench/Bachelor/bachelorarbeit/cmake-build-debug-coverage/CMakeFiles/ba.dir/external/json/jsoncpp.cpp.gcda
        -:    0:Runs:1
        -:    1:/// Json-cpp amalgamated source (http://jsoncpp.sourceforge.net/).
        -:    2:/// It is intended to be used with #include "json/json.h"
        -:    3:
        -:    4:// //////////////////////////////////////////////////////////////////////
        -:    5:// Beginning of content of file: LICENSE
        -:    6:// //////////////////////////////////////////////////////////////////////
        -:    7:
        -:    8:/*
        -:    9:The JsonCpp library's source code, including accompanying documentation,
        -:   10:tests and demonstration applications, are licensed under the following
        -:   11:conditions...
        -:   12:
        -:   13:Baptiste Lepilleur and The JsonCpp Authors explicitly disclaim copyright in all
        -:   14:jurisdictions which recognize such a disclaimer. In such jurisdictions,
        -:   15:this software is released into the Public Domain.
        -:   16:
        -:   17:In jurisdictions which do not recognize Public Domain property (e.g. Germany as of
        -:   18:2010), this software is Copyright (c) 2007-2010 by Baptiste Lepilleur and
        -:   19:The JsonCpp Authors, and is released under the terms of the MIT License (see below).
        -:   20:
        -:   21:In jurisdictions which recognize Public Domain property, the user of this
        -:   22:software may choose to accept it either as 1) Public Domain, 2) under the
        -:   23:conditions of the MIT License (see below), or 3) under the terms of dual
        -:   24:Public Domain/MIT License conditions described here, as they choose.
        -:   25:
        -:   26:The MIT License is about as close to Public Domain as a license can get, and is
        -:   27:described in clear, concise terms at:
        -:   28:
        -:   29:   http://en.wikipedia.org/wiki/MIT_License
        -:   30:
        -:   31:The full text of the MIT License follows:
        -:   32:
        -:   33:========================================================================
        -:   34:Copyright (c) 2007-2010 Baptiste Lepilleur and The JsonCpp Authors
        -:   35:
        -:   36:Permission is hereby granted, free of charge, to any person
        -:   37:obtaining a copy of this software and associated documentation
        -:   38:files (the "Software"), to deal in the Software without
        -:   39:restriction, including without limitation the rights to use, copy,
        -:   40:modify, merge, publish, distribute, sublicense, and/or sell copies
        -:   41:of the Software, and to permit persons to whom the Software is
        -:   42:furnished to do so, subject to the following conditions:
        -:   43:
        -:   44:The above copyright notice and this permission notice shall be
        -:   45:included in all copies or substantial portions of the Software.
        -:   46:
        -:   47:THE SOFTWARE IS PROVIDED "AS IS", WITHOUT WARRANTY OF ANY KIND,
        -:   48:EXPRESS OR IMPLIED, INCLUDING BUT NOT LIMITED TO THE WARRANTIES OF
        -:   49:MERCHANTABILITY, FITNESS FOR A PARTICULAR PURPOSE AND
        -:   50:NONINFRINGEMENT. IN NO EVENT SHALL THE AUTHORS OR COPYRIGHT HOLDERS
        -:   51:BE LIABLE FOR ANY CLAIM, DAMAGES OR OTHER LIABILITY, WHETHER IN AN
        -:   52:ACTION OF CONTRACT, TORT OR OTHERWISE, ARISING FROM, OUT OF OR IN
        -:   53:CONNECTION WITH THE SOFTWARE OR THE USE OR OTHER DEALINGS IN THE
        -:   54:SOFTWARE.
        -:   55:========================================================================
        -:   56:(END LICENSE TEXT)
        -:   57:
        -:   58:The MIT license is compatible with both the GPL and commercial
        -:   59:software, affording one all of the rights of Public Domain with the
        -:   60:minor nuisance of being required to keep the above copyright notice
        -:   61:and license text in the source code. Note also that by accepting the
        -:   62:Public Domain "license" you can re-license your copy using whatever
        -:   63:license you like.
        -:   64:
        -:   65:*/
        -:   66:
        -:   67:// //////////////////////////////////////////////////////////////////////
        -:   68:// End of content of file: LICENSE
        -:   69:// //////////////////////////////////////////////////////////////////////
        -:   70:
        -:   71:
        -:   72:
        -:   73:
        -:   74:
        -:   75:
        -:   76:#include "json.h"
        -:   77:
        -:   78:#ifndef JSON_IS_AMALGAMATION
        -:   79:#error "Compile with -I PATH_TO_JSON_DIRECTORY"
        -:   80:#endif
        -:   81:
        -:   82:
        -:   83:// //////////////////////////////////////////////////////////////////////
        -:   84:// Beginning of content of file: src/lib_json/json_tool.h
        -:   85:// //////////////////////////////////////////////////////////////////////
        -:   86:
        -:   87:// Copyright 2007-2010 Baptiste Lepilleur and The JsonCpp Authors
        -:   88:// Distributed under MIT license, or public domain if desired and
        -:   89:// recognized in your jurisdiction.
        -:   90:// See file LICENSE for detail or copy at http://jsoncpp.sourceforge.net/LICENSE
        -:   91:
        -:   92:#ifndef LIB_JSONCPP_JSON_TOOL_H_INCLUDED
        -:   93:#define LIB_JSONCPP_JSON_TOOL_H_INCLUDED
        -:   94:
        -:   95:#if !defined(JSON_IS_AMALGAMATION)
        -:   96:#include <json/config.h>
        -:   97:#endif
        -:   98:
        -:   99:// Also support old flag NO_LOCALE_SUPPORT
        -:  100:#ifdef NO_LOCALE_SUPPORT
        -:  101:#define JSONCPP_NO_LOCALE_SUPPORT
        -:  102:#endif
        -:  103:
        -:  104:#ifndef JSONCPP_NO_LOCALE_SUPPORT
        -:  105:#include <clocale>
        -:  106:#endif
        -:  107:
        -:  108:/* This header provides common string manipulation support, such as UTF-8,
        -:  109: * portable conversion from/to string...
        -:  110: *
        -:  111: * It is an internal header that must not be exposed.
        -:  112: */
        -:  113:
        -:  114:namespace Json {
        -:  115:static inline char getDecimalPoint() {
        -:  116:#ifdef JSONCPP_NO_LOCALE_SUPPORT
        -:  117:  return '\0';
        -:  118:#else
        -:  119:  struct lconv* lc = localeconv();
        -:  120:  return lc ? *(lc->decimal_point) : '\0';
        -:  121:#endif
        -:  122:}
        -:  123:
        -:  124:/// Converts a unicode code-point to UTF-8.
function _ZN4JsonL15codePointToUTF8Ej called 0 returned 0% blocks executed 0%
    #####:  125:static inline String codePointToUTF8(unsigned int cp) {
    #####:  126:  String result;
    %%%%%:  126-block  0
Aufruf  0 niemals ausgeführt
        -:  127:
        -:  128:  // based on description from http://en.wikipedia.org/wiki/UTF-8
        -:  129:
    #####:  130:  if (cp <= 0x7f) {
Zweig  0 niemals ausgeführt
Zweig  1 niemals ausgeführt
    #####:  131:    result.resize(1);
    %%%%%:  131-block  0
Aufruf  0 niemals ausgeführt
Zweig  1 niemals ausgeführt
Zweig  2 niemals ausgeführt
    #####:  132:    result[0] = static_cast<char>(cp);
    %%%%%:  132-block  0
Aufruf  0 niemals ausgeführt
Zweig  1 niemals ausgeführt
Zweig  2 niemals ausgeführt
    %%%%%:  132-block  1
    #####:  133:  } else if (cp <= 0x7FF) {
    %%%%%:  133-block  0
Zweig  0 niemals ausgeführt
Zweig  1 niemals ausgeführt
    #####:  134:    result.resize(2);
    %%%%%:  134-block  0
Aufruf  0 niemals ausgeführt
Zweig  1 niemals ausgeführt
Zweig  2 niemals ausgeführt
    #####:  135:    result[1] = static_cast<char>(0x80 | (0x3f & cp));
    %%%%%:  135-block  0
Aufruf  0 niemals ausgeführt
Zweig  1 niemals ausgeführt
Zweig  2 niemals ausgeführt
    #####:  136:    result[0] = static_cast<char>(0xC0 | (0x1f & (cp >> 6)));
    %%%%%:  136-block  0
Aufruf  0 niemals ausgeführt
Zweig  1 niemals ausgeführt
Zweig  2 niemals ausgeführt
    %%%%%:  136-block  1
    #####:  137:  } else if (cp <= 0xFFFF) {
    %%%%%:  137-block  0
Zweig  0 niemals ausgeführt
Zweig  1 niemals ausgeführt
    #####:  138:    result.resize(3);
    %%%%%:  138-block  0
Aufruf  0 niemals ausgeführt
Zweig  1 niemals ausgeführt
Zweig  2 niemals ausgeführt
    #####:  139:    result[2] = static_cast<char>(0x80 | (0x3f & cp));
    %%%%%:  139-block  0
Aufruf  0 niemals ausgeführt
Zweig  1 niemals ausgeführt
Zweig  2 niemals ausgeführt
    #####:  140:    result[1] = static_cast<char>(0x80 | (0x3f & (cp >> 6)));
    %%%%%:  140-block  0
Aufruf  0 niemals ausgeführt
Zweig  1 niemals ausgeführt
Zweig  2 niemals ausgeführt
    #####:  141:    result[0] = static_cast<char>(0xE0 | (0xf & (cp >> 12)));
    %%%%%:  141-block  0
Aufruf  0 niemals ausgeführt
Zweig  1 niemals ausgeführt
Zweig  2 niemals ausgeführt
    %%%%%:  141-block  1
    #####:  142:  } else if (cp <= 0x10FFFF) {
    %%%%%:  142-block  0
Zweig  0 niemals ausgeführt
Zweig  1 niemals ausgeführt
    #####:  143:    result.resize(4);
    %%%%%:  143-block  0
Aufruf  0 niemals ausgeführt
Zweig  1 niemals ausgeführt
Zweig  2 niemals ausgeführt
    #####:  144:    result[3] = static_cast<char>(0x80 | (0x3f & cp));
    %%%%%:  144-block  0
Aufruf  0 niemals ausgeführt
Zweig  1 niemals ausgeführt
Zweig  2 niemals ausgeführt
    #####:  145:    result[2] = static_cast<char>(0x80 | (0x3f & (cp >> 6)));
    %%%%%:  145-block  0
Aufruf  0 niemals ausgeführt
Zweig  1 niemals ausgeführt
Zweig  2 niemals ausgeführt
    #####:  146:    result[1] = static_cast<char>(0x80 | (0x3f & (cp >> 12)));
    %%%%%:  146-block  0
Aufruf  0 niemals ausgeführt
Zweig  1 niemals ausgeführt
Zweig  2 niemals ausgeführt
    #####:  147:    result[0] = static_cast<char>(0xF0 | (0x7 & (cp >> 18)));
    %%%%%:  147-block  0
Aufruf  0 niemals ausgeführt
Zweig  1 niemals ausgeführt
Zweig  2 niemals ausgeführt
    %%%%%:  147-block  1
        -:  148:  }
        -:  149:
    #####:  150:  return result;
    %%%%%:  150-block  0
    %%%%%:  150-block  1
    =====:  151:}
    $$$$$:  151-block  0
Aufruf  0 niemals ausgeführt
        -:  152:
        -:  153:enum {
        -:  154:  /// Constant that specify the size of the buffer that must be passed to
        -:  155:  /// uintToString.
        -:  156:  uintToStringBufferSize = 3 * sizeof(LargestUInt) + 1
        -:  157:};
        -:  158:
        -:  159:// Defines a char buffer for use with uintToString().
        -:  160:using UIntToStringBuffer = char[uintToStringBufferSize];
        -:  161:
        -:  162:/** Converts an unsigned integer to string.
        -:  163: * @param value Unsigned integer to convert to string
        -:  164: * @param current Input/Output string buffer.
        -:  165: *        Must have at least uintToStringBufferSize chars free.
        -:  166: */
function _ZN4JsonL12uintToStringEmRPc called 0 returned 0% blocks executed 0%
    #####:  167:static inline void uintToString(LargestUInt value, char*& current) {
    #####:  168:  *--current = 0;
    %%%%%:  168-block  0
        -:  169:  do {
    #####:  170:    *--current = static_cast<char>(value % 10U + static_cast<unsigned>('0'));
    #####:  171:    value /= 10;
    #####:  172:  } while (value != 0);
    %%%%%:  172-block  0
Zweig  0 niemals ausgeführt
Zweig  1 niemals ausgeführt
    #####:  173:}
        -:  174:
        -:  175:/** Change ',' to '.' everywhere in buffer.
        -:  176: *
        -:  177: * We had a sophisticated way, but it did not work in WinCE.
        -:  178: * @see https://github.com/open-source-parsers/jsoncpp/pull/9
        -:  179: */
function _ZN4Json16fixNumericLocaleIN9__gnu_cxx17__normal_iteratorIPcNSt7__cxx1112basic_stringIcSt11char_traitsIcESaIcEEEEEEET_SB_SB_ called 0 returned 0% blocks executed 0%
    #####:  180:template <typename Iter> Iter fixNumericLocale(Iter begin, Iter end) {
    #####:  181:  for (; begin != end; ++begin) {
    %%%%%:  181-block  0
    %%%%%:  181-block  1
Aufruf  0 niemals ausgeführt
    %%%%%:  181-block  2
Aufruf  1 niemals ausgeführt
Zweig  2 niemals ausgeführt
Zweig  3 niemals ausgeführt
    #####:  182:    if (*begin == ',') {
    %%%%%:  182-block  0
Aufruf  0 niemals ausgeführt
Zweig  1 niemals ausgeführt
Zweig  2 niemals ausgeführt
    #####:  183:      *begin = '.';
    %%%%%:  183-block  0
Aufruf  0 niemals ausgeführt
        -:  184:    }
        -:  185:  }
    #####:  186:  return begin;
    %%%%%:  186-block  0
        -:  187:}
        -:  188:
        -:  189:template <typename Iter> void fixNumericLocaleInput(Iter begin, Iter end) {
        -:  190:  char decimalPoint = getDecimalPoint();
        -:  191:  if (decimalPoint == '\0' || decimalPoint == '.') {
        -:  192:    return;
        -:  193:  }
        -:  194:  for (; begin != end; ++begin) {
        -:  195:    if (*begin == '.') {
        -:  196:      *begin = decimalPoint;
        -:  197:    }
        -:  198:  }
        -:  199:}
        -:  200:
        -:  201:/**
        -:  202: * Return iterator that would be the new end of the range [begin,end), if we
        -:  203: * were to delete zeros in the end of string, but not the last zero before '.'.
        -:  204: */
        -:  205:template <typename Iter>
function _ZN4Json16fixZerosInTheEndIN9__gnu_cxx17__normal_iteratorIPcNSt7__cxx1112basic_stringIcSt11char_traitsIcESaIcEEEEEEET_SB_SB_j called 0 returned 0% blocks executed 0%
    #####:  206:Iter fixZerosInTheEnd(Iter begin, Iter end, unsigned int precision) {
    #####:  207:  for (; begin != end; --end) {
    %%%%%:  207-block  0
    %%%%%:  207-block  1
Aufruf  0 niemals ausgeführt
    %%%%%:  207-block  2
Aufruf  1 niemals ausgeführt
Zweig  2 niemals ausgeführt
Zweig  3 niemals ausgeführt
    #####:  208:    if (*(end - 1) != '0') {
    %%%%%:  208-block  0
Aufruf  0 niemals ausgeführt
Aufruf  1 niemals ausgeführt
Zweig  2 niemals ausgeführt
Zweig  3 niemals ausgeführt
    #####:  209:      return end;
    %%%%%:  209-block  0
        -:  210:    }
        -:  211:    // Don't delete the last zero before the decimal point.
    #####:  212:    if (begin != (end - 1) && begin != (end - 2) && *(end - 2) == '.') {
    %%%%%:  212-block  0
Aufruf  0 niemals ausgeführt
Aufruf  1 niemals ausgeführt
Zweig  2 niemals ausgeführt
Zweig  3 niemals ausgeführt
    %%%%%:  212-block  1
Aufruf  4 niemals ausgeführt
Aufruf  5 niemals ausgeführt
Zweig  6 niemals ausgeführt
Zweig  7 niemals ausgeführt
    %%%%%:  212-block  2
Aufruf  8 niemals ausgeführt
Aufruf  9 niemals ausgeführt
Zweig 10 niemals ausgeführt
Zweig 11 niemals ausgeführt
    %%%%%:  212-block  3
    %%%%%:  212-block  4
    %%%%%:  212-block  5
Zweig 12 niemals ausgeführt
Zweig 13 niemals ausgeführt
    #####:  213:      if (precision) {
    %%%%%:  213-block  0
Zweig  0 niemals ausgeführt
Zweig  1 niemals ausgeführt
    #####:  214:        return end;
    %%%%%:  214-block  0
        -:  215:      }
    #####:  216:      return end - 2;
    %%%%%:  216-block  0
Aufruf  0 niemals ausgeführt
        -:  217:    }
        -:  218:  }
    #####:  219:  return end;
    %%%%%:  219-block  0
        -:  220:}
        -:  221:
        -:  222:} // namespace Json
        -:  223:
        -:  224:#endif // LIB_JSONCPP_JSON_TOOL_H_INCLUDED
        -:  225:
        -:  226:// //////////////////////////////////////////////////////////////////////
        -:  227:// End of content of file: src/lib_json/json_tool.h
        -:  228:// //////////////////////////////////////////////////////////////////////
        -:  229:
        -:  230:
        -:  231:
        -:  232:
        -:  233:
        -:  234:
        -:  235:// //////////////////////////////////////////////////////////////////////
        -:  236:// Beginning of content of file: src/lib_json/json_reader.cpp
        -:  237:// //////////////////////////////////////////////////////////////////////
        -:  238:
        -:  239:// Copyright 2007-2011 Baptiste Lepilleur and The JsonCpp Authors
        -:  240:// Copyright (C) 2016 InfoTeCS JSC. All rights reserved.
        -:  241:// Distributed under MIT license, or public domain if desired and
        -:  242:// recognized in your jurisdiction.
        -:  243:// See file LICENSE for detail or copy at http://jsoncpp.sourceforge.net/LICENSE
        -:  244:
        -:  245:#if !defined(JSON_IS_AMALGAMATION)
        -:  246:#include "json_tool.h"
        -:  247:#include <json/assertions.h>
        -:  248:#include <json/reader.h>
        -:  249:#include <json/value.h>
        -:  250:#endif // if !defined(JSON_IS_AMALGAMATION)
        -:  251:#include <algorithm>
        -:  252:#include <cassert>
        -:  253:#include <cstring>
        -:  254:#include <iostream>
        -:  255:#include <istream>
        -:  256:#include <limits>
        -:  257:#include <memory>
        -:  258:#include <set>
        -:  259:#include <sstream>
        -:  260:#include <utility>
        -:  261:
        -:  262:#include <cstdio>
        -:  263:#if __cplusplus >= 201103L
        -:  264:
        -:  265:#if !defined(sscanf)
        -:  266:#define sscanf std::sscanf
        -:  267:#endif
        -:  268:
        -:  269:#endif //__cplusplus
        -:  270:
        -:  271:#if defined(_MSC_VER)
        -:  272:#if !defined(_CRT_SECURE_CPP_OVERLOAD_STANDARD_NAMES)
        -:  273:#define _CRT_SECURE_CPP_OVERLOAD_STANDARD_NAMES 1
        -:  274:#endif //_CRT_SECURE_CPP_OVERLOAD_STANDARD_NAMES
        -:  275:#endif //_MSC_VER
        -:  276:
        -:  277:#if defined(_MSC_VER)
        -:  278:// Disable warning about strdup being deprecated.
        -:  279:#pragma warning(disable : 4996)
        -:  280:#endif
        -:  281:
        -:  282:// Define JSONCPP_DEPRECATED_STACK_LIMIT as an appropriate integer at compile
        -:  283:// time to change the stack limit
        -:  284:#if !defined(JSONCPP_DEPRECATED_STACK_LIMIT)
        -:  285:#define JSONCPP_DEPRECATED_STACK_LIMIT 1000
        -:  286:#endif
        -:  287:
        -:  288:static size_t const stackLimit_g =
        -:  289:    JSONCPP_DEPRECATED_STACK_LIMIT; // see readValue()
        -:  290:
        -:  291:namespace Json {
        -:  292:
        -:  293:#if __cplusplus >= 201103L || (defined(_CPPLIB_VER) && _CPPLIB_VER >= 520)
        -:  294:using CharReaderPtr = std::unique_ptr<CharReader>;
        -:  295:#else
        -:  296:using CharReaderPtr = std::auto_ptr<CharReader>;
        -:  297:#endif
        -:  298:
        -:  299:// Implementation of class Features
        -:  300:// ////////////////////////////////
        -:  301:
function _ZN4Json8FeaturesC2Ev called 0 returned 0% blocks executed 0%
    #####:  302:Features::Features() = default;
        -:  303:
function _ZN4Json8Features3allEv called 0 returned 0% blocks executed 0%
    #####:  304:Features Features::all() { return {}; }
    %%%%%:  304-block  0
Aufruf  0 niemals ausgeführt
        -:  305:
function _ZN4Json8Features10strictModeEv called 0 returned 0% blocks executed 0%
    #####:  306:Features Features::strictMode() {
    #####:  307:  Features features;
    %%%%%:  307-block  0
Aufruf  0 niemals ausgeführt
    #####:  308:  features.allowComments_ = false;
    #####:  309:  features.strictRoot_ = true;
    #####:  310:  features.allowDroppedNullPlaceholders_ = false;
    #####:  311:  features.allowNumericKeys_ = false;
    #####:  312:  return features;
        -:  313:}
        -:  314:
        -:  315:// Implementation of class Reader
        -:  316:// ////////////////////////////////
        -:  317:
function _ZN4Json6Reader15containsNewLineEPKcS2_ called 0 returned 0% blocks executed 0%
    #####:  318:bool Reader::containsNewLine(Reader::Location begin, Reader::Location end) {
function _ZZN4Json6Reader15containsNewLineEPKcS2_ENKUlcE_clEc called 0 returned 0% blocks executed 0%
    #####:  319:  return std::any_of(begin, end, [](char b) { return b == '\n' || b == '\r'; });
    %%%%%:  319-block  0
Aufruf  0 niemals ausgeführt
    %%%%%:  319-block  1
Zweig  1 niemals ausgeführt
Zweig  2 niemals ausgeführt
    %%%%%:  319-block  2
Zweig  3 niemals ausgeführt
Zweig  4 niemals ausgeführt
    %%%%%:  319-block  3
    %%%%%:  319-block  4
    %%%%%:  319-block  5
        -:  320:}
        -:  321:
        -:  322:// Class Reader
        -:  323:// //////////////////////////////////////////////////////////////////
        -:  324:
function _ZN4Json6ReaderC2Ev called 0 returned 0% blocks executed 0%
    #####:  325:Reader::Reader() : features_(Features::all()) {}
    %%%%%:  325-block  0
Aufruf  0 niemals ausgeführt
Aufruf  1 niemals ausgeführt
Zweig  2 niemals ausgeführt
Zweig  3 niemals ausgeführt
    %%%%%:  325-block  1
Aufruf  4 niemals ausgeführt
Aufruf  5 niemals ausgeführt
Aufruf  6 niemals ausgeführt
    $$$$$:  325-block  2
Aufruf  7 niemals ausgeführt
        -:  326:
function _ZN4Json6ReaderC2ERKNS_8FeaturesE called 0 returned 0% blocks executed 0%
    #####:  327:Reader::Reader(const Features& features) : features_(features) {}
    %%%%%:  327-block  0
Aufruf  0 niemals ausgeführt
Aufruf  1 niemals ausgeführt
Zweig  2 niemals ausgeführt
Zweig  3 niemals ausgeführt
    %%%%%:  327-block  1
Aufruf  4 niemals ausgeführt
Aufruf  5 niemals ausgeführt
    $$$$$:  327-block  2
Aufruf  6 niemals ausgeführt
        -:  328:
function _ZN4Json6Reader5parseERKNSt7__cxx1112basic_stringIcSt11char_traitsIcESaIcEEERNS_5ValueEb called 0 returned 0% blocks executed 0%
    #####:  329:bool Reader::parse(const std::string& document, Value& root,
        -:  330:                   bool collectComments) {
    #####:  331:  document_.assign(document.begin(), document.end());
    %%%%%:  331-block  0
Aufruf  0 niemals ausgeführt
Aufruf  1 niemals ausgeführt
Aufruf  2 niemals ausgeführt
    #####:  332:  const char* begin = document_.c_str();
Aufruf  0 niemals ausgeführt
    #####:  333:  const char* end = begin + document_.length();
Aufruf  0 niemals ausgeführt
    #####:  334:  return parse(begin, end, root, collectComments);
Aufruf  0 niemals ausgeführt
        -:  335:}
        -:  336:
function _ZN4Json6Reader5parseERSiRNS_5ValueEb called 0 returned 0% blocks executed 0%
    #####:  337:bool Reader::parse(std::istream& is, Value& root, bool collectComments) {
        -:  338:  // std::istream_iterator<char> begin(is);
        -:  339:  // std::istream_iterator<char> end;
        -:  340:  // Those would allow streamed input from a file, if parse() were a
        -:  341:  // template function.
        -:  342:
        -:  343:  // Since String is reference-counted, this at least does not
        -:  344:  // create an extra copy.
    #####:  345:  String doc(std::istreambuf_iterator<char>(is), {});
    %%%%%:  345-block  0
Aufruf  0 niemals ausgeführt
Aufruf  1 niemals ausgeführt
Aufruf  2 niemals ausgeführt
Aufruf  3 niemals ausgeführt
Zweig  4 niemals ausgeführt
Zweig  5 niemals ausgeführt
    %%%%%:  345-block  1
Aufruf  6 niemals ausgeführt
    $$$$$:  345-block  2
    $$$$$:  345-block  3
    $$$$$:  345-block  4
Aufruf  7 niemals ausgeführt
    $$$$$:  345-block  5
    #####:  346:  return parse(doc.data(), doc.data() + doc.size(), root, collectComments);
Aufruf  0 niemals ausgeführt
Aufruf  1 niemals ausgeführt
Aufruf  2 niemals ausgeführt
Aufruf  3 niemals ausgeführt
Zweig  4 niemals ausgeführt
Zweig  5 niemals ausgeführt
    %%%%%:  346-block  0
    %%%%%:  346-block  1
    #####:  347:}
    %%%%%:  347-block  0
Aufruf  0 niemals ausgeführt
    $$$$$:  347-block  1
Aufruf  1 niemals ausgeführt
        -:  348:
function _ZN4Json6Reader5parseEPKcS2_RNS_5ValueEb called 0 returned 0% blocks executed 0%
    #####:  349:bool Reader::parse(const char* beginDoc, const char* endDoc, Value& root,
        -:  350:                   bool collectComments) {
    #####:  351:  if (!features_.allowComments_) {
    %%%%%:  351-block  0
Zweig  0 niemals ausgeführt
Zweig  1 niemals ausgeführt
    #####:  352:    collectComments = false;
    %%%%%:  352-block  0
        -:  353:  }
        -:  354:
    #####:  355:  begin_ = beginDoc;
    #####:  356:  end_ = endDoc;
    #####:  357:  collectComments_ = collectComments;
    #####:  358:  current_ = begin_;
    #####:  359:  lastValueEnd_ = nullptr;
    #####:  360:  lastValue_ = nullptr;
    #####:  361:  commentsBefore_.clear();
    %%%%%:  361-block  0
Aufruf  0 niemals ausgeführt
    #####:  362:  errors_.clear();
Aufruf  0 niemals ausgeführt
    #####:  363:  while (!nodes_.empty())
    %%%%%:  363-block  0
Aufruf  0 niemals ausgeführt
Zweig  1 niemals ausgeführt
Zweig  2 niemals ausgeführt
    #####:  364:    nodes_.pop();
    %%%%%:  364-block  0
Aufruf  0 niemals ausgeführt
    #####:  365:  nodes_.push(&root);
    %%%%%:  365-block  0
Aufruf  0 niemals ausgeführt
Zweig  1 niemals ausgeführt
Zweig  2 niemals ausgeführt
    $$$$$:  365-block  1
        -:  366:
    #####:  367:  bool successful = readValue();
    %%%%%:  367-block  0
Aufruf  0 niemals ausgeführt
Zweig  1 niemals ausgeführt
Zweig  2 niemals ausgeführt
        -:  368:  Token token;
    #####:  369:  skipCommentTokens(token);
    %%%%%:  369-block  0
Aufruf  0 niemals ausgeführt
Zweig  1 niemals ausgeführt
Zweig  2 niemals ausgeführt
    #####:  370:  if (collectComments_ && !commentsBefore_.empty())
    %%%%%:  370-block  0
Zweig  0 niemals ausgeführt
Zweig  1 niemals ausgeführt
    %%%%%:  370-block  1
Aufruf  2 niemals ausgeführt
Zweig  3 niemals ausgeführt
Zweig  4 niemals ausgeführt
    %%%%%:  370-block  2
    %%%%%:  370-block  3
    %%%%%:  370-block  4
Zweig  5 niemals ausgeführt
Zweig  6 niemals ausgeführt
    #####:  371:    root.setComment(commentsBefore_, commentAfter);
    %%%%%:  371-block  0
Aufruf  0 niemals ausgeführt
Zweig  1 niemals ausgeführt
Zweig  2 niemals ausgeführt
    %%%%%:  371-block  1
Aufruf  3 niemals ausgeführt
Zweig  4 niemals ausgeführt
Zweig  5 niemals ausgeführt
    %%%%%:  371-block  2
Aufruf  6 niemals ausgeführt
    $$$$$:  371-block  3
Aufruf  7 niemals ausgeführt
    $$$$$:  371-block  4
    #####:  372:  if (features_.strictRoot_) {
    %%%%%:  372-block  0
Zweig  0 niemals ausgeführt
Zweig  1 niemals ausgeführt
    #####:  373:    if (!root.isArray() && !root.isObject()) {
    %%%%%:  373-block  0
Aufruf  0 niemals ausgeführt
Zweig  1 niemals ausgeführt
Zweig  2 niemals ausgeführt
    %%%%%:  373-block  1
Aufruf  3 niemals ausgeführt
Zweig  4 niemals ausgeführt
Zweig  5 niemals ausgeführt
    %%%%%:  373-block  2
    %%%%%:  373-block  3
    %%%%%:  373-block  4
Zweig  6 niemals ausgeführt
Zweig  7 niemals ausgeführt
        -:  374:      // Set error location to start of doc, ideally should be first token found
        -:  375:      // in doc
    #####:  376:      token.type_ = tokenError;
    #####:  377:      token.start_ = beginDoc;
    #####:  378:      token.end_ = endDoc;
    #####:  379:      addError(
    %%%%%:  379-block  0
Aufruf  0 niemals ausgeführt
Aufruf  1 niemals ausgeführt
Zweig  2 niemals ausgeführt
Zweig  3 niemals ausgeführt
    %%%%%:  379-block  1
Aufruf  4 niemals ausgeführt
Zweig  5 niemals ausgeführt
Zweig  6 niemals ausgeführt
    %%%%%:  379-block  2
Aufruf  7 niemals ausgeführt
Aufruf  8 niemals ausgeführt
    $$$$$:  379-block  3
Aufruf  9 niemals ausgeführt
    $$$$$:  379-block  4
Aufruf 10 niemals ausgeführt
    $$$$$:  379-block  5
    $$$$$:  379-block  6
        -:  380:          "A valid JSON document must be either an array or an object value.",
        -:  381:          token);
    #####:  382:      return false;
        -:  383:    }
        -:  384:  }
    #####:  385:  return successful;
    %%%%%:  385-block  0
        -:  386:}
        -:  387:
function _ZN4Json6Reader9readValueEv called 0 returned 0% blocks executed 0%
    #####:  388:bool Reader::readValue() {
        -:  389:  // readValue() may call itself only if it calls readObject() or ReadArray().
        -:  390:  // These methods execute nodes_.push() just before and nodes_.pop)() just
        -:  391:  // after calling readValue(). parse() executes one nodes_.push(), so > instead
        -:  392:  // of >=.
    #####:  393:  if (nodes_.size() > stackLimit_g)
    %%%%%:  393-block  0
Aufruf  0 niemals ausgeführt
Zweig  1 niemals ausgeführt
Zweig  2 niemals ausgeführt
    #####:  394:    throwRuntimeError("Exceeded stackLimit in readValue().");
    %%%%%:  394-block  0
Aufruf  0 niemals ausgeführt
Aufruf  1 niemals ausgeführt
Zweig  2 niemals ausgeführt
Zweig  3 niemals ausgeführt
    %%%%%:  394-block  1
Aufruf  4 niemals ausgeführt
    $$$$$:  394-block  2
Aufruf  5 niemals ausgeführt
    $$$$$:  394-block  3
Aufruf  6 niemals ausgeführt
    $$$$$:  394-block  4
    $$$$$:  394-block  5
        -:  395:
        -:  396:  Token token;
    #####:  397:  skipCommentTokens(token);
    %%%%%:  397-block  0
Aufruf  0 niemals ausgeführt
Zweig  1 niemals ausgeführt
Zweig  2 niemals ausgeführt
    #####:  398:  bool successful = true;
        -:  399:
    #####:  400:  if (collectComments_ && !commentsBefore_.empty()) {
    %%%%%:  400-block  0
Zweig  0 niemals ausgeführt
Zweig  1 niemals ausgeführt
    %%%%%:  400-block  1
Aufruf  2 niemals ausgeführt
Zweig  3 niemals ausgeführt
Zweig  4 niemals ausgeführt
    %%%%%:  400-block  2
    %%%%%:  400-block  3
    %%%%%:  400-block  4
Zweig  5 niemals ausgeführt
Zweig  6 niemals ausgeführt
    #####:  401:    currentValue().setComment(commentsBefore_, commentBefore);
    %%%%%:  401-block  0
Aufruf  0 niemals ausgeführt
Zweig  1 niemals ausgeführt
Zweig  2 niemals ausgeführt
    %%%%%:  401-block  1
Aufruf  3 niemals ausgeführt
Zweig  4 niemals ausgeführt
Zweig  5 niemals ausgeführt
    %%%%%:  401-block  2
Aufruf  6 niemals ausgeführt
Zweig  7 niemals ausgeführt
Zweig  8 niemals ausgeführt
    %%%%%:  401-block  3
Aufruf  9 niemals ausgeführt
    $$$$$:  401-block  4
Aufruf 10 niemals ausgeführt
    $$$$$:  401-block  5
    #####:  402:    commentsBefore_.clear();
Aufruf  0 niemals ausgeführt
        -:  403:  }
        -:  404:
    #####:  405:  switch (token.type_) {
    %%%%%:  405-block  0
Zweig  0 niemals ausgeführt
Zweig  1 niemals ausgeführt
Zweig  2 niemals ausgeführt
Zweig  3 niemals ausgeführt
Zweig  4 niemals ausgeführt
Zweig  5 niemals ausgeführt
Zweig  6 niemals ausgeführt
Zweig  7 niemals ausgeführt
Zweig  8 niemals ausgeführt
    #####:  406:  case tokenObjectBegin:
    #####:  407:    successful = readObject(token);
    %%%%%:  407-block  0
Aufruf  0 niemals ausgeführt
Zweig  1 niemals ausgeführt
Zweig  2 niemals ausgeführt
    #####:  408:    currentValue().setOffsetLimit(current_ - begin_);
    %%%%%:  408-block  0
Aufruf  0 niemals ausgeführt
Zweig  1 niemals ausgeführt
Zweig  2 niemals ausgeführt
    %%%%%:  408-block  1
Aufruf  3 niemals ausgeführt
    #####:  409:    break;
    #####:  410:  case tokenArrayBegin:
    #####:  411:    successful = readArray(token);
    %%%%%:  411-block  0
Aufruf  0 niemals ausgeführt
Zweig  1 niemals ausgeführt
Zweig  2 niemals ausgeführt
    #####:  412:    currentValue().setOffsetLimit(current_ - begin_);
    %%%%%:  412-block  0
Aufruf  0 niemals ausgeführt
Zweig  1 niemals ausgeführt
Zweig  2 niemals ausgeführt
    %%%%%:  412-block  1
Aufruf  3 niemals ausgeführt
    #####:  413:    break;
    #####:  414:  case tokenNumber:
    #####:  415:    successful = decodeNumber(token);
    %%%%%:  415-block  0
Aufruf  0 niemals ausgeführt
Zweig  1 niemals ausgeführt
Zweig  2 niemals ausgeführt
    #####:  416:    break;
    %%%%%:  416-block  0
    #####:  417:  case tokenString:
    #####:  418:    successful = decodeString(token);
    %%%%%:  418-block  0
Aufruf  0 niemals ausgeführt
Zweig  1 niemals ausgeführt
Zweig  2 niemals ausgeführt
    #####:  419:    break;
    %%%%%:  419-block  0
    #####:  420:  case tokenTrue: {
    #####:  421:    Value v(true);
    %%%%%:  421-block  0
Aufruf  0 niemals ausgeführt
Zweig  1 niemals ausgeführt
Zweig  2 niemals ausgeführt
    #####:  422:    currentValue().swapPayload(v);
    %%%%%:  422-block  0
Aufruf  0 niemals ausgeführt
Zweig  1 niemals ausgeführt
Zweig  2 niemals ausgeführt
    %%%%%:  422-block  1
Aufruf  3 niemals ausgeführt
    #####:  423:    currentValue().setOffsetStart(token.start_ - begin_);
Aufruf  0 niemals ausgeführt
Zweig  1 niemals ausgeführt
Zweig  2 niemals ausgeführt
    %%%%%:  423-block  0
Aufruf  3 niemals ausgeführt
    #####:  424:    currentValue().setOffsetLimit(token.end_ - begin_);
Aufruf  0 niemals ausgeführt
Zweig  1 niemals ausgeführt
Zweig  2 niemals ausgeführt
    %%%%%:  424-block  0
Aufruf  3 niemals ausgeführt
    #####:  425:  } break;
Aufruf  0 niemals ausgeführt
    $$$$$:  425-block  0
Aufruf  1 niemals ausgeführt
    #####:  426:  case tokenFalse: {
    #####:  427:    Value v(false);
    %%%%%:  427-block  0
Aufruf  0 niemals ausgeführt
Zweig  1 niemals ausgeführt
Zweig  2 niemals ausgeführt
    #####:  428:    currentValue().swapPayload(v);
    %%%%%:  428-block  0
Aufruf  0 niemals ausgeführt
Zweig  1 niemals ausgeführt
Zweig  2 niemals ausgeführt
    %%%%%:  428-block  1
Aufruf  3 niemals ausgeführt
    #####:  429:    currentValue().setOffsetStart(token.start_ - begin_);
Aufruf  0 niemals ausgeführt
Zweig  1 niemals ausgeführt
Zweig  2 niemals ausgeführt
    %%%%%:  429-block  0
Aufruf  3 niemals ausgeführt
    #####:  430:    currentValue().setOffsetLimit(token.end_ - begin_);
Aufruf  0 niemals ausgeführt
Zweig  1 niemals ausgeführt
Zweig  2 niemals ausgeführt
    %%%%%:  430-block  0
Aufruf  3 niemals ausgeführt
    #####:  431:  } break;
Aufruf  0 niemals ausgeführt
    $$$$$:  431-block  0
Aufruf  1 niemals ausgeführt
    #####:  432:  case tokenNull: {
    #####:  433:    Value v;
    %%%%%:  433-block  0
Aufruf  0 niemals ausgeführt
Zweig  1 niemals ausgeführt
Zweig  2 niemals ausgeführt
    #####:  434:    currentValue().swapPayload(v);
    %%%%%:  434-block  0
Aufruf  0 niemals ausgeführt
Zweig  1 niemals ausgeführt
Zweig  2 niemals ausgeführt
    %%%%%:  434-block  1
Aufruf  3 niemals ausgeführt
    #####:  435:    currentValue().setOffsetStart(token.start_ - begin_);
Aufruf  0 niemals ausgeführt
Zweig  1 niemals ausgeführt
Zweig  2 niemals ausgeführt
    %%%%%:  435-block  0
Aufruf  3 niemals ausgeführt
    #####:  436:    currentValue().setOffsetLimit(token.end_ - begin_);
Aufruf  0 niemals ausgeführt
Zweig  1 niemals ausgeführt
Zweig  2 niemals ausgeführt
    %%%%%:  436-block  0
Aufruf  3 niemals ausgeführt
    #####:  437:  } break;
Aufruf  0 niemals ausgeführt
    $$$$$:  437-block  0
Aufruf  1 niemals ausgeführt
    #####:  438:  case tokenArraySeparator:
        -:  439:  case tokenObjectEnd:
        -:  440:  case tokenArrayEnd:
    #####:  441:    if (features_.allowDroppedNullPlaceholders_) {
    %%%%%:  441-block  0
Zweig  0 niemals ausgeführt
Zweig  1 niemals ausgeführt
        -:  442:      // "Un-read" the current token and mark the current value as a null
        -:  443:      // token.
    #####:  444:      current_--;
    #####:  445:      Value v;
    %%%%%:  445-block  0
Aufruf  0 niemals ausgeführt
Zweig  1 niemals ausgeführt
Zweig  2 niemals ausgeführt
    #####:  446:      currentValue().swapPayload(v);
    %%%%%:  446-block  0
Aufruf  0 niemals ausgeführt
Zweig  1 niemals ausgeführt
Zweig  2 niemals ausgeführt
    %%%%%:  446-block  1
Aufruf  3 niemals ausgeführt
    #####:  447:      currentValue().setOffsetStart(current_ - begin_ - 1);
Aufruf  0 niemals ausgeführt
Zweig  1 niemals ausgeführt
Zweig  2 niemals ausgeführt
    %%%%%:  447-block  0
Aufruf  3 niemals ausgeführt
    #####:  448:      currentValue().setOffsetLimit(current_ - begin_);
Aufruf  0 niemals ausgeführt
Zweig  1 niemals ausgeführt
Zweig  2 niemals ausgeführt
    %%%%%:  448-block  0
Aufruf  3 niemals ausgeführt
    #####:  449:      break;
    #####:  450:    } // Else, fall through...
    %%%%%:  450-block  0
Aufruf  0 niemals ausgeführt
    $$$$$:  450-block  1
Aufruf  1 niemals ausgeführt
        -:  451:  default:
    #####:  452:    currentValue().setOffsetStart(token.start_ - begin_);
    %%%%%:  452-block  0
Aufruf  0 niemals ausgeführt
Zweig  1 niemals ausgeführt
Zweig  2 niemals ausgeführt
    %%%%%:  452-block  1
Aufruf  3 niemals ausgeführt
    #####:  453:    currentValue().setOffsetLimit(token.end_ - begin_);
Aufruf  0 niemals ausgeführt
Zweig  1 niemals ausgeführt
Zweig  2 niemals ausgeführt
    %%%%%:  453-block  0
Aufruf  3 niemals ausgeführt
    #####:  454:    return addError("Syntax error: value, object or array expected.", token);
Aufruf  0 niemals ausgeführt
Aufruf  1 niemals ausgeführt
Zweig  2 niemals ausgeführt
Zweig  3 niemals ausgeführt
    %%%%%:  454-block  0
Aufruf  4 niemals ausgeführt
Zweig  5 niemals ausgeführt
Zweig  6 niemals ausgeführt
    %%%%%:  454-block  1
    %%%%%:  454-block  2
Aufruf  7 niemals ausgeführt
Aufruf  8 niemals ausgeführt
    $$$$$:  454-block  3
Aufruf  9 niemals ausgeführt
    $$$$$:  454-block  4
Aufruf 10 niemals ausgeführt
    $$$$$:  454-block  5
    $$$$$:  454-block  6
        -:  455:  }
        -:  456:
    #####:  457:  if (collectComments_) {
    %%%%%:  457-block  0
Zweig  0 niemals ausgeführt
Zweig  1 niemals ausgeführt
    #####:  458:    lastValueEnd_ = current_;
    #####:  459:    lastValue_ = &currentValue();
    %%%%%:  459-block  0
Aufruf  0 niemals ausgeführt
Zweig  1 niemals ausgeführt
Zweig  2 niemals ausgeführt
    %%%%%:  459-block  1
        -:  460:  }
        -:  461:
    #####:  462:  return successful;
    %%%%%:  462-block  0
        -:  463:}
        -:  464:
function _ZN4Json6Reader17skipCommentTokensERNS0_5TokenE called 0 returned 0% blocks executed 0%
    #####:  465:void Reader::skipCommentTokens(Token& token) {
    #####:  466:  if (features_.allowComments_) {
    %%%%%:  466-block  0
Zweig  0 niemals ausgeführt
Zweig  1 niemals ausgeführt
        -:  467:    do {
    #####:  468:      readToken(token);
    %%%%%:  468-block  0
Aufruf  0 niemals ausgeführt
    #####:  469:    } while (token.type_ == tokenComment);
Zweig  0 niemals ausgeführt
Zweig  1 niemals ausgeführt
        -:  470:  } else {
    #####:  471:    readToken(token);
    %%%%%:  471-block  0
Aufruf  0 niemals ausgeführt
        -:  472:  }
    #####:  473:}
        -:  474:
function _ZN4Json6Reader9readTokenERNS0_5TokenE called 0 returned 0% blocks executed 0%
    #####:  475:bool Reader::readToken(Token& token) {
    #####:  476:  skipSpaces();
    %%%%%:  476-block  0
Aufruf  0 niemals ausgeführt
    #####:  477:  token.start_ = current_;
    #####:  478:  Char c = getNextChar();
Aufruf  0 niemals ausgeführt
    #####:  479:  bool ok = true;
    #####:  480:  switch (c) {
Zweig  0 niemals ausgeführt
Zweig  1 niemals ausgeführt
Zweig  2 niemals ausgeführt
Zweig  3 niemals ausgeführt
Zweig  4 niemals ausgeführt
Zweig  5 niemals ausgeführt
Zweig  6 niemals ausgeführt
Zweig  7 niemals ausgeführt
Zweig  8 niemals ausgeführt
Zweig  9 niemals ausgeführt
Zweig 10 niemals ausgeführt
Zweig 11 niemals ausgeführt
Zweig 12 niemals ausgeführt
Zweig 13 niemals ausgeführt
    #####:  481:  case '{':
    #####:  482:    token.type_ = tokenObjectBegin;
    #####:  483:    break;
    %%%%%:  483-block  0
    #####:  484:  case '}':
    #####:  485:    token.type_ = tokenObjectEnd;
    #####:  486:    break;
    %%%%%:  486-block  0
    #####:  487:  case '[':
    #####:  488:    token.type_ = tokenArrayBegin;
    #####:  489:    break;
    %%%%%:  489-block  0
    #####:  490:  case ']':
    #####:  491:    token.type_ = tokenArrayEnd;
    #####:  492:    break;
    %%%%%:  492-block  0
    #####:  493:  case '"':
    #####:  494:    token.type_ = tokenString;
    #####:  495:    ok = readString();
    %%%%%:  495-block  0
Aufruf  0 niemals ausgeführt
    #####:  496:    break;
    #####:  497:  case '/':
    #####:  498:    token.type_ = tokenComment;
    #####:  499:    ok = readComment();
    %%%%%:  499-block  0
Aufruf  0 niemals ausgeführt
    #####:  500:    break;
    #####:  501:  case '0':
        -:  502:  case '1':
        -:  503:  case '2':
        -:  504:  case '3':
        -:  505:  case '4':
        -:  506:  case '5':
        -:  507:  case '6':
        -:  508:  case '7':
        -:  509:  case '8':
        -:  510:  case '9':
        -:  511:  case '-':
    #####:  512:    token.type_ = tokenNumber;
    #####:  513:    readNumber();
    %%%%%:  513-block  0
Aufruf  0 niemals ausgeführt
    #####:  514:    break;
    #####:  515:  case 't':
    #####:  516:    token.type_ = tokenTrue;
    #####:  517:    ok = match("rue", 3);
    %%%%%:  517-block  0
Aufruf  0 niemals ausgeführt
    #####:  518:    break;
    #####:  519:  case 'f':
    #####:  520:    token.type_ = tokenFalse;
    #####:  521:    ok = match("alse", 4);
    %%%%%:  521-block  0
Aufruf  0 niemals ausgeführt
    #####:  522:    break;
    #####:  523:  case 'n':
    #####:  524:    token.type_ = tokenNull;
    #####:  525:    ok = match("ull", 3);
    %%%%%:  525-block  0
Aufruf  0 niemals ausgeführt
    #####:  526:    break;
    #####:  527:  case ',':
    #####:  528:    token.type_ = tokenArraySeparator;
    #####:  529:    break;
    %%%%%:  529-block  0
    #####:  530:  case ':':
    #####:  531:    token.type_ = tokenMemberSeparator;
    #####:  532:    break;
    %%%%%:  532-block  0
    #####:  533:  case 0:
    #####:  534:    token.type_ = tokenEndOfStream;
    #####:  535:    break;
    %%%%%:  535-block  0
    #####:  536:  default:
    #####:  537:    ok = false;
    #####:  538:    break;
    %%%%%:  538-block  0
        -:  539:  }
    #####:  540:  if (!ok)
    %%%%%:  540-block  0
Zweig  0 niemals ausgeführt
Zweig  1 niemals ausgeführt
    #####:  541:    token.type_ = tokenError;
    %%%%%:  541-block  0
    #####:  542:  token.end_ = current_;
    #####:  543:  return ok;
    %%%%%:  543-block  0
        -:  544:}
        -:  545:
function _ZN4Json6Reader10skipSpacesEv called 0 returned 0% blocks executed 0%
    #####:  546:void Reader::skipSpaces() {
    #####:  547:  while (current_ != end_) {
    %%%%%:  547-block  0
    %%%%%:  547-block  1
Zweig  0 niemals ausgeführt
Zweig  1 niemals ausgeführt
    #####:  548:    Char c = *current_;
    #####:  549:    if (c == ' ' || c == '\t' || c == '\r' || c == '\n')
    %%%%%:  549-block  0
Zweig  0 niemals ausgeführt
Zweig  1 niemals ausgeführt
    %%%%%:  549-block  1
Zweig  2 niemals ausgeführt
Zweig  3 niemals ausgeführt
    %%%%%:  549-block  2
Zweig  4 niemals ausgeführt
Zweig  5 niemals ausgeführt
    %%%%%:  549-block  3
Zweig  6 niemals ausgeführt
Zweig  7 niemals ausgeführt
    #####:  550:      ++current_;
    %%%%%:  550-block  0
        -:  551:    else
        -:  552:      break;
        -:  553:  }
    #####:  554:}
        -:  555:
function _ZN4Json6Reader5matchEPKci called 0 returned 0% blocks executed 0%
    #####:  556:bool Reader::match(const Char* pattern, int patternLength) {
    #####:  557:  if (end_ - current_ < patternLength)
    %%%%%:  557-block  0
Zweig  0 niemals ausgeführt
Zweig  1 niemals ausgeführt
    #####:  558:    return false;
    %%%%%:  558-block  0
    #####:  559:  int index = patternLength;
    #####:  560:  while (index--)
    %%%%%:  560-block  0
    %%%%%:  560-block  1
Zweig  0 niemals ausgeführt
Zweig  1 niemals ausgeführt
    #####:  561:    if (current_[index] != pattern[index])
    %%%%%:  561-block  0
Zweig  0 niemals ausgeführt
Zweig  1 niemals ausgeführt
    #####:  562:      return false;
    %%%%%:  562-block  0
    #####:  563:  current_ += patternLength;
    #####:  564:  return true;
    %%%%%:  564-block  0
        -:  565:}
        -:  566:
function _ZN4Json6Reader11readCommentEv called 0 returned 0% blocks executed 0%
    #####:  567:bool Reader::readComment() {
    #####:  568:  Location commentBegin = current_ - 1;
    #####:  569:  Char c = getNextChar();
    %%%%%:  569-block  0
Aufruf  0 niemals ausgeführt
    #####:  570:  bool successful = false;
    #####:  571:  if (c == '*')
Zweig  0 niemals ausgeführt
Zweig  1 niemals ausgeführt
    #####:  572:    successful = readCStyleComment();
    %%%%%:  572-block  0
Aufruf  0 niemals ausgeführt
    #####:  573:  else if (c == '/')
    %%%%%:  573-block  0
Zweig  0 niemals ausgeführt
Zweig  1 niemals ausgeführt
    #####:  574:    successful = readCppStyleComment();
    %%%%%:  574-block  0
Aufruf  0 niemals ausgeführt
    #####:  575:  if (!successful)
    %%%%%:  575-block  0
Zweig  0 niemals ausgeführt
Zweig  1 niemals ausgeführt
    #####:  576:    return false;
    %%%%%:  576-block  0
        -:  577:
    #####:  578:  if (collectComments_) {
    %%%%%:  578-block  0
Zweig  0 niemals ausgeführt
Zweig  1 niemals ausgeführt
    #####:  579:    CommentPlacement placement = commentBefore;
    #####:  580:    if (lastValueEnd_ && !containsNewLine(lastValueEnd_, commentBegin)) {
    %%%%%:  580-block  0
Zweig  0 niemals ausgeführt
Zweig  1 niemals ausgeführt
    %%%%%:  580-block  1
Aufruf  2 niemals ausgeführt
Zweig  3 niemals ausgeführt
Zweig  4 niemals ausgeführt
    %%%%%:  580-block  2
    %%%%%:  580-block  3
    %%%%%:  580-block  4
Zweig  5 niemals ausgeführt
Zweig  6 niemals ausgeführt
    #####:  581:      if (c != '*' || !containsNewLine(commentBegin, current_))
    %%%%%:  581-block  0
Zweig  0 niemals ausgeführt
Zweig  1 niemals ausgeführt
    %%%%%:  581-block  1
Aufruf  2 niemals ausgeführt
Zweig  3 niemals ausgeführt
Zweig  4 niemals ausgeführt
    %%%%%:  581-block  2
    %%%%%:  581-block  3
    %%%%%:  581-block  4
Zweig  5 niemals ausgeführt
Zweig  6 niemals ausgeführt
    #####:  582:        placement = commentAfterOnSameLine;
    %%%%%:  582-block  0
        -:  583:    }
        -:  584:
    #####:  585:    addComment(commentBegin, current_, placement);
    %%%%%:  585-block  0
Aufruf  0 niemals ausgeführt
        -:  586:  }
    #####:  587:  return true;
    %%%%%:  587-block  0
        -:  588:}
        -:  589:
function _ZN4Json6Reader12normalizeEOLB5cxx11EPKcS2_ called 0 returned 0% blocks executed 0%
    #####:  590:String Reader::normalizeEOL(Reader::Location begin, Reader::Location end) {
    #####:  591:  String normalized;
    %%%%%:  591-block  0
Aufruf  0 niemals ausgeführt
    #####:  592:  normalized.reserve(static_cast<size_t>(end - begin));
Aufruf  0 niemals ausgeführt
Zweig  1 niemals ausgeführt
Zweig  2 niemals ausgeführt
    #####:  593:  Reader::Location current = begin;
    #####:  594:  while (current != end) {
    %%%%%:  594-block  0
    %%%%%:  594-block  1
Zweig  0 niemals ausgeführt
Zweig  1 niemals ausgeführt
    #####:  595:    char c = *current++;
    #####:  596:    if (c == '\r') {
    %%%%%:  596-block  0
Zweig  0 niemals ausgeführt
Zweig  1 niemals ausgeführt
    #####:  597:      if (current != end && *current == '\n')
    %%%%%:  597-block  0
Zweig  0 niemals ausgeführt
Zweig  1 niemals ausgeführt
    %%%%%:  597-block  1
Zweig  2 niemals ausgeführt
Zweig  3 niemals ausgeführt
        -:  598:        // convert dos EOL
    #####:  599:        ++current;
    %%%%%:  599-block  0
        -:  600:      // convert Mac EOL
    #####:  601:      normalized += '\n';
    %%%%%:  601-block  0
Aufruf  0 niemals ausgeführt
Zweig  1 niemals ausgeführt
Zweig  2 niemals ausgeführt
        -:  602:    } else {
    #####:  603:      normalized += c;
    %%%%%:  603-block  0
Aufruf  0 niemals ausgeführt
Zweig  1 niemals ausgeführt
Zweig  2 niemals ausgeführt
        -:  604:    }
        -:  605:  }
    #####:  606:  return normalized;
    %%%%%:  606-block  0
    %%%%%:  606-block  1
    =====:  607:}
    $$$$$:  607-block  0
Aufruf  0 niemals ausgeführt
        -:  608:
function _ZN4Json6Reader10addCommentEPKcS2_NS_16CommentPlacementE called 0 returned 0% blocks executed 0%
    #####:  609:void Reader::addComment(Location begin, Location end,
        -:  610:                        CommentPlacement placement) {
    #####:  611:  assert(collectComments_);
    %%%%%:  611-block  0
Zweig  0 niemals ausgeführt
Zweig  1 niemals ausgeführt
    %%%%%:  611-block  1
Aufruf  2 niemals ausgeführt
    #####:  612:  const String& normalized = normalizeEOL(begin, end);
    %%%%%:  612-block  0
Aufruf  0 niemals ausgeführt
Zweig  1 niemals ausgeführt
Zweig  2 niemals ausgeführt
    #####:  613:  if (placement == commentAfterOnSameLine) {
    %%%%%:  613-block  0
Zweig  0 niemals ausgeführt
Zweig  1 niemals ausgeführt
    #####:  614:    assert(lastValue_ != nullptr);
    %%%%%:  614-block  0
Zweig  0 niemals ausgeführt
Zweig  1 niemals ausgeführt
    %%%%%:  614-block  1
Aufruf  2 niemals ausgeführt
    #####:  615:    lastValue_->setComment(normalized, placement);
    %%%%%:  615-block  0
Aufruf  0 niemals ausgeführt
Zweig  1 niemals ausgeführt
Zweig  2 niemals ausgeführt
    %%%%%:  615-block  1
Aufruf  3 niemals ausgeführt
Zweig  4 niemals ausgeführt
Zweig  5 niemals ausgeführt
    %%%%%:  615-block  2
Aufruf  6 niemals ausgeführt
    $$$$$:  615-block  3
Aufruf  7 niemals ausgeführt
    $$$$$:  615-block  4
        -:  616:  } else {
    #####:  617:    commentsBefore_ += normalized;
    %%%%%:  617-block  0
Aufruf  0 niemals ausgeführt
Zweig  1 niemals ausgeführt
Zweig  2 niemals ausgeführt
        -:  618:  }
    #####:  619:}
    %%%%%:  619-block  0
Aufruf  0 niemals ausgeführt
    $$$$$:  619-block  1
Aufruf  1 niemals ausgeführt
        -:  620:
function _ZN4Json6Reader17readCStyleCommentEv called 0 returned 0% blocks executed 0%
    #####:  621:bool Reader::readCStyleComment() {
    #####:  622:  while ((current_ + 1) < end_) {
    %%%%%:  622-block  0
    %%%%%:  622-block  1
Zweig  0 niemals ausgeführt
Zweig  1 niemals ausgeführt
    #####:  623:    Char c = getNextChar();
    %%%%%:  623-block  0
Aufruf  0 niemals ausgeführt
    #####:  624:    if (c == '*' && *current_ == '/')
Zweig  0 niemals ausgeführt
Zweig  1 niemals ausgeführt
    %%%%%:  624-block  0
Zweig  2 niemals ausgeführt
Zweig  3 niemals ausgeführt
    #####:  625:      break;
    %%%%%:  625-block  0
        -:  626:  }
    #####:  627:  return getNextChar() == '/';
    %%%%%:  627-block  0
Aufruf  0 niemals ausgeführt
        -:  628:}
        -:  629:
function _ZN4Json6Reader19readCppStyleCommentEv called 0 returned 0% blocks executed 0%
    #####:  630:bool Reader::readCppStyleComment() {
    #####:  631:  while (current_ != end_) {
    %%%%%:  631-block  0
    %%%%%:  631-block  1
Zweig  0 niemals ausgeführt
Zweig  1 niemals ausgeführt
    #####:  632:    Char c = getNextChar();
    %%%%%:  632-block  0
Aufruf  0 niemals ausgeführt
    #####:  633:    if (c == '\n')
Zweig  0 niemals ausgeführt
Zweig  1 niemals ausgeführt
    #####:  634:      break;
    %%%%%:  634-block  0
    #####:  635:    if (c == '\r') {
    %%%%%:  635-block  0
Zweig  0 niemals ausgeführt
Zweig  1 niemals ausgeführt
        -:  636:      // Consume DOS EOL. It will be normalized in addComment.
    #####:  637:      if (current_ != end_ && *current_ == '\n')
    %%%%%:  637-block  0
Zweig  0 niemals ausgeführt
Zweig  1 niemals ausgeführt
    %%%%%:  637-block  1
Zweig  2 niemals ausgeführt
Zweig  3 niemals ausgeführt
    #####:  638:        getNextChar();
    %%%%%:  638-block  0
Aufruf  0 niemals ausgeführt
        -:  639:      // Break on Moc OS 9 EOL.
    #####:  640:      break;
    %%%%%:  640-block  0
        -:  641:    }
        -:  642:  }
    #####:  643:  return true;
    %%%%%:  643-block  0
        -:  644:}
        -:  645:
function _ZN4Json6Reader10readNumberEv called 0 returned 0% blocks executed 0%
    #####:  646:void Reader::readNumber() {
    #####:  647:  Location p = current_;
    #####:  648:  char c = '0'; // stopgap for already consumed character
        -:  649:  // integral part
    #####:  650:  while (c >= '0' && c <= '9')
    %%%%%:  650-block  0
    %%%%%:  650-block  1
Zweig  0 niemals ausgeführt
Zweig  1 niemals ausgeführt
    %%%%%:  650-block  2
Zweig  2 niemals ausgeführt
Zweig  3 niemals ausgeführt
    #####:  651:    c = (current_ = p) < end_ ? *p++ : '\0';
    %%%%%:  651-block  0
Zweig  0 niemals ausgeführt
Zweig  1 niemals ausgeführt
    %%%%%:  651-block  1
    %%%%%:  651-block  2
    %%%%%:  651-block  3
        -:  652:  // fractional part
    #####:  653:  if (c == '.') {
    %%%%%:  653-block  0
Zweig  0 niemals ausgeführt
Zweig  1 niemals ausgeführt
    #####:  654:    c = (current_ = p) < end_ ? *p++ : '\0';
    %%%%%:  654-block  0
Zweig  0 niemals ausgeführt
Zweig  1 niemals ausgeführt
    %%%%%:  654-block  1
    %%%%%:  654-block  2
    #####:  655:    while (c >= '0' && c <= '9')
    %%%%%:  655-block  0
    %%%%%:  655-block  1
Zweig  0 niemals ausgeführt
Zweig  1 niemals ausgeführt
    %%%%%:  655-block  2
Zweig  2 niemals ausgeführt
Zweig  3 niemals ausgeführt
    #####:  656:      c = (current_ = p) < end_ ? *p++ : '\0';
    %%%%%:  656-block  0
Zweig  0 niemals ausgeführt
Zweig  1 niemals ausgeführt
    %%%%%:  656-block  1
    %%%%%:  656-block  2
    %%%%%:  656-block  3
        -:  657:  }
        -:  658:  // exponential part
    #####:  659:  if (c == 'e' || c == 'E') {
    %%%%%:  659-block  0
Zweig  0 niemals ausgeführt
Zweig  1 niemals ausgeführt
    %%%%%:  659-block  1
Zweig  2 niemals ausgeführt
Zweig  3 niemals ausgeführt
    #####:  660:    c = (current_ = p) < end_ ? *p++ : '\0';
    %%%%%:  660-block  0
Zweig  0 niemals ausgeführt
Zweig  1 niemals ausgeführt
    %%%%%:  660-block  1
    %%%%%:  660-block  2
    #####:  661:    if (c == '+' || c == '-')
    %%%%%:  661-block  0
Zweig  0 niemals ausgeführt
Zweig  1 niemals ausgeführt
    %%%%%:  661-block  1
Zweig  2 niemals ausgeführt
Zweig  3 niemals ausgeführt
    #####:  662:      c = (current_ = p) < end_ ? *p++ : '\0';
    %%%%%:  662-block  0
Zweig  0 niemals ausgeführt
Zweig  1 niemals ausgeführt
    %%%%%:  662-block  1
    %%%%%:  662-block  2
    %%%%%:  662-block  3
    #####:  663:    while (c >= '0' && c <= '9')
    %%%%%:  663-block  0
    %%%%%:  663-block  1
Zweig  0 niemals ausgeführt
Zweig  1 niemals ausgeführt
    %%%%%:  663-block  2
Zweig  2 niemals ausgeführt
Zweig  3 niemals ausgeführt
    #####:  664:      c = (current_ = p) < end_ ? *p++ : '\0';
    %%%%%:  664-block  0
Zweig  0 niemals ausgeführt
Zweig  1 niemals ausgeführt
    %%%%%:  664-block  1
    %%%%%:  664-block  2
    %%%%%:  664-block  3
        -:  665:  }
    #####:  666:}
        -:  667:
function _ZN4Json6Reader10readStringEv called 0 returned 0% blocks executed 0%
    #####:  668:bool Reader::readString() {
    #####:  669:  Char c = '\0';
    #####:  670:  while (current_ != end_) {
    %%%%%:  670-block  0
    %%%%%:  670-block  1
Zweig  0 niemals ausgeführt
Zweig  1 niemals ausgeführt
    #####:  671:    c = getNextChar();
    %%%%%:  671-block  0
Aufruf  0 niemals ausgeführt
    #####:  672:    if (c == '\\')
Zweig  0 niemals ausgeführt
Zweig  1 niemals ausgeführt
    #####:  673:      getNextChar();
    %%%%%:  673-block  0
Aufruf  0 niemals ausgeführt
    #####:  674:    else if (c == '"')
    %%%%%:  674-block  0
Zweig  0 niemals ausgeführt
Zweig  1 niemals ausgeführt
    #####:  675:      break;
    %%%%%:  675-block  0
        -:  676:  }
    #####:  677:  return c == '"';
    %%%%%:  677-block  0
        -:  678:}
        -:  679:
function _ZN4Json6Reader10readObjectERNS0_5TokenE called 0 returned 0% blocks executed 0%
    #####:  680:bool Reader::readObject(Token& token) {
        -:  681:  Token tokenName;
    #####:  682:  String name;
    %%%%%:  682-block  0
Aufruf  0 niemals ausgeführt
    #####:  683:  Value init(objectValue);
Aufruf  0 niemals ausgeführt
Zweig  1 niemals ausgeführt
Zweig  2 niemals ausgeführt
    #####:  684:  currentValue().swapPayload(init);
    %%%%%:  684-block  0
Aufruf  0 niemals ausgeführt
Zweig  1 niemals ausgeführt
Zweig  2 niemals ausgeführt
    %%%%%:  684-block  1
Aufruf  3 niemals ausgeführt
    #####:  685:  currentValue().setOffsetStart(token.start_ - begin_);
Aufruf  0 niemals ausgeführt
Zweig  1 niemals ausgeführt
Zweig  2 niemals ausgeführt
    %%%%%:  685-block  0
Aufruf  3 niemals ausgeführt
    #####:  686:  while (readToken(tokenName)) {
    %%%%%:  686-block  0
Aufruf  0 niemals ausgeführt
Zweig  1 niemals ausgeführt
Zweig  2 niemals ausgeführt
    %%%%%:  686-block  1
Zweig  3 niemals ausgeführt
Zweig  4 niemals ausgeführt
    #####:  687:    bool initialTokenOk = true;
    #####:  688:    while (tokenName.type_ == tokenComment && initialTokenOk)
    %%%%%:  688-block  0
    %%%%%:  688-block  1
Zweig  0 niemals ausgeführt
Zweig  1 niemals ausgeführt
    %%%%%:  688-block  2
Zweig  2 niemals ausgeführt
Zweig  3 niemals ausgeführt
    #####:  689:      initialTokenOk = readToken(tokenName);
    %%%%%:  689-block  0
Aufruf  0 niemals ausgeführt
Zweig  1 niemals ausgeführt
Zweig  2 niemals ausgeführt
    %%%%%:  689-block  1
    #####:  690:    if (!initialTokenOk)
    %%%%%:  690-block  0
Zweig  0 niemals ausgeführt
Zweig  1 niemals ausgeführt
    #####:  691:      break;
    %%%%%:  691-block  0
    %%%%%:  691-block  1
    #####:  692:    if (tokenName.type_ == tokenObjectEnd && name.empty()) // empty object
    %%%%%:  692-block  0
Zweig  0 niemals ausgeführt
Zweig  1 niemals ausgeführt
    %%%%%:  692-block  1
Aufruf  2 niemals ausgeführt
Zweig  3 niemals ausgeführt
Zweig  4 niemals ausgeführt
    %%%%%:  692-block  2
    %%%%%:  692-block  3
    %%%%%:  692-block  4
Zweig  5 niemals ausgeführt
Zweig  6 niemals ausgeführt
    #####:  693:      return true;
    %%%%%:  693-block  0
    %%%%%:  693-block  1
    #####:  694:    name.clear();
    %%%%%:  694-block  0
Aufruf  0 niemals ausgeführt
    #####:  695:    if (tokenName.type_ == tokenString) {
Zweig  0 niemals ausgeführt
Zweig  1 niemals ausgeführt
    #####:  696:      if (!decodeString(tokenName, name))
    %%%%%:  696-block  0
Aufruf  0 niemals ausgeführt
Zweig  1 niemals ausgeführt
Zweig  2 niemals ausgeführt
    %%%%%:  696-block  1
Zweig  3 niemals ausgeführt
Zweig  4 niemals ausgeführt
    #####:  697:        return recoverFromError(tokenObjectEnd);
    %%%%%:  697-block  0
Aufruf  0 niemals ausgeführt
Zweig  1 niemals ausgeführt
Zweig  2 niemals ausgeführt
    %%%%%:  697-block  1
    #####:  698:    } else if (tokenName.type_ == tokenNumber && features_.allowNumericKeys_) {
    %%%%%:  698-block  0
Zweig  0 niemals ausgeführt
Zweig  1 niemals ausgeführt
    %%%%%:  698-block  1
Zweig  2 niemals ausgeführt
Zweig  3 niemals ausgeführt
    #####:  699:      Value numberName;
    %%%%%:  699-block  0
Aufruf  0 niemals ausgeführt
Zweig  1 niemals ausgeführt
Zweig  2 niemals ausgeführt
    #####:  700:      if (!decodeNumber(tokenName, numberName))
    %%%%%:  700-block  0
Aufruf  0 niemals ausgeführt
Zweig  1 niemals ausgeführt
Zweig  2 niemals ausgeführt
    %%%%%:  700-block  1
Zweig  3 niemals ausgeführt
Zweig  4 niemals ausgeführt
    #####:  701:        return recoverFromError(tokenObjectEnd);
    %%%%%:  701-block  0
Aufruf  0 niemals ausgeführt
Zweig  1 niemals ausgeführt
Zweig  2 niemals ausgeführt
    %%%%%:  701-block  1
    #####:  702:      name = numberName.asString();
    %%%%%:  702-block  0
Aufruf  0 niemals ausgeführt
Zweig  1 niemals ausgeführt
Zweig  2 niemals ausgeführt
    %%%%%:  702-block  1
Aufruf  3 niemals ausgeführt
Aufruf  4 niemals ausgeführt
    $$$$$:  702-block  2
    #####:  703:    } else {
    %%%%%:  703-block  0
Aufruf  0 niemals ausgeführt
Zweig  1 niemals ausgeführt
Zweig  2 niemals ausgeführt
    $$$$$:  703-block  1
Aufruf  3 niemals ausgeführt
        -:  704:      break;
        -:  705:    }
        -:  706:
        -:  707:    Token colon;
    #####:  708:    if (!readToken(colon) || colon.type_ != tokenMemberSeparator) {
    %%%%%:  708-block  0
Aufruf  0 niemals ausgeführt
Zweig  1 niemals ausgeführt
Zweig  2 niemals ausgeführt
    %%%%%:  708-block  1
Zweig  3 niemals ausgeführt
Zweig  4 niemals ausgeführt
    %%%%%:  708-block  2
Zweig  5 niemals ausgeführt
Zweig  6 niemals ausgeführt
    %%%%%:  708-block  3
    %%%%%:  708-block  4
    %%%%%:  708-block  5
Zweig  7 niemals ausgeführt
Zweig  8 niemals ausgeführt
    #####:  709:      return addErrorAndRecover("Missing ':' after object member name", colon,
    %%%%%:  709-block  0
Aufruf  0 niemals ausgeführt
Aufruf  1 niemals ausgeführt
Zweig  2 niemals ausgeführt
Zweig  3 niemals ausgeführt
    %%%%%:  709-block  1
Aufruf  4 niemals ausgeführt
Zweig  5 niemals ausgeführt
Zweig  6 niemals ausgeführt
    %%%%%:  709-block  2
Aufruf  7 niemals ausgeführt
Aufruf  8 niemals ausgeführt
    $$$$$:  709-block  3
Aufruf  9 niemals ausgeführt
    $$$$$:  709-block  4
Aufruf 10 niemals ausgeführt
    $$$$$:  709-block  5
    $$$$$:  709-block  6
    #####:  710:                                tokenObjectEnd);
    %%%%%:  710-block  0
        -:  711:    }
    #####:  712:    Value& value = currentValue()[name];
    %%%%%:  712-block  0
Aufruf  0 niemals ausgeführt
Zweig  1 niemals ausgeführt
Zweig  2 niemals ausgeführt
    %%%%%:  712-block  1
Aufruf  3 niemals ausgeführt
Zweig  4 niemals ausgeführt
Zweig  5 niemals ausgeführt
    #####:  713:    nodes_.push(&value);
    %%%%%:  713-block  0
Aufruf  0 niemals ausgeführt
Zweig  1 niemals ausgeführt
Zweig  2 niemals ausgeführt
    $$$$$:  713-block  1
    #####:  714:    bool ok = readValue();
    %%%%%:  714-block  0
Aufruf  0 niemals ausgeführt
Zweig  1 niemals ausgeführt
Zweig  2 niemals ausgeführt
    #####:  715:    nodes_.pop();
    %%%%%:  715-block  0
Aufruf  0 niemals ausgeführt
    #####:  716:    if (!ok) // error already set
Zweig  0 niemals ausgeführt
Zweig  1 niemals ausgeführt
    #####:  717:      return recoverFromError(tokenObjectEnd);
    %%%%%:  717-block  0
Aufruf  0 niemals ausgeführt
Zweig  1 niemals ausgeführt
Zweig  2 niemals ausgeführt
    %%%%%:  717-block  1
        -:  718:
        -:  719:    Token comma;
    #####:  720:    if (!readToken(comma) ||
    %%%%%:  720-block  0
Aufruf  0 niemals ausgeführt
Zweig  1 niemals ausgeführt
Zweig  2 niemals ausgeführt
    %%%%%:  720-block  1
Zweig  3 niemals ausgeführt
Zweig  4 niemals ausgeführt
    %%%%%:  720-block  2
    %%%%%:  720-block  3
    %%%%%:  720-block  4
Zweig  5 niemals ausgeführt
Zweig  6 niemals ausgeführt
    #####:  721:        (comma.type_ != tokenObjectEnd && comma.type_ != tokenArraySeparator &&
    %%%%%:  721-block  0
Zweig  0 niemals ausgeführt
Zweig  1 niemals ausgeführt
    %%%%%:  721-block  1
Zweig  2 niemals ausgeführt
Zweig  3 niemals ausgeführt
    #####:  722:         comma.type_ != tokenComment)) {
    %%%%%:  722-block  0
Zweig  0 niemals ausgeführt
Zweig  1 niemals ausgeführt
    #####:  723:      return addErrorAndRecover("Missing ',' or '}' in object declaration",
    %%%%%:  723-block  0
Aufruf  0 niemals ausgeführt
Aufruf  1 niemals ausgeführt
Zweig  2 niemals ausgeführt
Zweig  3 niemals ausgeführt
    %%%%%:  723-block  1
Aufruf  4 niemals ausgeführt
Zweig  5 niemals ausgeführt
Zweig  6 niemals ausgeführt
    %%%%%:  723-block  2
Aufruf  7 niemals ausgeführt
Aufruf  8 niemals ausgeführt
    $$$$$:  723-block  3
Aufruf  9 niemals ausgeführt
    $$$$$:  723-block  4
Aufruf 10 niemals ausgeführt
    $$$$$:  723-block  5
    $$$$$:  723-block  6
    #####:  724:                                comma, tokenObjectEnd);
    %%%%%:  724-block  0
        -:  725:    }
    #####:  726:    bool finalizeTokenOk = true;
    #####:  727:    while (comma.type_ == tokenComment && finalizeTokenOk)
    %%%%%:  727-block  0
    %%%%%:  727-block  1
Zweig  0 niemals ausgeführt
Zweig  1 niemals ausgeführt
    %%%%%:  727-block  2
Zweig  2 niemals ausgeführt
Zweig  3 niemals ausgeführt
    #####:  728:      finalizeTokenOk = readToken(comma);
    %%%%%:  728-block  0
Aufruf  0 niemals ausgeführt
Zweig  1 niemals ausgeführt
Zweig  2 niemals ausgeführt
    %%%%%:  728-block  1
    #####:  729:    if (comma.type_ == tokenObjectEnd)
    %%%%%:  729-block  0
Zweig  0 niemals ausgeführt
Zweig  1 niemals ausgeführt
    #####:  730:      return true;
    %%%%%:  730-block  0
        -:  731:  }
    #####:  732:  return addErrorAndRecover("Missing '}' or object member name", tokenName,
    %%%%%:  732-block  0
Aufruf  0 niemals ausgeführt
Aufruf  1 niemals ausgeführt
Zweig  2 niemals ausgeführt
Zweig  3 niemals ausgeführt
    %%%%%:  732-block  1
Aufruf  4 niemals ausgeführt
Zweig  5 niemals ausgeführt
Zweig  6 niemals ausgeführt
    %%%%%:  732-block  2
Aufruf  7 niemals ausgeführt
Aufruf  8 niemals ausgeführt
    $$$$$:  732-block  3
Aufruf  9 niemals ausgeführt
    $$$$$:  732-block  4
Aufruf 10 niemals ausgeführt
    $$$$$:  732-block  5
    $$$$$:  732-block  6
    #####:  733:                            tokenObjectEnd);
    %%%%%:  733-block  0
    #####:  734:}
    %%%%%:  734-block  0
Aufruf  0 niemals ausgeführt
Aufruf  1 niemals ausgeführt
    $$$$$:  734-block  1
Aufruf  2 niemals ausgeführt
    $$$$$:  734-block  2
Aufruf  3 niemals ausgeführt
        -:  735:
function _ZN4Json6Reader9readArrayERNS0_5TokenE called 0 returned 0% blocks executed 0%
    #####:  736:bool Reader::readArray(Token& token) {
    #####:  737:  Value init(arrayValue);
    %%%%%:  737-block  0
Aufruf  0 niemals ausgeführt
Zweig  1 niemals ausgeführt
Zweig  2 niemals ausgeführt
    #####:  738:  currentValue().swapPayload(init);
    %%%%%:  738-block  0
Aufruf  0 niemals ausgeführt
Zweig  1 niemals ausgeführt
Zweig  2 niemals ausgeführt
    %%%%%:  738-block  1
Aufruf  3 niemals ausgeführt
    #####:  739:  currentValue().setOffsetStart(token.start_ - begin_);
Aufruf  0 niemals ausgeführt
Zweig  1 niemals ausgeführt
Zweig  2 niemals ausgeführt
    %%%%%:  739-block  0
Aufruf  3 niemals ausgeführt
    #####:  740:  skipSpaces();
Aufruf  0 niemals ausgeführt
    #####:  741:  if (current_ != end_ && *current_ == ']') // empty array
Zweig  0 niemals ausgeführt
Zweig  1 niemals ausgeführt
    %%%%%:  741-block  0
Zweig  2 niemals ausgeführt
Zweig  3 niemals ausgeführt
        -:  742:  {
        -:  743:    Token endArray;
    #####:  744:    readToken(endArray);
    %%%%%:  744-block  0
Aufruf  0 niemals ausgeführt
Zweig  1 niemals ausgeführt
Zweig  2 niemals ausgeführt
    #####:  745:    return true;
    %%%%%:  745-block  0
        -:  746:  }
    #####:  747:  int index = 0;
    %%%%%:  747-block  0
        -:  748:  for (;;) {
    #####:  749:    Value& value = currentValue()[index++];
    %%%%%:  749-block  0
Aufruf  0 niemals ausgeführt
Zweig  1 niemals ausgeführt
Zweig  2 niemals ausgeführt
    %%%%%:  749-block  1
Aufruf  3 niemals ausgeführt
Zweig  4 niemals ausgeführt
Zweig  5 niemals ausgeführt
    #####:  750:    nodes_.push(&value);
    %%%%%:  750-block  0
Aufruf  0 niemals ausgeführt
Zweig  1 niemals ausgeführt
Zweig  2 niemals ausgeführt
    $$$$$:  750-block  1
    #####:  751:    bool ok = readValue();
    %%%%%:  751-block  0
Aufruf  0 niemals ausgeführt
Zweig  1 niemals ausgeführt
Zweig  2 niemals ausgeführt
    #####:  752:    nodes_.pop();
    %%%%%:  752-block  0
Aufruf  0 niemals ausgeführt
    #####:  753:    if (!ok) // error already set
Zweig  0 niemals ausgeführt
Zweig  1 niemals ausgeführt
    #####:  754:      return recoverFromError(tokenArrayEnd);
    %%%%%:  754-block  0
Aufruf  0 niemals ausgeführt
Zweig  1 niemals ausgeführt
Zweig  2 niemals ausgeführt
    %%%%%:  754-block  1
    %%%%%:  754-block  2
        -:  755:
        -:  756:    Token currentToken;
        -:  757:    // Accept Comment after last item in the array.
    #####:  758:    ok = readToken(currentToken);
    %%%%%:  758-block  0
Aufruf  0 niemals ausgeführt
Zweig  1 niemals ausgeführt
Zweig  2 niemals ausgeführt
    #####:  759:    while (currentToken.type_ == tokenComment && ok) {
    %%%%%:  759-block  0
    %%%%%:  759-block  1
Zweig  0 niemals ausgeführt
Zweig  1 niemals ausgeführt
    %%%%%:  759-block  2
Zweig  2 niemals ausgeführt
Zweig  3 niemals ausgeführt
    #####:  760:      ok = readToken(currentToken);
    %%%%%:  760-block  0
Aufruf  0 niemals ausgeführt
Zweig  1 niemals ausgeführt
Zweig  2 niemals ausgeführt
    %%%%%:  760-block  1
        -:  761:    }
    #####:  762:    bool badTokenType = (currentToken.type_ != tokenArraySeparator &&
    %%%%%:  762-block  0
Zweig  0 niemals ausgeführt
Zweig  1 niemals ausgeführt
    %%%%%:  762-block  1
    %%%%%:  762-block  2
    #####:  763:                         currentToken.type_ != tokenArrayEnd);
    %%%%%:  763-block  0
Zweig  0 niemals ausgeführt
Zweig  1 niemals ausgeführt
    #####:  764:    if (!ok || badTokenType) {
    %%%%%:  764-block  0
Zweig  0 niemals ausgeführt
Zweig  1 niemals ausgeführt
    %%%%%:  764-block  1
Zweig  2 niemals ausgeführt
Zweig  3 niemals ausgeführt
    #####:  765:      return addErrorAndRecover("Missing ',' or ']' in array declaration",
    %%%%%:  765-block  0
Aufruf  0 niemals ausgeführt
Aufruf  1 niemals ausgeführt
Zweig  2 niemals ausgeführt
Zweig  3 niemals ausgeführt
    %%%%%:  765-block  1
Aufruf  4 niemals ausgeführt
Zweig  5 niemals ausgeführt
Zweig  6 niemals ausgeführt
    %%%%%:  765-block  2
Aufruf  7 niemals ausgeführt
Aufruf  8 niemals ausgeführt
    $$$$$:  765-block  3
Aufruf  9 niemals ausgeführt
    $$$$$:  765-block  4
Aufruf 10 niemals ausgeführt
    $$$$$:  765-block  5
    $$$$$:  765-block  6
    #####:  766:                                currentToken, tokenArrayEnd);
    %%%%%:  766-block  0
        -:  767:    }
    #####:  768:    if (currentToken.type_ == tokenArrayEnd)
    %%%%%:  768-block  0
Zweig  0 niemals ausgeführt
Zweig  1 niemals ausgeführt
    #####:  769:      break;
    #####:  770:  }
    %%%%%:  770-block  0
    #####:  771:  return true;
    %%%%%:  771-block  0
    #####:  772:}
    %%%%%:  772-block  0
Aufruf  0 niemals ausgeführt
    $$$$$:  772-block  1
Aufruf  1 niemals ausgeführt
        -:  773:
function _ZN4Json6Reader12decodeNumberERNS0_5TokenE called 0 returned 0% blocks executed 0%
    #####:  774:bool Reader::decodeNumber(Token& token) {
    #####:  775:  Value decoded;
    %%%%%:  775-block  0
Aufruf  0 niemals ausgeführt
Zweig  1 niemals ausgeführt
Zweig  2 niemals ausgeführt
    #####:  776:  if (!decodeNumber(token, decoded))
    %%%%%:  776-block  0
Aufruf  0 niemals ausgeführt
Zweig  1 niemals ausgeführt
Zweig  2 niemals ausgeführt
    %%%%%:  776-block  1
Zweig  3 niemals ausgeführt
Zweig  4 niemals ausgeführt
    #####:  777:    return false;
    %%%%%:  777-block  0
    #####:  778:  currentValue().swapPayload(decoded);
    %%%%%:  778-block  0
Aufruf  0 niemals ausgeführt
Zweig  1 niemals ausgeführt
Zweig  2 niemals ausgeführt
    %%%%%:  778-block  1
Aufruf  3 niemals ausgeführt
    #####:  779:  currentValue().setOffsetStart(token.start_ - begin_);
Aufruf  0 niemals ausgeführt
Zweig  1 niemals ausgeführt
Zweig  2 niemals ausgeführt
    %%%%%:  779-block  0
Aufruf  3 niemals ausgeführt
    #####:  780:  currentValue().setOffsetLimit(token.end_ - begin_);
Aufruf  0 niemals ausgeführt
Zweig  1 niemals ausgeführt
Zweig  2 niemals ausgeführt
    %%%%%:  780-block  0
Aufruf  3 niemals ausgeführt
    #####:  781:  return true;
    #####:  782:}
    %%%%%:  782-block  0
Aufruf  0 niemals ausgeführt
    $$$$$:  782-block  1
Aufruf  1 niemals ausgeführt
        -:  783:
function _ZN4Json6Reader12decodeNumberERNS0_5TokenERNS_5ValueE called 0 returned 0% blocks executed 0%
    #####:  784:bool Reader::decodeNumber(Token& token, Value& decoded) {
        -:  785:  // Attempts to parse the number as an integer. If the number is
        -:  786:  // larger than the maximum supported value of an integer then
        -:  787:  // we decode the number as a double.
    #####:  788:  Location current = token.start_;
    #####:  789:  bool isNegative = *current == '-';
    #####:  790:  if (isNegative)
    %%%%%:  790-block  0
Zweig  0 niemals ausgeführt
Zweig  1 niemals ausgeführt
    #####:  791:    ++current;
    %%%%%:  791-block  0
        -:  792:  // TODO: Help the compiler do the div and mod at compile time or get rid of
        -:  793:  // them.
    #####:  794:  Value::LargestUInt maxIntegerValue =
    #####:  795:      isNegative ? Value::LargestUInt(Value::maxLargestInt) + 1
    %%%%%:  795-block  0
Zweig  0 niemals ausgeführt
Zweig  1 niemals ausgeführt
    %%%%%:  795-block  1
    %%%%%:  795-block  2
        -:  796:                 : Value::maxLargestUInt;
    #####:  797:  Value::LargestUInt threshold = maxIntegerValue / 10;
    #####:  798:  Value::LargestUInt value = 0;
    #####:  799:  while (current < token.end_) {
    %%%%%:  799-block  0
    %%%%%:  799-block  1
Zweig  0 niemals ausgeführt
Zweig  1 niemals ausgeführt
    #####:  800:    Char c = *current++;
    #####:  801:    if (c < '0' || c > '9')
    %%%%%:  801-block  0
Zweig  0 niemals ausgeführt
Zweig  1 niemals ausgeführt
    %%%%%:  801-block  1
Zweig  2 niemals ausgeführt
Zweig  3 niemals ausgeführt
    #####:  802:      return decodeDouble(token, decoded);
    %%%%%:  802-block  0
Aufruf  0 niemals ausgeführt
    #####:  803:    auto digit(static_cast<Value::UInt>(c - '0'));
    #####:  804:    if (value >= threshold) {
    %%%%%:  804-block  0
Zweig  0 niemals ausgeführt
Zweig  1 niemals ausgeführt
        -:  805:      // We've hit or exceeded the max value divided by 10 (rounded down). If
        -:  806:      // a) we've only just touched the limit, b) this is the last digit, and
        -:  807:      // c) it's small enough to fit in that rounding delta, we're okay.
        -:  808:      // Otherwise treat this number as a double to avoid overflow.
    #####:  809:      if (value > threshold || current != token.end_ ||
    %%%%%:  809-block  0
Zweig  0 niemals ausgeführt
Zweig  1 niemals ausgeführt
    %%%%%:  809-block  1
Zweig  2 niemals ausgeführt
Zweig  3 niemals ausgeführt
    #####:  810:          digit > maxIntegerValue % 10) {
    %%%%%:  810-block  0
Zweig  0 niemals ausgeführt
Zweig  1 niemals ausgeführt
    #####:  811:        return decodeDouble(token, decoded);
    %%%%%:  811-block  0
Aufruf  0 niemals ausgeführt
        -:  812:      }
        -:  813:    }
    #####:  814:    value = value * 10 + digit;
    %%%%%:  814-block  0
        -:  815:  }
    #####:  816:  if (isNegative && value == maxIntegerValue)
    %%%%%:  816-block  0
Zweig  0 niemals ausgeführt
Zweig  1 niemals ausgeführt
    %%%%%:  816-block  1
Zweig  2 niemals ausgeführt
Zweig  3 niemals ausgeführt
    #####:  817:    decoded = Value::minLargestInt;
    %%%%%:  817-block  0
Aufruf  0 niemals ausgeführt
Zweig  1 niemals ausgeführt
Zweig  2 niemals ausgeführt
    %%%%%:  817-block  1
Aufruf  3 niemals ausgeführt
Aufruf  4 niemals ausgeführt
    $$$$$:  817-block  2
Aufruf  5 niemals ausgeführt
    #####:  818:  else if (isNegative)
    %%%%%:  818-block  0
Zweig  0 niemals ausgeführt
Zweig  1 niemals ausgeführt
    #####:  819:    decoded = -Value::LargestInt(value);
    %%%%%:  819-block  0
Aufruf  0 niemals ausgeführt
Zweig  1 niemals ausgeführt
Zweig  2 niemals ausgeführt
    %%%%%:  819-block  1
Aufruf  3 niemals ausgeführt
Aufruf  4 niemals ausgeführt
    $$$$$:  819-block  2
Aufruf  5 niemals ausgeführt
    #####:  820:  else if (value <= Value::LargestUInt(Value::maxInt))
    %%%%%:  820-block  0
Zweig  0 niemals ausgeführt
Zweig  1 niemals ausgeführt
    #####:  821:    decoded = Value::LargestInt(value);
    %%%%%:  821-block  0
Aufruf  0 niemals ausgeführt
Zweig  1 niemals ausgeführt
Zweig  2 niemals ausgeführt
    %%%%%:  821-block  1
Aufruf  3 niemals ausgeführt
Aufruf  4 niemals ausgeführt
    $$$$$:  821-block  2
Aufruf  5 niemals ausgeführt
        -:  822:  else
    #####:  823:    decoded = value;
    %%%%%:  823-block  0
Aufruf  0 niemals ausgeführt
Zweig  1 niemals ausgeführt
Zweig  2 niemals ausgeführt
    %%%%%:  823-block  1
Aufruf  3 niemals ausgeführt
Aufruf  4 niemals ausgeführt
    #####:  824:  return true;
    %%%%%:  824-block  0
        -:  825:}
        -:  826:
function _ZN4Json6Reader12decodeDoubleERNS0_5TokenE called 0 returned 0% blocks executed 0%
    #####:  827:bool Reader::decodeDouble(Token& token) {
    #####:  828:  Value decoded;
    %%%%%:  828-block  0
Aufruf  0 niemals ausgeführt
Zweig  1 niemals ausgeführt
Zweig  2 niemals ausgeführt
    #####:  829:  if (!decodeDouble(token, decoded))
    %%%%%:  829-block  0
Aufruf  0 niemals ausgeführt
Zweig  1 niemals ausgeführt
Zweig  2 niemals ausgeführt
    %%%%%:  829-block  1
Zweig  3 niemals ausgeführt
Zweig  4 niemals ausgeführt
    #####:  830:    return false;
    %%%%%:  830-block  0
    #####:  831:  currentValue().swapPayload(decoded);
    %%%%%:  831-block  0
Aufruf  0 niemals ausgeführt
Zweig  1 niemals ausgeführt
Zweig  2 niemals ausgeführt
    %%%%%:  831-block  1
Aufruf  3 niemals ausgeführt
    #####:  832:  currentValue().setOffsetStart(token.start_ - begin_);
Aufruf  0 niemals ausgeführt
Zweig  1 niemals ausgeführt
Zweig  2 niemals ausgeführt
    %%%%%:  832-block  0
Aufruf  3 niemals ausgeführt
    #####:  833:  currentValue().setOffsetLimit(token.end_ - begin_);
Aufruf  0 niemals ausgeführt
Zweig  1 niemals ausgeführt
Zweig  2 niemals ausgeführt
    %%%%%:  833-block  0
Aufruf  3 niemals ausgeführt
    #####:  834:  return true;
    #####:  835:}
    %%%%%:  835-block  0
Aufruf  0 niemals ausgeführt
    $$$$$:  835-block  1
Aufruf  1 niemals ausgeführt
        -:  836:
function _ZN4Json6Reader12decodeDoubleERNS0_5TokenERNS_5ValueE called 0 returned 0% blocks executed 0%
    #####:  837:bool Reader::decodeDouble(Token& token, Value& decoded) {
    #####:  838:  double value = 0;
    #####:  839:  String buffer(token.start_, token.end_);
    %%%%%:  839-block  0
Aufruf  0 niemals ausgeführt
Aufruf  1 niemals ausgeführt
Zweig  2 niemals ausgeführt
Zweig  3 niemals ausgeführt
    %%%%%:  839-block  1
Aufruf  4 niemals ausgeführt
    $$$$$:  839-block  2
Aufruf  5 niemals ausgeführt
    $$$$$:  839-block  3
    #####:  840:  IStringStream is(buffer);
Aufruf  0 niemals ausgeführt
Zweig  1 niemals ausgeführt
Zweig  2 niemals ausgeführt
    #####:  841:  if (!(is >> value))
    %%%%%:  841-block  0
Aufruf  0 niemals ausgeführt
Zweig  1 niemals ausgeführt
Zweig  2 niemals ausgeführt
    %%%%%:  841-block  1
Aufruf  3 niemals ausgeführt
Zweig  4 niemals ausgeführt
Zweig  5 niemals ausgeführt
    %%%%%:  841-block  2
Zweig  6 niemals ausgeführt
Zweig  7 niemals ausgeführt
    #####:  842:    return addError(
    %%%%%:  842-block  0
Aufruf  0 niemals ausgeführt
Zweig  1 niemals ausgeführt
Zweig  2 niemals ausgeführt
    #####:  843:        "'" + String(token.start_, token.end_) + "' is not a number.", token);
    %%%%%:  843-block  0
Aufruf  0 niemals ausgeführt
Aufruf  1 niemals ausgeführt
Zweig  2 niemals ausgeführt
Zweig  3 niemals ausgeführt
    %%%%%:  843-block  1
Aufruf  4 niemals ausgeführt
Zweig  5 niemals ausgeführt
Zweig  6 niemals ausgeführt
    %%%%%:  843-block  2
Aufruf  7 niemals ausgeführt
Zweig  8 niemals ausgeführt
Zweig  9 niemals ausgeführt
    %%%%%:  843-block  3
    %%%%%:  843-block  4
Aufruf 10 niemals ausgeführt
Aufruf 11 niemals ausgeführt
Aufruf 12 niemals ausgeführt
Aufruf 13 niemals ausgeführt
    $$$$$:  843-block  5
Aufruf 14 niemals ausgeführt
    $$$$$:  843-block  6
Aufruf 15 niemals ausgeführt
    $$$$$:  843-block  7
Aufruf 16 niemals ausgeführt
    $$$$$:  843-block  8
Aufruf 17 niemals ausgeführt
    $$$$$:  843-block  9
    $$$$$:  843-block 10
    $$$$$:  843-block 11
    $$$$$:  843-block 12
    #####:  844:  decoded = value;
    %%%%%:  844-block  0
Aufruf  0 niemals ausgeführt
Zweig  1 niemals ausgeführt
Zweig  2 niemals ausgeführt
    %%%%%:  844-block  1
Aufruf  3 niemals ausgeführt
Aufruf  4 niemals ausgeführt
    $$$$$:  844-block  2
    #####:  845:  return true;
    #####:  846:}
    %%%%%:  846-block  0
Aufruf  0 niemals ausgeführt
[...]
Zweig  1 niemals ausgeführt
Zweig  2 niemals ausgeführt
    %%%%%: 5228-block  1
Aufruf  3 niemals ausgeführt
Zweig  4 niemals ausgeführt
Zweig  5 niemals ausgeführt
    #####: 5229:  const bool dnp = settings_["dropNullPlaceholders"].asBool();
    %%%%%: 5229-block  0
Aufruf  0 niemals ausgeführt
Zweig  1 niemals ausgeführt
Zweig  2 niemals ausgeführt
    %%%%%: 5229-block  1
Aufruf  3 niemals ausgeführt
Zweig  4 niemals ausgeführt
Zweig  5 niemals ausgeführt
    #####: 5230:  const bool usf = settings_["useSpecialFloats"].asBool();
    %%%%%: 5230-block  0
Aufruf  0 niemals ausgeführt
Zweig  1 niemals ausgeführt
Zweig  2 niemals ausgeführt
    %%%%%: 5230-block  1
Aufruf  3 niemals ausgeführt
Zweig  4 niemals ausgeführt
Zweig  5 niemals ausgeführt
    #####: 5231:  const bool emitUTF8 = settings_["emitUTF8"].asBool();
    %%%%%: 5231-block  0
Aufruf  0 niemals ausgeführt
Zweig  1 niemals ausgeführt
Zweig  2 niemals ausgeführt
    %%%%%: 5231-block  1
Aufruf  3 niemals ausgeführt
Zweig  4 niemals ausgeführt
Zweig  5 niemals ausgeführt
    #####: 5232:  unsigned int pre = settings_["precision"].asUInt();
    %%%%%: 5232-block  0
Aufruf  0 niemals ausgeführt
Zweig  1 niemals ausgeführt
Zweig  2 niemals ausgeführt
    %%%%%: 5232-block  1
Aufruf  3 niemals ausgeführt
Zweig  4 niemals ausgeführt
Zweig  5 niemals ausgeführt
    #####: 5233:  CommentStyle::Enum cs = CommentStyle::All;
    #####: 5234:  if (cs_str == "All") {
    %%%%%: 5234-block  0
Aufruf  0 niemals ausgeführt
Zweig  1 niemals ausgeführt
Zweig  2 niemals ausgeführt
    #####: 5235:    cs = CommentStyle::All;
    %%%%%: 5235-block  0
    #####: 5236:  } else if (cs_str == "None") {
    %%%%%: 5236-block  0
Aufruf  0 niemals ausgeführt
Zweig  1 niemals ausgeführt
Zweig  2 niemals ausgeführt
    #####: 5237:    cs = CommentStyle::None;
    %%%%%: 5237-block  0
        -: 5238:  } else {
    #####: 5239:    throwRuntimeError("commentStyle must be 'All' or 'None'");
    %%%%%: 5239-block  0
Aufruf  0 niemals ausgeführt
Aufruf  1 niemals ausgeführt
Zweig  2 niemals ausgeführt
Zweig  3 niemals ausgeführt
    %%%%%: 5239-block  1
Aufruf  4 niemals ausgeführt
    $$$$$: 5239-block  2
Aufruf  5 niemals ausgeführt
    $$$$$: 5239-block  3
Aufruf  6 niemals ausgeführt
    $$$$$: 5239-block  4
    $$$$$: 5239-block  5
        -: 5240:  }
    #####: 5241:  PrecisionType precisionType(significantDigits);
    #####: 5242:  if (pt_str == "significant") {
    %%%%%: 5242-block  0
Aufruf  0 niemals ausgeführt
Zweig  1 niemals ausgeführt
Zweig  2 niemals ausgeführt
    #####: 5243:    precisionType = PrecisionType::significantDigits;
    %%%%%: 5243-block  0
    #####: 5244:  } else if (pt_str == "decimal") {
    %%%%%: 5244-block  0
Aufruf  0 niemals ausgeführt
Zweig  1 niemals ausgeführt
Zweig  2 niemals ausgeführt
    #####: 5245:    precisionType = PrecisionType::decimalPlaces;
    %%%%%: 5245-block  0
        -: 5246:  } else {
    #####: 5247:    throwRuntimeError("precisionType must be 'significant' or 'decimal'");
    %%%%%: 5247-block  0
Aufruf  0 niemals ausgeführt
Aufruf  1 niemals ausgeführt
Zweig  2 niemals ausgeführt
Zweig  3 niemals ausgeführt
    %%%%%: 5247-block  1
Aufruf  4 niemals ausgeführt
    $$$$$: 5247-block  2
Aufruf  5 niemals ausgeführt
    $$$$$: 5247-block  3
Aufruf  6 niemals ausgeführt
    $$$$$: 5247-block  4
    $$$$$: 5247-block  5
        -: 5248:  }
    #####: 5249:  String colonSymbol = " : ";
    %%%%%: 5249-block  0
Aufruf  0 niemals ausgeführt
Aufruf  1 niemals ausgeführt
Zweig  2 niemals ausgeführt
Zweig  3 niemals ausgeführt
    %%%%%: 5249-block  1
Aufruf  4 niemals ausgeführt
    $$$$$: 5249-block  2
Aufruf  5 niemals ausgeführt
    $$$$$: 5249-block  3
    #####: 5250:  if (eyc) {
Zweig  0 niemals ausgeführt
Zweig  1 niemals ausgeführt
    #####: 5251:    colonSymbol = ": ";
    %%%%%: 5251-block  0
Aufruf  0 niemals ausgeführt
Zweig  1 niemals ausgeführt
Zweig  2 niemals ausgeführt
    #####: 5252:  } else if (indentation.empty()) {
    %%%%%: 5252-block  0
Aufruf  0 niemals ausgeführt
Zweig  1 niemals ausgeführt
Zweig  2 niemals ausgeführt
    #####: 5253:    colonSymbol = ":";
    %%%%%: 5253-block  0
Aufruf  0 niemals ausgeführt
Zweig  1 niemals ausgeführt
Zweig  2 niemals ausgeführt
        -: 5254:  }
    #####: 5255:  String nullSymbol = "null";
    %%%%%: 5255-block  0
Aufruf  0 niemals ausgeführt
Aufruf  1 niemals ausgeführt
Zweig  2 niemals ausgeführt
Zweig  3 niemals ausgeführt
    %%%%%: 5255-block  1
Aufruf  4 niemals ausgeführt
    $$$$$: 5255-block  2
Aufruf  5 niemals ausgeführt
    $$$$$: 5255-block  3
    #####: 5256:  if (dnp) {
Zweig  0 niemals ausgeführt
Zweig  1 niemals ausgeführt
    #####: 5257:    nullSymbol.clear();
    %%%%%: 5257-block  0
Aufruf  0 niemals ausgeführt
        -: 5258:  }
    #####: 5259:  if (pre > 17)
    %%%%%: 5259-block  0
Zweig  0 niemals ausgeführt
Zweig  1 niemals ausgeführt
    #####: 5260:    pre = 17;
    %%%%%: 5260-block  0
    #####: 5261:  String endingLineFeedSymbol;
    %%%%%: 5261-block  0
Aufruf  0 niemals ausgeführt
        -: 5262:  return new BuiltStyledStreamWriter(indentation, cs, colonSymbol, nullSymbol,
        -: 5263:                                     endingLineFeedSymbol, usf, emitUTF8, pre,
    #####: 5264:                                     precisionType);
Aufruf  0 niemals ausgeführt
Zweig  1 niemals ausgeführt
Zweig  2 niemals ausgeführt
    %%%%%: 5264-block  0
Aufruf  3 niemals ausgeführt
Zweig  4 niemals ausgeführt
Zweig  5 niemals ausgeführt
    %%%%%: 5264-block  1
Aufruf  6 niemals ausgeführt
Zweig  7 niemals ausgeführt
Zweig  8 niemals ausgeführt
    %%%%%: 5264-block  2
Aufruf  9 niemals ausgeführt
Zweig 10 niemals ausgeführt
Zweig 11 niemals ausgeführt
    %%%%%: 5264-block  3
Aufruf 12 niemals ausgeführt
Zweig 13 niemals ausgeführt
Zweig 14 niemals ausgeführt
    %%%%%: 5264-block  4
Aufruf 15 niemals ausgeführt
Zweig 16 niemals ausgeführt
Zweig 17 niemals ausgeführt
    %%%%%: 5264-block  5
Aufruf 18 niemals ausgeführt
Aufruf 19 niemals ausgeführt
Aufruf 20 niemals ausgeführt
Aufruf 21 niemals ausgeführt
    %%%%%: 5264-block  6
    $$$$$: 5264-block  7
Aufruf 22 niemals ausgeführt
    $$$$$: 5264-block  8
    $$$$$: 5264-block  9
Aufruf 23 niemals ausgeführt
    $$$$$: 5264-block 10
    $$$$$: 5264-block 11
Aufruf 24 niemals ausgeführt
    $$$$$: 5264-block 12
    $$$$$: 5264-block 13
Aufruf 25 niemals ausgeführt
    $$$$$: 5264-block 14
    $$$$$: 5264-block 15
Zweig 26 niemals ausgeführt
Zweig 27 niemals ausgeführt
    $$$$$: 5264-block 16
Aufruf 28 niemals ausgeführt
    #####: 5265:}
Aufruf  0 niemals ausgeführt
Aufruf  1 niemals ausgeführt
Aufruf  2 niemals ausgeführt
Aufruf  3 niemals ausgeführt
Aufruf  4 niemals ausgeführt
Aufruf  5 niemals ausgeführt
    $$$$$: 5265-block  0
Aufruf  6 niemals ausgeführt
    $$$$$: 5265-block  1
Aufruf  7 niemals ausgeführt
    $$$$$: 5265-block  2
Aufruf  8 niemals ausgeführt
    $$$$$: 5265-block  3
Aufruf  9 niemals ausgeführt
    $$$$$: 5265-block  4
Aufruf 10 niemals ausgeführt
    $$$$$: 5265-block  5
Aufruf 11 niemals ausgeführt
        -: 5266:
function _ZNK4Json19StreamWriterBuilder8validateEPNS_5ValueE called 0 returned 0% blocks executed 0%
    #####: 5267:bool StreamWriterBuilder::validate(Json::Value* invalid) const {
        -: 5268:  static const auto& valid_keys = *new std::set<String>{
        -: 5269:      "indentation",
        -: 5270:      "commentStyle",
        -: 5271:      "enableYAMLCompatibility",
        -: 5272:      "dropNullPlaceholders",
        -: 5273:      "useSpecialFloats",
        -: 5274:      "emitUTF8",
        -: 5275:      "precision",
        -: 5276:      "precisionType",
    #####: 5277:  };
    %%%%%: 5277-block  0
Zweig  0 niemals ausgeführt
Zweig  1 niemals ausgeführt
    %%%%%: 5277-block  1
Aufruf  2 niemals ausgeführt
Zweig  3 niemals ausgeführt
Zweig  4 niemals ausgeführt
    %%%%%: 5277-block  2
Aufruf  5 niemals ausgeführt
Zweig  6 niemals ausgeführt
Zweig  7 niemals ausgeführt
Aufruf  8 niemals ausgeführt
Zweig  9 niemals ausgeführt
Zweig 10 niemals ausgeführt
    %%%%%: 5277-block  3
Aufruf 11 niemals ausgeführt
Aufruf 12 niemals ausgeführt
    %%%%%: 5277-block  4
Zweig 13 niemals ausgeführt
Zweig 14 niemals ausgeführt
    %%%%%: 5277-block  5
Aufruf 15 niemals ausgeführt
    $$$$$: 5277-block  6
Aufruf 16 niemals ausgeführt
    $$$$$: 5277-block  7
    $$$$$: 5277-block  8
    $$$$$: 5277-block  9
    $$$$$: 5277-block 10
Zweig 17 niemals ausgeführt
Zweig 18 niemals ausgeführt
    $$$$$: 5277-block 11
Aufruf 19 niemals ausgeführt
    $$$$$: 5277-block 12
    $$$$$: 5277-block 13
Zweig 20 niemals ausgeführt
Zweig 21 niemals ausgeführt
    $$$$$: 5277-block 14
Aufruf 22 niemals ausgeführt
    $$$$$: 5277-block 15
Zweig 23 niemals ausgeführt
Zweig 24 niemals ausgeführt
    $$$$$: 5277-block 16
Aufruf 25 niemals ausgeführt
    #####: 5278:  for (auto si = settings_.begin(); si != settings_.end(); ++si) {
    %%%%%: 5278-block  0
Aufruf  0 niemals ausgeführt
    %%%%%: 5278-block  1
Aufruf  1 niemals ausgeführt
Zweig  2 niemals ausgeführt
Zweig  3 niemals ausgeführt
    %%%%%: 5278-block  2
Aufruf  4 niemals ausgeführt
Aufruf  5 niemals ausgeführt
Zweig  6 niemals ausgeführt
Zweig  7 niemals ausgeführt
    %%%%%: 5278-block  3
Zweig  8 niemals ausgeführt
Zweig  9 niemals ausgeführt
    $$$$$: 5278-block  4
    #####: 5279:    auto key = si.name();
    %%%%%: 5279-block  0
Aufruf  0 niemals ausgeführt
Zweig  1 niemals ausgeführt
Zweig  2 niemals ausgeführt
    #####: 5280:    if (valid_keys.count(key))
    %%%%%: 5280-block  0
Aufruf  0 niemals ausgeführt
Zweig  1 niemals ausgeführt
Zweig  2 niemals ausgeführt
    %%%%%: 5280-block  1
Zweig  3 niemals ausgeführt
Zweig  4 niemals ausgeführt
    #####: 5281:      continue;
    %%%%%: 5281-block  0
    #####: 5282:    if (invalid)
    %%%%%: 5282-block  0
Zweig  0 niemals ausgeführt
Zweig  1 niemals ausgeführt
    #####: 5283:      (*invalid)[key] = *si;
    %%%%%: 5283-block  0
Aufruf  0 niemals ausgeführt
Zweig  1 niemals ausgeführt
Zweig  2 niemals ausgeführt
    %%%%%: 5283-block  1
Aufruf  3 niemals ausgeführt
Zweig  4 niemals ausgeführt
Zweig  5 niemals ausgeführt
    %%%%%: 5283-block  2
Aufruf  6 niemals ausgeführt
Zweig  7 niemals ausgeführt
Zweig  8 niemals ausgeführt
        -: 5284:    else
    #####: 5285:      return false;
    %%%%%: 5285-block  0
    #####: 5286:  }
    %%%%%: 5286-block  0
    %%%%%: 5286-block  1
Aufruf  0 niemals ausgeführt
Zweig  1 niemals ausgeführt
Zweig  2 niemals ausgeführt
Zweig  3 niemals ausgeführt
    $$$$$: 5286-block  2
Aufruf  4 niemals ausgeführt
    #####: 5287:  return invalid ? invalid->empty() : true;
    %%%%%: 5287-block  0
Zweig  0 niemals ausgeführt
Zweig  1 niemals ausgeführt
    %%%%%: 5287-block  1
Aufruf  2 niemals ausgeführt
Zweig  3 niemals ausgeführt
Zweig  4 niemals ausgeführt
    %%%%%: 5287-block  2
    %%%%%: 5287-block  3
    %%%%%: 5287-block  4
    #####: 5288:}
    %%%%%: 5288-block  0
Aufruf  0 niemals ausgeführt
Aufruf  1 niemals ausgeführt
Zweig  2 niemals ausgeführt
Zweig  3 niemals ausgeführt
    %%%%%: 5288-block  1
Aufruf  4 niemals ausgeführt
Aufruf  5 niemals ausgeführt
Zweig  6 niemals ausgeführt
Zweig  7 niemals ausgeführt
    %%%%%: 5288-block  2
Aufruf  8 niemals ausgeführt
Aufruf  9 niemals ausgeführt
Zweig 10 niemals ausgeführt
Zweig 11 niemals ausgeführt
    %%%%%: 5288-block  3
Aufruf 12 niemals ausgeführt
Aufruf 13 niemals ausgeführt
Zweig 14 niemals ausgeführt
Zweig 15 niemals ausgeführt
    %%%%%: 5288-block  4
Aufruf 16 niemals ausgeführt
Aufruf 17 niemals ausgeführt
Zweig 18 niemals ausgeführt
Zweig 19 niemals ausgeführt
    %%%%%: 5288-block  5
Aufruf 20 niemals ausgeführt
Aufruf 21 niemals ausgeführt
Zweig 22 niemals ausgeführt
Zweig 23 niemals ausgeführt
    %%%%%: 5288-block  6
Aufruf 24 niemals ausgeführt
Aufruf 25 niemals ausgeführt
Zweig 26 niemals ausgeführt
Zweig 27 niemals ausgeführt
    %%%%%: 5288-block  7
Aufruf 28 niemals ausgeführt
Aufruf 29 niemals ausgeführt
Zweig 30 niemals ausgeführt
Zweig 31 niemals ausgeführt
    %%%%%: 5288-block  8
Aufruf 32 niemals ausgeführt
    %%%%%: 5288-block  9
Aufruf 33 niemals ausgeführt
Aufruf 34 niemals ausgeführt
Aufruf 35 niemals ausgeführt
Aufruf 36 niemals ausgeführt
Aufruf 37 niemals ausgeführt
Aufruf 38 niemals ausgeführt
Aufruf 39 niemals ausgeführt
Aufruf 40 niemals ausgeführt
    $$$$$: 5288-block 10
Aufruf 41 niemals ausgeführt
    $$$$$: 5288-block 11
    $$$$$: 5288-block 12
Aufruf 42 niemals ausgeführt
    $$$$$: 5288-block 13
    $$$$$: 5288-block 14
Aufruf 43 niemals ausgeführt
    $$$$$: 5288-block 15
    $$$$$: 5288-block 16
Aufruf 44 niemals ausgeführt
    $$$$$: 5288-block 17
    $$$$$: 5288-block 18
Aufruf 45 niemals ausgeführt
    $$$$$: 5288-block 19
    $$$$$: 5288-block 20
Aufruf 46 niemals ausgeführt
    $$$$$: 5288-block 21
    $$$$$: 5288-block 22
Aufruf 47 niemals ausgeführt
    $$$$$: 5288-block 23
    $$$$$: 5288-block 24
Aufruf 48 niemals ausgeführt
    $$$$$: 5288-block 25
    $$$$$: 5288-block 26
Zweig 49 niemals ausgeführt
Zweig 50 niemals ausgeführt
    $$$$$: 5288-block 27
    $$$$$: 5288-block 28
Zweig 51 niemals ausgeführt
Zweig 52 niemals ausgeführt
    $$$$$: 5288-block 29
Aufruf 53 niemals ausgeführt
        -: 5289:
function _ZN4Json19StreamWriterBuilderixERKNSt7__cxx1112basic_stringIcSt11char_traitsIcESaIcEEE called 0 returned 0% blocks executed 0%
    #####: 5290:Value& StreamWriterBuilder::operator[](const String& key) {
    #####: 5291:  return settings_[key];
    %%%%%: 5291-block  0
Aufruf  0 niemals ausgeführt
        -: 5292:}
        -: 5293:// static
function _ZN4Json19StreamWriterBuilder11setDefaultsEPNS_5ValueE called 0 returned 0% blocks executed 0%
    #####: 5294:void StreamWriterBuilder::setDefaults(Json::Value* settings) {
        -: 5295:  //! [StreamWriterBuilderDefaults]
    #####: 5296:  (*settings)["commentStyle"] = "All";
    %%%%%: 5296-block  0
Aufruf  0 niemals ausgeführt
Zweig  1 niemals ausgeführt
Zweig  2 niemals ausgeführt
    %%%%%: 5296-block  1
Aufruf  3 niemals ausgeführt
Zweig  4 niemals ausgeführt
Zweig  5 niemals ausgeführt
    %%%%%: 5296-block  2
Aufruf  6 niemals ausgeführt
Aufruf  7 niemals ausgeführt
    $$$$$: 5296-block  3
Aufruf  8 niemals ausgeführt
    $$$$$: 5296-block  4
Aufruf  9 niemals ausgeführt
    #####: 5297:  (*settings)["indentation"] = "\t";
Aufruf  0 niemals ausgeführt
Zweig  1 niemals ausgeführt
Zweig  2 niemals ausgeführt
    %%%%%: 5297-block  0
Aufruf  3 niemals ausgeführt
Zweig  4 niemals ausgeführt
Zweig  5 niemals ausgeführt
    %%%%%: 5297-block  1
Aufruf  6 niemals ausgeführt
Aufruf  7 niemals ausgeführt
    $$$$$: 5297-block  2
Aufruf  8 niemals ausgeführt
    $$$$$: 5297-block  3
Aufruf  9 niemals ausgeführt
    #####: 5298:  (*settings)["enableYAMLCompatibility"] = false;
Aufruf  0 niemals ausgeführt
Zweig  1 niemals ausgeführt
Zweig  2 niemals ausgeführt
    %%%%%: 5298-block  0
Aufruf  3 niemals ausgeführt
Zweig  4 niemals ausgeführt
Zweig  5 niemals ausgeführt
    %%%%%: 5298-block  1
Aufruf  6 niemals ausgeführt
Aufruf  7 niemals ausgeführt
    $$$$$: 5298-block  2
Aufruf  8 niemals ausgeführt
    $$$$$: 5298-block  3
Aufruf  9 niemals ausgeführt
    #####: 5299:  (*settings)["dropNullPlaceholders"] = false;
Aufruf  0 niemals ausgeführt
Zweig  1 niemals ausgeführt
Zweig  2 niemals ausgeführt
    %%%%%: 5299-block  0
Aufruf  3 niemals ausgeführt
Zweig  4 niemals ausgeführt
Zweig  5 niemals ausgeführt
    %%%%%: 5299-block  1
Aufruf  6 niemals ausgeführt
Aufruf  7 niemals ausgeführt
    $$$$$: 5299-block  2
Aufruf  8 niemals ausgeführt
    $$$$$: 5299-block  3
Aufruf  9 niemals ausgeführt
    #####: 5300:  (*settings)["useSpecialFloats"] = false;
Aufruf  0 niemals ausgeführt
Zweig  1 niemals ausgeführt
Zweig  2 niemals ausgeführt
    %%%%%: 5300-block  0
Aufruf  3 niemals ausgeführt
Zweig  4 niemals ausgeführt
Zweig  5 niemals ausgeführt
    %%%%%: 5300-block  1
Aufruf  6 niemals ausgeführt
Aufruf  7 niemals ausgeführt
    $$$$$: 5300-block  2
Aufruf  8 niemals ausgeführt
    $$$$$: 5300-block  3
Aufruf  9 niemals ausgeführt
    #####: 5301:  (*settings)["emitUTF8"] = false;
Aufruf  0 niemals ausgeführt
Zweig  1 niemals ausgeführt
Zweig  2 niemals ausgeführt
    %%%%%: 5301-block  0
Aufruf  3 niemals ausgeführt
Zweig  4 niemals ausgeführt
Zweig  5 niemals ausgeführt
    %%%%%: 5301-block  1
Aufruf  6 niemals ausgeführt
Aufruf  7 niemals ausgeführt
    $$$$$: 5301-block  2
Aufruf  8 niemals ausgeführt
    $$$$$: 5301-block  3
Aufruf  9 niemals ausgeführt
    #####: 5302:  (*settings)["precision"] = 17;
Aufruf  0 niemals ausgeführt
Zweig  1 niemals ausgeführt
Zweig  2 niemals ausgeführt
    %%%%%: 5302-block  0
Aufruf  3 niemals ausgeführt
Zweig  4 niemals ausgeführt
Zweig  5 niemals ausgeführt
    %%%%%: 5302-block  1
Aufruf  6 niemals ausgeführt
Aufruf  7 niemals ausgeführt
    $$$$$: 5302-block  2
Aufruf  8 niemals ausgeführt
    $$$$$: 5302-block  3
Aufruf  9 niemals ausgeführt
    #####: 5303:  (*settings)["precisionType"] = "significant";
Aufruf  0 niemals ausgeführt
Zweig  1 niemals ausgeführt
Zweig  2 niemals ausgeführt
    %%%%%: 5303-block  0
Aufruf  3 niemals ausgeführt
Zweig  4 niemals ausgeführt
Zweig  5 niemals ausgeführt
    %%%%%: 5303-block  1
Aufruf  6 niemals ausgeführt
Aufruf  7 niemals ausgeführt
    $$$$$: 5303-block  2
Aufruf  8 niemals ausgeführt
        -: 5304:  //! [StreamWriterBuilderDefaults]
    #####: 5305:}
        -: 5306:
function _ZN4Json11writeStringB5cxx11ERKNS_12StreamWriter7FactoryERKNS_5ValueE called 0 returned 0% blocks executed 0%
    #####: 5307:String writeString(StreamWriter::Factory const& factory, Value const& root) {
    #####: 5308:  OStringStream sout;
    %%%%%: 5308-block  0
Aufruf  0 niemals ausgeführt
Zweig  1 niemals ausgeführt
Zweig  2 niemals ausgeführt
    #####: 5309:  StreamWriterPtr const writer(factory.newStreamWriter());
    %%%%%: 5309-block  0
Aufruf  0 niemals ausgeführt
Zweig  1 niemals ausgeführt
Zweig  2 niemals ausgeführt
    %%%%%: 5309-block  1
Aufruf  3 niemals ausgeführt
    #####: 5310:  writer->write(root, &sout);
Aufruf  0 niemals ausgeführt
Aufruf  1 niemals ausgeführt
Zweig  2 niemals ausgeführt
Zweig  3 niemals ausgeführt
    #####: 5311:  return sout.str();
    %%%%%: 5311-block  0
Aufruf  0 niemals ausgeführt
Zweig  1 niemals ausgeführt
Zweig  2 niemals ausgeführt
    %%%%%: 5311-block  1
    #####: 5312:}
    %%%%%: 5312-block  0
Aufruf  0 niemals ausgeführt
Aufruf  1 niemals ausgeführt
    $$$$$: 5312-block  1
Aufruf  2 niemals ausgeführt
    $$$$$: 5312-block  2
Aufruf  3 niemals ausgeführt
        -: 5313:
function _ZN4JsonlsERSoRKNS_5ValueE called 0 returned 0% blocks executed 0%
    #####: 5314:OStream& operator<<(OStream& sout, Value const& root) {
    #####: 5315:  StreamWriterBuilder builder;
    %%%%%: 5315-block  0
Aufruf  0 niemals ausgeführt
Zweig  1 niemals ausgeführt
Zweig  2 niemals ausgeführt
    #####: 5316:  StreamWriterPtr const writer(builder.newStreamWriter());
    %%%%%: 5316-block  0
Aufruf  0 niemals ausgeführt
Zweig  1 niemals ausgeführt
Zweig  2 niemals ausgeführt
    %%%%%: 5316-block  1
Aufruf  3 niemals ausgeführt
    #####: 5317:  writer->write(root, &sout);
Aufruf  0 niemals ausgeführt
Aufruf  1 niemals ausgeführt
Zweig  2 niemals ausgeführt
Zweig  3 niemals ausgeführt
    #####: 5318:  return sout;
    %%%%%: 5318-block  0
    #####: 5319:}
    %%%%%: 5319-block  0
Aufruf  0 niemals ausgeführt
Aufruf  1 niemals ausgeführt
    $$$$$: 5319-block  1
Aufruf  2 niemals ausgeführt
    $$$$$: 5319-block  2
Aufruf  3 niemals ausgeführt
        -: 5320:
        -: 5321:} // namespace Json
        -: 5322:
        -: 5323:// //////////////////////////////////////////////////////////////////////
        -: 5324:// End of content of file: src/lib_json/json_writer.cpp
        -: 5325:// //////////////////////////////////////////////////////////////////////
        -: 5326:
        -: 5327:
        -: 5328:
        -: 5329:
        -: 5330:
