        -:    0:Source:/usr/include/c++/12.2.1/bits/stl_tree.h
        -:    0:Graph:/home/maximiliank/Dokumente/workbench/Bachelor/bachelorarbeit/cmake-build-debug-coverage/CMakeFiles/ba.dir/external/json/jsoncpp.cpp.gcno
        -:    0:Data:/home/maximiliank/Dokumente/workbench/Bachelor/bachelorarbeit/cmake-build-debug-coverage/CMakeFiles/ba.dir/external/json/jsoncpp.cpp.gcda
        -:    0:Runs:1
        -:    1:// RB tree implementation -*- C++ -*-
        -:    2:
        -:    3:// Copyright (C) 2001-2022 Free Software Foundation, Inc.
        -:    4://
        -:    5:// This file is part of the GNU ISO C++ Library.  This library is free
        -:    6:// software; you can redistribute it and/or modify it under the
        -:    7:// terms of the GNU General Public License as published by the
        -:    8:// Free Software Foundation; either version 3, or (at your option)
        -:    9:// any later version.
        -:   10:
        -:   11:// This library is distributed in the hope that it will be useful,
        -:   12:// but WITHOUT ANY WARRANTY; without even the implied warranty of
        -:   13:// MERCHANTABILITY or FITNESS FOR A PARTICULAR PURPOSE.  See the
        -:   14:// GNU General Public License for more details.
        -:   15:
        -:   16:// Under Section 7 of GPL version 3, you are granted additional
        -:   17:// permissions described in the GCC Runtime Library Exception, version
        -:   18:// 3.1, as published by the Free Software Foundation.
        -:   19:
        -:   20:// You should have received a copy of the GNU General Public License and
        -:   21:// a copy of the GCC Runtime Library Exception along with this program;
        -:   22:// see the files COPYING3 and COPYING.RUNTIME respectively.  If not, see
        -:   23:// <http://www.gnu.org/licenses/>.
        -:   24:
        -:   25:/*
        -:   26: *
        -:   27: * Copyright (c) 1996,1997
        -:   28: * Silicon Graphics Computer Systems, Inc.
        -:   29: *
        -:   30: * Permission to use, copy, modify, distribute and sell this software
        -:   31: * and its documentation for any purpose is hereby granted without fee,
        -:   32: * provided that the above copyright notice appear in all copies and
        -:   33: * that both that copyright notice and this permission notice appear
        -:   34: * in supporting documentation.  Silicon Graphics makes no
        -:   35: * representations about the suitability of this software for any
        -:   36: * purpose.  It is provided "as is" without express or implied warranty.
        -:   37: *
        -:   38: *
        -:   39: * Copyright (c) 1994
        -:   40: * Hewlett-Packard Company
        -:   41: *
        -:   42: * Permission to use, copy, modify, distribute and sell this software
        -:   43: * and its documentation for any purpose is hereby granted without fee,
        -:   44: * provided that the above copyright notice appear in all copies and
        -:   45: * that both that copyright notice and this permission notice appear
        -:   46: * in supporting documentation.  Hewlett-Packard Company makes no
        -:   47: * representations about the suitability of this software for any
        -:   48: * purpose.  It is provided "as is" without express or implied warranty.
        -:   49: *
        -:   50: *
        -:   51: */
        -:   52:
        -:   53:/** @file bits/stl_tree.h
        -:   54: *  This is an internal header file, included by other library headers.
        -:   55: *  Do not attempt to use it directly. @headername{map,set}
        -:   56: */
        -:   57:
        -:   58:#ifndef _STL_TREE_H
        -:   59:#define _STL_TREE_H 1
        -:   60:
        -:   61:#pragma GCC system_header
        -:   62:
        -:   63:#include <bits/stl_algobase.h>
        -:   64:#include <bits/allocator.h>
        -:   65:#include <bits/stl_function.h>
        -:   66:#include <bits/cpp_type_traits.h>
        -:   67:#include <ext/alloc_traits.h>
        -:   68:#if __cplusplus >= 201103L
        -:   69:# include <ext/aligned_buffer.h>
        -:   70:#endif
        -:   71:#if __cplusplus > 201402L
        -:   72:# include <bits/node_handle.h>
        -:   73:#endif
        -:   74:
        -:   75:namespace std _GLIBCXX_VISIBILITY(default)
        -:   76:{
        -:   77:_GLIBCXX_BEGIN_NAMESPACE_VERSION
        -:   78:
        -:   79:#if __cplusplus > 201103L
        -:   80:# define __cpp_lib_generic_associative_lookup 201304L
        -:   81:#endif
        -:   82:
        -:   83:  // Red-black tree class, designed for use in implementing STL
        -:   84:  // associative containers (set, multiset, map, and multimap). The
        -:   85:  // insertion and deletion algorithms are based on those in Cormen,
        -:   86:  // Leiserson, and Rivest, Introduction to Algorithms (MIT Press,
        -:   87:  // 1990), except that
        -:   88:  //
        -:   89:  // (1) the header cell is maintained with links not only to the root
        -:   90:  // but also to the leftmost node of the tree, to enable constant
        -:   91:  // time begin(), and to the rightmost node of the tree, to enable
        -:   92:  // linear time performance when used with the generic set algorithms
        -:   93:  // (set_union, etc.)
        -:   94:  //
        -:   95:  // (2) when a node being deleted has two children its successor node
        -:   96:  // is relinked into its place, rather than copied, so that the only
        -:   97:  // iterators invalidated are those referring to the deleted node.
        -:   98:
        -:   99:  enum _Rb_tree_color { _S_red = false, _S_black = true };
        -:  100:
        -:  101:  struct _Rb_tree_node_base
        -:  102:  {
        -:  103:    typedef _Rb_tree_node_base* _Base_ptr;
        -:  104:    typedef const _Rb_tree_node_base* _Const_Base_ptr;
        -:  105:
        -:  106:    _Rb_tree_color	_M_color;
        -:  107:    _Base_ptr		_M_parent;
        -:  108:    _Base_ptr		_M_left;
        -:  109:    _Base_ptr		_M_right;
        -:  110:
        -:  111:    static _Base_ptr
function _ZNSt18_Rb_tree_node_base10_S_minimumEPS_ called 0 returned 0% blocks executed 0%
    #####:  112:    _S_minimum(_Base_ptr __x) _GLIBCXX_NOEXCEPT
        -:  113:    {
    #####:  114:      while (__x->_M_left != 0) __x = __x->_M_left;
    %%%%%:  114-block  0
    %%%%%:  114-block  1
    %%%%%:  114-block  2
Zweig  0 niemals ausgeführt
Zweig  1 niemals ausgeführt
    #####:  115:      return __x;
    %%%%%:  115-block  0
        -:  116:    }
        -:  117:
        -:  118:    static _Const_Base_ptr
        -:  119:    _S_minimum(_Const_Base_ptr __x) _GLIBCXX_NOEXCEPT
        -:  120:    {
        -:  121:      while (__x->_M_left != 0) __x = __x->_M_left;
        -:  122:      return __x;
        -:  123:    }
        -:  124:
        -:  125:    static _Base_ptr
function _ZNSt18_Rb_tree_node_base10_S_maximumEPS_ called 0 returned 0% blocks executed 0%
    #####:  126:    _S_maximum(_Base_ptr __x) _GLIBCXX_NOEXCEPT
        -:  127:    {
    #####:  128:      while (__x->_M_right != 0) __x = __x->_M_right;
    %%%%%:  128-block  0
    %%%%%:  128-block  1
    %%%%%:  128-block  2
Zweig  0 niemals ausgeführt
Zweig  1 niemals ausgeführt
    #####:  129:      return __x;
    %%%%%:  129-block  0
        -:  130:    }
        -:  131:
        -:  132:    static _Const_Base_ptr
        -:  133:    _S_maximum(_Const_Base_ptr __x) _GLIBCXX_NOEXCEPT
        -:  134:    {
        -:  135:      while (__x->_M_right != 0) __x = __x->_M_right;
        -:  136:      return __x;
        -:  137:    }
        -:  138:  };
        -:  139:
        -:  140:  // Helper type offering value initialization guarantee on the compare functor.
        -:  141:  template<typename _Key_compare>
        -:  142:    struct _Rb_tree_key_compare
        -:  143:    {
        -:  144:      _Key_compare		_M_key_compare;
        -:  145:
function _ZNSt20_Rb_tree_key_compareISt4lessIN4Json5Value8CZStringEEEC2Ev called 0 returned 0% blocks executed 0%
    #####:  146:      _Rb_tree_key_compare()
        -:  147:      _GLIBCXX_NOEXCEPT_IF(
        -:  148:	is_nothrow_default_constructible<_Key_compare>::value)
        -:  149:      : _M_key_compare()
    #####:  150:      { }
        -:  151:
    #####:  152:      _Rb_tree_key_compare(const _Key_compare& __comp)
        -:  153:      : _M_key_compare(__comp)
    #####:  154:      { }
------------------
_ZNSt20_Rb_tree_key_compareISt4lessINSt7__cxx1112basic_stringIcSt11char_traitsIcESaIcEEEEEC2ERKS7_:
function _ZNSt20_Rb_tree_key_compareISt4lessINSt7__cxx1112basic_stringIcSt11char_traitsIcESaIcEEEEEC2ERKS7_ called 0 returned 0% blocks executed 0%
    #####:  152:      _Rb_tree_key_compare(const _Key_compare& __comp)
        -:  153:      : _M_key_compare(__comp)
    #####:  154:      { }
------------------
_ZNSt20_Rb_tree_key_compareISt4lessIN4Json5Value8CZStringEEEC2ERKS4_:
function _ZNSt20_Rb_tree_key_compareISt4lessIN4Json5Value8CZStringEEEC2ERKS4_ called 0 returned 0% blocks executed 0%
    #####:  152:      _Rb_tree_key_compare(const _Key_compare& __comp)
        -:  153:      : _M_key_compare(__comp)
    #####:  154:      { }
------------------
        -:  155:
        -:  156:#if __cplusplus >= 201103L
        -:  157:      // Copy constructor added for consistency with C++98 mode.
        -:  158:      _Rb_tree_key_compare(const _Rb_tree_key_compare&) = default;
        -:  159:
        -:  160:      _Rb_tree_key_compare(_Rb_tree_key_compare&& __x)
        -:  161:	noexcept(is_nothrow_copy_constructible<_Key_compare>::value)
        -:  162:      : _M_key_compare(__x._M_key_compare)
        -:  163:      { }
        -:  164:#endif
        -:  165:    };
        -:  166:
        -:  167:  // Helper type to manage default initialization of node count and header.
        -:  168:  struct _Rb_tree_header
        -:  169:  {
        -:  170:    _Rb_tree_node_base	_M_header;
        -:  171:    size_t		_M_node_count; // Keeps track of size of tree.
        -:  172:
function _ZNSt15_Rb_tree_headerC2Ev called 0 returned 0% blocks executed 0%
    #####:  173:    _Rb_tree_header() _GLIBCXX_NOEXCEPT
    #####:  174:    {
    #####:  175:      _M_header._M_color = _S_red;
    #####:  176:      _M_reset();
    %%%%%:  176-block  0
Aufruf  0 niemals ausgeführt
    #####:  177:    }
        -:  178:
        -:  179:#if __cplusplus >= 201103L
        -:  180:    _Rb_tree_header(_Rb_tree_header&& __x) noexcept
        -:  181:    {
        -:  182:      if (__x._M_header._M_parent != nullptr)
        -:  183:	_M_move_data(__x);
        -:  184:      else
        -:  185:	{
        -:  186:	  _M_header._M_color = _S_red;
        -:  187:	  _M_reset();
        -:  188:	}
        -:  189:    }
        -:  190:#endif
        -:  191:
        -:  192:    void
        -:  193:    _M_move_data(_Rb_tree_header& __from)
        -:  194:    {
        -:  195:      _M_header._M_color = __from._M_header._M_color;
        -:  196:      _M_header._M_parent = __from._M_header._M_parent;
        -:  197:      _M_header._M_left = __from._M_header._M_left;
        -:  198:      _M_header._M_right = __from._M_header._M_right;
        -:  199:      _M_header._M_parent->_M_parent = &_M_header;
        -:  200:      _M_node_count = __from._M_node_count;
        -:  201:
        -:  202:      __from._M_reset();
        -:  203:    }
        -:  204:
        -:  205:    void
function _ZNSt15_Rb_tree_header8_M_resetEv called 0 returned 0% blocks executed 0%
    #####:  206:    _M_reset()
        -:  207:    {
    #####:  208:      _M_header._M_parent = 0;
    #####:  209:      _M_header._M_left = &_M_header;
    #####:  210:      _M_header._M_right = &_M_header;
    #####:  211:      _M_node_count = 0;
    #####:  212:    }
        -:  213:  };
        -:  214:
        -:  215:  template<typename _Val>
        -:  216:    struct _Rb_tree_node : public _Rb_tree_node_base
        -:  217:    {
        -:  218:      typedef _Rb_tree_node<_Val>* _Link_type;
        -:  219:
        -:  220:#if __cplusplus < 201103L
        -:  221:      _Val _M_value_field;
        -:  222:
        -:  223:      _Val*
        -:  224:      _M_valptr()
        -:  225:      { return std::__addressof(_M_value_field); }
        -:  226:
        -:  227:      const _Val*
        -:  228:      _M_valptr() const
        -:  229:      { return std::__addressof(_M_value_field); }
        -:  230:#else
        -:  231:      __gnu_cxx::__aligned_membuf<_Val> _M_storage;
        -:  232:
        -:  233:      _Val*
    #####:  234:      _M_valptr()
    #####:  235:      { return _M_storage._M_ptr(); }
------------------
_ZNSt13_Rb_tree_nodeINSt7__cxx1112basic_stringIcSt11char_traitsIcESaIcEEEE9_M_valptrEv:
function _ZNSt13_Rb_tree_nodeINSt7__cxx1112basic_stringIcSt11char_traitsIcESaIcEEEE9_M_valptrEv called 0 returned 0% blocks executed 0%
    #####:  234:      _M_valptr()
    #####:  235:      { return _M_storage._M_ptr(); }
    %%%%%:  235-block  0
Aufruf  0 niemals ausgeführt
------------------
_ZNSt13_Rb_tree_nodeISt4pairIKN4Json5Value8CZStringES2_EE9_M_valptrEv:
function _ZNSt13_Rb_tree_nodeISt4pairIKN4Json5Value8CZStringES2_EE9_M_valptrEv called 0 returned 0% blocks executed 0%
    #####:  234:      _M_valptr()
    #####:  235:      { return _M_storage._M_ptr(); }
    %%%%%:  235-block  0
Aufruf  0 niemals ausgeführt
------------------
        -:  236:
        -:  237:      const _Val*
    #####:  238:      _M_valptr() const
    #####:  239:      { return _M_storage._M_ptr(); }
------------------
_ZNKSt13_Rb_tree_nodeINSt7__cxx1112basic_stringIcSt11char_traitsIcESaIcEEEE9_M_valptrEv:
function _ZNKSt13_Rb_tree_nodeINSt7__cxx1112basic_stringIcSt11char_traitsIcESaIcEEEE9_M_valptrEv called 0 returned 0% blocks executed 0%
    #####:  238:      _M_valptr() const
    #####:  239:      { return _M_storage._M_ptr(); }
    %%%%%:  239-block  0
Aufruf  0 niemals ausgeführt
------------------
_ZNKSt13_Rb_tree_nodeISt4pairIKN4Json5Value8CZStringES2_EE9_M_valptrEv:
function _ZNKSt13_Rb_tree_nodeISt4pairIKN4Json5Value8CZStringES2_EE9_M_valptrEv called 0 returned 0% blocks executed 0%
    #####:  238:      _M_valptr() const
    #####:  239:      { return _M_storage._M_ptr(); }
    %%%%%:  239-block  0
Aufruf  0 niemals ausgeführt
------------------
        -:  240:#endif
        -:  241:    };
        -:  242:
        -:  243:  _GLIBCXX_PURE _Rb_tree_node_base*
        -:  244:  _Rb_tree_increment(_Rb_tree_node_base* __x) throw ();
        -:  245:
        -:  246:  _GLIBCXX_PURE const _Rb_tree_node_base*
        -:  247:  _Rb_tree_increment(const _Rb_tree_node_base* __x) throw ();
        -:  248:
        -:  249:  _GLIBCXX_PURE _Rb_tree_node_base*
        -:  250:  _Rb_tree_decrement(_Rb_tree_node_base* __x) throw ();
        -:  251:
        -:  252:  _GLIBCXX_PURE const _Rb_tree_node_base*
        -:  253:  _Rb_tree_decrement(const _Rb_tree_node_base* __x) throw ();
        -:  254:
        -:  255:  template<typename _Tp>
        -:  256:    struct _Rb_tree_iterator
        -:  257:    {
        -:  258:      typedef _Tp  value_type;
        -:  259:      typedef _Tp& reference;
        -:  260:      typedef _Tp* pointer;
        -:  261:
        -:  262:      typedef bidirectional_iterator_tag iterator_category;
        -:  263:      typedef ptrdiff_t			 difference_type;
        -:  264:
        -:  265:      typedef _Rb_tree_iterator<_Tp>		_Self;
        -:  266:      typedef _Rb_tree_node_base::_Base_ptr	_Base_ptr;
        -:  267:      typedef _Rb_tree_node<_Tp>*		_Link_type;
        -:  268:
function _ZNSt17_Rb_tree_iteratorISt4pairIKN4Json5Value8CZStringES2_EEC2Ev called 0 returned 0% blocks executed 0%
    #####:  269:      _Rb_tree_iterator() _GLIBCXX_NOEXCEPT
    #####:  270:      : _M_node() { }
        -:  271:
        -:  272:      explicit
    #####:  273:      _Rb_tree_iterator(_Base_ptr __x) _GLIBCXX_NOEXCEPT
    #####:  274:      : _M_node(__x) { }
------------------
_ZNSt17_Rb_tree_iteratorINSt7__cxx1112basic_stringIcSt11char_traitsIcESaIcEEEEC2EPSt18_Rb_tree_node_base:
function _ZNSt17_Rb_tree_iteratorINSt7__cxx1112basic_stringIcSt11char_traitsIcESaIcEEEEC2EPSt18_Rb_tree_node_base called 0 returned 0% blocks executed 0%
    #####:  273:      _Rb_tree_iterator(_Base_ptr __x) _GLIBCXX_NOEXCEPT
    #####:  274:      : _M_node(__x) { }
------------------
_ZNSt17_Rb_tree_iteratorISt4pairIKN4Json5Value8CZStringES2_EEC2EPSt18_Rb_tree_node_base:
function _ZNSt17_Rb_tree_iteratorISt4pairIKN4Json5Value8CZStringES2_EEC2EPSt18_Rb_tree_node_base called 0 returned 0% blocks executed 0%
    #####:  273:      _Rb_tree_iterator(_Base_ptr __x) _GLIBCXX_NOEXCEPT
    #####:  274:      : _M_node(__x) { }
------------------
        -:  275:
        -:  276:      reference
function _ZNKSt17_Rb_tree_iteratorISt4pairIKN4Json5Value8CZStringES2_EEdeEv called 0 returned 0% blocks executed 0%
    #####:  277:      operator*() const _GLIBCXX_NOEXCEPT
    #####:  278:      { return *static_cast<_Link_type>(_M_node)->_M_valptr(); }
    %%%%%:  278-block  0
Aufruf  0 niemals ausgeführt
        -:  279:
        -:  280:      pointer
function _ZNKSt17_Rb_tree_iteratorISt4pairIKN4Json5Value8CZStringES2_EEptEv called 0 returned 0% blocks executed 0%
    #####:  281:      operator->() const _GLIBCXX_NOEXCEPT
    #####:  282:      { return static_cast<_Link_type> (_M_node)->_M_valptr(); }
    %%%%%:  282-block  0
Aufruf  0 niemals ausgeführt
        -:  283:
        -:  284:      _Self&
    #####:  285:      operator++() _GLIBCXX_NOEXCEPT
        -:  286:      {
    #####:  287:	_M_node = _Rb_tree_increment(_M_node);
    #####:  288:	return *this;
        -:  289:      }
------------------
_ZNSt17_Rb_tree_iteratorINSt7__cxx1112basic_stringIcSt11char_traitsIcESaIcEEEEppEv:
function _ZNSt17_Rb_tree_iteratorINSt7__cxx1112basic_stringIcSt11char_traitsIcESaIcEEEEppEv called 0 returned 0% blocks executed 0%
    #####:  285:      operator++() _GLIBCXX_NOEXCEPT
        -:  286:      {
    #####:  287:	_M_node = _Rb_tree_increment(_M_node);
    #####:  288:	return *this;
    %%%%%:  288-block  0
        -:  289:      }
------------------
_ZNSt17_Rb_tree_iteratorISt4pairIKN4Json5Value8CZStringES2_EEppEv:
function _ZNSt17_Rb_tree_iteratorISt4pairIKN4Json5Value8CZStringES2_EEppEv called 0 returned 0% blocks executed 0%
    #####:  285:      operator++() _GLIBCXX_NOEXCEPT
        -:  286:      {
    #####:  287:	_M_node = _Rb_tree_increment(_M_node);
    #####:  288:	return *this;
    %%%%%:  288-block  0
        -:  289:      }
------------------
        -:  290:
        -:  291:      _Self
        -:  292:      operator++(int) _GLIBCXX_NOEXCEPT
        -:  293:      {
        -:  294:	_Self __tmp = *this;
        -:  295:	_M_node = _Rb_tree_increment(_M_node);
        -:  296:	return __tmp;
        -:  297:      }
        -:  298:
        -:  299:      _Self&
    #####:  300:      operator--() _GLIBCXX_NOEXCEPT
        -:  301:      {
    #####:  302:	_M_node = _Rb_tree_decrement(_M_node);
    #####:  303:	return *this;
        -:  304:      }
------------------
_ZNSt17_Rb_tree_iteratorINSt7__cxx1112basic_stringIcSt11char_traitsIcESaIcEEEEmmEv:
function _ZNSt17_Rb_tree_iteratorINSt7__cxx1112basic_stringIcSt11char_traitsIcESaIcEEEEmmEv called 0 returned 0% blocks executed 0%
    #####:  300:      operator--() _GLIBCXX_NOEXCEPT
        -:  301:      {
    #####:  302:	_M_node = _Rb_tree_decrement(_M_node);
    #####:  303:	return *this;
    %%%%%:  303-block  0
        -:  304:      }
------------------
_ZNSt17_Rb_tree_iteratorISt4pairIKN4Json5Value8CZStringES2_EEmmEv:
function _ZNSt17_Rb_tree_iteratorISt4pairIKN4Json5Value8CZStringES2_EEmmEv called 0 returned 0% blocks executed 0%
    #####:  300:      operator--() _GLIBCXX_NOEXCEPT
        -:  301:      {
    #####:  302:	_M_node = _Rb_tree_decrement(_M_node);
    #####:  303:	return *this;
    %%%%%:  303-block  0
        -:  304:      }
------------------
        -:  305:
        -:  306:      _Self
        -:  307:      operator--(int) _GLIBCXX_NOEXCEPT
        -:  308:      {
        -:  309:	_Self __tmp = *this;
        -:  310:	_M_node = _Rb_tree_decrement(_M_node);
        -:  311:	return __tmp;
        -:  312:      }
        -:  313:
        -:  314:      friend bool
    #####:  315:      operator==(const _Self& __x, const _Self& __y) _GLIBCXX_NOEXCEPT
    #####:  316:      { return __x._M_node == __y._M_node; }
------------------
_ZSteqRKSt17_Rb_tree_iteratorINSt7__cxx1112basic_stringIcSt11char_traitsIcESaIcEEEES8_:
function _ZSteqRKSt17_Rb_tree_iteratorINSt7__cxx1112basic_stringIcSt11char_traitsIcESaIcEEEES8_ called 0 returned 0% blocks executed 0%
    #####:  315:      operator==(const _Self& __x, const _Self& __y) _GLIBCXX_NOEXCEPT
    #####:  316:      { return __x._M_node == __y._M_node; }
    %%%%%:  316-block  0
------------------
_ZSteqRKSt17_Rb_tree_iteratorISt4pairIKN4Json5Value8CZStringES2_EES8_:
function _ZSteqRKSt17_Rb_tree_iteratorISt4pairIKN4Json5Value8CZStringES2_EES8_ called 0 returned 0% blocks executed 0%
    #####:  315:      operator==(const _Self& __x, const _Self& __y) _GLIBCXX_NOEXCEPT
    #####:  316:      { return __x._M_node == __y._M_node; }
    %%%%%:  316-block  0
------------------
        -:  317:
        -:  318:#if ! __cpp_lib_three_way_comparison
        -:  319:      friend bool
function _ZStneRKSt17_Rb_tree_iteratorISt4pairIKN4Json5Value8CZStringES2_EES8_ called 0 returned 0% blocks executed 0%
    #####:  320:      operator!=(const _Self& __x, const _Self& __y) _GLIBCXX_NOEXCEPT
    #####:  321:      { return __x._M_node != __y._M_node; }
    %%%%%:  321-block  0
        -:  322:#endif
        -:  323:
        -:  324:      _Base_ptr _M_node;
        -:  325:    };
        -:  326:
        -:  327:  template<typename _Tp>
        -:  328:    struct _Rb_tree_const_iterator
        -:  329:    {
        -:  330:      typedef _Tp	 value_type;
        -:  331:      typedef const _Tp& reference;
        -:  332:      typedef const _Tp* pointer;
        -:  333:
        -:  334:      typedef _Rb_tree_iterator<_Tp> iterator;
        -:  335:
        -:  336:      typedef bidirectional_iterator_tag iterator_category;
        -:  337:      typedef ptrdiff_t			 difference_type;
        -:  338:
        -:  339:      typedef _Rb_tree_const_iterator<_Tp>		_Self;
        -:  340:      typedef _Rb_tree_node_base::_Const_Base_ptr	_Base_ptr;
        -:  341:      typedef const _Rb_tree_node<_Tp>*			_Link_type;
        -:  342:
        -:  343:      _Rb_tree_const_iterator() _GLIBCXX_NOEXCEPT
        -:  344:      : _M_node() { }
        -:  345:
        -:  346:      explicit
    #####:  347:      _Rb_tree_const_iterator(_Base_ptr __x) _GLIBCXX_NOEXCEPT
    #####:  348:      : _M_node(__x) { }
------------------
_ZNSt23_Rb_tree_const_iteratorISt4pairIKN4Json5Value8CZStringES2_EEC2EPKSt18_Rb_tree_node_base:
function _ZNSt23_Rb_tree_const_iteratorISt4pairIKN4Json5Value8CZStringES2_EEC2EPKSt18_Rb_tree_node_base called 0 returned 0% blocks executed 0%
    #####:  347:      _Rb_tree_const_iterator(_Base_ptr __x) _GLIBCXX_NOEXCEPT
    #####:  348:      : _M_node(__x) { }
------------------
_ZNSt23_Rb_tree_const_iteratorINSt7__cxx1112basic_stringIcSt11char_traitsIcESaIcEEEEC2EPKSt18_Rb_tree_node_base:
function _ZNSt23_Rb_tree_const_iteratorINSt7__cxx1112basic_stringIcSt11char_traitsIcESaIcEEEEC2EPKSt18_Rb_tree_node_base called 0 returned 0% blocks executed 0%
    #####:  347:      _Rb_tree_const_iterator(_Base_ptr __x) _GLIBCXX_NOEXCEPT
    #####:  348:      : _M_node(__x) { }
------------------
        -:  349:
    #####:  350:      _Rb_tree_const_iterator(const iterator& __it) _GLIBCXX_NOEXCEPT
    #####:  351:      : _M_node(__it._M_node) { }
------------------
_ZNSt23_Rb_tree_const_iteratorINSt7__cxx1112basic_stringIcSt11char_traitsIcESaIcEEEEC2ERKSt17_Rb_tree_iteratorIS5_E:
function _ZNSt23_Rb_tree_const_iteratorINSt7__cxx1112basic_stringIcSt11char_traitsIcESaIcEEEEC2ERKSt17_Rb_tree_iteratorIS5_E called 0 returned 0% blocks executed 0%
    #####:  350:      _Rb_tree_const_iterator(const iterator& __it) _GLIBCXX_NOEXCEPT
    #####:  351:      : _M_node(__it._M_node) { }
------------------
_ZNSt23_Rb_tree_const_iteratorISt4pairIKN4Json5Value8CZStringES2_EEC2ERKSt17_Rb_tree_iteratorIS5_E:
function _ZNSt23_Rb_tree_const_iteratorISt4pairIKN4Json5Value8CZStringES2_EEC2ERKSt17_Rb_tree_iteratorIS5_E called 0 returned 0% blocks executed 0%
    #####:  350:      _Rb_tree_const_iterator(const iterator& __it) _GLIBCXX_NOEXCEPT
    #####:  351:      : _M_node(__it._M_node) { }
------------------
        -:  352:
        -:  353:      iterator
    #####:  354:      _M_const_cast() const _GLIBCXX_NOEXCEPT
    #####:  355:      { return iterator(const_cast<typename iterator::_Base_ptr>(_M_node)); }
------------------
_ZNKSt23_Rb_tree_const_iteratorINSt7__cxx1112basic_stringIcSt11char_traitsIcESaIcEEEE13_M_const_castEv:
function _ZNKSt23_Rb_tree_const_iteratorINSt7__cxx1112basic_stringIcSt11char_traitsIcESaIcEEEE13_M_const_castEv called 0 returned 0% blocks executed 0%
    #####:  354:      _M_const_cast() const _GLIBCXX_NOEXCEPT
    #####:  355:      { return iterator(const_cast<typename iterator::_Base_ptr>(_M_node)); }
    %%%%%:  355-block  0
Aufruf  0 niemals ausgeführt
------------------
_ZNKSt23_Rb_tree_const_iteratorISt4pairIKN4Json5Value8CZStringES2_EE13_M_const_castEv:
function _ZNKSt23_Rb_tree_const_iteratorISt4pairIKN4Json5Value8CZStringES2_EE13_M_const_castEv called 0 returned 0% blocks executed 0%
    #####:  354:      _M_const_cast() const _GLIBCXX_NOEXCEPT
    #####:  355:      { return iterator(const_cast<typename iterator::_Base_ptr>(_M_node)); }
    %%%%%:  355-block  0
Aufruf  0 niemals ausgeführt
------------------
        -:  356:
        -:  357:      reference
function _ZNKSt23_Rb_tree_const_iteratorISt4pairIKN4Json5Value8CZStringES2_EEdeEv called 0 returned 0% blocks executed 0%
    #####:  358:      operator*() const _GLIBCXX_NOEXCEPT
    #####:  359:      { return *static_cast<_Link_type>(_M_node)->_M_valptr(); }
    %%%%%:  359-block  0
Aufruf  0 niemals ausgeführt
        -:  360:
        -:  361:      pointer
        -:  362:      operator->() const _GLIBCXX_NOEXCEPT
        -:  363:      { return static_cast<_Link_type>(_M_node)->_M_valptr(); }
        -:  364:
        -:  365:      _Self&
function _ZNSt23_Rb_tree_const_iteratorISt4pairIKN4Json5Value8CZStringES2_EEppEv called 0 returned 0% blocks executed 0%
    #####:  366:      operator++() _GLIBCXX_NOEXCEPT
        -:  367:      {
    #####:  368:	_M_node = _Rb_tree_increment(_M_node);
    #####:  369:	return *this;
    %%%%%:  369-block  0
        -:  370:      }
        -:  371:
        -:  372:      _Self
function _ZNSt23_Rb_tree_const_iteratorISt4pairIKN4Json5Value8CZStringES2_EEppEi called 0 returned 0% blocks executed 0%
    #####:  373:      operator++(int) _GLIBCXX_NOEXCEPT
        -:  374:      {
    #####:  375:	_Self __tmp = *this;
    #####:  376:	_M_node = _Rb_tree_increment(_M_node);
    #####:  377:	return __tmp;
    %%%%%:  377-block  0
        -:  378:      }
        -:  379:
        -:  380:      _Self&
function _ZNSt23_Rb_tree_const_iteratorISt4pairIKN4Json5Value8CZStringES2_EEmmEv called 0 returned 0% blocks executed 0%
    #####:  381:      operator--() _GLIBCXX_NOEXCEPT
        -:  382:      {
    #####:  383:	_M_node = _Rb_tree_decrement(_M_node);
    #####:  384:	return *this;
    %%%%%:  384-block  0
        -:  385:      }
        -:  386:
        -:  387:      _Self
        -:  388:      operator--(int) _GLIBCXX_NOEXCEPT
        -:  389:      {
        -:  390:	_Self __tmp = *this;
        -:  391:	_M_node = _Rb_tree_decrement(_M_node);
        -:  392:	return __tmp;
        -:  393:      }
        -:  394:
        -:  395:      friend bool
    #####:  396:      operator==(const _Self& __x, const _Self& __y) _GLIBCXX_NOEXCEPT
    #####:  397:      { return __x._M_node == __y._M_node; }
------------------
_ZSteqRKSt23_Rb_tree_const_iteratorINSt7__cxx1112basic_stringIcSt11char_traitsIcESaIcEEEES8_:
function _ZSteqRKSt23_Rb_tree_const_iteratorINSt7__cxx1112basic_stringIcSt11char_traitsIcESaIcEEEES8_ called 0 returned 0% blocks executed 0%
    #####:  396:      operator==(const _Self& __x, const _Self& __y) _GLIBCXX_NOEXCEPT
    #####:  397:      { return __x._M_node == __y._M_node; }
    %%%%%:  397-block  0
------------------
_ZSteqRKSt23_Rb_tree_const_iteratorISt4pairIKN4Json5Value8CZStringES2_EES8_:
function _ZSteqRKSt23_Rb_tree_const_iteratorISt4pairIKN4Json5Value8CZStringES2_EES8_ called 0 returned 0% blocks executed 0%
    #####:  396:      operator==(const _Self& __x, const _Self& __y) _GLIBCXX_NOEXCEPT
    #####:  397:      { return __x._M_node == __y._M_node; }
    %%%%%:  397-block  0
------------------
        -:  398:
        -:  399:#if ! __cpp_lib_three_way_comparison
        -:  400:      friend bool
function _ZStneRKSt23_Rb_tree_const_iteratorISt4pairIKN4Json5Value8CZStringES2_EES8_ called 0 returned 0% blocks executed 0%
    #####:  401:      operator!=(const _Self& __x, const _Self& __y) _GLIBCXX_NOEXCEPT
    #####:  402:      { return __x._M_node != __y._M_node; }
    %%%%%:  402-block  0
        -:  403:#endif
        -:  404:
        -:  405:      _Base_ptr _M_node;
        -:  406:    };
        -:  407:
        -:  408:  void
        -:  409:  _Rb_tree_insert_and_rebalance(const bool __insert_left,
        -:  410:				_Rb_tree_node_base* __x,
        -:  411:				_Rb_tree_node_base* __p,
        -:  412:				_Rb_tree_node_base& __header) throw ();
        -:  413:
        -:  414:  _Rb_tree_node_base*
        -:  415:  _Rb_tree_rebalance_for_erase(_Rb_tree_node_base* const __z,
        -:  416:			       _Rb_tree_node_base& __header) throw ();
        -:  417:
        -:  418:#if __cplusplus > 201402L
        -:  419:  template<typename _Tree1, typename _Cmp2>
        -:  420:    struct _Rb_tree_merge_helper { };
        -:  421:#endif
        -:  422:
        -:  423:  template<typename _Key, typename _Val, typename _KeyOfValue,
        -:  424:	   typename _Compare, typename _Alloc = allocator<_Val> >
        -:  425:    class _Rb_tree
        -:  426:    {
        -:  427:      typedef typename __gnu_cxx::__alloc_traits<_Alloc>::template
        -:  428:	rebind<_Rb_tree_node<_Val> >::other _Node_allocator;
        -:  429:
        -:  430:      typedef __gnu_cxx::__alloc_traits<_Node_allocator> _Alloc_traits;
        -:  431:
        -:  432:    protected:
        -:  433:      typedef _Rb_tree_node_base* 		_Base_ptr;
        -:  434:      typedef const _Rb_tree_node_base* 	_Const_Base_ptr;
        -:  435:      typedef _Rb_tree_node<_Val>* 		_Link_type;
        -:  436:      typedef const _Rb_tree_node<_Val>*	_Const_Link_type;
        -:  437:
        -:  438:    private:
        -:  439:      // Functor recycling a pool of nodes and using allocation once the pool
        -:  440:      // is empty.
        -:  441:      struct _Reuse_or_alloc_node
        -:  442:      {
        -:  443:	_Reuse_or_alloc_node(_Rb_tree& __t)
        -:  444:	: _M_root(__t._M_root()), _M_nodes(__t._M_rightmost()), _M_t(__t)
        -:  445:	{
        -:  446:	  if (_M_root)
        -:  447:	    {
        -:  448:	      _M_root->_M_parent = 0;
        -:  449:
        -:  450:	      if (_M_nodes->_M_left)
        -:  451:		_M_nodes = _M_nodes->_M_left;
        -:  452:	    }
        -:  453:	  else
        -:  454:	    _M_nodes = 0;
        -:  455:	}
        -:  456:
        -:  457:#if __cplusplus >= 201103L
        -:  458:	_Reuse_or_alloc_node(const _Reuse_or_alloc_node&) = delete;
        -:  459:#endif
        -:  460:
        -:  461:	~_Reuse_or_alloc_node()
        -:  462:	{ _M_t._M_erase(static_cast<_Link_type>(_M_root)); }
        -:  463:
        -:  464:	template<typename _Arg>
        -:  465:	  _Link_type
        -:  466:	  operator()(_GLIBCXX_FWDREF(_Arg) __arg)
        -:  467:	  {
        -:  468:	    _Link_type __node = static_cast<_Link_type>(_M_extract());
        -:  469:	    if (__node)
        -:  470:	      {
        -:  471:		_M_t._M_destroy_node(__node);
        -:  472:		_M_t._M_construct_node(__node, _GLIBCXX_FORWARD(_Arg, __arg));
        -:  473:		return __node;
        -:  474:	      }
        -:  475:
        -:  476:	    return _M_t._M_create_node(_GLIBCXX_FORWARD(_Arg, __arg));
        -:  477:	  }
        -:  478:
        -:  479:      private:
        -:  480:	_Base_ptr
        -:  481:	_M_extract()
        -:  482:	{
        -:  483:	  if (!_M_nodes)
        -:  484:	    return _M_nodes;
        -:  485:
        -:  486:	  _Base_ptr __node = _M_nodes;
        -:  487:	  _M_nodes = _M_nodes->_M_parent;
        -:  488:	  if (_M_nodes)
        -:  489:	    {
        -:  490:	      if (_M_nodes->_M_right == __node)
        -:  491:		{
        -:  492:		  _M_nodes->_M_right = 0;
        -:  493:
        -:  494:		  if (_M_nodes->_M_left)
        -:  495:		    {
        -:  496:		      _M_nodes = _M_nodes->_M_left;
        -:  497:
        -:  498:		      while (_M_nodes->_M_right)
        -:  499:			_M_nodes = _M_nodes->_M_right;
        -:  500:
        -:  501:		      if (_M_nodes->_M_left)
        -:  502:			_M_nodes = _M_nodes->_M_left;
        -:  503:		    }
        -:  504:		}
        -:  505:	      else // __node is on the left.
        -:  506:		_M_nodes->_M_left = 0;
        -:  507:	    }
        -:  508:	  else
        -:  509:	    _M_root = 0;
        -:  510:
        -:  511:	  return __node;
        -:  512:	}
        -:  513:
        -:  514:	_Base_ptr _M_root;
        -:  515:	_Base_ptr _M_nodes;
        -:  516:	_Rb_tree& _M_t;
        -:  517:      };
        -:  518:
        -:  519:      // Functor similar to the previous one but without any pool of nodes to
        -:  520:      // recycle.
        -:  521:      struct _Alloc_node
        -:  522:      {
    #####:  523:	_Alloc_node(_Rb_tree& __t)
    #####:  524:	: _M_t(__t) { }
------------------
_ZNSt8_Rb_treeIN4Json5Value8CZStringESt4pairIKS2_S1_ESt10_Select1stIS5_ESt4lessIS2_ESaIS5_EE11_Alloc_nodeC2ERSB_:
function _ZNSt8_Rb_treeIN4Json5Value8CZStringESt4pairIKS2_S1_ESt10_Select1stIS5_ESt4lessIS2_ESaIS5_EE11_Alloc_nodeC2ERSB_ called 0 returned 0% blocks executed 0%
    #####:  523:	_Alloc_node(_Rb_tree& __t)
    #####:  524:	: _M_t(__t) { }
------------------
_ZNSt8_Rb_treeINSt7__cxx1112basic_stringIcSt11char_traitsIcESaIcEEES5_St9_IdentityIS5_ESt4lessIS5_ESaIS5_EE11_Alloc_nodeC2ERSB_:
function _ZNSt8_Rb_treeINSt7__cxx1112basic_stringIcSt11char_traitsIcESaIcEEES5_St9_IdentityIS5_ESt4lessIS5_ESaIS5_EE11_Alloc_nodeC2ERSB_ called 0 returned 0% blocks executed 0%
    #####:  523:	_Alloc_node(_Rb_tree& __t)
    #####:  524:	: _M_t(__t) { }
------------------
        -:  525:
        -:  526:	template<typename _Arg>
        -:  527:	  _Link_type
    #####:  528:	  operator()(_GLIBCXX_FWDREF(_Arg) __arg) const
    #####:  529:	  { return _M_t._M_create_node(_GLIBCXX_FORWARD(_Arg, __arg)); }
------------------
_ZNKSt8_Rb_treeIN4Json5Value8CZStringESt4pairIKS2_S1_ESt10_Select1stIS5_ESt4lessIS2_ESaIS5_EE11_Alloc_nodeclIRKS5_EEPSt13_Rb_tree_nodeIS5_EOT_:
function _ZNKSt8_Rb_treeIN4Json5Value8CZStringESt4pairIKS2_S1_ESt10_Select1stIS5_ESt4lessIS2_ESaIS5_EE11_Alloc_nodeclIRKS5_EEPSt13_Rb_tree_nodeIS5_EOT_ called 0 returned 0% blocks executed 0%
    #####:  528:	  operator()(_GLIBCXX_FWDREF(_Arg) __arg) const
    #####:  529:	  { return _M_t._M_create_node(_GLIBCXX_FORWARD(_Arg, __arg)); }
    %%%%%:  529-block  0
Aufruf  0 niemals ausgeführt
Aufruf  1 niemals ausgeführt
------------------
_ZNKSt8_Rb_treeINSt7__cxx1112basic_stringIcSt11char_traitsIcESaIcEEES5_St9_IdentityIS5_ESt4lessIS5_ESaIS5_EE11_Alloc_nodeclIRKS5_EEPSt13_Rb_tree_nodeIS5_EOT_:
function _ZNKSt8_Rb_treeINSt7__cxx1112basic_stringIcSt11char_traitsIcESaIcEEES5_St9_IdentityIS5_ESt4lessIS5_ESaIS5_EE11_Alloc_nodeclIRKS5_EEPSt13_Rb_tree_nodeIS5_EOT_ called 0 returned 0% blocks executed 0%
    #####:  528:	  operator()(_GLIBCXX_FWDREF(_Arg) __arg) const
    #####:  529:	  { return _M_t._M_create_node(_GLIBCXX_FORWARD(_Arg, __arg)); }
    %%%%%:  529-block  0
Aufruf  0 niemals ausgeführt
Aufruf  1 niemals ausgeführt
------------------
        -:  530:
        -:  531:      private:
        -:  532:	_Rb_tree& _M_t;
        -:  533:      };
        -:  534:
        -:  535:    public:
        -:  536:      typedef _Key 				key_type;
        -:  537:      typedef _Val 				value_type;
        -:  538:      typedef value_type* 			pointer;
        -:  539:      typedef const value_type* 		const_pointer;
        -:  540:      typedef value_type& 			reference;
        -:  541:      typedef const value_type& 		const_reference;
        -:  542:      typedef size_t 				size_type;
        -:  543:      typedef ptrdiff_t 			difference_type;
        -:  544:      typedef _Alloc 				allocator_type;
        -:  545:
        -:  546:      _Node_allocator&
    #####:  547:      _M_get_Node_allocator() _GLIBCXX_NOEXCEPT
    #####:  548:      { return this->_M_impl; }
------------------
_ZNSt8_Rb_treeINSt7__cxx1112basic_stringIcSt11char_traitsIcESaIcEEES5_St9_IdentityIS5_ESt4lessIS5_ESaIS5_EE21_M_get_Node_allocatorEv:
function _ZNSt8_Rb_treeINSt7__cxx1112basic_stringIcSt11char_traitsIcESaIcEEES5_St9_IdentityIS5_ESt4lessIS5_ESaIS5_EE21_M_get_Node_allocatorEv called 0 returned 0% blocks executed 0%
    #####:  547:      _M_get_Node_allocator() _GLIBCXX_NOEXCEPT
    #####:  548:      { return this->_M_impl; }
    %%%%%:  548-block  0
------------------
_ZNSt8_Rb_treeIN4Json5Value8CZStringESt4pairIKS2_S1_ESt10_Select1stIS5_ESt4lessIS2_ESaIS5_EE21_M_get_Node_allocatorEv:
function _ZNSt8_Rb_treeIN4Json5Value8CZStringESt4pairIKS2_S1_ESt10_Select1stIS5_ESt4lessIS2_ESaIS5_EE21_M_get_Node_allocatorEv called 0 returned 0% blocks executed 0%
    #####:  547:      _M_get_Node_allocator() _GLIBCXX_NOEXCEPT
    #####:  548:      { return this->_M_impl; }
    %%%%%:  548-block  0
------------------
        -:  549:
        -:  550:      const _Node_allocator&
        -:  551:      _M_get_Node_allocator() const _GLIBCXX_NOEXCEPT
        -:  552:      { return this->_M_impl; }
        -:  553:
        -:  554:      allocator_type
        -:  555:      get_allocator() const _GLIBCXX_NOEXCEPT
        -:  556:      { return allocator_type(_M_get_Node_allocator()); }
        -:  557:
        -:  558:    protected:
        -:  559:      _Link_type
    #####:  560:      _M_get_node()
    #####:  561:      { return _Alloc_traits::allocate(_M_get_Node_allocator(), 1); }
------------------
_ZNSt8_Rb_treeINSt7__cxx1112basic_stringIcSt11char_traitsIcESaIcEEES5_St9_IdentityIS5_ESt4lessIS5_ESaIS5_EE11_M_get_nodeEv:
function _ZNSt8_Rb_treeINSt7__cxx1112basic_stringIcSt11char_traitsIcESaIcEEES5_St9_IdentityIS5_ESt4lessIS5_ESaIS5_EE11_M_get_nodeEv called 0 returned 0% blocks executed 0%
    #####:  560:      _M_get_node()
    #####:  561:      { return _Alloc_traits::allocate(_M_get_Node_allocator(), 1); }
    %%%%%:  561-block  0
Aufruf  0 niemals ausgeführt
Aufruf  1 niemals ausgeführt
------------------
_ZNSt8_Rb_treeIN4Json5Value8CZStringESt4pairIKS2_S1_ESt10_Select1stIS5_ESt4lessIS2_ESaIS5_EE11_M_get_nodeEv:
function _ZNSt8_Rb_treeIN4Json5Value8CZStringESt4pairIKS2_S1_ESt10_Select1stIS5_ESt4lessIS2_ESaIS5_EE11_M_get_nodeEv called 0 returned 0% blocks executed 0%
    #####:  560:      _M_get_node()
    #####:  561:      { return _Alloc_traits::allocate(_M_get_Node_allocator(), 1); }
    %%%%%:  561-block  0
Aufruf  0 niemals ausgeführt
Aufruf  1 niemals ausgeführt
------------------
        -:  562:
        -:  563:      void
    #####:  564:      _M_put_node(_Link_type __p) _GLIBCXX_NOEXCEPT
    #####:  565:      { _Alloc_traits::deallocate(_M_get_Node_allocator(), __p, 1); }
------------------
_ZNSt8_Rb_treeINSt7__cxx1112basic_stringIcSt11char_traitsIcESaIcEEES5_St9_IdentityIS5_ESt4lessIS5_ESaIS5_EE11_M_put_nodeEPSt13_Rb_tree_nodeIS5_E:
function _ZNSt8_Rb_treeINSt7__cxx1112basic_stringIcSt11char_traitsIcESaIcEEES5_St9_IdentityIS5_ESt4lessIS5_ESaIS5_EE11_M_put_nodeEPSt13_Rb_tree_nodeIS5_E called 0 returned 0% blocks executed 0%
    #####:  564:      _M_put_node(_Link_type __p) _GLIBCXX_NOEXCEPT
    #####:  565:      { _Alloc_traits::deallocate(_M_get_Node_allocator(), __p, 1); }
    %%%%%:  565-block  0
Aufruf  0 niemals ausgeführt
Aufruf  1 niemals ausgeführt
------------------
_ZNSt8_Rb_treeIN4Json5Value8CZStringESt4pairIKS2_S1_ESt10_Select1stIS5_ESt4lessIS2_ESaIS5_EE11_M_put_nodeEPSt13_Rb_tree_nodeIS5_E:
function _ZNSt8_Rb_treeIN4Json5Value8CZStringESt4pairIKS2_S1_ESt10_Select1stIS5_ESt4lessIS2_ESaIS5_EE11_M_put_nodeEPSt13_Rb_tree_nodeIS5_E called 0 returned 0% blocks executed 0%
    #####:  564:      _M_put_node(_Link_type __p) _GLIBCXX_NOEXCEPT
    #####:  565:      { _Alloc_traits::deallocate(_M_get_Node_allocator(), __p, 1); }
    %%%%%:  565-block  0
Aufruf  0 niemals ausgeführt
Aufruf  1 niemals ausgeführt
------------------
        -:  566:
        -:  567:#if __cplusplus < 201103L
        -:  568:      void
        -:  569:      _M_construct_node(_Link_type __node, const value_type& __x)
        -:  570:      {
        -:  571:	__try
        -:  572:	  { get_allocator().construct(__node->_M_valptr(), __x); }
        -:  573:	__catch(...)
        -:  574:	  {
        -:  575:	    _M_put_node(__node);
        -:  576:	    __throw_exception_again;
        -:  577:	  }
        -:  578:      }
        -:  579:
        -:  580:      _Link_type
        -:  581:      _M_create_node(const value_type& __x)
        -:  582:      {
        -:  583:	_Link_type __tmp = _M_get_node();
        -:  584:	_M_construct_node(__tmp, __x);
        -:  585:	return __tmp;
        -:  586:      }
        -:  587:#else
        -:  588:      template<typename... _Args>
        -:  589:	void
    #####:  590:	_M_construct_node(_Link_type __node, _Args&&... __args)
        -:  591:	{
        -:  592:	  __try
        -:  593:	    {
    #####:  594:	      ::new(__node) _Rb_tree_node<_Val>;
    #####:  595:	      _Alloc_traits::construct(_M_get_Node_allocator(),
        -:  596:				       __node->_M_valptr(),
        -:  597:				       std::forward<_Args>(__args)...);
        -:  598:	    }
    =====:  599:	  __catch(...)
        -:  600:	    {
    =====:  601:	      __node->~_Rb_tree_node<_Val>();
    =====:  602:	      _M_put_node(__node);
    =====:  603:	      __throw_exception_again;
        -:  604:	    }
    #####:  605:	}
------------------
_ZNSt8_Rb_treeIN4Json5Value8CZStringESt4pairIKS2_S1_ESt10_Select1stIS5_ESt4lessIS2_ESaIS5_EE17_M_construct_nodeIJRKS5_EEEvPSt13_Rb_tree_nodeIS5_EDpOT_:
function _ZNSt8_Rb_treeIN4Json5Value8CZStringESt4pairIKS2_S1_ESt10_Select1stIS5_ESt4lessIS2_ESaIS5_EE17_M_construct_nodeIJRKS5_EEEvPSt13_Rb_tree_nodeIS5_EDpOT_ called 0 returned 0% blocks executed 0%
    #####:  590:	_M_construct_node(_Link_type __node, _Args&&... __args)
        -:  591:	{
        -:  592:	  __try
        -:  593:	    {
    #####:  594:	      ::new(__node) _Rb_tree_node<_Val>;
    %%%%%:  594-block  0
Aufruf  0 niemals ausgeführt
    #####:  595:	      _Alloc_traits::construct(_M_get_Node_allocator(),
Aufruf  0 niemals ausgeführt
Aufruf  1 niemals ausgeführt
Aufruf  2 niemals ausgeführt
Aufruf  3 niemals ausgeführt
Zweig  4 niemals ausgeführt
Zweig  5 niemals ausgeführt
        -:  596:				       __node->_M_valptr(),
        -:  597:				       std::forward<_Args>(__args)...);
        -:  598:	    }
    =====:  599:	  __catch(...)
    $$$$$:  599-block  0
    $$$$$:  599-block  1
Aufruf  0 niemals ausgeführt
    $$$$$:  599-block  2
Aufruf  1 niemals ausgeführt
        -:  600:	    {
    =====:  601:	      __node->~_Rb_tree_node<_Val>();
    =====:  602:	      _M_put_node(__node);
Aufruf  0 niemals ausgeführt
    =====:  603:	      __throw_exception_again;
Aufruf  0 niemals ausgeführt
        -:  604:	    }
    #####:  605:	}
    %%%%%:  605-block  0
------------------
_ZNSt8_Rb_treeINSt7__cxx1112basic_stringIcSt11char_traitsIcESaIcEEES5_St9_IdentityIS5_ESt4lessIS5_ESaIS5_EE17_M_construct_nodeIJRKS5_EEEvPSt13_Rb_tree_nodeIS5_EDpOT_:
function _ZNSt8_Rb_treeINSt7__cxx1112basic_stringIcSt11char_traitsIcESaIcEEES5_St9_IdentityIS5_ESt4lessIS5_ESaIS5_EE17_M_construct_nodeIJRKS5_EEEvPSt13_Rb_tree_nodeIS5_EDpOT_ called 0 returned 0% blocks executed 0%
    #####:  590:	_M_construct_node(_Link_type __node, _Args&&... __args)
        -:  591:	{
        -:  592:	  __try
        -:  593:	    {
    #####:  594:	      ::new(__node) _Rb_tree_node<_Val>;
    %%%%%:  594-block  0
Aufruf  0 niemals ausgeführt
    #####:  595:	      _Alloc_traits::construct(_M_get_Node_allocator(),
Aufruf  0 niemals ausgeführt
Aufruf  1 niemals ausgeführt
Aufruf  2 niemals ausgeführt
Aufruf  3 niemals ausgeführt
Zweig  4 niemals ausgeführt
Zweig  5 niemals ausgeführt
        -:  596:				       __node->_M_valptr(),
        -:  597:				       std::forward<_Args>(__args)...);
        -:  598:	    }
    =====:  599:	  __catch(...)
    $$$$$:  599-block  0
    $$$$$:  599-block  1
Aufruf  0 niemals ausgeführt
    $$$$$:  599-block  2
Aufruf  1 niemals ausgeführt
        -:  600:	    {
    =====:  601:	      __node->~_Rb_tree_node<_Val>();
    =====:  602:	      _M_put_node(__node);
Aufruf  0 niemals ausgeführt
    =====:  603:	      __throw_exception_again;
Aufruf  0 niemals ausgeführt
        -:  604:	    }
    #####:  605:	}
    %%%%%:  605-block  0
------------------
_ZNSt8_Rb_treeIN4Json5Value8CZStringESt4pairIKS2_S1_ESt10_Select1stIS5_ESt4lessIS2_ESaIS5_EE17_M_construct_nodeIJRKSt21piecewise_construct_tSt5tupleIJRS4_EESG_IJEEEEEvPSt13_Rb_tree_nodeIS5_EDpOT_:
function _ZNSt8_Rb_treeIN4Json5Value8CZStringESt4pairIKS2_S1_ESt10_Select1stIS5_ESt4lessIS2_ESaIS5_EE17_M_construct_nodeIJRKSt21piecewise_construct_tSt5tupleIJRS4_EESG_IJEEEEEvPSt13_Rb_tree_nodeIS5_EDpOT_ called 0 returned 0% blocks executed 0%
    #####:  590:	_M_construct_node(_Link_type __node, _Args&&... __args)
        -:  591:	{
        -:  592:	  __try
        -:  593:	    {
    #####:  594:	      ::new(__node) _Rb_tree_node<_Val>;
    %%%%%:  594-block  0
Aufruf  0 niemals ausgeführt
    #####:  595:	      _Alloc_traits::construct(_M_get_Node_allocator(),
Aufruf  0 niemals ausgeführt
Aufruf  1 niemals ausgeführt
Aufruf  2 niemals ausgeführt
Aufruf  3 niemals ausgeführt
Aufruf  4 niemals ausgeführt
Aufruf  5 niemals ausgeführt
Zweig  6 niemals ausgeführt
Zweig  7 niemals ausgeführt
        -:  596:				       __node->_M_valptr(),
        -:  597:				       std::forward<_Args>(__args)...);
        -:  598:	    }
    =====:  599:	  __catch(...)
    $$$$$:  599-block  0
    $$$$$:  599-block  1
Aufruf  0 niemals ausgeführt
    $$$$$:  599-block  2
Aufruf  1 niemals ausgeführt
        -:  600:	    {
    =====:  601:	      __node->~_Rb_tree_node<_Val>();
    =====:  602:	      _M_put_node(__node);
Aufruf  0 niemals ausgeführt
    =====:  603:	      __throw_exception_again;
Aufruf  0 niemals ausgeführt
        -:  604:	    }
    #####:  605:	}
    %%%%%:  605-block  0
------------------
_ZNSt8_Rb_treeIN4Json5Value8CZStringESt4pairIKS2_S1_ESt10_Select1stIS5_ESt4lessIS2_ESaIS5_EE17_M_construct_nodeIJjS1_EEEvPSt13_Rb_tree_nodeIS5_EDpOT_:
function _ZNSt8_Rb_treeIN4Json5Value8CZStringESt4pairIKS2_S1_ESt10_Select1stIS5_ESt4lessIS2_ESaIS5_EE17_M_construct_nodeIJjS1_EEEvPSt13_Rb_tree_nodeIS5_EDpOT_ called 0 returned 0% blocks executed 0%
    #####:  590:	_M_construct_node(_Link_type __node, _Args&&... __args)
        -:  591:	{
        -:  592:	  __try
        -:  593:	    {
    #####:  594:	      ::new(__node) _Rb_tree_node<_Val>;
    %%%%%:  594-block  0
Aufruf  0 niemals ausgeführt
    #####:  595:	      _Alloc_traits::construct(_M_get_Node_allocator(),
Aufruf  0 niemals ausgeführt
Aufruf  1 niemals ausgeführt
Aufruf  2 niemals ausgeführt
Aufruf  3 niemals ausgeführt
Aufruf  4 niemals ausgeführt
Zweig  5 niemals ausgeführt
Zweig  6 niemals ausgeführt
        -:  596:				       __node->_M_valptr(),
        -:  597:				       std::forward<_Args>(__args)...);
        -:  598:	    }
    =====:  599:	  __catch(...)
    $$$$$:  599-block  0
    $$$$$:  599-block  1
Aufruf  0 niemals ausgeführt
    $$$$$:  599-block  2
Aufruf  1 niemals ausgeführt
        -:  600:	    {
    =====:  601:	      __node->~_Rb_tree_node<_Val>();
    =====:  602:	      _M_put_node(__node);
Aufruf  0 niemals ausgeführt
    =====:  603:	      __throw_exception_again;
Aufruf  0 niemals ausgeführt
        -:  604:	    }
    #####:  605:	}
    %%%%%:  605-block  0
------------------
_ZNSt8_Rb_treeIN4Json5Value8CZStringESt4pairIKS2_S1_ESt10_Select1stIS5_ESt4lessIS2_ESaIS5_EE17_M_construct_nodeIJRS5_EEEvPSt13_Rb_tree_nodeIS5_EDpOT_:
function _ZNSt8_Rb_treeIN4Json5Value8CZStringESt4pairIKS2_S1_ESt10_Select1stIS5_ESt4lessIS2_ESaIS5_EE17_M_construct_nodeIJRS5_EEEvPSt13_Rb_tree_nodeIS5_EDpOT_ called 0 returned 0% blocks executed 0%
    #####:  590:	_M_construct_node(_Link_type __node, _Args&&... __args)
        -:  591:	{
        -:  592:	  __try
        -:  593:	    {
    #####:  594:	      ::new(__node) _Rb_tree_node<_Val>;
    %%%%%:  594-block  0
Aufruf  0 niemals ausgeführt
    #####:  595:	      _Alloc_traits::construct(_M_get_Node_allocator(),
Aufruf  0 niemals ausgeführt
Aufruf  1 niemals ausgeführt
Aufruf  2 niemals ausgeführt
Aufruf  3 niemals ausgeführt
Zweig  4 niemals ausgeführt
Zweig  5 niemals ausgeführt
        -:  596:				       __node->_M_valptr(),
        -:  597:				       std::forward<_Args>(__args)...);
        -:  598:	    }
    =====:  599:	  __catch(...)
    $$$$$:  599-block  0
    $$$$$:  599-block  1
Aufruf  0 niemals ausgeführt
    $$$$$:  599-block  2
Aufruf  1 niemals ausgeführt
        -:  600:	    {
    =====:  601:	      __node->~_Rb_tree_node<_Val>();
    =====:  602:	      _M_put_node(__node);
Aufruf  0 niemals ausgeführt
    =====:  603:	      __throw_exception_again;
Aufruf  0 niemals ausgeführt
        -:  604:	    }
    #####:  605:	}
    %%%%%:  605-block  0
------------------
        -:  606:
        -:  607:      template<typename... _Args>
        -:  608:	_Link_type
    #####:  609:	_M_create_node(_Args&&... __args)
        -:  610:	{
    #####:  611:	  _Link_type __tmp = _M_get_node();
    #####:  612:	  _M_construct_node(__tmp, std::forward<_Args>(__args)...);
    #####:  613:	  return __tmp;
        -:  614:	}
------------------
_ZNSt8_Rb_treeIN4Json5Value8CZStringESt4pairIKS2_S1_ESt10_Select1stIS5_ESt4lessIS2_ESaIS5_EE14_M_create_nodeIJRKS5_EEEPSt13_Rb_tree_nodeIS5_EDpOT_:
function _ZNSt8_Rb_treeIN4Json5Value8CZStringESt4pairIKS2_S1_ESt10_Select1stIS5_ESt4lessIS2_ESaIS5_EE14_M_create_nodeIJRKS5_EEEPSt13_Rb_tree_nodeIS5_EDpOT_ called 0 returned 0% blocks executed 0%
    #####:  609:	_M_create_node(_Args&&... __args)
        -:  610:	{
    #####:  611:	  _Link_type __tmp = _M_get_node();
    %%%%%:  611-block  0
Aufruf  0 niemals ausgeführt
    #####:  612:	  _M_construct_node(__tmp, std::forward<_Args>(__args)...);
Aufruf  0 niemals ausgeführt
Aufruf  1 niemals ausgeführt
    #####:  613:	  return __tmp;
        -:  614:	}
------------------
_ZNSt8_Rb_treeINSt7__cxx1112basic_stringIcSt11char_traitsIcESaIcEEES5_St9_IdentityIS5_ESt4lessIS5_ESaIS5_EE14_M_create_nodeIJRKS5_EEEPSt13_Rb_tree_nodeIS5_EDpOT_:
function _ZNSt8_Rb_treeINSt7__cxx1112basic_stringIcSt11char_traitsIcESaIcEEES5_St9_IdentityIS5_ESt4lessIS5_ESaIS5_EE14_M_create_nodeIJRKS5_EEEPSt13_Rb_tree_nodeIS5_EDpOT_ called 0 returned 0% blocks executed 0%
    #####:  609:	_M_create_node(_Args&&... __args)
        -:  610:	{
    #####:  611:	  _Link_type __tmp = _M_get_node();
    %%%%%:  611-block  0
Aufruf  0 niemals ausgeführt
    #####:  612:	  _M_construct_node(__tmp, std::forward<_Args>(__args)...);
Aufruf  0 niemals ausgeführt
Aufruf  1 niemals ausgeführt
    #####:  613:	  return __tmp;
        -:  614:	}
------------------
_ZNSt8_Rb_treeIN4Json5Value8CZStringESt4pairIKS2_S1_ESt10_Select1stIS5_ESt4lessIS2_ESaIS5_EE14_M_create_nodeIJRKSt21piecewise_construct_tSt5tupleIJRS4_EESG_IJEEEEEPSt13_Rb_tree_nodeIS5_EDpOT_:
function _ZNSt8_Rb_treeIN4Json5Value8CZStringESt4pairIKS2_S1_ESt10_Select1stIS5_ESt4lessIS2_ESaIS5_EE14_M_create_nodeIJRKSt21piecewise_construct_tSt5tupleIJRS4_EESG_IJEEEEEPSt13_Rb_tree_nodeIS5_EDpOT_ called 0 returned 0% blocks executed 0%
    #####:  609:	_M_create_node(_Args&&... __args)
        -:  610:	{
    #####:  611:	  _Link_type __tmp = _M_get_node();
    %%%%%:  611-block  0
Aufruf  0 niemals ausgeführt
    #####:  612:	  _M_construct_node(__tmp, std::forward<_Args>(__args)...);
Aufruf  0 niemals ausgeführt
Aufruf  1 niemals ausgeführt
Aufruf  2 niemals ausgeführt
Aufruf  3 niemals ausgeführt
    #####:  613:	  return __tmp;
        -:  614:	}
------------------
_ZNSt8_Rb_treeIN4Json5Value8CZStringESt4pairIKS2_S1_ESt10_Select1stIS5_ESt4lessIS2_ESaIS5_EE14_M_create_nodeIJjS1_EEEPSt13_Rb_tree_nodeIS5_EDpOT_:
function _ZNSt8_Rb_treeIN4Json5Value8CZStringESt4pairIKS2_S1_ESt10_Select1stIS5_ESt4lessIS2_ESaIS5_EE14_M_create_nodeIJjS1_EEEPSt13_Rb_tree_nodeIS5_EDpOT_ called 0 returned 0% blocks executed 0%
    #####:  609:	_M_create_node(_Args&&... __args)
        -:  610:	{
    #####:  611:	  _Link_type __tmp = _M_get_node();
    %%%%%:  611-block  0
Aufruf  0 niemals ausgeführt
    #####:  612:	  _M_construct_node(__tmp, std::forward<_Args>(__args)...);
Aufruf  0 niemals ausgeführt
Aufruf  1 niemals ausgeführt
Aufruf  2 niemals ausgeführt
    #####:  613:	  return __tmp;
        -:  614:	}
------------------
_ZNSt8_Rb_treeIN4Json5Value8CZStringESt4pairIKS2_S1_ESt10_Select1stIS5_ESt4lessIS2_ESaIS5_EE14_M_create_nodeIJRS5_EEEPSt13_Rb_tree_nodeIS5_EDpOT_:
function _ZNSt8_Rb_treeIN4Json5Value8CZStringESt4pairIKS2_S1_ESt10_Select1stIS5_ESt4lessIS2_ESaIS5_EE14_M_create_nodeIJRS5_EEEPSt13_Rb_tree_nodeIS5_EDpOT_ called 0 returned 0% blocks executed 0%
    #####:  609:	_M_create_node(_Args&&... __args)
        -:  610:	{
    #####:  611:	  _Link_type __tmp = _M_get_node();
    %%%%%:  611-block  0
Aufruf  0 niemals ausgeführt
    #####:  612:	  _M_construct_node(__tmp, std::forward<_Args>(__args)...);
Aufruf  0 niemals ausgeführt
Aufruf  1 niemals ausgeführt
    #####:  613:	  return __tmp;
        -:  614:	}
------------------
        -:  615:#endif
        -:  616:
        -:  617:      void
    #####:  618:      _M_destroy_node(_Link_type __p) _GLIBCXX_NOEXCEPT
        -:  619:      {
        -:  620:#if __cplusplus < 201103L
        -:  621:	get_allocator().destroy(__p->_M_valptr());
        -:  622:#else
    #####:  623:	_Alloc_traits::destroy(_M_get_Node_allocator(), __p->_M_valptr());
    #####:  624:	__p->~_Rb_tree_node<_Val>();
        -:  625:#endif
    #####:  626:      }
------------------
_ZNSt8_Rb_treeINSt7__cxx1112basic_stringIcSt11char_traitsIcESaIcEEES5_St9_IdentityIS5_ESt4lessIS5_ESaIS5_EE15_M_destroy_nodeEPSt13_Rb_tree_nodeIS5_E:
function _ZNSt8_Rb_treeINSt7__cxx1112basic_stringIcSt11char_traitsIcESaIcEEES5_St9_IdentityIS5_ESt4lessIS5_ESaIS5_EE15_M_destroy_nodeEPSt13_Rb_tree_nodeIS5_E called 0 returned 0% blocks executed 0%
    #####:  618:      _M_destroy_node(_Link_type __p) _GLIBCXX_NOEXCEPT
        -:  619:      {
        -:  620:#if __cplusplus < 201103L
        -:  621:	get_allocator().destroy(__p->_M_valptr());
        -:  622:#else
    #####:  623:	_Alloc_traits::destroy(_M_get_Node_allocator(), __p->_M_valptr());
    %%%%%:  623-block  0
Aufruf  0 niemals ausgeführt
Aufruf  1 niemals ausgeführt
Aufruf  2 niemals ausgeführt
    #####:  624:	__p->~_Rb_tree_node<_Val>();
        -:  625:#endif
    #####:  626:      }
------------------
_ZNSt8_Rb_treeIN4Json5Value8CZStringESt4pairIKS2_S1_ESt10_Select1stIS5_ESt4lessIS2_ESaIS5_EE15_M_destroy_nodeEPSt13_Rb_tree_nodeIS5_E:
function _ZNSt8_Rb_treeIN4Json5Value8CZStringESt4pairIKS2_S1_ESt10_Select1stIS5_ESt4lessIS2_ESaIS5_EE15_M_destroy_nodeEPSt13_Rb_tree_nodeIS5_E called 0 returned 0% blocks executed 0%
    #####:  618:      _M_destroy_node(_Link_type __p) _GLIBCXX_NOEXCEPT
        -:  619:      {
        -:  620:#if __cplusplus < 201103L
        -:  621:	get_allocator().destroy(__p->_M_valptr());
        -:  622:#else
    #####:  623:	_Alloc_traits::destroy(_M_get_Node_allocator(), __p->_M_valptr());
    %%%%%:  623-block  0
Aufruf  0 niemals ausgeführt
Aufruf  1 niemals ausgeführt
Aufruf  2 niemals ausgeführt
    #####:  624:	__p->~_Rb_tree_node<_Val>();
        -:  625:#endif
    #####:  626:      }
------------------
        -:  627:
        -:  628:      void
    #####:  629:      _M_drop_node(_Link_type __p) _GLIBCXX_NOEXCEPT
        -:  630:      {
    #####:  631:	_M_destroy_node(__p);
    #####:  632:	_M_put_node(__p);
    #####:  633:      }
------------------
_ZNSt8_Rb_treeINSt7__cxx1112basic_stringIcSt11char_traitsIcESaIcEEES5_St9_IdentityIS5_ESt4lessIS5_ESaIS5_EE12_M_drop_nodeEPSt13_Rb_tree_nodeIS5_E:
function _ZNSt8_Rb_treeINSt7__cxx1112basic_stringIcSt11char_traitsIcESaIcEEES5_St9_IdentityIS5_ESt4lessIS5_ESaIS5_EE12_M_drop_nodeEPSt13_Rb_tree_nodeIS5_E called 0 returned 0% blocks executed 0%
    #####:  629:      _M_drop_node(_Link_type __p) _GLIBCXX_NOEXCEPT
        -:  630:      {
    #####:  631:	_M_destroy_node(__p);
    %%%%%:  631-block  0
Aufruf  0 niemals ausgeführt
    #####:  632:	_M_put_node(__p);
Aufruf  0 niemals ausgeführt
    #####:  633:      }
------------------
_ZNSt8_Rb_treeIN4Json5Value8CZStringESt4pairIKS2_S1_ESt10_Select1stIS5_ESt4lessIS2_ESaIS5_EE12_M_drop_nodeEPSt13_Rb_tree_nodeIS5_E:
function _ZNSt8_Rb_treeIN4Json5Value8CZStringESt4pairIKS2_S1_ESt10_Select1stIS5_ESt4lessIS2_ESaIS5_EE12_M_drop_nodeEPSt13_Rb_tree_nodeIS5_E called 0 returned 0% blocks executed 0%
    #####:  629:      _M_drop_node(_Link_type __p) _GLIBCXX_NOEXCEPT
        -:  630:      {
    #####:  631:	_M_destroy_node(__p);
    %%%%%:  631-block  0
Aufruf  0 niemals ausgeführt
    #####:  632:	_M_put_node(__p);
Aufruf  0 niemals ausgeführt
    #####:  633:      }
------------------
        -:  634:
        -:  635:      template<bool _MoveValue, typename _NodeGen>
        -:  636:	_Link_type
function _ZNSt8_Rb_treeIN4Json5Value8CZStringESt4pairIKS2_S1_ESt10_Select1stIS5_ESt4lessIS2_ESaIS5_EE13_M_clone_nodeILb0ENSB_11_Alloc_nodeEEEPSt13_Rb_tree_nodeIS5_ESG_RT0_ called 0 returned 0% blocks executed 0%
    #####:  637:	_M_clone_node(_Link_type __x, _NodeGen& __node_gen)
        -:  638:	{
        -:  639:#if __cplusplus >= 201103L
        -:  640:	  using _Vp = __conditional_t<_MoveValue,
        -:  641:				      value_type&&,
        -:  642:				      const value_type&>;
        -:  643:#endif
        -:  644:	  _Link_type __tmp
    #####:  645:	    = __node_gen(_GLIBCXX_FORWARD(_Vp, *__x->_M_valptr()));
    %%%%%:  645-block  0
Aufruf  0 niemals ausgeführt
Aufruf  1 niemals ausgeführt
Aufruf  2 niemals ausgeführt
    #####:  646:	  __tmp->_M_color = __x->_M_color;
    #####:  647:	  __tmp->_M_left = 0;
    #####:  648:	  __tmp->_M_right = 0;
    #####:  649:	  return __tmp;
        -:  650:	}
        -:  651:
        -:  652:    protected:
        -:  653:#if _GLIBCXX_INLINE_VERSION
        -:  654:      template<typename _Key_compare>
        -:  655:#else
        -:  656:      // Unused _Is_pod_comparator is kept as it is part of mangled name.
        -:  657:      template<typename _Key_compare,
        -:  658:	       bool /* _Is_pod_comparator */ = __is_pod(_Key_compare)>
        -:  659:#endif
        -:  660:	struct _Rb_tree_impl
        -:  661:	: public _Node_allocator
        -:  662:	, public _Rb_tree_key_compare<_Key_compare>
        -:  663:	, public _Rb_tree_header
        -:  664:	{
        -:  665:	  typedef _Rb_tree_key_compare<_Key_compare> _Base_key_compare;
        -:  666:
function _ZNSt8_Rb_treeIN4Json5Value8CZStringESt4pairIKS2_S1_ESt10_Select1stIS5_ESt4lessIS2_ESaIS5_EE13_Rb_tree_implIS9_Lb1EEC2Ev called 0 returned 0% blocks executed 0%
    #####:  667:	  _Rb_tree_impl()
        -:  668:	    _GLIBCXX_NOEXCEPT_IF(
        -:  669:		is_nothrow_default_constructible<_Node_allocator>::value
        -:  670:		&& is_nothrow_default_constructible<_Base_key_compare>::value )
    #####:  671:	  : _Node_allocator()
    %%%%%:  671-block  0
Aufruf  0 niemals ausgeführt
Aufruf  1 niemals ausgeführt
Aufruf  2 niemals ausgeführt
    #####:  672:	  { }
        -:  673:
function _ZNSt8_Rb_treeIN4Json5Value8CZStringESt4pairIKS2_S1_ESt10_Select1stIS5_ESt4lessIS2_ESaIS5_EE13_Rb_tree_implIS9_Lb1EEC2ERKSD_ called 0 returned 0% blocks executed 0%
    #####:  674:	  _Rb_tree_impl(const _Rb_tree_impl& __x)
        -:  675:	  : _Node_allocator(_Alloc_traits::_S_select_on_copy(__x))
    #####:  676:	  , _Base_key_compare(__x._M_key_compare)
    #####:  677:	  , _Rb_tree_header()
    %%%%%:  677-block  0
Aufruf  0 niemals ausgeführt
Zweig  1 niemals ausgeführt
Zweig  2 niemals ausgeführt
    %%%%%:  677-block  1
Aufruf  3 niemals ausgeführt
Aufruf  4 niemals ausgeführt
Aufruf  5 niemals ausgeführt
Aufruf  6 niemals ausgeführt
    #####:  678:	  { }
        -:  679:
        -:  680:#if __cplusplus < 201103L
        -:  681:	  _Rb_tree_impl(const _Key_compare& __comp, const _Node_allocator& __a)
        -:  682:	  : _Node_allocator(__a), _Base_key_compare(__comp)
        -:  683:	  { }
        -:  684:#else
        -:  685:	  _Rb_tree_impl(_Rb_tree_impl&&)
        -:  686:	    noexcept( is_nothrow_move_constructible<_Base_key_compare>::value )
        -:  687:	  = default;
        -:  688:
        -:  689:	  explicit
        -:  690:	  _Rb_tree_impl(_Node_allocator&& __a)
        -:  691:	  : _Node_allocator(std::move(__a))
        -:  692:	  { }
        -:  693:
        -:  694:	  _Rb_tree_impl(_Rb_tree_impl&& __x, _Node_allocator&& __a)
        -:  695:	  : _Node_allocator(std::move(__a)),
        -:  696:	    _Base_key_compare(std::move(__x)),
        -:  697:	    _Rb_tree_header(std::move(__x))
        -:  698:	  { }
        -:  699:
function _ZNSt8_Rb_treeINSt7__cxx1112basic_stringIcSt11char_traitsIcESaIcEEES5_St9_IdentityIS5_ESt4lessIS5_ESaIS5_EE13_Rb_tree_implIS9_Lb1EEC2ERKS9_OSaISt13_Rb_tree_nodeIS5_EE called 0 returned 0% blocks executed 0%
    #####:  700:	  _Rb_tree_impl(const _Key_compare& __comp, _Node_allocator&& __a)
    #####:  701:	  : _Node_allocator(std::move(__a)), _Base_key_compare(__comp)
    %%%%%:  701-block  0
Aufruf  0 niemals ausgeführt
Aufruf  1 niemals ausgeführt
Aufruf  2 niemals ausgeführt
Aufruf  3 niemals ausgeführt
    #####:  702:	  { }
        -:  703:#endif
        -:  704:	};
        -:  705:
        -:  706:      _Rb_tree_impl<_Compare> _M_impl;
        -:  707:
        -:  708:    protected:
        -:  709:      _Base_ptr&
function _ZNSt8_Rb_treeIN4Json5Value8CZStringESt4pairIKS2_S1_ESt10_Select1stIS5_ESt4lessIS2_ESaIS5_EE7_M_rootEv called 0 returned 0% blocks executed 0%
    #####:  710:      _M_root() _GLIBCXX_NOEXCEPT
    #####:  711:      { return this->_M_impl._M_header._M_parent; }
    %%%%%:  711-block  0
        -:  712:
        -:  713:      _Const_Base_ptr
function _ZNKSt8_Rb_treeIN4Json5Value8CZStringESt4pairIKS2_S1_ESt10_Select1stIS5_ESt4lessIS2_ESaIS5_EE7_M_rootEv called 0 returned 0% blocks executed 0%
    #####:  714:      _M_root() const _GLIBCXX_NOEXCEPT
    #####:  715:      { return this->_M_impl._M_header._M_parent; }
    %%%%%:  715-block  0
        -:  716:
        -:  717:      _Base_ptr&
    #####:  718:      _M_leftmost() _GLIBCXX_NOEXCEPT
    #####:  719:      { return this->_M_impl._M_header._M_left; }
------------------
_ZNSt8_Rb_treeINSt7__cxx1112basic_stringIcSt11char_traitsIcESaIcEEES5_St9_IdentityIS5_ESt4lessIS5_ESaIS5_EE11_M_leftmostEv:
function _ZNSt8_Rb_treeINSt7__cxx1112basic_stringIcSt11char_traitsIcESaIcEEES5_St9_IdentityIS5_ESt4lessIS5_ESaIS5_EE11_M_leftmostEv called 0 returned 0% blocks executed 0%
    #####:  718:      _M_leftmost() _GLIBCXX_NOEXCEPT
    #####:  719:      { return this->_M_impl._M_header._M_left; }
    %%%%%:  719-block  0
------------------
_ZNSt8_Rb_treeIN4Json5Value8CZStringESt4pairIKS2_S1_ESt10_Select1stIS5_ESt4lessIS2_ESaIS5_EE11_M_leftmostEv:
function _ZNSt8_Rb_treeIN4Json5Value8CZStringESt4pairIKS2_S1_ESt10_Select1stIS5_ESt4lessIS2_ESaIS5_EE11_M_leftmostEv called 0 returned 0% blocks executed 0%
    #####:  718:      _M_leftmost() _GLIBCXX_NOEXCEPT
    #####:  719:      { return this->_M_impl._M_header._M_left; }
    %%%%%:  719-block  0
------------------
        -:  720:
        -:  721:      _Const_Base_ptr
        -:  722:      _M_leftmost() const _GLIBCXX_NOEXCEPT
        -:  723:      { return this->_M_impl._M_header._M_left; }
        -:  724:
        -:  725:      _Base_ptr&
    #####:  726:      _M_rightmost() _GLIBCXX_NOEXCEPT
    #####:  727:      { return this->_M_impl._M_header._M_right; }
------------------
_ZNSt8_Rb_treeINSt7__cxx1112basic_stringIcSt11char_traitsIcESaIcEEES5_St9_IdentityIS5_ESt4lessIS5_ESaIS5_EE12_M_rightmostEv:
function _ZNSt8_Rb_treeINSt7__cxx1112basic_stringIcSt11char_traitsIcESaIcEEES5_St9_IdentityIS5_ESt4lessIS5_ESaIS5_EE12_M_rightmostEv called 0 returned 0% blocks executed 0%
    #####:  726:      _M_rightmost() _GLIBCXX_NOEXCEPT
    #####:  727:      { return this->_M_impl._M_header._M_right; }
    %%%%%:  727-block  0
------------------
_ZNSt8_Rb_treeIN4Json5Value8CZStringESt4pairIKS2_S1_ESt10_Select1stIS5_ESt4lessIS2_ESaIS5_EE12_M_rightmostEv:
function _ZNSt8_Rb_treeIN4Json5Value8CZStringESt4pairIKS2_S1_ESt10_Select1stIS5_ESt4lessIS2_ESaIS5_EE12_M_rightmostEv called 0 returned 0% blocks executed 0%
    #####:  726:      _M_rightmost() _GLIBCXX_NOEXCEPT
    #####:  727:      { return this->_M_impl._M_header._M_right; }
    %%%%%:  727-block  0
------------------
        -:  728:
        -:  729:      _Const_Base_ptr
        -:  730:      _M_rightmost() const _GLIBCXX_NOEXCEPT
        -:  731:      { return this->_M_impl._M_header._M_right; }
        -:  732:
        -:  733:      _Link_type
    #####:  734:      _M_mbegin() const _GLIBCXX_NOEXCEPT
    #####:  735:      { return static_cast<_Link_type>(this->_M_impl._M_header._M_parent); }
------------------
_ZNKSt8_Rb_treeINSt7__cxx1112basic_stringIcSt11char_traitsIcESaIcEEES5_St9_IdentityIS5_ESt4lessIS5_ESaIS5_EE9_M_mbeginEv:
function _ZNKSt8_Rb_treeINSt7__cxx1112basic_stringIcSt11char_traitsIcESaIcEEES5_St9_IdentityIS5_ESt4lessIS5_ESaIS5_EE9_M_mbeginEv called 0 returned 0% blocks executed 0%
    #####:  734:      _M_mbegin() const _GLIBCXX_NOEXCEPT
    #####:  735:      { return static_cast<_Link_type>(this->_M_impl._M_header._M_parent); }
    %%%%%:  735-block  0
------------------
_ZNKSt8_Rb_treeIN4Json5Value8CZStringESt4pairIKS2_S1_ESt10_Select1stIS5_ESt4lessIS2_ESaIS5_EE9_M_mbeginEv:
function _ZNKSt8_Rb_treeIN4Json5Value8CZStringESt4pairIKS2_S1_ESt10_Select1stIS5_ESt4lessIS2_ESaIS5_EE9_M_mbeginEv called 0 returned 0% blocks executed 0%
    #####:  734:      _M_mbegin() const _GLIBCXX_NOEXCEPT
    #####:  735:      { return static_cast<_Link_type>(this->_M_impl._M_header._M_parent); }
    %%%%%:  735-block  0
------------------
        -:  736:
        -:  737:      _Link_type
    #####:  738:      _M_begin() _GLIBCXX_NOEXCEPT
    #####:  739:      { return _M_mbegin(); }
------------------
_ZNSt8_Rb_treeINSt7__cxx1112basic_stringIcSt11char_traitsIcESaIcEEES5_St9_IdentityIS5_ESt4lessIS5_ESaIS5_EE8_M_beginEv:
function _ZNSt8_Rb_treeINSt7__cxx1112basic_stringIcSt11char_traitsIcESaIcEEES5_St9_IdentityIS5_ESt4lessIS5_ESaIS5_EE8_M_beginEv called 0 returned 0% blocks executed 0%
    #####:  738:      _M_begin() _GLIBCXX_NOEXCEPT
    #####:  739:      { return _M_mbegin(); }
    %%%%%:  739-block  0
Aufruf  0 niemals ausgeführt
------------------
_ZNSt8_Rb_treeIN4Json5Value8CZStringESt4pairIKS2_S1_ESt10_Select1stIS5_ESt4lessIS2_ESaIS5_EE8_M_beginEv:
function _ZNSt8_Rb_treeIN4Json5Value8CZStringESt4pairIKS2_S1_ESt10_Select1stIS5_ESt4lessIS2_ESaIS5_EE8_M_beginEv called 0 returned 0% blocks executed 0%
    #####:  738:      _M_begin() _GLIBCXX_NOEXCEPT
    #####:  739:      { return _M_mbegin(); }
    %%%%%:  739-block  0
Aufruf  0 niemals ausgeführt
------------------
        -:  740:
        -:  741:      _Const_Link_type
function _ZNKSt8_Rb_treeINSt7__cxx1112basic_stringIcSt11char_traitsIcESaIcEEES5_St9_IdentityIS5_ESt4lessIS5_ESaIS5_EE8_M_beginEv called 0 returned 0% blocks executed 0%
    #####:  742:      _M_begin() const _GLIBCXX_NOEXCEPT
        -:  743:      {
        -:  744:	return static_cast<_Const_Link_type>
    #####:  745:	  (this->_M_impl._M_header._M_parent);
    %%%%%:  745-block  0
        -:  746:      }
        -:  747:
        -:  748:      _Base_ptr
    #####:  749:      _M_end() _GLIBCXX_NOEXCEPT
    #####:  750:      { return &this->_M_impl._M_header; }
------------------
_ZNSt8_Rb_treeINSt7__cxx1112basic_stringIcSt11char_traitsIcESaIcEEES5_St9_IdentityIS5_ESt4lessIS5_ESaIS5_EE6_M_endEv:
function _ZNSt8_Rb_treeINSt7__cxx1112basic_stringIcSt11char_traitsIcESaIcEEES5_St9_IdentityIS5_ESt4lessIS5_ESaIS5_EE6_M_endEv called 0 returned 0% blocks executed 0%
    #####:  749:      _M_end() _GLIBCXX_NOEXCEPT
    #####:  750:      { return &this->_M_impl._M_header; }
    %%%%%:  750-block  0
------------------
_ZNSt8_Rb_treeIN4Json5Value8CZStringESt4pairIKS2_S1_ESt10_Select1stIS5_ESt4lessIS2_ESaIS5_EE6_M_endEv:
function _ZNSt8_Rb_treeIN4Json5Value8CZStringESt4pairIKS2_S1_ESt10_Select1stIS5_ESt4lessIS2_ESaIS5_EE6_M_endEv called 0 returned 0% blocks executed 0%
    #####:  749:      _M_end() _GLIBCXX_NOEXCEPT
    #####:  750:      { return &this->_M_impl._M_header; }
    %%%%%:  750-block  0
------------------
        -:  751:
        -:  752:      _Const_Base_ptr
function _ZNKSt8_Rb_treeINSt7__cxx1112basic_stringIcSt11char_traitsIcESaIcEEES5_St9_IdentityIS5_ESt4lessIS5_ESaIS5_EE6_M_endEv called 0 returned 0% blocks executed 0%
    #####:  753:      _M_end() const _GLIBCXX_NOEXCEPT
    #####:  754:      { return &this->_M_impl._M_header; }
    %%%%%:  754-block  0
        -:  755:
        -:  756:      static const _Key&
    #####:  757:      _S_key(_Const_Link_type __x)
        -:  758:      {
        -:  759:#if __cplusplus >= 201103L
        -:  760:	// If we're asking for the key we're presumably using the comparison
        -:  761:	// object, and so this is a good place to sanity check it.
        -:  762:	static_assert(__is_invocable<_Compare&, const _Key&, const _Key&>{},
        -:  763:		      "comparison object must be invocable "
        -:  764:		      "with two arguments of key type");
        -:  765:# if __cplusplus >= 201703L
        -:  766:	// _GLIBCXX_RESOLVE_LIB_DEFECTS
        -:  767:	// 2542. Missing const requirements for associative containers
        -:  768:	if constexpr (__is_invocable<_Compare&, const _Key&, const _Key&>{})
        -:  769:	  static_assert(
        -:  770:	      is_invocable_v<const _Compare&, const _Key&, const _Key&>,
        -:  771:	      "comparison object must be invocable as const");
        -:  772:# endif // C++17
        -:  773:#endif // C++11
        -:  774:
    #####:  775:	return _KeyOfValue()(*__x->_M_valptr());
        -:  776:      }
------------------
_ZNSt8_Rb_treeIN4Json5Value8CZStringESt4pairIKS2_S1_ESt10_Select1stIS5_ESt4lessIS2_ESaIS5_EE6_S_keyEPKSt13_Rb_tree_nodeIS5_E:
function _ZNSt8_Rb_treeIN4Json5Value8CZStringESt4pairIKS2_S1_ESt10_Select1stIS5_ESt4lessIS2_ESaIS5_EE6_S_keyEPKSt13_Rb_tree_nodeIS5_E called 0 returned 0% blocks executed 0%
    #####:  757:      _S_key(_Const_Link_type __x)
        -:  758:      {
        -:  759:#if __cplusplus >= 201103L
        -:  760:	// If we're asking for the key we're presumably using the comparison
        -:  761:	// object, and so this is a good place to sanity check it.
        -:  762:	static_assert(__is_invocable<_Compare&, const _Key&, const _Key&>{},
        -:  763:		      "comparison object must be invocable "
        -:  764:		      "with two arguments of key type");
        -:  765:# if __cplusplus >= 201703L
        -:  766:	// _GLIBCXX_RESOLVE_LIB_DEFECTS
        -:  767:	// 2542. Missing const requirements for associative containers
        -:  768:	if constexpr (__is_invocable<_Compare&, const _Key&, const _Key&>{})
        -:  769:	  static_assert(
        -:  770:	      is_invocable_v<const _Compare&, const _Key&, const _Key&>,
        -:  771:	      "comparison object must be invocable as const");
        -:  772:# endif // C++17
        -:  773:#endif // C++11
        -:  774:
    #####:  775:	return _KeyOfValue()(*__x->_M_valptr());
    %%%%%:  775-block  0
Aufruf  0 niemals ausgeführt
Aufruf  1 niemals ausgeführt
        -:  776:      }
------------------
_ZNSt8_Rb_treeINSt7__cxx1112basic_stringIcSt11char_traitsIcESaIcEEES5_St9_IdentityIS5_ESt4lessIS5_ESaIS5_EE6_S_keyEPKSt13_Rb_tree_nodeIS5_E:
function _ZNSt8_Rb_treeINSt7__cxx1112basic_stringIcSt11char_traitsIcESaIcEEES5_St9_IdentityIS5_ESt4lessIS5_ESaIS5_EE6_S_keyEPKSt13_Rb_tree_nodeIS5_E called 0 returned 0% blocks executed 0%
    #####:  757:      _S_key(_Const_Link_type __x)
        -:  758:      {
        -:  759:#if __cplusplus >= 201103L
        -:  760:	// If we're asking for the key we're presumably using the comparison
        -:  761:	// object, and so this is a good place to sanity check it.
        -:  762:	static_assert(__is_invocable<_Compare&, const _Key&, const _Key&>{},
        -:  763:		      "comparison object must be invocable "
        -:  764:		      "with two arguments of key type");
        -:  765:# if __cplusplus >= 201703L
        -:  766:	// _GLIBCXX_RESOLVE_LIB_DEFECTS
        -:  767:	// 2542. Missing const requirements for associative containers
        -:  768:	if constexpr (__is_invocable<_Compare&, const _Key&, const _Key&>{})
        -:  769:	  static_assert(
        -:  770:	      is_invocable_v<const _Compare&, const _Key&, const _Key&>,
        -:  771:	      "comparison object must be invocable as const");
        -:  772:# endif // C++17
        -:  773:#endif // C++11
        -:  774:
    #####:  775:	return _KeyOfValue()(*__x->_M_valptr());
    %%%%%:  775-block  0
Aufruf  0 niemals ausgeführt
Aufruf  1 niemals ausgeführt
        -:  776:      }
------------------
        -:  777:
        -:  778:      static _Link_type
    #####:  779:      _S_left(_Base_ptr __x) _GLIBCXX_NOEXCEPT
    #####:  780:      { return static_cast<_Link_type>(__x->_M_left); }
------------------
_ZNSt8_Rb_treeINSt7__cxx1112basic_stringIcSt11char_traitsIcESaIcEEES5_St9_IdentityIS5_ESt4lessIS5_ESaIS5_EE7_S_leftEPSt18_Rb_tree_node_base:
function _ZNSt8_Rb_treeINSt7__cxx1112basic_stringIcSt11char_traitsIcESaIcEEES5_St9_IdentityIS5_ESt4lessIS5_ESaIS5_EE7_S_leftEPSt18_Rb_tree_node_base called 0 returned 0% blocks executed 0%
    #####:  779:      _S_left(_Base_ptr __x) _GLIBCXX_NOEXCEPT
    #####:  780:      { return static_cast<_Link_type>(__x->_M_left); }
    %%%%%:  780-block  0
------------------
_ZNSt8_Rb_treeIN4Json5Value8CZStringESt4pairIKS2_S1_ESt10_Select1stIS5_ESt4lessIS2_ESaIS5_EE7_S_leftEPSt18_Rb_tree_node_base:
function _ZNSt8_Rb_treeIN4Json5Value8CZStringESt4pairIKS2_S1_ESt10_Select1stIS5_ESt4lessIS2_ESaIS5_EE7_S_leftEPSt18_Rb_tree_node_base called 0 returned 0% blocks executed 0%
    #####:  779:      _S_left(_Base_ptr __x) _GLIBCXX_NOEXCEPT
    #####:  780:      { return static_cast<_Link_type>(__x->_M_left); }
    %%%%%:  780-block  0
------------------
        -:  781:
        -:  782:      static _Const_Link_type
function _ZNSt8_Rb_treeINSt7__cxx1112basic_stringIcSt11char_traitsIcESaIcEEES5_St9_IdentityIS5_ESt4lessIS5_ESaIS5_EE7_S_leftEPKSt18_Rb_tree_node_base called 0 returned 0% blocks executed 0%
    #####:  783:      _S_left(_Const_Base_ptr __x) _GLIBCXX_NOEXCEPT
    #####:  784:      { return static_cast<_Const_Link_type>(__x->_M_left); }
    %%%%%:  784-block  0
        -:  785:
        -:  786:      static _Link_type
    #####:  787:      _S_right(_Base_ptr __x) _GLIBCXX_NOEXCEPT
    #####:  788:      { return static_cast<_Link_type>(__x->_M_right); }
------------------
_ZNSt8_Rb_treeINSt7__cxx1112basic_stringIcSt11char_traitsIcESaIcEEES5_St9_IdentityIS5_ESt4lessIS5_ESaIS5_EE8_S_rightEPSt18_Rb_tree_node_base:
function _ZNSt8_Rb_treeINSt7__cxx1112basic_stringIcSt11char_traitsIcESaIcEEES5_St9_IdentityIS5_ESt4lessIS5_ESaIS5_EE8_S_rightEPSt18_Rb_tree_node_base called 0 returned 0% blocks executed 0%
    #####:  787:      _S_right(_Base_ptr __x) _GLIBCXX_NOEXCEPT
    #####:  788:      { return static_cast<_Link_type>(__x->_M_right); }
    %%%%%:  788-block  0
------------------
_ZNSt8_Rb_treeIN4Json5Value8CZStringESt4pairIKS2_S1_ESt10_Select1stIS5_ESt4lessIS2_ESaIS5_EE8_S_rightEPSt18_Rb_tree_node_base:
function _ZNSt8_Rb_treeIN4Json5Value8CZStringESt4pairIKS2_S1_ESt10_Select1stIS5_ESt4lessIS2_ESaIS5_EE8_S_rightEPSt18_Rb_tree_node_base called 0 returned 0% blocks executed 0%
    #####:  787:      _S_right(_Base_ptr __x) _GLIBCXX_NOEXCEPT
    #####:  788:      { return static_cast<_Link_type>(__x->_M_right); }
    %%%%%:  788-block  0
------------------
        -:  789:
        -:  790:      static _Const_Link_type
function _ZNSt8_Rb_treeINSt7__cxx1112basic_stringIcSt11char_traitsIcESaIcEEES5_St9_IdentityIS5_ESt4lessIS5_ESaIS5_EE8_S_rightEPKSt18_Rb_tree_node_base called 0 returned 0% blocks executed 0%
    #####:  791:      _S_right(_Const_Base_ptr __x) _GLIBCXX_NOEXCEPT
    #####:  792:      { return static_cast<_Const_Link_type>(__x->_M_right); }
    %%%%%:  792-block  0
        -:  793:
        -:  794:      static const _Key&
    #####:  795:      _S_key(_Const_Base_ptr __x)
    #####:  796:      { return _S_key(static_cast<_Const_Link_type>(__x)); }
------------------
_ZNSt8_Rb_treeIN4Json5Value8CZStringESt4pairIKS2_S1_ESt10_Select1stIS5_ESt4lessIS2_ESaIS5_EE6_S_keyEPKSt18_Rb_tree_node_base:
function _ZNSt8_Rb_treeIN4Json5Value8CZStringESt4pairIKS2_S1_ESt10_Select1stIS5_ESt4lessIS2_ESaIS5_EE6_S_keyEPKSt18_Rb_tree_node_base called 0 returned 0% blocks executed 0%
    #####:  795:      _S_key(_Const_Base_ptr __x)
    #####:  796:      { return _S_key(static_cast<_Const_Link_type>(__x)); }
    %%%%%:  796-block  0
Aufruf  0 niemals ausgeführt
------------------
_ZNSt8_Rb_treeINSt7__cxx1112basic_stringIcSt11char_traitsIcESaIcEEES5_St9_IdentityIS5_ESt4lessIS5_ESaIS5_EE6_S_keyEPKSt18_Rb_tree_node_base:
function _ZNSt8_Rb_treeINSt7__cxx1112basic_stringIcSt11char_traitsIcESaIcEEES5_St9_IdentityIS5_ESt4lessIS5_ESaIS5_EE6_S_keyEPKSt18_Rb_tree_node_base called 0 returned 0% blocks executed 0%
    #####:  795:      _S_key(_Const_Base_ptr __x)
    #####:  796:      { return _S_key(static_cast<_Const_Link_type>(__x)); }
    %%%%%:  796-block  0
Aufruf  0 niemals ausgeführt
------------------
        -:  797:
        -:  798:      static _Base_ptr
function _ZNSt8_Rb_treeIN4Json5Value8CZStringESt4pairIKS2_S1_ESt10_Select1stIS5_ESt4lessIS2_ESaIS5_EE10_S_minimumEPSt18_Rb_tree_node_base called 0 returned 0% blocks executed 0%
    #####:  799:      _S_minimum(_Base_ptr __x) _GLIBCXX_NOEXCEPT
    #####:  800:      { return _Rb_tree_node_base::_S_minimum(__x); }
    %%%%%:  800-block  0
Aufruf  0 niemals ausgeführt
        -:  801:
        -:  802:      static _Const_Base_ptr
        -:  803:      _S_minimum(_Const_Base_ptr __x) _GLIBCXX_NOEXCEPT
        -:  804:      { return _Rb_tree_node_base::_S_minimum(__x); }
        -:  805:
        -:  806:      static _Base_ptr
function _ZNSt8_Rb_treeIN4Json5Value8CZStringESt4pairIKS2_S1_ESt10_Select1stIS5_ESt4lessIS2_ESaIS5_EE10_S_maximumEPSt18_Rb_tree_node_base called 0 returned 0% blocks executed 0%
    #####:  807:      _S_maximum(_Base_ptr __x) _GLIBCXX_NOEXCEPT
    #####:  808:      { return _Rb_tree_node_base::_S_maximum(__x); }
    %%%%%:  808-block  0
Aufruf  0 niemals ausgeführt
        -:  809:
        -:  810:      static _Const_Base_ptr
        -:  811:      _S_maximum(_Const_Base_ptr __x) _GLIBCXX_NOEXCEPT
        -:  812:      { return _Rb_tree_node_base::_S_maximum(__x); }
        -:  813:
        -:  814:    public:
[...]
        -: 2382:						      _S_key(__p)));
        -: 2383:
    #####: 2384:      _Rb_tree_insert_and_rebalance(__insert_left, __z, __p,
    #####: 2385:				    this->_M_impl._M_header);
    %%%%%: 2385-block  0
Aufruf  0 niemals ausgeführt
    #####: 2386:      ++_M_impl._M_node_count;
    #####: 2387:      return iterator(__z);
Aufruf  0 niemals ausgeführt
        -: 2388:    }
        -: 2389:
        -: 2390:  template<typename _Key, typename _Val, typename _KeyOfValue,
        -: 2391:	   typename _Compare, typename _Alloc>
        -: 2392:    auto
        -: 2393:    _Rb_tree<_Key, _Val, _KeyOfValue, _Compare, _Alloc>::
        -: 2394:    _M_insert_lower_node(_Base_ptr __p, _Link_type __z)
        -: 2395:    -> iterator
        -: 2396:    {
        -: 2397:      bool __insert_left = (__p == _M_end()
        -: 2398:			    || !_M_impl._M_key_compare(_S_key(__p),
        -: 2399:						       _S_key(__z)));
        -: 2400:
        -: 2401:      _Rb_tree_insert_and_rebalance(__insert_left, __z, __p,
        -: 2402:				    this->_M_impl._M_header);
        -: 2403:      ++_M_impl._M_node_count;
        -: 2404:      return iterator(__z);
        -: 2405:    }
        -: 2406:
        -: 2407:  template<typename _Key, typename _Val, typename _KeyOfValue,
        -: 2408:	   typename _Compare, typename _Alloc>
        -: 2409:    auto
        -: 2410:    _Rb_tree<_Key, _Val, _KeyOfValue, _Compare, _Alloc>::
        -: 2411:    _M_insert_equal_lower_node(_Link_type __z)
        -: 2412:    -> iterator
        -: 2413:    {
        -: 2414:      _Link_type __x = _M_begin();
        -: 2415:      _Base_ptr __y = _M_end();
        -: 2416:      while (__x != 0)
        -: 2417:	{
        -: 2418:	  __y = __x;
        -: 2419:	  __x = !_M_impl._M_key_compare(_S_key(__x), _S_key(__z)) ?
        -: 2420:		_S_left(__x) : _S_right(__x);
        -: 2421:	}
        -: 2422:      return _M_insert_lower_node(__y, __z);
        -: 2423:    }
        -: 2424:
        -: 2425:  template<typename _Key, typename _Val, typename _KeyOfValue,
        -: 2426:	   typename _Compare, typename _Alloc>
        -: 2427:    template<typename... _Args>
        -: 2428:      auto
function _ZNSt8_Rb_treeIN4Json5Value8CZStringESt4pairIKS2_S1_ESt10_Select1stIS5_ESt4lessIS2_ESaIS5_EE17_M_emplace_uniqueIJjS1_EEES3_ISt17_Rb_tree_iteratorIS5_EbEDpOT_ called 0 returned 0% blocks executed 0%
    #####: 2429:      _Rb_tree<_Key, _Val, _KeyOfValue, _Compare, _Alloc>::
        -: 2430:      _M_emplace_unique(_Args&&... __args)
        -: 2431:      -> pair<iterator, bool>
        -: 2432:      {
    #####: 2433:	_Auto_node __z(*this, std::forward<_Args>(__args)...);
    %%%%%: 2433-block  0
Aufruf  0 niemals ausgeführt
Aufruf  1 niemals ausgeführt
Aufruf  2 niemals ausgeführt
Zweig  3 niemals ausgeführt
Zweig  4 niemals ausgeführt
    #####: 2434:	auto __res = _M_get_insert_unique_pos(__z._M_key());
    %%%%%: 2434-block  0
Aufruf  0 niemals ausgeführt
Zweig  1 niemals ausgeführt
Zweig  2 niemals ausgeführt
    %%%%%: 2434-block  1
Aufruf  3 niemals ausgeführt
Zweig  4 niemals ausgeführt
Zweig  5 niemals ausgeführt
    #####: 2435:	if (__res.second)
    %%%%%: 2435-block  0
Zweig  0 niemals ausgeführt
Zweig  1 niemals ausgeführt
    #####: 2436:	  return {__z._M_insert(__res), true};
    %%%%%: 2436-block  0
Aufruf  0 niemals ausgeführt
Zweig  1 niemals ausgeführt
Zweig  2 niemals ausgeführt
    %%%%%: 2436-block  1
Aufruf  3 niemals ausgeführt
    $$$$$: 2436-block  2
    $$$$$: 2436-block  3
    #####: 2437:	return {iterator(__res.first), false};
    %%%%%: 2437-block  0
Aufruf  0 niemals ausgeführt
Aufruf  1 niemals ausgeführt
    #####: 2438:      }
    %%%%%: 2438-block  0
Aufruf  0 niemals ausgeführt
    $$$$$: 2438-block  1
Aufruf  1 niemals ausgeführt
        -: 2439:
        -: 2440:  template<typename _Key, typename _Val, typename _KeyOfValue,
        -: 2441:	   typename _Compare, typename _Alloc>
        -: 2442:    template<typename... _Args>
        -: 2443:      auto
        -: 2444:      _Rb_tree<_Key, _Val, _KeyOfValue, _Compare, _Alloc>::
        -: 2445:      _M_emplace_equal(_Args&&... __args)
        -: 2446:      -> iterator
        -: 2447:      {
        -: 2448:	_Auto_node __z(*this, std::forward<_Args>(__args)...);
        -: 2449:	auto __res = _M_get_insert_equal_pos(__z._M_key());
        -: 2450:	return __z._M_insert(__res);
        -: 2451:      }
        -: 2452:
        -: 2453:  template<typename _Key, typename _Val, typename _KeyOfValue,
        -: 2454:	   typename _Compare, typename _Alloc>
        -: 2455:    template<typename... _Args>
        -: 2456:      auto
    #####: 2457:      _Rb_tree<_Key, _Val, _KeyOfValue, _Compare, _Alloc>::
        -: 2458:      _M_emplace_hint_unique(const_iterator __pos, _Args&&... __args)
        -: 2459:      -> iterator
        -: 2460:      {
    #####: 2461:	_Auto_node __z(*this, std::forward<_Args>(__args)...);
    #####: 2462:	auto __res = _M_get_insert_hint_unique_pos(__pos, __z._M_key());
    #####: 2463:	if (__res.second)
    #####: 2464:	  return __z._M_insert(__res);
    #####: 2465:	return iterator(__res.first);
    #####: 2466:      }
------------------
_ZNSt8_Rb_treeIN4Json5Value8CZStringESt4pairIKS2_S1_ESt10_Select1stIS5_ESt4lessIS2_ESaIS5_EE22_M_emplace_hint_uniqueIJRKSt21piecewise_construct_tSt5tupleIJRS4_EESG_IJEEEEESt17_Rb_tree_iteratorIS5_ESt23_Rb_tree_const_iteratorIS5_EDpOT_:
function _ZNSt8_Rb_treeIN4Json5Value8CZStringESt4pairIKS2_S1_ESt10_Select1stIS5_ESt4lessIS2_ESaIS5_EE22_M_emplace_hint_uniqueIJRKSt21piecewise_construct_tSt5tupleIJRS4_EESG_IJEEEEESt17_Rb_tree_iteratorIS5_ESt23_Rb_tree_const_iteratorIS5_EDpOT_ called 0 returned 0% blocks executed 0%
    #####: 2457:      _Rb_tree<_Key, _Val, _KeyOfValue, _Compare, _Alloc>::
        -: 2458:      _M_emplace_hint_unique(const_iterator __pos, _Args&&... __args)
        -: 2459:      -> iterator
        -: 2460:      {
    #####: 2461:	_Auto_node __z(*this, std::forward<_Args>(__args)...);
    %%%%%: 2461-block  0
Aufruf  0 niemals ausgeführt
Aufruf  1 niemals ausgeführt
Aufruf  2 niemals ausgeführt
Aufruf  3 niemals ausgeführt
Zweig  4 niemals ausgeführt
Zweig  5 niemals ausgeführt
    #####: 2462:	auto __res = _M_get_insert_hint_unique_pos(__pos, __z._M_key());
    %%%%%: 2462-block  0
Aufruf  0 niemals ausgeführt
Zweig  1 niemals ausgeführt
Zweig  2 niemals ausgeführt
    %%%%%: 2462-block  1
Aufruf  3 niemals ausgeführt
Zweig  4 niemals ausgeführt
Zweig  5 niemals ausgeführt
    #####: 2463:	if (__res.second)
    %%%%%: 2463-block  0
Zweig  0 niemals ausgeführt
Zweig  1 niemals ausgeführt
    #####: 2464:	  return __z._M_insert(__res);
    %%%%%: 2464-block  0
Aufruf  0 niemals ausgeführt
Zweig  1 niemals ausgeführt
Zweig  2 niemals ausgeführt
    %%%%%: 2464-block  1
    #####: 2465:	return iterator(__res.first);
    %%%%%: 2465-block  0
Aufruf  0 niemals ausgeführt
    #####: 2466:      }
    %%%%%: 2466-block  0
Aufruf  0 niemals ausgeführt
    $$$$$: 2466-block  1
Aufruf  1 niemals ausgeführt
------------------
_ZNSt8_Rb_treeIN4Json5Value8CZStringESt4pairIKS2_S1_ESt10_Select1stIS5_ESt4lessIS2_ESaIS5_EE22_M_emplace_hint_uniqueIJRS5_EEESt17_Rb_tree_iteratorIS5_ESt23_Rb_tree_const_iteratorIS5_EDpOT_:
function _ZNSt8_Rb_treeIN4Json5Value8CZStringESt4pairIKS2_S1_ESt10_Select1stIS5_ESt4lessIS2_ESaIS5_EE22_M_emplace_hint_uniqueIJRS5_EEESt17_Rb_tree_iteratorIS5_ESt23_Rb_tree_const_iteratorIS5_EDpOT_ called 0 returned 0% blocks executed 0%
    #####: 2457:      _Rb_tree<_Key, _Val, _KeyOfValue, _Compare, _Alloc>::
        -: 2458:      _M_emplace_hint_unique(const_iterator __pos, _Args&&... __args)
        -: 2459:      -> iterator
        -: 2460:      {
    #####: 2461:	_Auto_node __z(*this, std::forward<_Args>(__args)...);
    %%%%%: 2461-block  0
Aufruf  0 niemals ausgeführt
Aufruf  1 niemals ausgeführt
Zweig  2 niemals ausgeführt
Zweig  3 niemals ausgeführt
    #####: 2462:	auto __res = _M_get_insert_hint_unique_pos(__pos, __z._M_key());
    %%%%%: 2462-block  0
Aufruf  0 niemals ausgeführt
Zweig  1 niemals ausgeführt
Zweig  2 niemals ausgeführt
    %%%%%: 2462-block  1
Aufruf  3 niemals ausgeführt
Zweig  4 niemals ausgeführt
Zweig  5 niemals ausgeführt
    #####: 2463:	if (__res.second)
    %%%%%: 2463-block  0
Zweig  0 niemals ausgeführt
Zweig  1 niemals ausgeführt
    #####: 2464:	  return __z._M_insert(__res);
    %%%%%: 2464-block  0
Aufruf  0 niemals ausgeführt
Zweig  1 niemals ausgeführt
Zweig  2 niemals ausgeführt
    %%%%%: 2464-block  1
    #####: 2465:	return iterator(__res.first);
    %%%%%: 2465-block  0
Aufruf  0 niemals ausgeführt
    #####: 2466:      }
    %%%%%: 2466-block  0
Aufruf  0 niemals ausgeführt
    $$$$$: 2466-block  1
Aufruf  1 niemals ausgeführt
------------------
        -: 2467:
        -: 2468:  template<typename _Key, typename _Val, typename _KeyOfValue,
        -: 2469:	   typename _Compare, typename _Alloc>
        -: 2470:    template<typename... _Args>
        -: 2471:      auto
        -: 2472:      _Rb_tree<_Key, _Val, _KeyOfValue, _Compare, _Alloc>::
        -: 2473:      _M_emplace_hint_equal(const_iterator __pos, _Args&&... __args)
        -: 2474:      -> iterator
        -: 2475:      {
        -: 2476:	_Auto_node __z(*this, std::forward<_Args>(__args)...);
        -: 2477:	auto __res = _M_get_insert_hint_equal_pos(__pos, __z._M_key());
        -: 2478:	if (__res.second)
        -: 2479:	  return __z._M_insert(__res);
        -: 2480:	return __z._M_insert_equal_lower();
        -: 2481:      }
        -: 2482:#endif
        -: 2483:
        -: 2484:
        -: 2485:  template<typename _Key, typename _Val, typename _KeyOfValue,
        -: 2486:	   typename _Compare, typename _Alloc>
        -: 2487:    void
function _ZNSt8_Rb_treeIN4Json5Value8CZStringESt4pairIKS2_S1_ESt10_Select1stIS5_ESt4lessIS2_ESaIS5_EE12_M_erase_auxESt23_Rb_tree_const_iteratorIS5_E called 0 returned 0% blocks executed 0%
    #####: 2488:    _Rb_tree<_Key, _Val, _KeyOfValue, _Compare, _Alloc>::
        -: 2489:    _M_erase_aux(const_iterator __position)
        -: 2490:    {
        -: 2491:      _Link_type __y =
        -: 2492:	static_cast<_Link_type>(_Rb_tree_rebalance_for_erase
    #####: 2493:				(const_cast<_Base_ptr>(__position._M_node),
    #####: 2494:				 this->_M_impl._M_header));
    %%%%%: 2494-block  0
Aufruf  0 niemals ausgeführt
    #####: 2495:      _M_drop_node(__y);
Aufruf  0 niemals ausgeführt
    #####: 2496:      --_M_impl._M_node_count;
    #####: 2497:    }
        -: 2498:
        -: 2499:  template<typename _Key, typename _Val, typename _KeyOfValue,
        -: 2500:	   typename _Compare, typename _Alloc>
        -: 2501:    void
function _ZNSt8_Rb_treeIN4Json5Value8CZStringESt4pairIKS2_S1_ESt10_Select1stIS5_ESt4lessIS2_ESaIS5_EE12_M_erase_auxESt23_Rb_tree_const_iteratorIS5_ESD_ called 0 returned 0% blocks executed 0%
    #####: 2502:    _Rb_tree<_Key, _Val, _KeyOfValue, _Compare, _Alloc>::
        -: 2503:    _M_erase_aux(const_iterator __first, const_iterator __last)
        -: 2504:    {
    #####: 2505:      if (__first == begin() && __last == end())
    %%%%%: 2505-block  0
Aufruf  0 niemals ausgeführt
Aufruf  1 niemals ausgeführt
Aufruf  2 niemals ausgeführt
Zweig  3 niemals ausgeführt
Zweig  4 niemals ausgeführt
    %%%%%: 2505-block  1
Aufruf  5 niemals ausgeführt
Aufruf  6 niemals ausgeführt
Aufruf  7 niemals ausgeführt
Zweig  8 niemals ausgeführt
Zweig  9 niemals ausgeführt
    %%%%%: 2505-block  2
    %%%%%: 2505-block  3
    %%%%%: 2505-block  4
Zweig 10 niemals ausgeführt
Zweig 11 niemals ausgeführt
    #####: 2506:	clear();
    %%%%%: 2506-block  0
Aufruf  0 niemals ausgeführt
        -: 2507:      else
    #####: 2508:	while (__first != __last)
    %%%%%: 2508-block  0
    %%%%%: 2508-block  1
Aufruf  0 niemals ausgeführt
Zweig  1 niemals ausgeführt
Zweig  2 niemals ausgeführt
    #####: 2509:	  _M_erase_aux(__first++);
    %%%%%: 2509-block  0
Aufruf  0 niemals ausgeführt
Aufruf  1 niemals ausgeführt
    #####: 2510:    }
        -: 2511:
        -: 2512:  template<typename _Key, typename _Val, typename _KeyOfValue,
        -: 2513:	   typename _Compare, typename _Alloc>
        -: 2514:    typename _Rb_tree<_Key, _Val, _KeyOfValue, _Compare, _Alloc>::size_type
function _ZNSt8_Rb_treeIN4Json5Value8CZStringESt4pairIKS2_S1_ESt10_Select1stIS5_ESt4lessIS2_ESaIS5_EE5eraseERS4_ called 0 returned 0% blocks executed 0%
    #####: 2515:    _Rb_tree<_Key, _Val, _KeyOfValue, _Compare, _Alloc>::
        -: 2516:    erase(const _Key& __x)
        -: 2517:    {
    #####: 2518:      pair<iterator, iterator> __p = equal_range(__x);
    %%%%%: 2518-block  0
Aufruf  0 niemals ausgeführt
Zweig  1 niemals ausgeführt
Zweig  2 niemals ausgeführt
    #####: 2519:      const size_type __old_size = size();
    %%%%%: 2519-block  0
Aufruf  0 niemals ausgeführt
    #####: 2520:      _M_erase_aux(__p.first, __p.second);
Aufruf  0 niemals ausgeführt
Aufruf  1 niemals ausgeführt
Aufruf  2 niemals ausgeführt
Zweig  3 niemals ausgeführt
Zweig  4 niemals ausgeführt
    $$$$$: 2520-block  0
    $$$$$: 2520-block  1
    #####: 2521:      return __old_size - size();
    %%%%%: 2521-block  0
Aufruf  0 niemals ausgeführt
    %%%%%: 2521-block  1
        -: 2522:    }
        -: 2523:
        -: 2524:  template<typename _Key, typename _Val, typename _KeyOfValue,
        -: 2525:	   typename _Compare, typename _Alloc>
        -: 2526:    typename _Rb_tree<_Key, _Val, _KeyOfValue,
        -: 2527:		      _Compare, _Alloc>::iterator
function _ZNSt8_Rb_treeIN4Json5Value8CZStringESt4pairIKS2_S1_ESt10_Select1stIS5_ESt4lessIS2_ESaIS5_EE4findERS4_ called 0 returned 0% blocks executed 0%
    #####: 2528:    _Rb_tree<_Key, _Val, _KeyOfValue, _Compare, _Alloc>::
        -: 2529:    find(const _Key& __k)
        -: 2530:    {
    #####: 2531:      iterator __j = _M_lower_bound(_M_begin(), _M_end(), __k);
    %%%%%: 2531-block  0
Aufruf  0 niemals ausgeführt
Aufruf  1 niemals ausgeführt
Aufruf  2 niemals ausgeführt
Zweig  3 niemals ausgeführt
Zweig  4 niemals ausgeführt
    #####: 2532:      return (__j == end()
    %%%%%: 2532-block  0
Aufruf  0 niemals ausgeführt
Aufruf  1 niemals ausgeführt
    %%%%%: 2532-block  1
    $$$$$: 2532-block  2
    #####: 2533:	      || _M_impl._M_key_compare(__k,
    %%%%%: 2533-block  0
Aufruf  0 niemals ausgeführt
Zweig  1 niemals ausgeführt
Zweig  2 niemals ausgeführt
    %%%%%: 2533-block  1
Zweig  3 niemals ausgeführt
Zweig  4 niemals ausgeführt
    #####: 2534:					_S_key(__j._M_node))) ? end() : __j;
Zweig  0 niemals ausgeführt
Zweig  1 niemals ausgeführt
    %%%%%: 2534-block  0
Aufruf  2 niemals ausgeführt
Zweig  3 niemals ausgeführt
Zweig  4 niemals ausgeführt
    %%%%%: 2534-block  1
Aufruf  5 niemals ausgeführt
    %%%%%: 2534-block  2
    %%%%%: 2534-block  3
        -: 2535:    }
        -: 2536:
        -: 2537:  template<typename _Key, typename _Val, typename _KeyOfValue,
        -: 2538:	   typename _Compare, typename _Alloc>
        -: 2539:    typename _Rb_tree<_Key, _Val, _KeyOfValue,
        -: 2540:		      _Compare, _Alloc>::const_iterator
function _ZNKSt8_Rb_treeINSt7__cxx1112basic_stringIcSt11char_traitsIcESaIcEEES5_St9_IdentityIS5_ESt4lessIS5_ESaIS5_EE4findERKS5_ called 0 returned 0% blocks executed 0%
    #####: 2541:    _Rb_tree<_Key, _Val, _KeyOfValue, _Compare, _Alloc>::
        -: 2542:    find(const _Key& __k) const
        -: 2543:    {
    #####: 2544:      const_iterator __j = _M_lower_bound(_M_begin(), _M_end(), __k);
    %%%%%: 2544-block  0
Aufruf  0 niemals ausgeführt
Aufruf  1 niemals ausgeführt
Aufruf  2 niemals ausgeführt
Zweig  3 niemals ausgeführt
Zweig  4 niemals ausgeführt
    #####: 2545:      return (__j == end()
    %%%%%: 2545-block  0
Aufruf  0 niemals ausgeführt
Aufruf  1 niemals ausgeführt
    %%%%%: 2545-block  1
    $$$$$: 2545-block  2
    #####: 2546:	      || _M_impl._M_key_compare(__k,
    %%%%%: 2546-block  0
Aufruf  0 niemals ausgeführt
Zweig  1 niemals ausgeführt
Zweig  2 niemals ausgeführt
    %%%%%: 2546-block  1
Aufruf  3 niemals ausgeführt
Zweig  4 niemals ausgeführt
Zweig  5 niemals ausgeführt
    #####: 2547:					_S_key(__j._M_node))) ? end() : __j;
Zweig  0 niemals ausgeführt
Zweig  1 niemals ausgeführt
    %%%%%: 2547-block  0
Aufruf  2 niemals ausgeführt
    %%%%%: 2547-block  1
    %%%%%: 2547-block  2
        -: 2548:    }
        -: 2549:
        -: 2550:  template<typename _Key, typename _Val, typename _KeyOfValue,
        -: 2551:	   typename _Compare, typename _Alloc>
        -: 2552:    typename _Rb_tree<_Key, _Val, _KeyOfValue, _Compare, _Alloc>::size_type
        -: 2553:    _Rb_tree<_Key, _Val, _KeyOfValue, _Compare, _Alloc>::
        -: 2554:    count(const _Key& __k) const
        -: 2555:    {
        -: 2556:      pair<const_iterator, const_iterator> __p = equal_range(__k);
        -: 2557:      const size_type __n = std::distance(__p.first, __p.second);
        -: 2558:      return __n;
        -: 2559:    }
        -: 2560:
        -: 2561:  _GLIBCXX_PURE unsigned int
        -: 2562:  _Rb_tree_black_count(const _Rb_tree_node_base* __node,
        -: 2563:		       const _Rb_tree_node_base* __root) throw ();
        -: 2564:
        -: 2565:  template<typename _Key, typename _Val, typename _KeyOfValue,
        -: 2566:	   typename _Compare, typename _Alloc>
        -: 2567:    bool
        -: 2568:    _Rb_tree<_Key,_Val,_KeyOfValue,_Compare,_Alloc>::__rb_verify() const
        -: 2569:    {
        -: 2570:      if (_M_impl._M_node_count == 0 || begin() == end())
        -: 2571:	return _M_impl._M_node_count == 0 && begin() == end()
        -: 2572:	       && this->_M_impl._M_header._M_left == _M_end()
        -: 2573:	       && this->_M_impl._M_header._M_right == _M_end();
        -: 2574:
        -: 2575:      unsigned int __len = _Rb_tree_black_count(_M_leftmost(), _M_root());
        -: 2576:      for (const_iterator __it = begin(); __it != end(); ++__it)
        -: 2577:	{
        -: 2578:	  _Const_Link_type __x = static_cast<_Const_Link_type>(__it._M_node);
        -: 2579:	  _Const_Link_type __L = _S_left(__x);
        -: 2580:	  _Const_Link_type __R = _S_right(__x);
        -: 2581:
        -: 2582:	  if (__x->_M_color == _S_red)
        -: 2583:	    if ((__L && __L->_M_color == _S_red)
        -: 2584:		|| (__R && __R->_M_color == _S_red))
        -: 2585:	      return false;
        -: 2586:
        -: 2587:	  if (__L && _M_impl._M_key_compare(_S_key(__x), _S_key(__L)))
        -: 2588:	    return false;
        -: 2589:	  if (__R && _M_impl._M_key_compare(_S_key(__R), _S_key(__x)))
        -: 2590:	    return false;
        -: 2591:
        -: 2592:	  if (!__L && !__R && _Rb_tree_black_count(__x, _M_root()) != __len)
        -: 2593:	    return false;
        -: 2594:	}
        -: 2595:
        -: 2596:      if (_M_leftmost() != _Rb_tree_node_base::_S_minimum(_M_root()))
        -: 2597:	return false;
        -: 2598:      if (_M_rightmost() != _Rb_tree_node_base::_S_maximum(_M_root()))
        -: 2599:	return false;
        -: 2600:      return true;
        -: 2601:    }
        -: 2602:
        -: 2603:#if __cplusplus > 201402L
        -: 2604:  // Allow access to internals of compatible _Rb_tree specializations.
        -: 2605:  template<typename _Key, typename _Val, typename _Sel, typename _Cmp1,
        -: 2606:	   typename _Alloc, typename _Cmp2>
        -: 2607:    struct _Rb_tree_merge_helper<_Rb_tree<_Key, _Val, _Sel, _Cmp1, _Alloc>,
        -: 2608:				 _Cmp2>
        -: 2609:    {
        -: 2610:    private:
        -: 2611:      friend class _Rb_tree<_Key, _Val, _Sel, _Cmp1, _Alloc>;
        -: 2612:
        -: 2613:      static auto&
        -: 2614:      _S_get_impl(_Rb_tree<_Key, _Val, _Sel, _Cmp2, _Alloc>& __tree)
        -: 2615:      { return __tree._M_impl; }
        -: 2616:    };
        -: 2617:#endif // C++17
        -: 2618:
        -: 2619:_GLIBCXX_END_NAMESPACE_VERSION
        -: 2620:} // namespace
        -: 2621:
        -: 2622:#endif
