        -:    0:Source:/home/maximiliank/Dokumente/workbench/Bachelor/bachelorarbeit/src/main/include/JSON-Handler/JSONHandler.cpp
        -:    0:Graph:/home/maximiliank/Dokumente/workbench/Bachelor/bachelorarbeit/cmake-build-debug-coverage/CMakeFiles/ba.dir/src/main/include/JSON-Handler/JSONHandler.cpp.gcno
        -:    0:Data:/home/maximiliank/Dokumente/workbench/Bachelor/bachelorarbeit/cmake-build-debug-coverage/CMakeFiles/ba.dir/src/main/include/JSON-Handler/JSONHandler.cpp.gcda
        -:    0:Runs:1
        -:    1://
        -:    2:// Created by maximiliank on 18.01.23.
        -:    3://
        -:    4:
        -:    5:#include <fstream>
        -:    6:#include "JSONHandler.h"
        -:    7:
function _ZN11JSONHandlerC2Ev called 0 returned 0% blocks executed 0%
    #####:    8:JSONHandler::JSONHandler() = default;
        -:    9:
function _ZN11JSONHandler4readENSt7__cxx1112basic_stringIcSt11char_traitsIcESaIcEEE called 0 returned 0% blocks executed 0%
    #####:   10:Json::Value JSONHandler::read(std::string filename) {
    #####:   11:    Json::Reader reader;
    %%%%%:   11-block  0
Aufruf  0 niemals ausgeführt
Zweig  1 niemals ausgeführt
Zweig  2 niemals ausgeführt
    #####:   12:    Json::Value data;
    %%%%%:   12-block  0
Aufruf  0 niemals ausgeführt
Zweig  1 niemals ausgeführt
Zweig  2 niemals ausgeführt
    #####:   13:    std::ifstream fileStream;
    %%%%%:   13-block  0
Aufruf  0 niemals ausgeführt
Zweig  1 niemals ausgeführt
Zweig  2 niemals ausgeführt
    #####:   14:    fileStream.open(filename);
    %%%%%:   14-block  0
Aufruf  0 niemals ausgeführt
Zweig  1 niemals ausgeführt
Zweig  2 niemals ausgeführt
    #####:   15:    fileStream >> data;
    %%%%%:   15-block  0
Aufruf  0 niemals ausgeführt
Zweig  1 niemals ausgeführt
Zweig  2 niemals ausgeführt
        -:   16:
    #####:   17:    return data;
    %%%%%:   17-block  0
    %%%%%:   17-block  1
    #####:   18:}
    %%%%%:   18-block  0
Aufruf  0 niemals ausgeführt
Aufruf  1 niemals ausgeführt
    $$$$$:   18-block  1
Aufruf  2 niemals ausgeführt
    $$$$$:   18-block  2
Aufruf  3 niemals ausgeführt
    $$$$$:   18-block  3
Aufruf  4 niemals ausgeführt
        -:   19:
function _ZN11JSONHandler5writeENSt7__cxx1112basic_stringIcSt11char_traitsIcESaIcEEESt6vectorISt4pairIS5_dESaIS8_EE called 0 returned 0% blocks executed 0%
    #####:   20:void JSONHandler::write(std::string filename, std::vector<std::pair<std::string, double>> data) {
    #####:   21:    Json::StyledWriter swriter;
    %%%%%:   21-block  0
Aufruf  0 niemals ausgeführt
Zweig  1 niemals ausgeführt
Zweig  2 niemals ausgeführt
    #####:   22:    Json::Value dataJson;
    %%%%%:   22-block  0
Aufruf  0 niemals ausgeführt
Zweig  1 niemals ausgeführt
Zweig  2 niemals ausgeführt
    #####:   23:    std::ofstream fileStream;
    %%%%%:   23-block  0
Aufruf  0 niemals ausgeführt
Zweig  1 niemals ausgeführt
Zweig  2 niemals ausgeführt
    #####:   24:    fileStream.open(filename);
    %%%%%:   24-block  0
Aufruf  0 niemals ausgeführt
Zweig  1 niemals ausgeführt
Zweig  2 niemals ausgeführt
        -:   25:
    #####:   26:    for ( auto p : data ) {
    %%%%%:   26-block  0
Aufruf  0 niemals ausgeführt
Aufruf  1 niemals ausgeführt
    %%%%%:   26-block  1
Aufruf  2 niemals ausgeführt
Aufruf  3 niemals ausgeführt
Zweig  4 niemals ausgeführt
Zweig  5 niemals ausgeführt
Aufruf  6 niemals ausgeführt
    %%%%%:   26-block  2
Aufruf  7 niemals ausgeführt
Zweig  8 niemals ausgeführt
Zweig  9 niemals ausgeführt
    #####:   27:        dataJson[p.first] = p.second;
    %%%%%:   27-block  0
Aufruf  0 niemals ausgeführt
Zweig  1 niemals ausgeführt
Zweig  2 niemals ausgeführt
    %%%%%:   27-block  1
Aufruf  3 niemals ausgeführt
Zweig  4 niemals ausgeführt
Zweig  5 niemals ausgeführt
    %%%%%:   27-block  2
Aufruf  6 niemals ausgeführt
Aufruf  7 niemals ausgeführt
    $$$$$:   27-block  3
Aufruf  8 niemals ausgeführt
    $$$$$:   27-block  4
    #####:   28:    }
Aufruf  0 niemals ausgeführt
    $$$$$:   28-block  0
Aufruf  1 niemals ausgeführt
        -:   29:
    #####:   30:    fileStream << swriter.write(dataJson);
    %%%%%:   30-block  0
Aufruf  0 niemals ausgeführt
Zweig  1 niemals ausgeführt
Zweig  2 niemals ausgeführt
    %%%%%:   30-block  1
Aufruf  3 niemals ausgeführt
Zweig  4 niemals ausgeführt
Zweig  5 niemals ausgeführt
    %%%%%:   30-block  2
Aufruf  6 niemals ausgeführt
    $$$$$:   30-block  3
Aufruf  7 niemals ausgeführt
    $$$$$:   30-block  4
    #####:   31:}
Aufruf  0 niemals ausgeführt
Aufruf  1 niemals ausgeführt
Aufruf  2 niemals ausgeführt
    $$$$$:   31-block  0
Aufruf  3 niemals ausgeführt
    $$$$$:   31-block  1
Aufruf  4 niemals ausgeführt
    $$$$$:   31-block  2
Aufruf  5 niemals ausgeführt
        -:   32:
        -:   33:
