        -:    0:Source:/usr/include/llvm/ADT/SmallPtrSet.h
        -:    0:Graph:/home/maximiliank/Dokumente/workbench/Bachelor/bachelorarbeit/cmake-build-debug-coverage/CMakeFiles/ba.dir/main.cpp.gcno
        -:    0:Data:/home/maximiliank/Dokumente/workbench/Bachelor/bachelorarbeit/cmake-build-debug-coverage/CMakeFiles/ba.dir/main.cpp.gcda
        -:    0:Runs:1
        -:    1://===- llvm/ADT/SmallPtrSet.h - 'Normally small' pointer set ----*- C++ -*-===//
        -:    2://
        -:    3:// Part of the LLVM Project, under the Apache License v2.0 with LLVM Exceptions.
        -:    4:// See https://llvm.org/LICENSE.txt for license information.
        -:    5:// SPDX-License-Identifier: Apache-2.0 WITH LLVM-exception
        -:    6://
        -:    7://===----------------------------------------------------------------------===//
        -:    8:///
        -:    9:/// \file
        -:   10:/// This file defines the SmallPtrSet class.  See the doxygen comment for
        -:   11:/// SmallPtrSetImplBase for more details on the algorithm used.
        -:   12://
        -:   13://===----------------------------------------------------------------------===//
        -:   14:
        -:   15:#ifndef LLVM_ADT_SMALLPTRSET_H
        -:   16:#define LLVM_ADT_SMALLPTRSET_H
        -:   17:
        -:   18:#include "llvm/ADT/EpochTracker.h"
        -:   19:#include "llvm/Support/Compiler.h"
        -:   20:#include "llvm/Support/ReverseIteration.h"
        -:   21:#include "llvm/Support/type_traits.h"
        -:   22:#include <cassert>
        -:   23:#include <cstddef>
        -:   24:#include <cstdlib>
        -:   25:#include <cstring>
        -:   26:#include <initializer_list>
        -:   27:#include <iterator>
        -:   28:#include <utility>
        -:   29:
        -:   30:namespace llvm {
        -:   31:
        -:   32:/// SmallPtrSetImplBase - This is the common code shared among all the
        -:   33:/// SmallPtrSet<>'s, which is almost everything.  SmallPtrSet has two modes, one
        -:   34:/// for small and one for large sets.
        -:   35:///
        -:   36:/// Small sets use an array of pointers allocated in the SmallPtrSet object,
        -:   37:/// which is treated as a simple array of pointers.  When a pointer is added to
        -:   38:/// the set, the array is scanned to see if the element already exists, if not
        -:   39:/// the element is 'pushed back' onto the array.  If we run out of space in the
        -:   40:/// array, we grow into the 'large set' case.  SmallSet should be used when the
        -:   41:/// sets are often small.  In this case, no memory allocation is used, and only
        -:   42:/// light-weight and cache-efficient scanning is used.
        -:   43:///
        -:   44:/// Large sets use a classic exponentially-probed hash table.  Empty buckets are
        -:   45:/// represented with an illegal pointer value (-1) to allow null pointers to be
        -:   46:/// inserted.  Tombstones are represented with another illegal pointer value
        -:   47:/// (-2), to allow deletion.  The hash table is resized when the table is 3/4 or
        -:   48:/// more.  When this happens, the table is doubled in size.
        -:   49:///
        -:   50:class SmallPtrSetImplBase : public DebugEpochBase {
        -:   51:  friend class SmallPtrSetIteratorImpl;
        -:   52:
        -:   53:protected:
        -:   54:  /// SmallArray - Points to a fixed size set of buckets, used in 'small mode'.
        -:   55:  const void **SmallArray;
        -:   56:  /// CurArray - This is the current set of buckets.  If equal to SmallArray,
        -:   57:  /// then the set is in 'small mode'.
        -:   58:  const void **CurArray;
        -:   59:  /// CurArraySize - The allocated size of CurArray, always a power of two.
        -:   60:  unsigned CurArraySize;
        -:   61:
        -:   62:  /// Number of elements in CurArray that contain a value or are a tombstone.
        -:   63:  /// If small, all these elements are at the beginning of CurArray and the rest
        -:   64:  /// is uninitialized.
        -:   65:  unsigned NumNonEmpty;
        -:   66:  /// Number of tombstones in CurArray.
        -:   67:  unsigned NumTombstones;
        -:   68:
        -:   69:  // Helpers to copy and move construct a SmallPtrSet.
        -:   70:  SmallPtrSetImplBase(const void **SmallStorage,
        -:   71:                      const SmallPtrSetImplBase &that);
        -:   72:  SmallPtrSetImplBase(const void **SmallStorage, unsigned SmallSize,
        -:   73:                      SmallPtrSetImplBase &&that);
        -:   74:
function _ZN4llvm19SmallPtrSetImplBaseC2EPPKvj called 194 returned 100% blocks executed 80%
      194:   75:  explicit SmallPtrSetImplBase(const void **SmallStorage, unsigned SmallSize)
      194:   76:      : SmallArray(SmallStorage), CurArray(SmallStorage),
      194:   77:        CurArraySize(SmallSize), NumNonEmpty(0), NumTombstones(0) {
     194*:   78:    assert(SmallSize && (SmallSize & (SmallSize-1)) == 0 &&
      194:   78-block  0
Zweig  0 wurde genommen: 194 (fallthrough)
Zweig  1 wurde genommen: 0
      194:   78-block  1
Zweig  2 wurde genommen: 194 (fallthrough)
Zweig  3 wurde genommen: 0
    %%%%%:   78-block  2
Aufruf  4 niemals ausgeführt
        -:   79:           "Initial size must be a power of two!");
      194:   80:  }
        -:   81:
function _ZN4llvm19SmallPtrSetImplBaseD2Ev called 39 returned 100% blocks executed 75%
       39:   82:  ~SmallPtrSetImplBase() {
       39:   83:    if (!isSmall())
       39:   83-block  0
Aufruf  0 gab 39 zurück
Zweig  1 wurde genommen: 0 (fallthrough)
Zweig  2 wurde genommen: 39
    #####:   84:      free(CurArray);
    %%%%%:   84-block  0
       39:   85:  }
        -:   86:
        -:   87:public:
        -:   88:  using size_type = unsigned;
        -:   89:
        -:   90:  SmallPtrSetImplBase &operator=(const SmallPtrSetImplBase &) = delete;
        -:   91:
        -:   92:  LLVM_NODISCARD bool empty() const { return size() == 0; }
        -:   93:  size_type size() const { return NumNonEmpty - NumTombstones; }
        -:   94:
        -:   95:  void clear() {
        -:   96:    incrementEpoch();
        -:   97:    // If the capacity of the array is huge, and the # elements used is small,
        -:   98:    // shrink the array.
        -:   99:    if (!isSmall()) {
        -:  100:      if (size() * 4 < CurArraySize && CurArraySize > 32)
        -:  101:        return shrink_and_clear();
        -:  102:      // Fill the array with empty markers.
        -:  103:      memset(CurArray, -1, CurArraySize * sizeof(void *));
        -:  104:    }
        -:  105:
        -:  106:    NumNonEmpty = 0;
        -:  107:    NumTombstones = 0;
        -:  108:  }
        -:  109:
        -:  110:protected:
function _ZN4llvm19SmallPtrSetImplBase18getTombstoneMarkerEv called 0 returned 0% blocks executed 0%
    #####:  111:  static void *getTombstoneMarker() { return reinterpret_cast<void*>(-2); }
    %%%%%:  111-block  0
        -:  112:
function _ZN4llvm19SmallPtrSetImplBase14getEmptyMarkerEv called 0 returned 0% blocks executed 0%
    #####:  113:  static void *getEmptyMarker() {
        -:  114:    // Note that -1 is chosen to make clear() efficiently implementable with
        -:  115:    // memset and because it's not a valid pointer value.
    #####:  116:    return reinterpret_cast<void*>(-1);
    %%%%%:  116-block  0
        -:  117:  }
        -:  118:
function _ZNK4llvm19SmallPtrSetImplBase10EndPointerEv called 0 returned 0% blocks executed 0%
    #####:  119:  const void **EndPointer() const {
    #####:  120:    return isSmall() ? CurArray + NumNonEmpty : CurArray + CurArraySize;
    %%%%%:  120-block  0
Aufruf  0 niemals ausgeführt
Zweig  1 niemals ausgeführt
Zweig  2 niemals ausgeführt
    %%%%%:  120-block  1
    %%%%%:  120-block  2
    %%%%%:  120-block  3
        -:  121:  }
        -:  122:
        -:  123:  /// insert_imp - This returns true if the pointer was new to the set, false if
        -:  124:  /// it was already in the set.  This is hidden from the client so that the
        -:  125:  /// derived class can check that the right type of pointer is passed in.
function _ZN4llvm19SmallPtrSetImplBase10insert_impEPKv called 0 returned 0% blocks executed 0%
    #####:  126:  std::pair<const void *const *, bool> insert_imp(const void *Ptr) {
    #####:  127:    if (isSmall()) {
    %%%%%:  127-block  0
Aufruf  0 niemals ausgeführt
Zweig  1 niemals ausgeführt
Zweig  2 niemals ausgeführt
        -:  128:      // Check to see if it is already in the set.
    #####:  129:      const void **LastTombstone = nullptr;
    #####:  130:      for (const void **APtr = SmallArray, **E = SmallArray + NumNonEmpty;
    %%%%%:  130-block  0
    %%%%%:  130-block  1
    #####:  131:           APtr != E; ++APtr) {
    %%%%%:  131-block  0
Zweig  0 niemals ausgeführt
Zweig  1 niemals ausgeführt
    #####:  132:        const void *Value = *APtr;
    #####:  133:        if (Value == Ptr)
    %%%%%:  133-block  0
Zweig  0 niemals ausgeführt
Zweig  1 niemals ausgeführt
    #####:  134:          return std::make_pair(APtr, false);
    %%%%%:  134-block  0
Aufruf  0 niemals ausgeführt
Zweig  1 niemals ausgeführt
Zweig  2 niemals ausgeführt
    %%%%%:  134-block  1
Aufruf  3 niemals ausgeführt
    $$$$$:  134-block  2
    $$$$$:  134-block  3
    $$$$$:  134-block  4
    #####:  135:        if (Value == getTombstoneMarker())
    %%%%%:  135-block  0
Aufruf  0 niemals ausgeführt
Zweig  1 niemals ausgeführt
Zweig  2 niemals ausgeführt
    #####:  136:          LastTombstone = APtr;
    %%%%%:  136-block  0
        -:  137:      }
        -:  138:
        -:  139:      // Did we find any tombstone marker?
    #####:  140:      if (LastTombstone != nullptr) {
    %%%%%:  140-block  0
Zweig  0 niemals ausgeführt
Zweig  1 niemals ausgeführt
    #####:  141:        *LastTombstone = Ptr;
    #####:  142:        --NumTombstones;
    #####:  143:        incrementEpoch();
    %%%%%:  143-block  0
Aufruf  0 niemals ausgeführt
    #####:  144:        return std::make_pair(LastTombstone, true);
Aufruf  0 niemals ausgeführt
Zweig  1 niemals ausgeführt
Zweig  2 niemals ausgeführt
    %%%%%:  144-block  0
Aufruf  3 niemals ausgeführt
    $$$$$:  144-block  1
    $$$$$:  144-block  2
    $$$$$:  144-block  3
        -:  145:      }
        -:  146:
        -:  147:      // Nope, there isn't.  If we stay small, just 'pushback' now.
    #####:  148:      if (NumNonEmpty < CurArraySize) {
    %%%%%:  148-block  0
Zweig  0 niemals ausgeführt
Zweig  1 niemals ausgeführt
    #####:  149:        SmallArray[NumNonEmpty++] = Ptr;
    #####:  150:        incrementEpoch();
    %%%%%:  150-block  0
Aufruf  0 niemals ausgeführt
    #####:  151:        return std::make_pair(SmallArray + (NumNonEmpty - 1), true);
Aufruf  0 niemals ausgeführt
Zweig  1 niemals ausgeführt
Zweig  2 niemals ausgeführt
    %%%%%:  151-block  0
Aufruf  3 niemals ausgeführt
    $$$$$:  151-block  1
    $$$$$:  151-block  2
    $$$$$:  151-block  3
    $$$$$:  151-block  4
        -:  152:      }
        -:  153:      // Otherwise, hit the big set case, which will call grow.
        -:  154:    }
    #####:  155:    return insert_imp_big(Ptr);
    %%%%%:  155-block  0
Aufruf  0 niemals ausgeführt
        -:  156:  }
        -:  157:
        -:  158:  /// erase_imp - If the set contains the specified pointer, remove it and
        -:  159:  /// return true, otherwise return false.  This is hidden from the client so
        -:  160:  /// that the derived class can check that the right type of pointer is passed
        -:  161:  /// in.
        -:  162:  bool erase_imp(const void * Ptr) {
        -:  163:    const void *const *P = find_imp(Ptr);
        -:  164:    if (P == EndPointer())
        -:  165:      return false;
        -:  166:
        -:  167:    const void **Loc = const_cast<const void **>(P);
        -:  168:    assert(*Loc == Ptr && "broken find!");
        -:  169:    *Loc = getTombstoneMarker();
        -:  170:    NumTombstones++;
        -:  171:    return true;
        -:  172:  }
        -:  173:
        -:  174:  /// Returns the raw pointer needed to construct an iterator.  If element not
        -:  175:  /// found, this will be EndPointer.  Otherwise, it will be a pointer to the
        -:  176:  /// slot which stores Ptr;
        -:  177:  const void *const * find_imp(const void * Ptr) const {
        -:  178:    if (isSmall()) {
        -:  179:      // Linear search for the item.
        -:  180:      for (const void *const *APtr = SmallArray,
        -:  181:                      *const *E = SmallArray + NumNonEmpty; APtr != E; ++APtr)
        -:  182:        if (*APtr == Ptr)
        -:  183:          return APtr;
        -:  184:      return EndPointer();
        -:  185:    }
        -:  186:
        -:  187:    // Big set case.
        -:  188:    auto *Bucket = FindBucketFor(Ptr);
        -:  189:    if (*Bucket == Ptr)
        -:  190:      return Bucket;
        -:  191:    return EndPointer();
        -:  192:  }
        -:  193:
        -:  194:private:
function _ZNK4llvm19SmallPtrSetImplBase7isSmallEv called 39 returned 100% blocks executed 100%
       39:  195:  bool isSmall() const { return CurArray == SmallArray; }
       39:  195-block  0
        -:  196:
        -:  197:  std::pair<const void *const *, bool> insert_imp_big(const void *Ptr);
        -:  198:
        -:  199:  const void * const *FindBucketFor(const void *Ptr) const;
        -:  200:  void shrink_and_clear();
        -:  201:
        -:  202:  /// Grow - Allocate a larger backing store for the buckets and move it over.
        -:  203:  void Grow(unsigned NewSize);
        -:  204:
        -:  205:protected:
        -:  206:  /// swap - Swaps the elements of two sets.
        -:  207:  /// Note: This method assumes that both sets have the same small size.
        -:  208:  void swap(SmallPtrSetImplBase &RHS);
        -:  209:
        -:  210:  void CopyFrom(const SmallPtrSetImplBase &RHS);
        -:  211:  void MoveFrom(unsigned SmallSize, SmallPtrSetImplBase &&RHS);
        -:  212:
        -:  213:private:
        -:  214:  /// Code shared by MoveFrom() and move constructor.
        -:  215:  void MoveHelper(unsigned SmallSize, SmallPtrSetImplBase &&RHS);
        -:  216:  /// Code shared by CopyFrom() and copy constructor.
        -:  217:  void CopyHelper(const SmallPtrSetImplBase &RHS);
        -:  218:};
        -:  219:
        -:  220:/// SmallPtrSetIteratorImpl - This is the common base class shared between all
        -:  221:/// instances of SmallPtrSetIterator.
        -:  222:class SmallPtrSetIteratorImpl {
        -:  223:protected:
        -:  224:  const void *const *Bucket;
        -:  225:  const void *const *End;
        -:  226:
        -:  227:public:
function _ZN4llvm23SmallPtrSetIteratorImplC2EPKPKvS4_ called 0 returned 0% blocks executed 0%
    #####:  228:  explicit SmallPtrSetIteratorImpl(const void *const *BP, const void*const *E)
    #####:  229:    : Bucket(BP), End(E) {
    #####:  230:    if (shouldReverseIterate()) {
    %%%%%:  230-block  0
Aufruf  0 niemals ausgeführt
Zweig  1 niemals ausgeführt
Zweig  2 niemals ausgeführt
    #####:  231:      RetreatIfNotValid();
    %%%%%:  231-block  0
Aufruf  0 niemals ausgeführt
    #####:  232:      return;
        -:  233:    }
    #####:  234:    AdvanceIfNotValid();
    %%%%%:  234-block  0
Aufruf  0 niemals ausgeführt
        -:  235:  }
        -:  236:
        -:  237:  bool operator==(const SmallPtrSetIteratorImpl &RHS) const {
        -:  238:    return Bucket == RHS.Bucket;
        -:  239:  }
        -:  240:  bool operator!=(const SmallPtrSetIteratorImpl &RHS) const {
        -:  241:    return Bucket != RHS.Bucket;
        -:  242:  }
        -:  243:
        -:  244:protected:
        -:  245:  /// AdvanceIfNotValid - If the current bucket isn't valid, advance to a bucket
        -:  246:  /// that is.   This is guaranteed to stop because the end() bucket is marked
        -:  247:  /// valid.
function _ZN4llvm23SmallPtrSetIteratorImpl17AdvanceIfNotValidEv called 0 returned 0% blocks executed 0%
    #####:  248:  void AdvanceIfNotValid() {
    #####:  249:    assert(Bucket <= End);
    %%%%%:  249-block  0
Zweig  0 niemals ausgeführt
Zweig  1 niemals ausgeführt
    %%%%%:  249-block  1
Aufruf  2 niemals ausgeführt
    #####:  250:    while (Bucket != End &&
    %%%%%:  250-block  0
    %%%%%:  250-block  1
Zweig  0 niemals ausgeführt
Zweig  1 niemals ausgeführt
Zweig  2 niemals ausgeführt
Zweig  3 niemals ausgeführt
    %%%%%:  250-block  2
    %%%%%:  250-block  3
    %%%%%:  250-block  4
Zweig  4 niemals ausgeführt
Zweig  5 niemals ausgeführt
    #####:  251:           (*Bucket == SmallPtrSetImplBase::getEmptyMarker() ||
    %%%%%:  251-block  0
Aufruf  0 niemals ausgeführt
Zweig  1 niemals ausgeführt
Zweig  2 niemals ausgeführt
    #####:  252:            *Bucket == SmallPtrSetImplBase::getTombstoneMarker()))
    %%%%%:  252-block  0
Aufruf  0 niemals ausgeführt
    #####:  253:      ++Bucket;
    %%%%%:  253-block  0
    #####:  254:  }
function _ZN4llvm23SmallPtrSetIteratorImpl17RetreatIfNotValidEv called 0 returned 0% blocks executed 0%
    #####:  255:  void RetreatIfNotValid() {
    #####:  256:    assert(Bucket >= End);
    %%%%%:  256-block  0
Zweig  0 niemals ausgeführt
Zweig  1 niemals ausgeführt
    %%%%%:  256-block  1
Aufruf  2 niemals ausgeführt
    #####:  257:    while (Bucket != End &&
    %%%%%:  257-block  0
    %%%%%:  257-block  1
Zweig  0 niemals ausgeführt
Zweig  1 niemals ausgeführt
Zweig  2 niemals ausgeführt
Zweig  3 niemals ausgeführt
    %%%%%:  257-block  2
    %%%%%:  257-block  3
    %%%%%:  257-block  4
Zweig  4 niemals ausgeführt
Zweig  5 niemals ausgeführt
    #####:  258:           (Bucket[-1] == SmallPtrSetImplBase::getEmptyMarker() ||
    %%%%%:  258-block  0
Aufruf  0 niemals ausgeführt
Zweig  1 niemals ausgeführt
Zweig  2 niemals ausgeführt
    #####:  259:            Bucket[-1] == SmallPtrSetImplBase::getTombstoneMarker())) {
    %%%%%:  259-block  0
Aufruf  0 niemals ausgeführt
    #####:  260:      --Bucket;
    %%%%%:  260-block  0
        -:  261:    }
    #####:  262:  }
        -:  263:};
        -:  264:
        -:  265:/// SmallPtrSetIterator - This implements a const_iterator for SmallPtrSet.
        -:  266:template <typename PtrTy>
        -:  267:class SmallPtrSetIterator : public SmallPtrSetIteratorImpl,
        -:  268:                            DebugEpochBase::HandleBase {
        -:  269:  using PtrTraits = PointerLikeTypeTraits<PtrTy>;
        -:  270:
        -:  271:public:
        -:  272:  using value_type = PtrTy;
        -:  273:  using reference = PtrTy;
        -:  274:  using pointer = PtrTy;
        -:  275:  using difference_type = std::ptrdiff_t;
        -:  276:  using iterator_category = std::forward_iterator_tag;
        -:  277:
function _ZN4llvm19SmallPtrSetIteratorIPvEC2EPKPKvS6_RKNS_14DebugEpochBaseE called 0 returned 0% blocks executed 0%
    #####:  278:  explicit SmallPtrSetIterator(const void *const *BP, const void *const *E,
        -:  279:                               const DebugEpochBase &Epoch)
    #####:  280:      : SmallPtrSetIteratorImpl(BP, E), DebugEpochBase::HandleBase(&Epoch) {}
    %%%%%:  280-block  0
Aufruf  0 niemals ausgeführt
Aufruf  1 niemals ausgeführt
        -:  281:
        -:  282:  // Most methods are provided by the base class.
        -:  283:
        -:  284:  const PtrTy operator*() const {
        -:  285:    assert(isHandleInSync() && "invalid iterator access!");
        -:  286:    if (shouldReverseIterate()) {
        -:  287:      assert(Bucket > End);
        -:  288:      return PtrTraits::getFromVoidPointer(const_cast<void *>(Bucket[-1]));
        -:  289:    }
        -:  290:    assert(Bucket < End);
        -:  291:    return PtrTraits::getFromVoidPointer(const_cast<void*>(*Bucket));
        -:  292:  }
        -:  293:
        -:  294:  inline SmallPtrSetIterator& operator++() {          // Preincrement
        -:  295:    assert(isHandleInSync() && "invalid iterator access!");
        -:  296:    if (shouldReverseIterate()) {
        -:  297:      --Bucket;
        -:  298:      RetreatIfNotValid();
        -:  299:      return *this;
        -:  300:    }
        -:  301:    ++Bucket;
        -:  302:    AdvanceIfNotValid();
        -:  303:    return *this;
        -:  304:  }
        -:  305:
        -:  306:  SmallPtrSetIterator operator++(int) {        // Postincrement
        -:  307:    SmallPtrSetIterator tmp = *this;
        -:  308:    ++*this;
        -:  309:    return tmp;
        -:  310:  }
        -:  311:};
        -:  312:
        -:  313:/// RoundUpToPowerOfTwo - This is a helper template that rounds N up to the next
        -:  314:/// power of two (which means N itself if N is already a power of two).
        -:  315:template<unsigned N>
        -:  316:struct RoundUpToPowerOfTwo;
        -:  317:
        -:  318:/// RoundUpToPowerOfTwoH - If N is not a power of two, increase it.  This is a
        -:  319:/// helper template used to implement RoundUpToPowerOfTwo.
        -:  320:template<unsigned N, bool isPowerTwo>
        -:  321:struct RoundUpToPowerOfTwoH {
        -:  322:  enum { Val = N };
        -:  323:};
        -:  324:template<unsigned N>
        -:  325:struct RoundUpToPowerOfTwoH<N, false> {
        -:  326:  enum {
        -:  327:    // We could just use NextVal = N+1, but this converges faster.  N|(N-1) sets
        -:  328:    // the right-most zero bits to one all at once, e.g. 0b0011000 -> 0b0011111.
        -:  329:    Val = RoundUpToPowerOfTwo<(N|(N-1)) + 1>::Val
        -:  330:  };
        -:  331:};
        -:  332:
        -:  333:template<unsigned N>
        -:  334:struct RoundUpToPowerOfTwo {
        -:  335:  enum { Val = RoundUpToPowerOfTwoH<N, (N&(N-1)) == 0>::Val };
        -:  336:};
        -:  337:
        -:  338:/// A templated base class for \c SmallPtrSet which provides the
        -:  339:/// typesafe interface that is common across all small sizes.
        -:  340:///
        -:  341:/// This is particularly useful for passing around between interface boundaries
        -:  342:/// to avoid encoding a particular small size in the interface boundary.
        -:  343:template <typename PtrType>
        -:  344:class SmallPtrSetImpl : public SmallPtrSetImplBase {
        -:  345:  using ConstPtrType = typename add_const_past_pointer<PtrType>::type;
        -:  346:  using PtrTraits = PointerLikeTypeTraits<PtrType>;
        -:  347:  using ConstPtrTraits = PointerLikeTypeTraits<ConstPtrType>;
        -:  348:
        -:  349:protected:
        -:  350:  // Forward constructors to the base.
        -:  351:  using SmallPtrSetImplBase::SmallPtrSetImplBase;
        -:  352:
        -:  353:public:
        -:  354:  using iterator = SmallPtrSetIterator<PtrType>;
        -:  355:  using const_iterator = SmallPtrSetIterator<PtrType>;
        -:  356:  using key_type = ConstPtrType;
        -:  357:  using value_type = PtrType;
        -:  358:
        -:  359:  SmallPtrSetImpl(const SmallPtrSetImpl &) = delete;
        -:  360:
        -:  361:  /// Inserts Ptr if and only if there is no element in the container equal to
        -:  362:  /// Ptr. The bool component of the returned pair is true if and only if the
        -:  363:  /// insertion takes place, and the iterator component of the pair points to
        -:  364:  /// the element equal to Ptr.
function _ZN4llvm15SmallPtrSetImplIPvE6insertES1_ called 0 returned 0% blocks executed 0%
    #####:  365:  std::pair<iterator, bool> insert(PtrType Ptr) {
    #####:  366:    auto p = insert_imp(PtrTraits::getAsVoidPointer(Ptr));
    %%%%%:  366-block  0
Aufruf  0 niemals ausgeführt
Aufruf  1 niemals ausgeführt
Zweig  2 niemals ausgeführt
Zweig  3 niemals ausgeführt
    #####:  367:    return std::make_pair(makeIterator(p.first), p.second);
    %%%%%:  367-block  0
Aufruf  0 niemals ausgeführt
Zweig  1 niemals ausgeführt
Zweig  2 niemals ausgeführt
    %%%%%:  367-block  1
Aufruf  3 niemals ausgeführt
Zweig  4 niemals ausgeführt
Zweig  5 niemals ausgeführt
    %%%%%:  367-block  2
    %%%%%:  367-block  3
    %%%%%:  367-block  4
    $$$$$:  367-block  5
        -:  368:  }
        -:  369:
        -:  370:  /// Insert the given pointer with an iterator hint that is ignored. This is
        -:  371:  /// identical to calling insert(Ptr), but allows SmallPtrSet to be used by
        -:  372:  /// std::insert_iterator and std::inserter().
        -:  373:  iterator insert(iterator, PtrType Ptr) {
        -:  374:    return insert(Ptr).first;
        -:  375:  }
        -:  376:
        -:  377:  /// erase - If the set contains the specified pointer, remove it and return
        -:  378:  /// true, otherwise return false.
        -:  379:  bool erase(PtrType Ptr) {
        -:  380:    return erase_imp(PtrTraits::getAsVoidPointer(Ptr));
        -:  381:  }
        -:  382:  /// count - Return 1 if the specified pointer is in the set, 0 otherwise.
        -:  383:  size_type count(ConstPtrType Ptr) const {
        -:  384:    return find_imp(ConstPtrTraits::getAsVoidPointer(Ptr)) != EndPointer();
        -:  385:  }
        -:  386:  iterator find(ConstPtrType Ptr) const {
        -:  387:    return makeIterator(find_imp(ConstPtrTraits::getAsVoidPointer(Ptr)));
        -:  388:  }
        -:  389:  bool contains(ConstPtrType Ptr) const {
        -:  390:    return find_imp(ConstPtrTraits::getAsVoidPointer(Ptr)) != EndPointer();
        -:  391:  }
        -:  392:
        -:  393:  template <typename IterT>
        -:  394:  void insert(IterT I, IterT E) {
        -:  395:    for (; I != E; ++I)
        -:  396:      insert(*I);
        -:  397:  }
        -:  398:
        -:  399:  void insert(std::initializer_list<PtrType> IL) {
        -:  400:    insert(IL.begin(), IL.end());
        -:  401:  }
        -:  402:
        -:  403:  iterator begin() const {
        -:  404:    if (shouldReverseIterate())
        -:  405:      return makeIterator(EndPointer() - 1);
        -:  406:    return makeIterator(CurArray);
        -:  407:  }
        -:  408:  iterator end() const { return makeIterator(EndPointer()); }
        -:  409:
        -:  410:private:
        -:  411:  /// Create an iterator that dereferences to same place as the given pointer.
function _ZNK4llvm15SmallPtrSetImplIPvE12makeIteratorEPKPKv called 0 returned 0% blocks executed 0%
    #####:  412:  iterator makeIterator(const void *const *P) const {
    #####:  413:    if (shouldReverseIterate())
    %%%%%:  413-block  0
Aufruf  0 niemals ausgeführt
Zweig  1 niemals ausgeführt
Zweig  2 niemals ausgeführt
    #####:  414:      return iterator(P == EndPointer() ? CurArray : P + 1, CurArray, *this);
    %%%%%:  414-block  0
Aufruf  0 niemals ausgeführt
Zweig  1 niemals ausgeführt
Zweig  2 niemals ausgeführt
    %%%%%:  414-block  1
Zweig  3 niemals ausgeführt
Zweig  4 niemals ausgeführt
    %%%%%:  414-block  2
    %%%%%:  414-block  3
    %%%%%:  414-block  4
Aufruf  5 niemals ausgeführt
Zweig  6 niemals ausgeführt
Zweig  7 niemals ausgeführt
    %%%%%:  414-block  5
    $$$$$:  414-block  6
Aufruf  8 niemals ausgeführt
    #####:  415:    return iterator(P, EndPointer(), *this);
    %%%%%:  415-block  0
Aufruf  0 niemals ausgeführt
Zweig  1 niemals ausgeführt
Zweig  2 niemals ausgeführt
    %%%%%:  415-block  1
Aufruf  3 niemals ausgeführt
Zweig  4 niemals ausgeführt
Zweig  5 niemals ausgeführt
    %%%%%:  415-block  2
        -:  416:  }
        -:  417:};
        -:  418:
        -:  419:/// Equality comparison for SmallPtrSet.
        -:  420:///
        -:  421:/// Iterates over elements of LHS confirming that each value from LHS is also in
        -:  422:/// RHS, and that no additional values are in RHS.
        -:  423:template <typename PtrType>
        -:  424:bool operator==(const SmallPtrSetImpl<PtrType> &LHS,
        -:  425:                const SmallPtrSetImpl<PtrType> &RHS) {
        -:  426:  if (LHS.size() != RHS.size())
        -:  427:    return false;
        -:  428:
        -:  429:  for (const auto *KV : LHS)
        -:  430:    if (!RHS.count(KV))
        -:  431:      return false;
        -:  432:
        -:  433:  return true;
        -:  434:}
        -:  435:
        -:  436:/// Inequality comparison for SmallPtrSet.
        -:  437:///
        -:  438:/// Equivalent to !(LHS == RHS).
        -:  439:template <typename PtrType>
        -:  440:bool operator!=(const SmallPtrSetImpl<PtrType> &LHS,
        -:  441:                const SmallPtrSetImpl<PtrType> &RHS) {
        -:  442:  return !(LHS == RHS);
        -:  443:}
        -:  444:
        -:  445:/// SmallPtrSet - This class implements a set which is optimized for holding
        -:  446:/// SmallSize or less elements.  This internally rounds up SmallSize to the next
        -:  447:/// power of two if it is not already a power of two.  See the comments above
        -:  448:/// SmallPtrSetImplBase for details of the algorithm.
        -:  449:template<class PtrType, unsigned SmallSize>
        -:  450:class SmallPtrSet : public SmallPtrSetImpl<PtrType> {
        -:  451:  // In small mode SmallPtrSet uses linear search for the elements, so it is
        -:  452:  // not a good idea to choose this value too high. You may consider using a
        -:  453:  // DenseSet<> instead if you expect many elements in the set.
        -:  454:  static_assert(SmallSize <= 32, "SmallSize should be small");
        -:  455:
        -:  456:  using BaseT = SmallPtrSetImpl<PtrType>;
        -:  457:
        -:  458:  // Make sure that SmallSize is a power of two, round up if not.
        -:  459:  enum { SmallSizePowTwo = RoundUpToPowerOfTwo<SmallSize>::Val };
        -:  460:  /// SmallStorage - Fixed size storage used in 'small mode'.
        -:  461:  const void *SmallStorage[SmallSizePowTwo];
        -:  462:
        -:  463:public:
     194*:  464:  SmallPtrSet() : BaseT(SmallStorage, SmallSizePowTwo) {}
------------------
_ZN4llvm11SmallPtrSetIPNS_2cl10SubCommandELj1EEC2Ev:
function _ZN4llvm11SmallPtrSetIPNS_2cl10SubCommandELj1EEC2Ev called 194 returned 100% blocks executed 100%
      194:  464:  SmallPtrSet() : BaseT(SmallStorage, SmallSizePowTwo) {}
      194:  464-block  0
Aufruf  0 gab 194 zurück
------------------
_ZN4llvm11SmallPtrSetIPNS_11AnalysisKeyELj2EEC2Ev:
function _ZN4llvm11SmallPtrSetIPNS_11AnalysisKeyELj2EEC2Ev called 0 returned 0% blocks executed 0%
    #####:  464:  SmallPtrSet() : BaseT(SmallStorage, SmallSizePowTwo) {}
    %%%%%:  464-block  0
Aufruf  0 niemals ausgeführt
------------------
_ZN4llvm11SmallPtrSetIPvLj2EEC2Ev:
function _ZN4llvm11SmallPtrSetIPvLj2EEC2Ev called 0 returned 0% blocks executed 0%
    #####:  464:  SmallPtrSet() : BaseT(SmallStorage, SmallSizePowTwo) {}
    %%%%%:  464-block  0
Aufruf  0 niemals ausgeführt
------------------
        -:  465:  SmallPtrSet(const SmallPtrSet &that) : BaseT(SmallStorage, that) {}
        -:  466:  SmallPtrSet(SmallPtrSet &&that)
        -:  467:      : BaseT(SmallStorage, SmallSizePowTwo, std::move(that)) {}
        -:  468:
        -:  469:  template<typename It>
        -:  470:  SmallPtrSet(It I, It E) : BaseT(SmallStorage, SmallSizePowTwo) {
        -:  471:    this->insert(I, E);
        -:  472:  }
        -:  473:
        -:  474:  SmallPtrSet(std::initializer_list<PtrType> IL)
        -:  475:      : BaseT(SmallStorage, SmallSizePowTwo) {
        -:  476:    this->insert(IL.begin(), IL.end());
        -:  477:  }
        -:  478:
        -:  479:  SmallPtrSet<PtrType, SmallSize> &
        -:  480:  operator=(const SmallPtrSet<PtrType, SmallSize> &RHS) {
        -:  481:    if (&RHS != this)
        -:  482:      this->CopyFrom(RHS);
        -:  483:    return *this;
        -:  484:  }
        -:  485:
        -:  486:  SmallPtrSet<PtrType, SmallSize> &
        -:  487:  operator=(SmallPtrSet<PtrType, SmallSize> &&RHS) {
        -:  488:    if (&RHS != this)
        -:  489:      this->MoveFrom(SmallSizePowTwo, std::move(RHS));
        -:  490:    return *this;
        -:  491:  }
        -:  492:
        -:  493:  SmallPtrSet<PtrType, SmallSize> &
        -:  494:  operator=(std::initializer_list<PtrType> IL) {
        -:  495:    this->clear();
        -:  496:    this->insert(IL.begin(), IL.end());
        -:  497:    return *this;
        -:  498:  }
        -:  499:
        -:  500:  /// swap - Swaps the elements of two sets.
        -:  501:  void swap(SmallPtrSet<PtrType, SmallSize> &RHS) {
        -:  502:    SmallPtrSetImplBase::swap(RHS);
        -:  503:  }
        -:  504:};
        -:  505:
        -:  506:} // end namespace llvm
        -:  507:
        -:  508:namespace std {
        -:  509:
        -:  510:  /// Implement std::swap in terms of SmallPtrSet swap.
        -:  511:  template<class T, unsigned N>
        -:  512:  inline void swap(llvm::SmallPtrSet<T, N> &LHS, llvm::SmallPtrSet<T, N> &RHS) {
        -:  513:    LHS.swap(RHS);
        -:  514:  }
        -:  515:
        -:  516:} // end namespace std
        -:  517:
        -:  518:#endif // LLVM_ADT_SMALLPTRSET_H
