        -:    0:Source:/usr/include/llvm/ADT/SmallVector.h
        -:    0:Graph:/home/maximiliank/Dokumente/workbench/Bachelor/bachelorarbeit/cmake-build-debug-coverage/CMakeFiles/ba.dir/main.cpp.gcno
        -:    0:Data:/home/maximiliank/Dokumente/workbench/Bachelor/bachelorarbeit/cmake-build-debug-coverage/CMakeFiles/ba.dir/main.cpp.gcda
        -:    0:Runs:1
        -:    1://===- llvm/ADT/SmallVector.h - 'Normally small' vectors --------*- C++ -*-===//
        -:    2://
        -:    3:// Part of the LLVM Project, under the Apache License v2.0 with LLVM Exceptions.
        -:    4:// See https://llvm.org/LICENSE.txt for license information.
        -:    5:// SPDX-License-Identifier: Apache-2.0 WITH LLVM-exception
        -:    6://
        -:    7://===----------------------------------------------------------------------===//
        -:    8:///
        -:    9:/// \file
        -:   10:/// This file defines the SmallVector class.
        -:   11:///
        -:   12://===----------------------------------------------------------------------===//
        -:   13:
        -:   14:#ifndef LLVM_ADT_SMALLVECTOR_H
        -:   15:#define LLVM_ADT_SMALLVECTOR_H
        -:   16:
        -:   17:#include "llvm/Support/Compiler.h"
        -:   18:#include "llvm/Support/type_traits.h"
        -:   19:#include <algorithm>
        -:   20:#include <cassert>
        -:   21:#include <cstddef>
        -:   22:#include <cstdlib>
        -:   23:#include <cstring>
        -:   24:#include <functional>
        -:   25:#include <initializer_list>
        -:   26:#include <iterator>
        -:   27:#include <limits>
        -:   28:#include <memory>
        -:   29:#include <new>
        -:   30:#include <type_traits>
        -:   31:#include <utility>
        -:   32:
        -:   33:namespace llvm {
        -:   34:
        -:   35:template <typename IteratorT> class iterator_range;
        -:   36:
        -:   37:/// This is all the stuff common to all SmallVectors.
        -:   38:///
        -:   39:/// The template parameter specifies the type which should be used to hold the
        -:   40:/// Size and Capacity of the SmallVector, so it can be adjusted.
        -:   41:/// Using 32 bit size is desirable to shrink the size of the SmallVector.
        -:   42:/// Using 64 bit size is desirable for cases like SmallVector<char>, where a
        -:   43:/// 32 bit size would limit the vector to ~4GB. SmallVectors are used for
        -:   44:/// buffering bitcode output - which can exceed 4GB.
        -:   45:template <class Size_T> class SmallVectorBase {
        -:   46:protected:
        -:   47:  void *BeginX;
        -:   48:  Size_T Size = 0, Capacity;
        -:   49:
        -:   50:  /// The maximum value of the Size_T used.
        -:   51:  static constexpr size_t SizeTypeMax() {
        -:   52:    return std::numeric_limits<Size_T>::max();
        -:   53:  }
        -:   54:
        -:   55:  SmallVectorBase() = delete;
function _ZN4llvm15SmallVectorBaseIjEC2EPvm called 194 returned 100% blocks executed 100%
      194:   56:  SmallVectorBase(void *FirstEl, size_t TotalCapacity)
      194:   57:      : BeginX(FirstEl), Capacity(TotalCapacity) {}
        -:   58:
        -:   59:  /// This is a helper for \a grow() that's out of line to reduce code
        -:   60:  /// duplication.  This function will report a fatal error if it can't grow at
        -:   61:  /// least to \p MinSize.
        -:   62:  void *mallocForGrow(size_t MinSize, size_t TSize, size_t &NewCapacity);
        -:   63:
        -:   64:  /// This is an implementation of the grow() method which only works
        -:   65:  /// on POD-like data types and is out of line to reduce code duplication.
        -:   66:  /// This function will report a fatal error if it cannot increase capacity.
        -:   67:  void grow_pod(void *FirstEl, size_t MinSize, size_t TSize);
        -:   68:
        -:   69:public:
function _ZNK4llvm15SmallVectorBaseIjE4sizeEv called 621 returned 100% blocks executed 100%
      621:   70:  size_t size() const { return Size; }
      621:   70-block  0
function _ZNK4llvm15SmallVectorBaseIjE8capacityEv called 388 returned 100% blocks executed 100%
      388:   71:  size_t capacity() const { return Capacity; }
      388:   71-block  0
        -:   72:
        -:   73:  LLVM_NODISCARD bool empty() const { return !Size; }
        -:   74:
        -:   75:protected:
        -:   76:  /// Set the array size to \p N, which the current array must have enough
        -:   77:  /// capacity for.
        -:   78:  ///
        -:   79:  /// This does not construct or destroy any elements in the vector.
function _ZN4llvm15SmallVectorBaseIjE8set_sizeEm called 194 returned 100% blocks executed 75%
      194:   80:  void set_size(size_t N) {
     194*:   81:    assert(N <= capacity());
      194:   81-block  0
Aufruf  0 gab 194 zurück
Zweig  1 wurde genommen: 0 (fallthrough)
Zweig  2 wurde genommen: 194
    %%%%%:   81-block  1
Aufruf  3 niemals ausgeführt
      194:   82:    Size = N;
      194:   83:  }
        -:   84:};
        -:   85:
        -:   86:template <class T>
        -:   87:using SmallVectorSizeType =
        -:   88:    typename std::conditional<sizeof(T) < 4 && sizeof(void *) >= 8, uint64_t,
        -:   89:                              uint32_t>::type;
        -:   90:
        -:   91:/// Figure out the offset of the first element.
        -:   92:template <class T, typename = void> struct SmallVectorAlignmentAndSize {
        -:   93:  alignas(SmallVectorBase<SmallVectorSizeType<T>>) char Base[sizeof(
        -:   94:      SmallVectorBase<SmallVectorSizeType<T>>)];
        -:   95:  alignas(T) char FirstEl[sizeof(T)];
        -:   96:};
        -:   97:
        -:   98:/// This is the part of SmallVectorTemplateBase which does not depend on whether
        -:   99:/// the type T is a POD. The extra dummy template argument is used by ArrayRef
        -:  100:/// to avoid unnecessarily requiring T to be complete.
        -:  101:template <typename T, typename = void>
        -:  102:class SmallVectorTemplateCommon
        -:  103:    : public SmallVectorBase<SmallVectorSizeType<T>> {
        -:  104:  using Base = SmallVectorBase<SmallVectorSizeType<T>>;
        -:  105:
        -:  106:  /// Find the address of the first element.  For this pointer math to be valid
        -:  107:  /// with small-size of 0 for T with lots of alignment, it's important that
        -:  108:  /// SmallVectorStorage is properly-aligned even for small-size of 0.
     233*:  109:  void *getFirstEl() const {
        -:  110:    return const_cast<void *>(reinterpret_cast<const void *>(
        -:  111:        reinterpret_cast<const char *>(this) +
     233*:  112:        offsetof(SmallVectorAlignmentAndSize<T>, FirstEl)));
        -:  113:  }
------------------
_ZNK4llvm25SmallVectorTemplateCommonISt8functionIFbNS_9StringRefERNS_11PassManagerINS_6ModuleENS_15AnalysisManagerIS4_JEEEJEEENS_8ArrayRefINS_11PassBuilder15PipelineElementEEEEEvE10getFirstElEv:
function _ZNK4llvm25SmallVectorTemplateCommonISt8functionIFbNS_9StringRefERNS_11PassManagerINS_6ModuleENS_15AnalysisManagerIS4_JEEEJEEENS_8ArrayRefINS_11PassBuilder15PipelineElementEEEEEvE10getFirstElEv called 0 returned 0% blocks executed 0%
    #####:  109:  void *getFirstEl() const {
        -:  110:    return const_cast<void *>(reinterpret_cast<const void *>(
        -:  111:        reinterpret_cast<const char *>(this) +
    #####:  112:        offsetof(SmallVectorAlignmentAndSize<T>, FirstEl)));
    %%%%%:  112-block  0
        -:  113:  }
------------------
_ZNK4llvm25SmallVectorTemplateCommonINS_7SMFixItEvE10getFirstElEv:
function _ZNK4llvm25SmallVectorTemplateCommonINS_7SMFixItEvE10getFirstElEv called 0 returned 0% blocks executed 0%
    #####:  109:  void *getFirstEl() const {
        -:  110:    return const_cast<void *>(reinterpret_cast<const void *>(
        -:  111:        reinterpret_cast<const char *>(this) +
    #####:  112:        offsetof(SmallVectorAlignmentAndSize<T>, FirstEl)));
    %%%%%:  112-block  0
        -:  113:  }
------------------
_ZNK4llvm25SmallVectorTemplateCommonIPNS_10BasicBlockEvE10getFirstElEv:
function _ZNK4llvm25SmallVectorTemplateCommonIPNS_10BasicBlockEvE10getFirstElEv called 0 returned 0% blocks executed 0%
    #####:  109:  void *getFirstEl() const {
        -:  110:    return const_cast<void *>(reinterpret_cast<const void *>(
        -:  111:        reinterpret_cast<const char *>(this) +
    #####:  112:        offsetof(SmallVectorAlignmentAndSize<T>, FirstEl)));
    %%%%%:  112-block  0
        -:  113:  }
------------------
_ZNK4llvm25SmallVectorTemplateCommonIPNS_2cl14OptionCategoryEvE10getFirstElEv:
function _ZNK4llvm25SmallVectorTemplateCommonIPNS_2cl14OptionCategoryEvE10getFirstElEv called 233 returned 100% blocks executed 100%
      233:  109:  void *getFirstEl() const {
        -:  110:    return const_cast<void *>(reinterpret_cast<const void *>(
        -:  111:        reinterpret_cast<const char *>(this) +
      233:  112:        offsetof(SmallVectorAlignmentAndSize<T>, FirstEl)));
      233:  112-block  0
        -:  113:  }
------------------
_ZNK4llvm25SmallVectorTemplateCommonISt8functionIFvRNS_11PassManagerINS_8FunctionENS_15AnalysisManagerIS3_JEEEJEEENS_17OptimizationLevelEEEvE10getFirstElEv:
function _ZNK4llvm25SmallVectorTemplateCommonISt8functionIFvRNS_11PassManagerINS_8FunctionENS_15AnalysisManagerIS3_JEEEJEEENS_17OptimizationLevelEEEvE10getFirstElEv called 0 returned 0% blocks executed 0%
    #####:  109:  void *getFirstEl() const {
        -:  110:    return const_cast<void *>(reinterpret_cast<const void *>(
        -:  111:        reinterpret_cast<const char *>(this) +
    #####:  112:        offsetof(SmallVectorAlignmentAndSize<T>, FirstEl)));
    %%%%%:  112-block  0
        -:  113:  }
------------------
_ZNK4llvm25SmallVectorTemplateCommonISt8functionIFvRNS_11PassManagerINS_4LoopENS_15AnalysisManagerIS3_JRNS_27LoopStandardAnalysisResultsEEEEJS6_RNS_10LPMUpdaterEEEENS_17OptimizationLevelEEEvE10getFirstElEv:
function _ZNK4llvm25SmallVectorTemplateCommonISt8functionIFvRNS_11PassManagerINS_4LoopENS_15AnalysisManagerIS3_JRNS_27LoopStandardAnalysisResultsEEEEJS6_RNS_10LPMUpdaterEEEENS_17OptimizationLevelEEEvE10getFirstElEv called 0 returned 0% blocks executed 0%
    #####:  109:  void *getFirstEl() const {
        -:  110:    return const_cast<void *>(reinterpret_cast<const void *>(
        -:  111:        reinterpret_cast<const char *>(this) +
    #####:  112:        offsetof(SmallVectorAlignmentAndSize<T>, FirstEl)));
    %%%%%:  112-block  0
        -:  113:  }
------------------
_ZNK4llvm25SmallVectorTemplateCommonISt8functionIFvRNS_11PassManagerINS_13LazyCallGraph3SCCENS_15AnalysisManagerIS4_JRS3_EEEJS6_RNS_17CGSCCUpdateResultEEEENS_17OptimizationLevelEEEvE10getFirstElEv:
function _ZNK4llvm25SmallVectorTemplateCommonISt8functionIFvRNS_11PassManagerINS_13LazyCallGraph3SCCENS_15AnalysisManagerIS4_JRS3_EEEJS6_RNS_17CGSCCUpdateResultEEEENS_17OptimizationLevelEEEvE10getFirstElEv called 0 returned 0% blocks executed 0%
    #####:  109:  void *getFirstEl() const {
        -:  110:    return const_cast<void *>(reinterpret_cast<const void *>(
        -:  111:        reinterpret_cast<const char *>(this) +
    #####:  112:        offsetof(SmallVectorAlignmentAndSize<T>, FirstEl)));
    %%%%%:  112-block  0
        -:  113:  }
------------------
_ZNK4llvm25SmallVectorTemplateCommonISt8functionIFvRNS_11PassManagerINS_6ModuleENS_15AnalysisManagerIS3_JEEEJEEENS_17OptimizationLevelEEEvE10getFirstElEv:
function _ZNK4llvm25SmallVectorTemplateCommonISt8functionIFvRNS_11PassManagerINS_6ModuleENS_15AnalysisManagerIS3_JEEEJEEENS_17OptimizationLevelEEEvE10getFirstElEv called 0 returned 0% blocks executed 0%
    #####:  109:  void *getFirstEl() const {
        -:  110:    return const_cast<void *>(reinterpret_cast<const void *>(
        -:  111:        reinterpret_cast<const char *>(this) +
    #####:  112:        offsetof(SmallVectorAlignmentAndSize<T>, FirstEl)));
    %%%%%:  112-block  0
        -:  113:  }
------------------
_ZNK4llvm25SmallVectorTemplateCommonISt8functionIFvRNS_15AnalysisManagerINS_6ModuleEJEEEEEvE10getFirstElEv:
function _ZNK4llvm25SmallVectorTemplateCommonISt8functionIFvRNS_15AnalysisManagerINS_6ModuleEJEEEEEvE10getFirstElEv called 0 returned 0% blocks executed 0%
    #####:  109:  void *getFirstEl() const {
        -:  110:    return const_cast<void *>(reinterpret_cast<const void *>(
        -:  111:        reinterpret_cast<const char *>(this) +
    #####:  112:        offsetof(SmallVectorAlignmentAndSize<T>, FirstEl)));
    %%%%%:  112-block  0
        -:  113:  }
------------------
_ZNK4llvm25SmallVectorTemplateCommonISt8functionIFbNS_9StringRefERNS_9AAManagerEEEvE10getFirstElEv:
function _ZNK4llvm25SmallVectorTemplateCommonISt8functionIFbNS_9StringRefERNS_9AAManagerEEEvE10getFirstElEv called 0 returned 0% blocks executed 0%
    #####:  109:  void *getFirstEl() const {
        -:  110:    return const_cast<void *>(reinterpret_cast<const void *>(
        -:  111:        reinterpret_cast<const char *>(this) +
    #####:  112:        offsetof(SmallVectorAlignmentAndSize<T>, FirstEl)));
    %%%%%:  112-block  0
        -:  113:  }
------------------
_ZNK4llvm25SmallVectorTemplateCommonISt8functionIFbRNS_11PassManagerINS_6ModuleENS_15AnalysisManagerIS3_JEEEJEEENS_8ArrayRefINS_11PassBuilder15PipelineElementEEEEEvE10getFirstElEv:
function _ZNK4llvm25SmallVectorTemplateCommonISt8functionIFbRNS_11PassManagerINS_6ModuleENS_15AnalysisManagerIS3_JEEEJEEENS_8ArrayRefINS_11PassBuilder15PipelineElementEEEEEvE10getFirstElEv called 0 returned 0% blocks executed 0%
    #####:  109:  void *getFirstEl() const {
        -:  110:    return const_cast<void *>(reinterpret_cast<const void *>(
        -:  111:        reinterpret_cast<const char *>(this) +
    #####:  112:        offsetof(SmallVectorAlignmentAndSize<T>, FirstEl)));
    %%%%%:  112-block  0
        -:  113:  }
------------------
_ZNK4llvm25SmallVectorTemplateCommonISt8functionIFvRNS_15AnalysisManagerINS_13LazyCallGraph3SCCEJRS3_EEEEEvE10getFirstElEv:
function _ZNK4llvm25SmallVectorTemplateCommonISt8functionIFvRNS_15AnalysisManagerINS_13LazyCallGraph3SCCEJRS3_EEEEEvE10getFirstElEv called 0 returned 0% blocks executed 0%
    #####:  109:  void *getFirstEl() const {
        -:  110:    return const_cast<void *>(reinterpret_cast<const void *>(
        -:  111:        reinterpret_cast<const char *>(this) +
    #####:  112:        offsetof(SmallVectorAlignmentAndSize<T>, FirstEl)));
    %%%%%:  112-block  0
        -:  113:  }
------------------
_ZNK4llvm25SmallVectorTemplateCommonISt8functionIFbNS_9StringRefERNS_11PassManagerINS_13LazyCallGraph3SCCENS_15AnalysisManagerIS5_JRS4_EEEJS7_RNS_17CGSCCUpdateResultEEEENS_8ArrayRefINS_11PassBuilder15PipelineElementEEEEEvE10getFirstElEv:
function _ZNK4llvm25SmallVectorTemplateCommonISt8functionIFbNS_9StringRefERNS_11PassManagerINS_13LazyCallGraph3SCCENS_15AnalysisManagerIS5_JRS4_EEEJS7_RNS_17CGSCCUpdateResultEEEENS_8ArrayRefINS_11PassBuilder15PipelineElementEEEEEvE10getFirstElEv called 0 returned 0% blocks executed 0%
    #####:  109:  void *getFirstEl() const {
        -:  110:    return const_cast<void *>(reinterpret_cast<const void *>(
        -:  111:        reinterpret_cast<const char *>(this) +
    #####:  112:        offsetof(SmallVectorAlignmentAndSize<T>, FirstEl)));
    %%%%%:  112-block  0
        -:  113:  }
------------------
_ZNK4llvm25SmallVectorTemplateCommonISt8functionIFvRNS_15AnalysisManagerINS_8FunctionEJEEEEEvE10getFirstElEv:
function _ZNK4llvm25SmallVectorTemplateCommonISt8functionIFvRNS_15AnalysisManagerINS_8FunctionEJEEEEEvE10getFirstElEv called 0 returned 0% blocks executed 0%
    #####:  109:  void *getFirstEl() const {
        -:  110:    return const_cast<void *>(reinterpret_cast<const void *>(
        -:  111:        reinterpret_cast<const char *>(this) +
    #####:  112:        offsetof(SmallVectorAlignmentAndSize<T>, FirstEl)));
    %%%%%:  112-block  0
        -:  113:  }
------------------
_ZNK4llvm25SmallVectorTemplateCommonISt8functionIFbNS_9StringRefERNS_11PassManagerINS_8FunctionENS_15AnalysisManagerIS4_JEEEJEEENS_8ArrayRefINS_11PassBuilder15PipelineElementEEEEEvE10getFirstElEv:
function _ZNK4llvm25SmallVectorTemplateCommonISt8functionIFbNS_9StringRefERNS_11PassManagerINS_8FunctionENS_15AnalysisManagerIS4_JEEEJEEENS_8ArrayRefINS_11PassBuilder15PipelineElementEEEEEvE10getFirstElEv called 0 returned 0% blocks executed 0%
    #####:  109:  void *getFirstEl() const {
        -:  110:    return const_cast<void *>(reinterpret_cast<const void *>(
        -:  111:        reinterpret_cast<const char *>(this) +
    #####:  112:        offsetof(SmallVectorAlignmentAndSize<T>, FirstEl)));
    %%%%%:  112-block  0
        -:  113:  }
------------------
_ZNK4llvm25SmallVectorTemplateCommonISt8functionIFvRNS_15AnalysisManagerINS_4LoopEJRNS_27LoopStandardAnalysisResultsEEEEEEvE10getFirstElEv:
function _ZNK4llvm25SmallVectorTemplateCommonISt8functionIFvRNS_15AnalysisManagerINS_4LoopEJRNS_27LoopStandardAnalysisResultsEEEEEEvE10getFirstElEv called 0 returned 0% blocks executed 0%
    #####:  109:  void *getFirstEl() const {
        -:  110:    return const_cast<void *>(reinterpret_cast<const void *>(
        -:  111:        reinterpret_cast<const char *>(this) +
    #####:  112:        offsetof(SmallVectorAlignmentAndSize<T>, FirstEl)));
    %%%%%:  112-block  0
        -:  113:  }
------------------
_ZNK4llvm25SmallVectorTemplateCommonISt8functionIFbNS_9StringRefERNS_11PassManagerINS_4LoopENS_15AnalysisManagerIS4_JRNS_27LoopStandardAnalysisResultsEEEEJS7_RNS_10LPMUpdaterEEEENS_8ArrayRefINS_11PassBuilder15PipelineElementEEEEEvE10getFirstElEv:
function _ZNK4llvm25SmallVectorTemplateCommonISt8functionIFbNS_9StringRefERNS_11PassManagerINS_4LoopENS_15AnalysisManagerIS4_JRNS_27LoopStandardAnalysisResultsEEEEJS7_RNS_10LPMUpdaterEEEENS_8ArrayRefINS_11PassBuilder15PipelineElementEEEEEvE10getFirstElEv called 0 returned 0% blocks executed 0%
    #####:  109:  void *getFirstEl() const {
        -:  110:    return const_cast<void *>(reinterpret_cast<const void *>(
        -:  111:        reinterpret_cast<const char *>(this) +
    #####:  112:        offsetof(SmallVectorAlignmentAndSize<T>, FirstEl)));
    %%%%%:  112-block  0
        -:  113:  }
------------------
        -:  114:  // Space after 'FirstEl' is clobbered, do not add any instance vars after it.
        -:  115:
        -:  116:protected:
     194*:  117:  SmallVectorTemplateCommon(size_t Size) : Base(getFirstEl(), Size) {}
------------------
_ZN4llvm25SmallVectorTemplateCommonIPNS_2cl14OptionCategoryEvEC2Em:
function _ZN4llvm25SmallVectorTemplateCommonIPNS_2cl14OptionCategoryEvEC2Em called 194 returned 100% blocks executed 100%
      194:  117:  SmallVectorTemplateCommon(size_t Size) : Base(getFirstEl(), Size) {}
      194:  117-block  0
Aufruf  0 gab 194 zurück
Aufruf  1 gab 194 zurück
------------------
_ZN4llvm25SmallVectorTemplateCommonIPNS_10BasicBlockEvEC2Em:
function _ZN4llvm25SmallVectorTemplateCommonIPNS_10BasicBlockEvEC2Em called 0 returned 0% blocks executed 0%
    #####:  117:  SmallVectorTemplateCommon(size_t Size) : Base(getFirstEl(), Size) {}
    %%%%%:  117-block  0
Aufruf  0 niemals ausgeführt
Aufruf  1 niemals ausgeführt
------------------
_ZN4llvm25SmallVectorTemplateCommonINS_7SMFixItEvEC2Em:
function _ZN4llvm25SmallVectorTemplateCommonINS_7SMFixItEvEC2Em called 0 returned 0% blocks executed 0%
    #####:  117:  SmallVectorTemplateCommon(size_t Size) : Base(getFirstEl(), Size) {}
    %%%%%:  117-block  0
Aufruf  0 niemals ausgeführt
Aufruf  1 niemals ausgeführt
------------------
        -:  118:
function _ZN4llvm25SmallVectorTemplateCommonIPNS_2cl14OptionCategoryEvE8grow_podEmm called 0 returned 0% blocks executed 0%
    #####:  119:  void grow_pod(size_t MinSize, size_t TSize) {
    #####:  120:    Base::grow_pod(getFirstEl(), MinSize, TSize);
    %%%%%:  120-block  0
Aufruf  0 niemals ausgeführt
Aufruf  1 niemals ausgeführt
    #####:  121:  }
        -:  122:
        -:  123:  /// Return true if this is a smallvector which has not had dynamic
        -:  124:  /// memory allocated for it.
      39*:  125:  bool isSmall() const { return this->BeginX == getFirstEl(); }
------------------
_ZNK4llvm25SmallVectorTemplateCommonISt8functionIFbNS_9StringRefERNS_11PassManagerINS_6ModuleENS_15AnalysisManagerIS4_JEEEJEEENS_8ArrayRefINS_11PassBuilder15PipelineElementEEEEEvE7isSmallEv:
function _ZNK4llvm25SmallVectorTemplateCommonISt8functionIFbNS_9StringRefERNS_11PassManagerINS_6ModuleENS_15AnalysisManagerIS4_JEEEJEEENS_8ArrayRefINS_11PassBuilder15PipelineElementEEEEEvE7isSmallEv called 0 returned 0% blocks executed 0%
    #####:  125:  bool isSmall() const { return this->BeginX == getFirstEl(); }
    %%%%%:  125-block  0
Aufruf  0 niemals ausgeführt
------------------
_ZNK4llvm25SmallVectorTemplateCommonINS_7SMFixItEvE7isSmallEv:
function _ZNK4llvm25SmallVectorTemplateCommonINS_7SMFixItEvE7isSmallEv called 0 returned 0% blocks executed 0%
    #####:  125:  bool isSmall() const { return this->BeginX == getFirstEl(); }
    %%%%%:  125-block  0
Aufruf  0 niemals ausgeführt
------------------
_ZNK4llvm25SmallVectorTemplateCommonIPNS_10BasicBlockEvE7isSmallEv:
function _ZNK4llvm25SmallVectorTemplateCommonIPNS_10BasicBlockEvE7isSmallEv called 0 returned 0% blocks executed 0%
    #####:  125:  bool isSmall() const { return this->BeginX == getFirstEl(); }
    %%%%%:  125-block  0
Aufruf  0 niemals ausgeführt
------------------
_ZNK4llvm25SmallVectorTemplateCommonIPNS_2cl14OptionCategoryEvE7isSmallEv:
function _ZNK4llvm25SmallVectorTemplateCommonIPNS_2cl14OptionCategoryEvE7isSmallEv called 39 returned 100% blocks executed 100%
       39:  125:  bool isSmall() const { return this->BeginX == getFirstEl(); }
       39:  125-block  0
Aufruf  0 gab 39 zurück
------------------
_ZNK4llvm25SmallVectorTemplateCommonISt8functionIFvRNS_11PassManagerINS_8FunctionENS_15AnalysisManagerIS3_JEEEJEEENS_17OptimizationLevelEEEvE7isSmallEv:
function _ZNK4llvm25SmallVectorTemplateCommonISt8functionIFvRNS_11PassManagerINS_8FunctionENS_15AnalysisManagerIS3_JEEEJEEENS_17OptimizationLevelEEEvE7isSmallEv called 0 returned 0% blocks executed 0%
    #####:  125:  bool isSmall() const { return this->BeginX == getFirstEl(); }
    %%%%%:  125-block  0
Aufruf  0 niemals ausgeführt
------------------
_ZNK4llvm25SmallVectorTemplateCommonISt8functionIFvRNS_11PassManagerINS_4LoopENS_15AnalysisManagerIS3_JRNS_27LoopStandardAnalysisResultsEEEEJS6_RNS_10LPMUpdaterEEEENS_17OptimizationLevelEEEvE7isSmallEv:
function _ZNK4llvm25SmallVectorTemplateCommonISt8functionIFvRNS_11PassManagerINS_4LoopENS_15AnalysisManagerIS3_JRNS_27LoopStandardAnalysisResultsEEEEJS6_RNS_10LPMUpdaterEEEENS_17OptimizationLevelEEEvE7isSmallEv called 0 returned 0% blocks executed 0%
    #####:  125:  bool isSmall() const { return this->BeginX == getFirstEl(); }
    %%%%%:  125-block  0
Aufruf  0 niemals ausgeführt
------------------
_ZNK4llvm25SmallVectorTemplateCommonISt8functionIFvRNS_11PassManagerINS_13LazyCallGraph3SCCENS_15AnalysisManagerIS4_JRS3_EEEJS6_RNS_17CGSCCUpdateResultEEEENS_17OptimizationLevelEEEvE7isSmallEv:
function _ZNK4llvm25SmallVectorTemplateCommonISt8functionIFvRNS_11PassManagerINS_13LazyCallGraph3SCCENS_15AnalysisManagerIS4_JRS3_EEEJS6_RNS_17CGSCCUpdateResultEEEENS_17OptimizationLevelEEEvE7isSmallEv called 0 returned 0% blocks executed 0%
    #####:  125:  bool isSmall() const { return this->BeginX == getFirstEl(); }
    %%%%%:  125-block  0
Aufruf  0 niemals ausgeführt
------------------
_ZNK4llvm25SmallVectorTemplateCommonISt8functionIFvRNS_11PassManagerINS_6ModuleENS_15AnalysisManagerIS3_JEEEJEEENS_17OptimizationLevelEEEvE7isSmallEv:
function _ZNK4llvm25SmallVectorTemplateCommonISt8functionIFvRNS_11PassManagerINS_6ModuleENS_15AnalysisManagerIS3_JEEEJEEENS_17OptimizationLevelEEEvE7isSmallEv called 0 returned 0% blocks executed 0%
    #####:  125:  bool isSmall() const { return this->BeginX == getFirstEl(); }
    %%%%%:  125-block  0
Aufruf  0 niemals ausgeführt
------------------
_ZNK4llvm25SmallVectorTemplateCommonISt8functionIFvRNS_15AnalysisManagerINS_6ModuleEJEEEEEvE7isSmallEv:
function _ZNK4llvm25SmallVectorTemplateCommonISt8functionIFvRNS_15AnalysisManagerINS_6ModuleEJEEEEEvE7isSmallEv called 0 returned 0% blocks executed 0%
    #####:  125:  bool isSmall() const { return this->BeginX == getFirstEl(); }
    %%%%%:  125-block  0
Aufruf  0 niemals ausgeführt
------------------
_ZNK4llvm25SmallVectorTemplateCommonISt8functionIFbNS_9StringRefERNS_9AAManagerEEEvE7isSmallEv:
function _ZNK4llvm25SmallVectorTemplateCommonISt8functionIFbNS_9StringRefERNS_9AAManagerEEEvE7isSmallEv called 0 returned 0% blocks executed 0%
    #####:  125:  bool isSmall() const { return this->BeginX == getFirstEl(); }
    %%%%%:  125-block  0
Aufruf  0 niemals ausgeführt
------------------
_ZNK4llvm25SmallVectorTemplateCommonISt8functionIFbRNS_11PassManagerINS_6ModuleENS_15AnalysisManagerIS3_JEEEJEEENS_8ArrayRefINS_11PassBuilder15PipelineElementEEEEEvE7isSmallEv:
function _ZNK4llvm25SmallVectorTemplateCommonISt8functionIFbRNS_11PassManagerINS_6ModuleENS_15AnalysisManagerIS3_JEEEJEEENS_8ArrayRefINS_11PassBuilder15PipelineElementEEEEEvE7isSmallEv called 0 returned 0% blocks executed 0%
    #####:  125:  bool isSmall() const { return this->BeginX == getFirstEl(); }
    %%%%%:  125-block  0
Aufruf  0 niemals ausgeführt
------------------
_ZNK4llvm25SmallVectorTemplateCommonISt8functionIFvRNS_15AnalysisManagerINS_13LazyCallGraph3SCCEJRS3_EEEEEvE7isSmallEv:
function _ZNK4llvm25SmallVectorTemplateCommonISt8functionIFvRNS_15AnalysisManagerINS_13LazyCallGraph3SCCEJRS3_EEEEEvE7isSmallEv called 0 returned 0% blocks executed 0%
    #####:  125:  bool isSmall() const { return this->BeginX == getFirstEl(); }
    %%%%%:  125-block  0
Aufruf  0 niemals ausgeführt
------------------
_ZNK4llvm25SmallVectorTemplateCommonISt8functionIFbNS_9StringRefERNS_11PassManagerINS_13LazyCallGraph3SCCENS_15AnalysisManagerIS5_JRS4_EEEJS7_RNS_17CGSCCUpdateResultEEEENS_8ArrayRefINS_11PassBuilder15PipelineElementEEEEEvE7isSmallEv:
function _ZNK4llvm25SmallVectorTemplateCommonISt8functionIFbNS_9StringRefERNS_11PassManagerINS_13LazyCallGraph3SCCENS_15AnalysisManagerIS5_JRS4_EEEJS7_RNS_17CGSCCUpdateResultEEEENS_8ArrayRefINS_11PassBuilder15PipelineElementEEEEEvE7isSmallEv called 0 returned 0% blocks executed 0%
    #####:  125:  bool isSmall() const { return this->BeginX == getFirstEl(); }
    %%%%%:  125-block  0
Aufruf  0 niemals ausgeführt
------------------
_ZNK4llvm25SmallVectorTemplateCommonISt8functionIFvRNS_15AnalysisManagerINS_8FunctionEJEEEEEvE7isSmallEv:
function _ZNK4llvm25SmallVectorTemplateCommonISt8functionIFvRNS_15AnalysisManagerINS_8FunctionEJEEEEEvE7isSmallEv called 0 returned 0% blocks executed 0%
    #####:  125:  bool isSmall() const { return this->BeginX == getFirstEl(); }
    %%%%%:  125-block  0
Aufruf  0 niemals ausgeführt
------------------
_ZNK4llvm25SmallVectorTemplateCommonISt8functionIFbNS_9StringRefERNS_11PassManagerINS_8FunctionENS_15AnalysisManagerIS4_JEEEJEEENS_8ArrayRefINS_11PassBuilder15PipelineElementEEEEEvE7isSmallEv:
function _ZNK4llvm25SmallVectorTemplateCommonISt8functionIFbNS_9StringRefERNS_11PassManagerINS_8FunctionENS_15AnalysisManagerIS4_JEEEJEEENS_8ArrayRefINS_11PassBuilder15PipelineElementEEEEEvE7isSmallEv called 0 returned 0% blocks executed 0%
    #####:  125:  bool isSmall() const { return this->BeginX == getFirstEl(); }
    %%%%%:  125-block  0
Aufruf  0 niemals ausgeführt
------------------
_ZNK4llvm25SmallVectorTemplateCommonISt8functionIFvRNS_15AnalysisManagerINS_4LoopEJRNS_27LoopStandardAnalysisResultsEEEEEEvE7isSmallEv:
function _ZNK4llvm25SmallVectorTemplateCommonISt8functionIFvRNS_15AnalysisManagerINS_4LoopEJRNS_27LoopStandardAnalysisResultsEEEEEEvE7isSmallEv called 0 returned 0% blocks executed 0%
    #####:  125:  bool isSmall() const { return this->BeginX == getFirstEl(); }
    %%%%%:  125-block  0
Aufruf  0 niemals ausgeführt
------------------
_ZNK4llvm25SmallVectorTemplateCommonISt8functionIFbNS_9StringRefERNS_11PassManagerINS_4LoopENS_15AnalysisManagerIS4_JRNS_27LoopStandardAnalysisResultsEEEEJS7_RNS_10LPMUpdaterEEEENS_8ArrayRefINS_11PassBuilder15PipelineElementEEEEEvE7isSmallEv:
function _ZNK4llvm25SmallVectorTemplateCommonISt8functionIFbNS_9StringRefERNS_11PassManagerINS_4LoopENS_15AnalysisManagerIS4_JRNS_27LoopStandardAnalysisResultsEEEEJS7_RNS_10LPMUpdaterEEEENS_8ArrayRefINS_11PassBuilder15PipelineElementEEEEEvE7isSmallEv called 0 returned 0% blocks executed 0%
    #####:  125:  bool isSmall() const { return this->BeginX == getFirstEl(); }
    %%%%%:  125-block  0
Aufruf  0 niemals ausgeführt
------------------
        -:  126:
        -:  127:  /// Put this vector in a state of being small.
        -:  128:  void resetToSmall() {
        -:  129:    this->BeginX = getFirstEl();
        -:  130:    this->Size = this->Capacity = 0; // FIXME: Setting Capacity to 0 is suspect.
        -:  131:  }
        -:  132:
        -:  133:  /// Return true if V is an internal reference to the given range.
function _ZNK4llvm25SmallVectorTemplateCommonISt8functionIFbNS_9StringRefERNS_11PassManagerINS_8FunctionENS_15AnalysisManagerIS4_JEEEJEEENS_8ArrayRefINS_11PassBuilder15PipelineElementEEEEEvE18isReferenceToRangeEPKvSH_SH_ called 0 returned 0% blocks executed 0%
    #####:  134:  bool isReferenceToRange(const void *V, const void *First, const void *Last) const {
        -:  135:    // Use std::less to avoid UB.
        -:  136:    std::less<> LessThan;
    #####:  137:    return !LessThan(V, First) && LessThan(V, Last);
    %%%%%:  137-block  0
Aufruf  0 niemals ausgeführt
Zweig  1 niemals ausgeführt
Zweig  2 niemals ausgeführt
    %%%%%:  137-block  1
Aufruf  3 niemals ausgeführt
Zweig  4 niemals ausgeführt
Zweig  5 niemals ausgeführt
    %%%%%:  137-block  2
    %%%%%:  137-block  3
    %%%%%:  137-block  4
        -:  138:  }
        -:  139:
        -:  140:  /// Return true if V is an internal reference to this vector.
function _ZNK4llvm25SmallVectorTemplateCommonISt8functionIFbNS_9StringRefERNS_11PassManagerINS_8FunctionENS_15AnalysisManagerIS4_JEEEJEEENS_8ArrayRefINS_11PassBuilder15PipelineElementEEEEEvE20isReferenceToStorageEPKv called 0 returned 0% blocks executed 0%
    #####:  141:  bool isReferenceToStorage(const void *V) const {
    #####:  142:    return isReferenceToRange(V, this->begin(), this->end());
    %%%%%:  142-block  0
Aufruf  0 niemals ausgeführt
Aufruf  1 niemals ausgeführt
Aufruf  2 niemals ausgeführt
        -:  143:  }
        -:  144:
        -:  145:  /// Return true if First and Last form a valid (possibly empty) range in this
        -:  146:  /// vector's storage.
        -:  147:  bool isRangeInStorage(const void *First, const void *Last) const {
        -:  148:    // Use std::less to avoid UB.
        -:  149:    std::less<> LessThan;
        -:  150:    return !LessThan(First, this->begin()) && !LessThan(Last, First) &&
        -:  151:           !LessThan(this->end(), Last);
        -:  152:  }
        -:  153:
        -:  154:  /// Return true unless Elt will be invalidated by resizing the vector to
        -:  155:  /// NewSize.
        -:  156:  bool isSafeToReferenceAfterResize(const void *Elt, size_t NewSize) {
        -:  157:    // Past the end.
        -:  158:    if (LLVM_LIKELY(!isReferenceToStorage(Elt)))
        -:  159:      return true;
        -:  160:
        -:  161:    // Return false if Elt will be destroyed by shrinking.
        -:  162:    if (NewSize <= this->size())
        -:  163:      return Elt < this->begin() + NewSize;
        -:  164:
        -:  165:    // Return false if we need to grow.
        -:  166:    return NewSize <= this->capacity();
        -:  167:  }
        -:  168:
        -:  169:  /// Check whether Elt will be invalidated by resizing the vector to NewSize.
        -:  170:  void assertSafeToReferenceAfterResize(const void *Elt, size_t NewSize) {
        -:  171:    assert(isSafeToReferenceAfterResize(Elt, NewSize) &&
        -:  172:           "Attempting to reference an element of the vector in an operation "
        -:  173:           "that invalidates it");
        -:  174:  }
        -:  175:
        -:  176:  /// Check whether Elt will be invalidated by increasing the size of the
        -:  177:  /// vector by N.
        -:  178:  void assertSafeToAdd(const void *Elt, size_t N = 1) {
        -:  179:    this->assertSafeToReferenceAfterResize(Elt, this->size() + N);
        -:  180:  }
        -:  181:
        -:  182:  /// Check whether any part of the range will be invalidated by clearing.
        -:  183:  void assertSafeToReferenceAfterClear(const T *From, const T *To) {
        -:  184:    if (From == To)
        -:  185:      return;
        -:  186:    this->assertSafeToReferenceAfterResize(From, 0);
        -:  187:    this->assertSafeToReferenceAfterResize(To - 1, 0);
        -:  188:  }
        -:  189:  template <
        -:  190:      class ItTy,
        -:  191:      std::enable_if_t<!std::is_same<std::remove_const_t<ItTy>, T *>::value,
        -:  192:                       bool> = false>
        -:  193:  void assertSafeToReferenceAfterClear(ItTy, ItTy) {}
        -:  194:
        -:  195:  /// Check whether any part of the range will be invalidated by growing.
        -:  196:  void assertSafeToAddRange(const T *From, const T *To) {
        -:  197:    if (From == To)
        -:  198:      return;
        -:  199:    this->assertSafeToAdd(From, To - From);
        -:  200:    this->assertSafeToAdd(To - 1, To - From);
        -:  201:  }
        -:  202:  template <
        -:  203:      class ItTy,
        -:  204:      std::enable_if_t<!std::is_same<std::remove_const_t<ItTy>, T *>::value,
        -:  205:                       bool> = false>
        -:  206:  void assertSafeToAddRange(ItTy, ItTy) {}
        -:  207:
        -:  208:  /// Reserve enough space to add one element, and return the updated element
        -:  209:  /// pointer in case it was a reference to the storage.
        -:  210:  template <class U>
     194*:  211:  static const T *reserveForParamAndGetAddressImpl(U *This, const T &Elt,
        -:  212:                                                   size_t N) {
     194*:  213:    size_t NewSize = This->size() + N;
     194*:  214:    if (LLVM_LIKELY(NewSize <= This->capacity()))
     194*:  215:      return &Elt;
        -:  216:
    #####:  217:    bool ReferencesStorage = false;
    #####:  218:    int64_t Index = -1;
        -:  219:    if (!U::TakesParamByValue) {
    #####:  220:      if (LLVM_UNLIKELY(This->isReferenceToStorage(&Elt))) {
    #####:  221:        ReferencesStorage = true;
    #####:  222:        Index = &Elt - This->begin();
        -:  223:      }
        -:  224:    }
    #####:  225:    This->grow(NewSize);
    #####:  226:    return ReferencesStorage ? This->begin() + Index : &Elt;
        -:  227:  }
------------------
_ZN4llvm25SmallVectorTemplateCommonISt8functionIFbNS_9StringRefERNS_11PassManagerINS_8FunctionENS_15AnalysisManagerIS4_JEEEJEEENS_8ArrayRefINS_11PassBuilder15PipelineElementEEEEEvE32reserveForParamAndGetAddressImplINS_23SmallVectorTemplateBaseISE_Lb0EEEEEPKSE_PT_RSJ_m:
function _ZN4llvm25SmallVectorTemplateCommonISt8functionIFbNS_9StringRefERNS_11PassManagerINS_8FunctionENS_15AnalysisManagerIS4_JEEEJEEENS_8ArrayRefINS_11PassBuilder15PipelineElementEEEEEvE32reserveForParamAndGetAddressImplINS_23SmallVectorTemplateBaseISE_Lb0EEEEEPKSE_PT_RSJ_m called 0 returned 0% blocks executed 0%
    #####:  211:  static const T *reserveForParamAndGetAddressImpl(U *This, const T &Elt,
        -:  212:                                                   size_t N) {
    #####:  213:    size_t NewSize = This->size() + N;
    %%%%%:  213-block  0
Aufruf  0 niemals ausgeführt
    #####:  214:    if (LLVM_LIKELY(NewSize <= This->capacity()))
Aufruf  0 niemals ausgeführt
Zweig  1 niemals ausgeführt
Zweig  2 niemals ausgeführt
    #####:  215:      return &Elt;
    %%%%%:  215-block  0
        -:  216:
    #####:  217:    bool ReferencesStorage = false;
    #####:  218:    int64_t Index = -1;
    %%%%%:  218-block  0
        -:  219:    if (!U::TakesParamByValue) {
    #####:  220:      if (LLVM_UNLIKELY(This->isReferenceToStorage(&Elt))) {
    %%%%%:  220-block  0
Aufruf  0 niemals ausgeführt
Zweig  1 niemals ausgeführt
Zweig  2 niemals ausgeführt
    #####:  221:        ReferencesStorage = true;
    #####:  222:        Index = &Elt - This->begin();
    %%%%%:  222-block  0
Aufruf  0 niemals ausgeführt
        -:  223:      }
        -:  224:    }
    #####:  225:    This->grow(NewSize);
    %%%%%:  225-block  0
Aufruf  0 niemals ausgeführt
    #####:  226:    return ReferencesStorage ? This->begin() + Index : &Elt;
Zweig  0 niemals ausgeführt
Zweig  1 niemals ausgeführt
    %%%%%:  226-block  0
Aufruf  2 niemals ausgeführt
    %%%%%:  226-block  1
    %%%%%:  226-block  2
        -:  227:  }
------------------
_ZN4llvm25SmallVectorTemplateCommonIPNS_2cl14OptionCategoryEvE32reserveForParamAndGetAddressImplINS_23SmallVectorTemplateBaseIS3_Lb1EEEEEPKS3_PT_RS8_m:
function _ZN4llvm25SmallVectorTemplateCommonIPNS_2cl14OptionCategoryEvE32reserveForParamAndGetAddressImplINS_23SmallVectorTemplateBaseIS3_Lb1EEEEEPKS3_PT_RS8_m called 194 returned 100% blocks executed 42%
      194:  211:  static const T *reserveForParamAndGetAddressImpl(U *This, const T &Elt,
        -:  212:                                                   size_t N) {
      194:  213:    size_t NewSize = This->size() + N;
      194:  213-block  0
Aufruf  0 gab 194 zurück
      194:  214:    if (LLVM_LIKELY(NewSize <= This->capacity()))
Aufruf  0 gab 194 zurück
Zweig  1 wurde genommen: 194 (fallthrough)
Zweig  2 wurde genommen: 0
      194:  215:      return &Elt;
      194:  215-block  0
        -:  216:
    #####:  217:    bool ReferencesStorage = false;
    #####:  218:    int64_t Index = -1;
    %%%%%:  218-block  0
        -:  219:    if (!U::TakesParamByValue) {
        -:  220:      if (LLVM_UNLIKELY(This->isReferenceToStorage(&Elt))) {
        -:  221:        ReferencesStorage = true;
        -:  222:        Index = &Elt - This->begin();
        -:  223:      }
        -:  224:    }
    #####:  225:    This->grow(NewSize);
    %%%%%:  225-block  0
Aufruf  0 niemals ausgeführt
    #####:  226:    return ReferencesStorage ? This->begin() + Index : &Elt;
Zweig  0 niemals ausgeführt
Zweig  1 niemals ausgeführt
    %%%%%:  226-block  0
Aufruf  2 niemals ausgeführt
    %%%%%:  226-block  1
    %%%%%:  226-block  2
        -:  227:  }
------------------
        -:  228:
        -:  229:public:
        -:  230:  using size_type = size_t;
        -:  231:  using difference_type = ptrdiff_t;
        -:  232:  using value_type = T;
        -:  233:  using iterator = T *;
        -:  234:  using const_iterator = const T *;
        -:  235:
        -:  236:  using const_reverse_iterator = std::reverse_iterator<const_iterator>;
        -:  237:  using reverse_iterator = std::reverse_iterator<iterator>;
        -:  238:
        -:  239:  using reference = T &;
        -:  240:  using const_reference = const T &;
        -:  241:  using pointer = T *;
        -:  242:  using const_pointer = const T *;
        -:  243:
        -:  244:  using Base::capacity;
        -:  245:  using Base::empty;
        -:  246:  using Base::size;
        -:  247:
        -:  248:  // forward iterator creation methods.
     272*:  249:  iterator begin() { return (iterator)this->BeginX; }
------------------
_ZN4llvm25SmallVectorTemplateCommonISt8functionIFbNS_9StringRefERNS_11PassManagerINS_6ModuleENS_15AnalysisManagerIS4_JEEEJEEENS_8ArrayRefINS_11PassBuilder15PipelineElementEEEEEvE5beginEv:
function _ZN4llvm25SmallVectorTemplateCommonISt8functionIFbNS_9StringRefERNS_11PassManagerINS_6ModuleENS_15AnalysisManagerIS4_JEEEJEEENS_8ArrayRefINS_11PassBuilder15PipelineElementEEEEEvE5beginEv called 0 returned 0% blocks executed 0%
    #####:  249:  iterator begin() { return (iterator)this->BeginX; }
    %%%%%:  249-block  0
------------------
_ZN4llvm25SmallVectorTemplateCommonINS_7SMFixItEvE5beginEv:
function _ZN4llvm25SmallVectorTemplateCommonINS_7SMFixItEvE5beginEv called 0 returned 0% blocks executed 0%
    #####:  249:  iterator begin() { return (iterator)this->BeginX; }
    %%%%%:  249-block  0
------------------
_ZN4llvm25SmallVectorTemplateCommonIPNS_10BasicBlockEvE5beginEv:
function _ZN4llvm25SmallVectorTemplateCommonIPNS_10BasicBlockEvE5beginEv called 0 returned 0% blocks executed 0%
    #####:  249:  iterator begin() { return (iterator)this->BeginX; }
    %%%%%:  249-block  0
------------------
_ZN4llvm25SmallVectorTemplateCommonIPNS_2cl14OptionCategoryEvE5beginEv:
function _ZN4llvm25SmallVectorTemplateCommonIPNS_2cl14OptionCategoryEvE5beginEv called 272 returned 100% blocks executed 100%
      272:  249:  iterator begin() { return (iterator)this->BeginX; }
      272:  249-block  0
------------------
_ZN4llvm25SmallVectorTemplateCommonISt8functionIFvRNS_11PassManagerINS_8FunctionENS_15AnalysisManagerIS3_JEEEJEEENS_17OptimizationLevelEEEvE5beginEv:
function _ZN4llvm25SmallVectorTemplateCommonISt8functionIFvRNS_11PassManagerINS_8FunctionENS_15AnalysisManagerIS3_JEEEJEEENS_17OptimizationLevelEEEvE5beginEv called 0 returned 0% blocks executed 0%
    #####:  249:  iterator begin() { return (iterator)this->BeginX; }
    %%%%%:  249-block  0
------------------
_ZN4llvm25SmallVectorTemplateCommonISt8functionIFvRNS_11PassManagerINS_4LoopENS_15AnalysisManagerIS3_JRNS_27LoopStandardAnalysisResultsEEEEJS6_RNS_10LPMUpdaterEEEENS_17OptimizationLevelEEEvE5beginEv:
function _ZN4llvm25SmallVectorTemplateCommonISt8functionIFvRNS_11PassManagerINS_4LoopENS_15AnalysisManagerIS3_JRNS_27LoopStandardAnalysisResultsEEEEJS6_RNS_10LPMUpdaterEEEENS_17OptimizationLevelEEEvE5beginEv called 0 returned 0% blocks executed 0%
    #####:  249:  iterator begin() { return (iterator)this->BeginX; }
    %%%%%:  249-block  0
------------------
_ZN4llvm25SmallVectorTemplateCommonISt8functionIFvRNS_11PassManagerINS_13LazyCallGraph3SCCENS_15AnalysisManagerIS4_JRS3_EEEJS6_RNS_17CGSCCUpdateResultEEEENS_17OptimizationLevelEEEvE5beginEv:
function _ZN4llvm25SmallVectorTemplateCommonISt8functionIFvRNS_11PassManagerINS_13LazyCallGraph3SCCENS_15AnalysisManagerIS4_JRS3_EEEJS6_RNS_17CGSCCUpdateResultEEEENS_17OptimizationLevelEEEvE5beginEv called 0 returned 0% blocks executed 0%
    #####:  249:  iterator begin() { return (iterator)this->BeginX; }
    %%%%%:  249-block  0
------------------
_ZN4llvm25SmallVectorTemplateCommonISt8functionIFvRNS_11PassManagerINS_6ModuleENS_15AnalysisManagerIS3_JEEEJEEENS_17OptimizationLevelEEEvE5beginEv:
function _ZN4llvm25SmallVectorTemplateCommonISt8functionIFvRNS_11PassManagerINS_6ModuleENS_15AnalysisManagerIS3_JEEEJEEENS_17OptimizationLevelEEEvE5beginEv called 0 returned 0% blocks executed 0%
    #####:  249:  iterator begin() { return (iterator)this->BeginX; }
    %%%%%:  249-block  0
------------------
_ZN4llvm25SmallVectorTemplateCommonISt8functionIFvRNS_15AnalysisManagerINS_6ModuleEJEEEEEvE5beginEv:
function _ZN4llvm25SmallVectorTemplateCommonISt8functionIFvRNS_15AnalysisManagerINS_6ModuleEJEEEEEvE5beginEv called 0 returned 0% blocks executed 0%
    #####:  249:  iterator begin() { return (iterator)this->BeginX; }
    %%%%%:  249-block  0
------------------
_ZN4llvm25SmallVectorTemplateCommonISt8functionIFbNS_9StringRefERNS_9AAManagerEEEvE5beginEv:
function _ZN4llvm25SmallVectorTemplateCommonISt8functionIFbNS_9StringRefERNS_9AAManagerEEEvE5beginEv called 0 returned 0% blocks executed 0%
    #####:  249:  iterator begin() { return (iterator)this->BeginX; }
    %%%%%:  249-block  0
------------------
_ZN4llvm25SmallVectorTemplateCommonISt8functionIFbRNS_11PassManagerINS_6ModuleENS_15AnalysisManagerIS3_JEEEJEEENS_8ArrayRefINS_11PassBuilder15PipelineElementEEEEEvE5beginEv:
function _ZN4llvm25SmallVectorTemplateCommonISt8functionIFbRNS_11PassManagerINS_6ModuleENS_15AnalysisManagerIS3_JEEEJEEENS_8ArrayRefINS_11PassBuilder15PipelineElementEEEEEvE5beginEv called 0 returned 0% blocks executed 0%
    #####:  249:  iterator begin() { return (iterator)this->BeginX; }
    %%%%%:  249-block  0
------------------
_ZN4llvm25SmallVectorTemplateCommonISt8functionIFvRNS_15AnalysisManagerINS_13LazyCallGraph3SCCEJRS3_EEEEEvE5beginEv:
function _ZN4llvm25SmallVectorTemplateCommonISt8functionIFvRNS_15AnalysisManagerINS_13LazyCallGraph3SCCEJRS3_EEEEEvE5beginEv called 0 returned 0% blocks executed 0%
    #####:  249:  iterator begin() { return (iterator)this->BeginX; }
    %%%%%:  249-block  0
------------------
_ZN4llvm25SmallVectorTemplateCommonISt8functionIFbNS_9StringRefERNS_11PassManagerINS_13LazyCallGraph3SCCENS_15AnalysisManagerIS5_JRS4_EEEJS7_RNS_17CGSCCUpdateResultEEEENS_8ArrayRefINS_11PassBuilder15PipelineElementEEEEEvE5beginEv:
function _ZN4llvm25SmallVectorTemplateCommonISt8functionIFbNS_9StringRefERNS_11PassManagerINS_13LazyCallGraph3SCCENS_15AnalysisManagerIS5_JRS4_EEEJS7_RNS_17CGSCCUpdateResultEEEENS_8ArrayRefINS_11PassBuilder15PipelineElementEEEEEvE5beginEv called 0 returned 0% blocks executed 0%
    #####:  249:  iterator begin() { return (iterator)this->BeginX; }
    %%%%%:  249-block  0
------------------
_ZN4llvm25SmallVectorTemplateCommonISt8functionIFvRNS_15AnalysisManagerINS_8FunctionEJEEEEEvE5beginEv:
function _ZN4llvm25SmallVectorTemplateCommonISt8functionIFvRNS_15AnalysisManagerINS_8FunctionEJEEEEEvE5beginEv called 0 returned 0% blocks executed 0%
    #####:  249:  iterator begin() { return (iterator)this->BeginX; }
    %%%%%:  249-block  0
------------------
_ZN4llvm25SmallVectorTemplateCommonISt8functionIFbNS_9StringRefERNS_11PassManagerINS_8FunctionENS_15AnalysisManagerIS4_JEEEJEEENS_8ArrayRefINS_11PassBuilder15PipelineElementEEEEEvE5beginEv:
function _ZN4llvm25SmallVectorTemplateCommonISt8functionIFbNS_9StringRefERNS_11PassManagerINS_8FunctionENS_15AnalysisManagerIS4_JEEEJEEENS_8ArrayRefINS_11PassBuilder15PipelineElementEEEEEvE5beginEv called 0 returned 0% blocks executed 0%
    #####:  249:  iterator begin() { return (iterator)this->BeginX; }
    %%%%%:  249-block  0
------------------
_ZN4llvm25SmallVectorTemplateCommonISt8functionIFvRNS_15AnalysisManagerINS_4LoopEJRNS_27LoopStandardAnalysisResultsEEEEEEvE5beginEv:
function _ZN4llvm25SmallVectorTemplateCommonISt8functionIFvRNS_15AnalysisManagerINS_4LoopEJRNS_27LoopStandardAnalysisResultsEEEEEEvE5beginEv called 0 returned 0% blocks executed 0%
    #####:  249:  iterator begin() { return (iterator)this->BeginX; }
    %%%%%:  249-block  0
------------------
_ZN4llvm25SmallVectorTemplateCommonISt8functionIFbNS_9StringRefERNS_11PassManagerINS_4LoopENS_15AnalysisManagerIS4_JRNS_27LoopStandardAnalysisResultsEEEEJS7_RNS_10LPMUpdaterEEEENS_8ArrayRefINS_11PassBuilder15PipelineElementEEEEEvE5beginEv:
function _ZN4llvm25SmallVectorTemplateCommonISt8functionIFbNS_9StringRefERNS_11PassManagerINS_4LoopENS_15AnalysisManagerIS4_JRNS_27LoopStandardAnalysisResultsEEEEJS7_RNS_10LPMUpdaterEEEENS_8ArrayRefINS_11PassBuilder15PipelineElementEEEEEvE5beginEv called 0 returned 0% blocks executed 0%
    #####:  249:  iterator begin() { return (iterator)this->BeginX; }
    %%%%%:  249-block  0
------------------
function _ZNK4llvm25SmallVectorTemplateCommonISt8functionIFbNS_9StringRefERNS_11PassManagerINS_8FunctionENS_15AnalysisManagerIS4_JEEEJEEENS_8ArrayRefINS_11PassBuilder15PipelineElementEEEEEvE5beginEv called 0 returned 0% blocks executed 0%
    #####:  250:  const_iterator begin() const { return (const_iterator)this->BeginX; }
    %%%%%:  250-block  0
     233*:  251:  iterator end() { return begin() + size(); }
------------------
_ZN4llvm25SmallVectorTemplateCommonISt8functionIFvRNS_15AnalysisManagerINS_13LazyCallGraph3SCCEJRS3_EEEEEvE3endEv:
function _ZN4llvm25SmallVectorTemplateCommonISt8functionIFvRNS_15AnalysisManagerINS_13LazyCallGraph3SCCEJRS3_EEEEEvE3endEv called 0 returned 0% blocks executed 0%
    #####:  251:  iterator end() { return begin() + size(); }
    %%%%%:  251-block  0
Aufruf  0 niemals ausgeführt
Aufruf  1 niemals ausgeführt
------------------
_ZN4llvm25SmallVectorTemplateCommonINS_7SMFixItEvE3endEv:
function _ZN4llvm25SmallVectorTemplateCommonINS_7SMFixItEvE3endEv called 0 returned 0% blocks executed 0%
    #####:  251:  iterator end() { return begin() + size(); }
    %%%%%:  251-block  0
Aufruf  0 niemals ausgeführt
Aufruf  1 niemals ausgeführt
------------------
_ZN4llvm25SmallVectorTemplateCommonIPNS_10BasicBlockEvE3endEv:
function _ZN4llvm25SmallVectorTemplateCommonIPNS_10BasicBlockEvE3endEv called 0 returned 0% blocks executed 0%
    #####:  251:  iterator end() { return begin() + size(); }
    %%%%%:  251-block  0
Aufruf  0 niemals ausgeführt
Aufruf  1 niemals ausgeführt
------------------
_ZN4llvm25SmallVectorTemplateCommonIPNS_2cl14OptionCategoryEvE3endEv:
function _ZN4llvm25SmallVectorTemplateCommonIPNS_2cl14OptionCategoryEvE3endEv called 233 returned 100% blocks executed 100%
      233:  251:  iterator end() { return begin() + size(); }
      233:  251-block  0
Aufruf  0 gab 233 zurück
Aufruf  1 gab 233 zurück
------------------
_ZN4llvm25SmallVectorTemplateCommonISt8functionIFvRNS_11PassManagerINS_8FunctionENS_15AnalysisManagerIS3_JEEEJEEENS_17OptimizationLevelEEEvE3endEv:
function _ZN4llvm25SmallVectorTemplateCommonISt8functionIFvRNS_11PassManagerINS_8FunctionENS_15AnalysisManagerIS3_JEEEJEEENS_17OptimizationLevelEEEvE3endEv called 0 returned 0% blocks executed 0%
    #####:  251:  iterator end() { return begin() + size(); }
    %%%%%:  251-block  0
Aufruf  0 niemals ausgeführt
Aufruf  1 niemals ausgeführt
------------------
_ZN4llvm25SmallVectorTemplateCommonISt8functionIFvRNS_11PassManagerINS_4LoopENS_15AnalysisManagerIS3_JRNS_27LoopStandardAnalysisResultsEEEEJS6_RNS_10LPMUpdaterEEEENS_17OptimizationLevelEEEvE3endEv:
function _ZN4llvm25SmallVectorTemplateCommonISt8functionIFvRNS_11PassManagerINS_4LoopENS_15AnalysisManagerIS3_JRNS_27LoopStandardAnalysisResultsEEEEJS6_RNS_10LPMUpdaterEEEENS_17OptimizationLevelEEEvE3endEv called 0 returned 0% blocks executed 0%
    #####:  251:  iterator end() { return begin() + size(); }
    %%%%%:  251-block  0
Aufruf  0 niemals ausgeführt
Aufruf  1 niemals ausgeführt
------------------
_ZN4llvm25SmallVectorTemplateCommonISt8functionIFvRNS_11PassManagerINS_13LazyCallGraph3SCCENS_15AnalysisManagerIS4_JRS3_EEEJS6_RNS_17CGSCCUpdateResultEEEENS_17OptimizationLevelEEEvE3endEv:
function _ZN4llvm25SmallVectorTemplateCommonISt8functionIFvRNS_11PassManagerINS_13LazyCallGraph3SCCENS_15AnalysisManagerIS4_JRS3_EEEJS6_RNS_17CGSCCUpdateResultEEEENS_17OptimizationLevelEEEvE3endEv called 0 returned 0% blocks executed 0%
    #####:  251:  iterator end() { return begin() + size(); }
    %%%%%:  251-block  0
Aufruf  0 niemals ausgeführt
Aufruf  1 niemals ausgeführt
------------------
_ZN4llvm25SmallVectorTemplateCommonISt8functionIFvRNS_11PassManagerINS_6ModuleENS_15AnalysisManagerIS3_JEEEJEEENS_17OptimizationLevelEEEvE3endEv:
function _ZN4llvm25SmallVectorTemplateCommonISt8functionIFvRNS_11PassManagerINS_6ModuleENS_15AnalysisManagerIS3_JEEEJEEENS_17OptimizationLevelEEEvE3endEv called 0 returned 0% blocks executed 0%
    #####:  251:  iterator end() { return begin() + size(); }
    %%%%%:  251-block  0
Aufruf  0 niemals ausgeführt
Aufruf  1 niemals ausgeführt
------------------
_ZN4llvm25SmallVectorTemplateCommonISt8functionIFbNS_9StringRefERNS_9AAManagerEEEvE3endEv:
function _ZN4llvm25SmallVectorTemplateCommonISt8functionIFbNS_9StringRefERNS_9AAManagerEEEvE3endEv called 0 returned 0% blocks executed 0%
    #####:  251:  iterator end() { return begin() + size(); }
    %%%%%:  251-block  0
Aufruf  0 niemals ausgeführt
Aufruf  1 niemals ausgeführt
------------------
_ZN4llvm25SmallVectorTemplateCommonISt8functionIFbRNS_11PassManagerINS_6ModuleENS_15AnalysisManagerIS3_JEEEJEEENS_8ArrayRefINS_11PassBuilder15PipelineElementEEEEEvE3endEv:
function _ZN4llvm25SmallVectorTemplateCommonISt8functionIFbRNS_11PassManagerINS_6ModuleENS_15AnalysisManagerIS3_JEEEJEEENS_8ArrayRefINS_11PassBuilder15PipelineElementEEEEEvE3endEv called 0 returned 0% blocks executed 0%
    #####:  251:  iterator end() { return begin() + size(); }
    %%%%%:  251-block  0
Aufruf  0 niemals ausgeführt
Aufruf  1 niemals ausgeführt
------------------
_ZN4llvm25SmallVectorTemplateCommonISt8functionIFvRNS_15AnalysisManagerINS_8FunctionEJEEEEEvE3endEv:
function _ZN4llvm25SmallVectorTemplateCommonISt8functionIFvRNS_15AnalysisManagerINS_8FunctionEJEEEEEvE3endEv called 0 returned 0% blocks executed 0%
    #####:  251:  iterator end() { return begin() + size(); }
    %%%%%:  251-block  0
Aufruf  0 niemals ausgeführt
Aufruf  1 niemals ausgeführt
------------------
_ZN4llvm25SmallVectorTemplateCommonISt8functionIFvRNS_15AnalysisManagerINS_4LoopEJRNS_27LoopStandardAnalysisResultsEEEEEEvE3endEv:
function _ZN4llvm25SmallVectorTemplateCommonISt8functionIFvRNS_15AnalysisManagerINS_4LoopEJRNS_27LoopStandardAnalysisResultsEEEEEEvE3endEv called 0 returned 0% blocks executed 0%
    #####:  251:  iterator end() { return begin() + size(); }
    %%%%%:  251-block  0
Aufruf  0 niemals ausgeführt
Aufruf  1 niemals ausgeführt
------------------
_ZN4llvm25SmallVectorTemplateCommonISt8functionIFvRNS_15AnalysisManagerINS_6ModuleEJEEEEEvE3endEv:
function _ZN4llvm25SmallVectorTemplateCommonISt8functionIFvRNS_15AnalysisManagerINS_6ModuleEJEEEEEvE3endEv called 0 returned 0% blocks executed 0%
    #####:  251:  iterator end() { return begin() + size(); }
    %%%%%:  251-block  0
Aufruf  0 niemals ausgeführt
Aufruf  1 niemals ausgeführt
------------------
_ZN4llvm25SmallVectorTemplateCommonISt8functionIFbNS_9StringRefERNS_11PassManagerINS_13LazyCallGraph3SCCENS_15AnalysisManagerIS5_JRS4_EEEJS7_RNS_17CGSCCUpdateResultEEEENS_8ArrayRefINS_11PassBuilder15PipelineElementEEEEEvE3endEv:
function _ZN4llvm25SmallVectorTemplateCommonISt8functionIFbNS_9StringRefERNS_11PassManagerINS_13LazyCallGraph3SCCENS_15AnalysisManagerIS5_JRS4_EEEJS7_RNS_17CGSCCUpdateResultEEEENS_8ArrayRefINS_11PassBuilder15PipelineElementEEEEEvE3endEv called 0 returned 0% blocks executed 0%
    #####:  251:  iterator end() { return begin() + size(); }
    %%%%%:  251-block  0
Aufruf  0 niemals ausgeführt
Aufruf  1 niemals ausgeführt
------------------
_ZN4llvm25SmallVectorTemplateCommonISt8functionIFbNS_9StringRefERNS_11PassManagerINS_8FunctionENS_15AnalysisManagerIS4_JEEEJEEENS_8ArrayRefINS_11PassBuilder15PipelineElementEEEEEvE3endEv:
function _ZN4llvm25SmallVectorTemplateCommonISt8functionIFbNS_9StringRefERNS_11PassManagerINS_8FunctionENS_15AnalysisManagerIS4_JEEEJEEENS_8ArrayRefINS_11PassBuilder15PipelineElementEEEEEvE3endEv called 0 returned 0% blocks executed 0%
    #####:  251:  iterator end() { return begin() + size(); }
    %%%%%:  251-block  0
Aufruf  0 niemals ausgeführt
Aufruf  1 niemals ausgeführt
------------------
_ZN4llvm25SmallVectorTemplateCommonISt8functionIFbNS_9StringRefERNS_11PassManagerINS_4LoopENS_15AnalysisManagerIS4_JRNS_27LoopStandardAnalysisResultsEEEEJS7_RNS_10LPMUpdaterEEEENS_8ArrayRefINS_11PassBuilder15PipelineElementEEEEEvE3endEv:
function _ZN4llvm25SmallVectorTemplateCommonISt8functionIFbNS_9StringRefERNS_11PassManagerINS_4LoopENS_15AnalysisManagerIS4_JRNS_27LoopStandardAnalysisResultsEEEEJS7_RNS_10LPMUpdaterEEEENS_8ArrayRefINS_11PassBuilder15PipelineElementEEEEEvE3endEv called 0 returned 0% blocks executed 0%
    #####:  251:  iterator end() { return begin() + size(); }
    %%%%%:  251-block  0
Aufruf  0 niemals ausgeführt
Aufruf  1 niemals ausgeführt
------------------
_ZN4llvm25SmallVectorTemplateCommonISt8functionIFbNS_9StringRefERNS_11PassManagerINS_6ModuleENS_15AnalysisManagerIS4_JEEEJEEENS_8ArrayRefINS_11PassBuilder15PipelineElementEEEEEvE3endEv:
function _ZN4llvm25SmallVectorTemplateCommonISt8functionIFbNS_9StringRefERNS_11PassManagerINS_6ModuleENS_15AnalysisManagerIS4_JEEEJEEENS_8ArrayRefINS_11PassBuilder15PipelineElementEEEEEvE3endEv called 0 returned 0% blocks executed 0%
    #####:  251:  iterator end() { return begin() + size(); }
    %%%%%:  251-block  0
Aufruf  0 niemals ausgeführt
Aufruf  1 niemals ausgeführt
------------------
function _ZNK4llvm25SmallVectorTemplateCommonISt8functionIFbNS_9StringRefERNS_11PassManagerINS_8FunctionENS_15AnalysisManagerIS4_JEEEJEEENS_8ArrayRefINS_11PassBuilder15PipelineElementEEEEEvE3endEv called 0 returned 0% blocks executed 0%
    #####:  252:  const_iterator end() const { return begin() + size(); }
    %%%%%:  252-block  0
Aufruf  0 niemals ausgeführt
Aufruf  1 niemals ausgeführt
        -:  253:
        -:  254:  // reverse iterator creation methods.
        -:  255:  reverse_iterator rbegin()            { return reverse_iterator(end()); }
        -:  256:  const_reverse_iterator rbegin() const{ return const_reverse_iterator(end()); }
        -:  257:  reverse_iterator rend()              { return reverse_iterator(begin()); }
        -:  258:  const_reverse_iterator rend() const { return const_reverse_iterator(begin());}
        -:  259:
        -:  260:  size_type size_in_bytes() const { return size() * sizeof(T); }
        -:  261:  size_type max_size() const {
        -:  262:    return std::min(this->SizeTypeMax(), size_type(-1) / sizeof(T));
        -:  263:  }
        -:  264:
        -:  265:  size_t capacity_in_bytes() const { return capacity() * sizeof(T); }
        -:  266:
        -:  267:  /// Return a pointer to the vector's buffer, even if empty().
        -:  268:  pointer data() { return pointer(begin()); }
        -:  269:  /// Return a pointer to the vector's buffer, even if empty().
        -:  270:  const_pointer data() const { return const_pointer(begin()); }
        -:  271:
        -:  272:  reference operator[](size_type idx) {
        -:  273:    assert(idx < size());
        -:  274:    return begin()[idx];
        -:  275:  }
        -:  276:  const_reference operator[](size_type idx) const {
        -:  277:    assert(idx < size());
        -:  278:    return begin()[idx];
        -:  279:  }
        -:  280:
        -:  281:  reference front() {
        -:  282:    assert(!empty());
        -:  283:    return begin()[0];
        -:  284:  }
        -:  285:  const_reference front() const {
        -:  286:    assert(!empty());
        -:  287:    return begin()[0];
        -:  288:  }
        -:  289:
        -:  290:  reference back() {
        -:  291:    assert(!empty());
        -:  292:    return end()[-1];
        -:  293:  }
        -:  294:  const_reference back() const {
        -:  295:    assert(!empty());
        -:  296:    return end()[-1];
        -:  297:  }
        -:  298:};
        -:  299:
        -:  300:/// SmallVectorTemplateBase<TriviallyCopyable = false> - This is where we put
        -:  301:/// method implementations that are designed to work with non-trivial T's.
        -:  302:///
        -:  303:/// We approximate is_trivially_copyable with trivial move/copy construction and
        -:  304:/// trivial destruction. While the standard doesn't specify that you're allowed
        -:  305:/// copy these types with memcpy, there is no way for the type to observe this.
        -:  306:/// This catches the important case of std::pair<POD, POD>, which is not
        -:  307:/// trivially assignable.
        -:  308:template <typename T, bool = (is_trivially_copy_constructible<T>::value) &&
        -:  309:                             (is_trivially_move_constructible<T>::value) &&
        -:  310:                             std::is_trivially_destructible<T>::value>
        -:  311:class SmallVectorTemplateBase : public SmallVectorTemplateCommon<T> {
        -:  312:  friend class SmallVectorTemplateCommon<T>;
        -:  313:
        -:  314:protected:
        -:  315:  static constexpr bool TakesParamByValue = false;
        -:  316:  using ValueParamT = const T &;
        -:  317:
function _ZN4llvm23SmallVectorTemplateBaseINS_7SMFixItELb0EEC2Em called 0 returned 0% blocks executed 0%
    #####:  318:  SmallVectorTemplateBase(size_t Size) : SmallVectorTemplateCommon<T>(Size) {}
    %%%%%:  318-block  0
Aufruf  0 niemals ausgeführt
        -:  319:
    #####:  320:  static void destroy_range(T *S, T *E) {
    #####:  321:    while (S != E) {
    #####:  322:      --E;
    #####:  323:      E->~T();
        -:  324:    }
    #####:  325:  }
------------------
_ZN4llvm23SmallVectorTemplateBaseISt8functionIFbNS_9StringRefERNS_9AAManagerEEELb0EE13destroy_rangeEPS6_S8_:
function _ZN4llvm23SmallVectorTemplateBaseISt8functionIFbNS_9StringRefERNS_9AAManagerEEELb0EE13destroy_rangeEPS6_S8_ called 0 returned 0% blocks executed 0%
    #####:  320:  static void destroy_range(T *S, T *E) {
    #####:  321:    while (S != E) {
    %%%%%:  321-block  0
    %%%%%:  321-block  1
Zweig  0 niemals ausgeführt
Zweig  1 niemals ausgeführt
    #####:  322:      --E;
    #####:  323:      E->~T();
    %%%%%:  323-block  0
Aufruf  0 niemals ausgeführt
        -:  324:    }
    #####:  325:  }
------------------
_ZN4llvm23SmallVectorTemplateBaseISt8functionIFbNS_9StringRefERNS_11PassManagerINS_4LoopENS_15AnalysisManagerIS4_JRNS_27LoopStandardAnalysisResultsEEEEJS7_RNS_10LPMUpdaterEEEENS_8ArrayRefINS_11PassBuilder15PipelineElementEEEEELb0EE13destroy_rangeEPSI_SK_:
function _ZN4llvm23SmallVectorTemplateBaseISt8functionIFbNS_9StringRefERNS_11PassManagerINS_4LoopENS_15AnalysisManagerIS4_JRNS_27LoopStandardAnalysisResultsEEEEJS7_RNS_10LPMUpdaterEEEENS_8ArrayRefINS_11PassBuilder15PipelineElementEEEEELb0EE13destroy_rangeEPSI_SK_ called 0 returned 0% blocks executed 0%
    #####:  320:  static void destroy_range(T *S, T *E) {
    #####:  321:    while (S != E) {
    %%%%%:  321-block  0
    %%%%%:  321-block  1
Zweig  0 niemals ausgeführt
Zweig  1 niemals ausgeführt
    #####:  322:      --E;
    #####:  323:      E->~T();
    %%%%%:  323-block  0
Aufruf  0 niemals ausgeführt
        -:  324:    }
    #####:  325:  }
------------------
_ZN4llvm23SmallVectorTemplateBaseISt8functionIFvRNS_15AnalysisManagerINS_4LoopEJRNS_27LoopStandardAnalysisResultsEEEEEELb0EE13destroy_rangeEPS9_SB_:
function _ZN4llvm23SmallVectorTemplateBaseISt8functionIFvRNS_15AnalysisManagerINS_4LoopEJRNS_27LoopStandardAnalysisResultsEEEEEELb0EE13destroy_rangeEPS9_SB_ called 0 returned 0% blocks executed 0%
    #####:  320:  static void destroy_range(T *S, T *E) {
    #####:  321:    while (S != E) {
    %%%%%:  321-block  0
    %%%%%:  321-block  1
Zweig  0 niemals ausgeführt
Zweig  1 niemals ausgeführt
    #####:  322:      --E;
    #####:  323:      E->~T();
    %%%%%:  323-block  0
Aufruf  0 niemals ausgeführt
        -:  324:    }
    #####:  325:  }
------------------
_ZN4llvm23SmallVectorTemplateBaseISt8functionIFbNS_9StringRefERNS_11PassManagerINS_8FunctionENS_15AnalysisManagerIS4_JEEEJEEENS_8ArrayRefINS_11PassBuilder15PipelineElementEEEEELb0EE13destroy_rangeEPSE_SG_:
function _ZN4llvm23SmallVectorTemplateBaseISt8functionIFbNS_9StringRefERNS_11PassManagerINS_8FunctionENS_15AnalysisManagerIS4_JEEEJEEENS_8ArrayRefINS_11PassBuilder15PipelineElementEEEEELb0EE13destroy_rangeEPSE_SG_ called 0 returned 0% blocks executed 0%
    #####:  320:  static void destroy_range(T *S, T *E) {
    #####:  321:    while (S != E) {
    %%%%%:  321-block  0
    %%%%%:  321-block  1
Zweig  0 niemals ausgeführt
Zweig  1 niemals ausgeführt
    #####:  322:      --E;
    #####:  323:      E->~T();
    %%%%%:  323-block  0
Aufruf  0 niemals ausgeführt
        -:  324:    }
    #####:  325:  }
------------------
_ZN4llvm23SmallVectorTemplateBaseISt8functionIFvRNS_15AnalysisManagerINS_8FunctionEJEEEEELb0EE13destroy_rangeEPS7_S9_:
function _ZN4llvm23SmallVectorTemplateBaseISt8functionIFvRNS_15AnalysisManagerINS_8FunctionEJEEEEELb0EE13destroy_rangeEPS7_S9_ called 0 returned 0% blocks executed 0%
    #####:  320:  static void destroy_range(T *S, T *E) {
    #####:  321:    while (S != E) {
    %%%%%:  321-block  0
    %%%%%:  321-block  1
Zweig  0 niemals ausgeführt
Zweig  1 niemals ausgeführt
    #####:  322:      --E;
    #####:  323:      E->~T();
    %%%%%:  323-block  0
Aufruf  0 niemals ausgeführt
        -:  324:    }
    #####:  325:  }
------------------
_ZN4llvm23SmallVectorTemplateBaseISt8functionIFbNS_9StringRefERNS_11PassManagerINS_13LazyCallGraph3SCCENS_15AnalysisManagerIS5_JRS4_EEEJS7_RNS_17CGSCCUpdateResultEEEENS_8ArrayRefINS_11PassBuilder15PipelineElementEEEEELb0EE13destroy_rangeEPSI_SK_:
function _ZN4llvm23SmallVectorTemplateBaseISt8functionIFbNS_9StringRefERNS_11PassManagerINS_13LazyCallGraph3SCCENS_15AnalysisManagerIS5_JRS4_EEEJS7_RNS_17CGSCCUpdateResultEEEENS_8ArrayRefINS_11PassBuilder15PipelineElementEEEEELb0EE13destroy_rangeEPSI_SK_ called 0 returned 0% blocks executed 0%
    #####:  320:  static void destroy_range(T *S, T *E) {
    #####:  321:    while (S != E) {
    %%%%%:  321-block  0
    %%%%%:  321-block  1
Zweig  0 niemals ausgeführt
Zweig  1 niemals ausgeführt
    #####:  322:      --E;
    #####:  323:      E->~T();
    %%%%%:  323-block  0
Aufruf  0 niemals ausgeführt
        -:  324:    }
    #####:  325:  }
------------------
_ZN4llvm23SmallVectorTemplateBaseISt8functionIFvRNS_15AnalysisManagerINS_13LazyCallGraph3SCCEJRS3_EEEEELb0EE13destroy_rangeEPS9_SB_:
function _ZN4llvm23SmallVectorTemplateBaseISt8functionIFvRNS_15AnalysisManagerINS_13LazyCallGraph3SCCEJRS3_EEEEELb0EE13destroy_rangeEPS9_SB_ called 0 returned 0% blocks executed 0%
    #####:  320:  static void destroy_range(T *S, T *E) {
    #####:  321:    while (S != E) {
    %%%%%:  321-block  0
    %%%%%:  321-block  1
Zweig  0 niemals ausgeführt
Zweig  1 niemals ausgeführt
    #####:  322:      --E;
    #####:  323:      E->~T();
    %%%%%:  323-block  0
Aufruf  0 niemals ausgeführt
        -:  324:    }
    #####:  325:  }
------------------
_ZN4llvm23SmallVectorTemplateBaseISt8functionIFbRNS_11PassManagerINS_6ModuleENS_15AnalysisManagerIS3_JEEEJEEENS_8ArrayRefINS_11PassBuilder15PipelineElementEEEEELb0EE13destroy_rangeEPSD_SF_:
function _ZN4llvm23SmallVectorTemplateBaseISt8functionIFbRNS_11PassManagerINS_6ModuleENS_15AnalysisManagerIS3_JEEEJEEENS_8ArrayRefINS_11PassBuilder15PipelineElementEEEEELb0EE13destroy_rangeEPSD_SF_ called 0 returned 0% blocks executed 0%
    #####:  320:  static void destroy_range(T *S, T *E) {
    #####:  321:    while (S != E) {
    %%%%%:  321-block  0
    %%%%%:  321-block  1
Zweig  0 niemals ausgeführt
Zweig  1 niemals ausgeführt
    #####:  322:      --E;
    #####:  323:      E->~T();
    %%%%%:  323-block  0
Aufruf  0 niemals ausgeführt
        -:  324:    }
    #####:  325:  }
------------------
_ZN4llvm23SmallVectorTemplateBaseISt8functionIFbNS_9StringRefERNS_11PassManagerINS_6ModuleENS_15AnalysisManagerIS4_JEEEJEEENS_8ArrayRefINS_11PassBuilder15PipelineElementEEEEELb0EE13destroy_rangeEPSE_SG_:
function _ZN4llvm23SmallVectorTemplateBaseISt8functionIFbNS_9StringRefERNS_11PassManagerINS_6ModuleENS_15AnalysisManagerIS4_JEEEJEEENS_8ArrayRefINS_11PassBuilder15PipelineElementEEEEELb0EE13destroy_rangeEPSE_SG_ called 0 returned 0% blocks executed 0%
    #####:  320:  static void destroy_range(T *S, T *E) {
    #####:  321:    while (S != E) {
    %%%%%:  321-block  0
    %%%%%:  321-block  1
Zweig  0 niemals ausgeführt
Zweig  1 niemals ausgeführt
    #####:  322:      --E;
    #####:  323:      E->~T();
    %%%%%:  323-block  0
Aufruf  0 niemals ausgeführt
        -:  324:    }
    #####:  325:  }
------------------
_ZN4llvm23SmallVectorTemplateBaseISt8functionIFvRNS_15AnalysisManagerINS_6ModuleEJEEEEELb0EE13destroy_rangeEPS7_S9_:
function _ZN4llvm23SmallVectorTemplateBaseISt8functionIFvRNS_15AnalysisManagerINS_6ModuleEJEEEEELb0EE13destroy_rangeEPS7_S9_ called 0 returned 0% blocks executed 0%
    #####:  320:  static void destroy_range(T *S, T *E) {
    #####:  321:    while (S != E) {
    %%%%%:  321-block  0
    %%%%%:  321-block  1
Zweig  0 niemals ausgeführt
Zweig  1 niemals ausgeführt
    #####:  322:      --E;
    #####:  323:      E->~T();
    %%%%%:  323-block  0
Aufruf  0 niemals ausgeführt
        -:  324:    }
    #####:  325:  }
------------------
_ZN4llvm23SmallVectorTemplateBaseISt8functionIFvRNS_11PassManagerINS_6ModuleENS_15AnalysisManagerIS3_JEEEJEEENS_17OptimizationLevelEEELb0EE13destroy_rangeEPSA_SC_:
function _ZN4llvm23SmallVectorTemplateBaseISt8functionIFvRNS_11PassManagerINS_6ModuleENS_15AnalysisManagerIS3_JEEEJEEENS_17OptimizationLevelEEELb0EE13destroy_rangeEPSA_SC_ called 0 returned 0% blocks executed 0%
    #####:  320:  static void destroy_range(T *S, T *E) {
    #####:  321:    while (S != E) {
    %%%%%:  321-block  0
    %%%%%:  321-block  1
Zweig  0 niemals ausgeführt
Zweig  1 niemals ausgeführt
    #####:  322:      --E;
    #####:  323:      E->~T();
    %%%%%:  323-block  0
Aufruf  0 niemals ausgeführt
        -:  324:    }
    #####:  325:  }
------------------
_ZN4llvm23SmallVectorTemplateBaseISt8functionIFvRNS_11PassManagerINS_13LazyCallGraph3SCCENS_15AnalysisManagerIS4_JRS3_EEEJS6_RNS_17CGSCCUpdateResultEEEENS_17OptimizationLevelEEELb0EE13destroy_rangeEPSE_SG_:
function _ZN4llvm23SmallVectorTemplateBaseISt8functionIFvRNS_11PassManagerINS_13LazyCallGraph3SCCENS_15AnalysisManagerIS4_JRS3_EEEJS6_RNS_17CGSCCUpdateResultEEEENS_17OptimizationLevelEEELb0EE13destroy_rangeEPSE_SG_ called 0 returned 0% blocks executed 0%
    #####:  320:  static void destroy_range(T *S, T *E) {
    #####:  321:    while (S != E) {
    %%%%%:  321-block  0
    %%%%%:  321-block  1
Zweig  0 niemals ausgeführt
Zweig  1 niemals ausgeführt
    #####:  322:      --E;
    #####:  323:      E->~T();
    %%%%%:  323-block  0
Aufruf  0 niemals ausgeführt
        -:  324:    }
    #####:  325:  }
------------------
_ZN4llvm23SmallVectorTemplateBaseISt8functionIFvRNS_11PassManagerINS_4LoopENS_15AnalysisManagerIS3_JRNS_27LoopStandardAnalysisResultsEEEEJS6_RNS_10LPMUpdaterEEEENS_17OptimizationLevelEEELb0EE13destroy_rangeEPSE_SG_:
function _ZN4llvm23SmallVectorTemplateBaseISt8functionIFvRNS_11PassManagerINS_4LoopENS_15AnalysisManagerIS3_JRNS_27LoopStandardAnalysisResultsEEEEJS6_RNS_10LPMUpdaterEEEENS_17OptimizationLevelEEELb0EE13destroy_rangeEPSE_SG_ called 0 returned 0% blocks executed 0%
    #####:  320:  static void destroy_range(T *S, T *E) {
    #####:  321:    while (S != E) {
    %%%%%:  321-block  0
    %%%%%:  321-block  1
Zweig  0 niemals ausgeführt
Zweig  1 niemals ausgeführt
    #####:  322:      --E;
    #####:  323:      E->~T();
    %%%%%:  323-block  0
Aufruf  0 niemals ausgeführt
        -:  324:    }
    #####:  325:  }
------------------
_ZN4llvm23SmallVectorTemplateBaseISt8functionIFvRNS_11PassManagerINS_8FunctionENS_15AnalysisManagerIS3_JEEEJEEENS_17OptimizationLevelEEELb0EE13destroy_rangeEPSA_SC_:
function _ZN4llvm23SmallVectorTemplateBaseISt8functionIFvRNS_11PassManagerINS_8FunctionENS_15AnalysisManagerIS3_JEEEJEEENS_17OptimizationLevelEEELb0EE13destroy_rangeEPSA_SC_ called 0 returned 0% blocks executed 0%
    #####:  320:  static void destroy_range(T *S, T *E) {
    #####:  321:    while (S != E) {
    %%%%%:  321-block  0
    %%%%%:  321-block  1
Zweig  0 niemals ausgeführt
Zweig  1 niemals ausgeführt
    #####:  322:      --E;
    #####:  323:      E->~T();
    %%%%%:  323-block  0
Aufruf  0 niemals ausgeführt
        -:  324:    }
    #####:  325:  }
------------------
_ZN4llvm23SmallVectorTemplateBaseINS_7SMFixItELb0EE13destroy_rangeEPS1_S3_:
function _ZN4llvm23SmallVectorTemplateBaseINS_7SMFixItELb0EE13destroy_rangeEPS1_S3_ called 0 returned 0% blocks executed 0%
    #####:  320:  static void destroy_range(T *S, T *E) {
    #####:  321:    while (S != E) {
    %%%%%:  321-block  0
    %%%%%:  321-block  1
Zweig  0 niemals ausgeführt
Zweig  1 niemals ausgeführt
    #####:  322:      --E;
    #####:  323:      E->~T();
    %%%%%:  323-block  0
Aufruf  0 niemals ausgeführt
        -:  324:    }
    #####:  325:  }
------------------
        -:  326:
        -:  327:  /// Move the range [I, E) into the uninitialized memory starting with "Dest",
        -:  328:  /// constructing elements as needed.
        -:  329:  template<typename It1, typename It2>
function _ZN4llvm23SmallVectorTemplateBaseISt8functionIFbNS_9StringRefERNS_11PassManagerINS_8FunctionENS_15AnalysisManagerIS4_JEEEJEEENS_8ArrayRefINS_11PassBuilder15PipelineElementEEEEELb0EE18uninitialized_moveIPSE_SH_EEvT_SI_T0_ called 0 returned 0% blocks executed 0%
    #####:  330:  static void uninitialized_move(It1 I, It1 E, It2 Dest) {
    #####:  331:    std::uninitialized_copy(std::make_move_iterator(I),
    %%%%%:  331-block  0
Aufruf  0 niemals ausgeführt
Aufruf  1 niemals ausgeführt
Aufruf  2 niemals ausgeführt
        -:  332:                            std::make_move_iterator(E), Dest);
    #####:  333:  }
        -:  334:
        -:  335:  /// Copy the range [I, E) onto the uninitialized memory starting with "Dest",
        -:  336:  /// constructing elements as needed.
        -:  337:  template<typename It1, typename It2>
        -:  338:  static void uninitialized_copy(It1 I, It1 E, It2 Dest) {
        -:  339:    std::uninitialized_copy(I, E, Dest);
        -:  340:  }
        -:  341:
        -:  342:  /// Grow the allocated memory (without initializing new elements), doubling
        -:  343:  /// the size of the allocated memory. Guarantees space for at least one more
        -:  344:  /// element, or MinSize more elements if specified.
        -:  345:  void grow(size_t MinSize = 0);
        -:  346:
        -:  347:  /// Create a new allocation big enough for \p MinSize and pass back its size
        -:  348:  /// in \p NewCapacity. This is the first section of \a grow().
function _ZN4llvm23SmallVectorTemplateBaseISt8functionIFbNS_9StringRefERNS_11PassManagerINS_8FunctionENS_15AnalysisManagerIS4_JEEEJEEENS_8ArrayRefINS_11PassBuilder15PipelineElementEEEEELb0EE13mallocForGrowEmRm called 0 returned 0% blocks executed 0%
    #####:  349:  T *mallocForGrow(size_t MinSize, size_t &NewCapacity) {
        -:  350:    return static_cast<T *>(
    #####:  351:        SmallVectorBase<SmallVectorSizeType<T>>::mallocForGrow(
    %%%%%:  351-block  0
Aufruf  0 niemals ausgeführt
    #####:  352:            MinSize, sizeof(T), NewCapacity));
        -:  353:  }
        -:  354:
        -:  355:  /// Move existing elements over to the new allocation \p NewElts, the middle
        -:  356:  /// section of \a grow().
        -:  357:  void moveElementsForGrow(T *NewElts);
        -:  358:
        -:  359:  /// Transfer ownership of the allocation, finishing up \a grow().
        -:  360:  void takeAllocationForGrow(T *NewElts, size_t NewCapacity);
        -:  361:
        -:  362:  /// Reserve enough space to add one element, and return the updated element
        -:  363:  /// pointer in case it was a reference to the storage.
function _ZN4llvm23SmallVectorTemplateBaseISt8functionIFbNS_9StringRefERNS_11PassManagerINS_8FunctionENS_15AnalysisManagerIS4_JEEEJEEENS_8ArrayRefINS_11PassBuilder15PipelineElementEEEEELb0EE28reserveForParamAndGetAddressERKSE_m called 0 returned 0% blocks executed 0%
    #####:  364:  const T *reserveForParamAndGetAddress(const T &Elt, size_t N = 1) {
    #####:  365:    return this->reserveForParamAndGetAddressImpl(this, Elt, N);
    %%%%%:  365-block  0
Aufruf  0 niemals ausgeführt
        -:  366:  }
        -:  367:
        -:  368:  /// Reserve enough space to add one element, and return the updated element
        -:  369:  /// pointer in case it was a reference to the storage.
        -:  370:  T *reserveForParamAndGetAddress(T &Elt, size_t N = 1) {
        -:  371:    return const_cast<T *>(
        -:  372:        this->reserveForParamAndGetAddressImpl(this, Elt, N));
        -:  373:  }
        -:  374:
        -:  375:  static T &&forward_value_param(T &&V) { return std::move(V); }
        -:  376:  static const T &forward_value_param(const T &V) { return V; }
        -:  377:
        -:  378:  void growAndAssign(size_t NumElts, const T &Elt) {
        -:  379:    // Grow manually in case Elt is an internal reference.
        -:  380:    size_t NewCapacity;
        -:  381:    T *NewElts = mallocForGrow(NumElts, NewCapacity);
        -:  382:    std::uninitialized_fill_n(NewElts, NumElts, Elt);
        -:  383:    this->destroy_range(this->begin(), this->end());
        -:  384:    takeAllocationForGrow(NewElts, NewCapacity);
        -:  385:    this->set_size(NumElts);
        -:  386:  }
        -:  387:
        -:  388:  template <typename... ArgTypes> T &growAndEmplaceBack(ArgTypes &&... Args) {
        -:  389:    // Grow manually in case one of Args is an internal reference.
        -:  390:    size_t NewCapacity;
        -:  391:    T *NewElts = mallocForGrow(0, NewCapacity);
        -:  392:    ::new ((void *)(NewElts + this->size())) T(std::forward<ArgTypes>(Args)...);
        -:  393:    moveElementsForGrow(NewElts);
        -:  394:    takeAllocationForGrow(NewElts, NewCapacity);
        -:  395:    this->set_size(this->size() + 1);
        -:  396:    return this->back();
        -:  397:  }
        -:  398:
        -:  399:public:
function _ZN4llvm23SmallVectorTemplateBaseISt8functionIFbNS_9StringRefERNS_11PassManagerINS_8FunctionENS_15AnalysisManagerIS4_JEEEJEEENS_8ArrayRefINS_11PassBuilder15PipelineElementEEEEELb0EE9push_backERKSE_ called 0 returned 0% blocks executed 0%
    #####:  400:  void push_back(const T &Elt) {
    #####:  401:    const T *EltPtr = reserveForParamAndGetAddress(Elt);
    %%%%%:  401-block  0
Aufruf  0 niemals ausgeführt
    #####:  402:    ::new ((void *)this->end()) T(*EltPtr);
Aufruf  0 niemals ausgeführt
Aufruf  1 niemals ausgeführt
Aufruf  2 niemals ausgeführt
Zweig  3 niemals ausgeführt
Zweig  4 niemals ausgeführt
    $$$$$:  402-block  0
Zweig  5 niemals ausgeführt
Zweig  6 niemals ausgeführt
    $$$$$:  402-block  1
Aufruf  7 niemals ausgeführt
    #####:  403:    this->set_size(this->size() + 1);
    %%%%%:  403-block  0
Aufruf  0 niemals ausgeführt
Aufruf  1 niemals ausgeführt
    #####:  404:  }
        -:  405:
        -:  406:  void push_back(T &&Elt) {
        -:  407:    T *EltPtr = reserveForParamAndGetAddress(Elt);
        -:  408:    ::new ((void *)this->end()) T(::std::move(*EltPtr));
        -:  409:    this->set_size(this->size() + 1);
        -:  410:  }
        -:  411:
        -:  412:  void pop_back() {
        -:  413:    this->set_size(this->size() - 1);
        -:  414:    this->end()->~T();
        -:  415:  }
        -:  416:};
        -:  417:
        -:  418:// Define this out-of-line to dissuade the C++ compiler from inlining it.
        -:  419:template <typename T, bool TriviallyCopyable>
function _ZN4llvm23SmallVectorTemplateBaseISt8functionIFbNS_9StringRefERNS_11PassManagerINS_8FunctionENS_15AnalysisManagerIS4_JEEEJEEENS_8ArrayRefINS_11PassBuilder15PipelineElementEEEEELb0EE4growEm called 0 returned 0% blocks executed 0%
    #####:  420:void SmallVectorTemplateBase<T, TriviallyCopyable>::grow(size_t MinSize) {
        -:  421:  size_t NewCapacity;
    #####:  422:  T *NewElts = mallocForGrow(MinSize, NewCapacity);
    %%%%%:  422-block  0
Aufruf  0 niemals ausgeführt
Zweig  1 niemals ausgeführt
Zweig  2 niemals ausgeführt
    #####:  423:  moveElementsForGrow(NewElts);
    %%%%%:  423-block  0
Aufruf  0 niemals ausgeführt
Zweig  1 niemals ausgeführt
Zweig  2 niemals ausgeführt
    #####:  424:  takeAllocationForGrow(NewElts, NewCapacity);
    %%%%%:  424-block  0
Aufruf  0 niemals ausgeführt
Zweig  1 niemals ausgeführt
Zweig  2 niemals ausgeführt
    #####:  425:}
    %%%%%:  425-block  0
        -:  426:
        -:  427:// Define this out-of-line to dissuade the C++ compiler from inlining it.
        -:  428:template <typename T, bool TriviallyCopyable>
function _ZN4llvm23SmallVectorTemplateBaseISt8functionIFbNS_9StringRefERNS_11PassManagerINS_8FunctionENS_15AnalysisManagerIS4_JEEEJEEENS_8ArrayRefINS_11PassBuilder15PipelineElementEEEEELb0EE19moveElementsForGrowEPSE_ called 0 returned 0% blocks executed 0%
[...]
        -: 1151:  static_assert(
        -: 1152:      sizeof(T) <= 256,
        -: 1153:      "You are trying to use a default number of inlined elements for "
        -: 1154:      "`SmallVector<T>` but `sizeof(T)` is really big! Please use an "
        -: 1155:      "explicit number of inlined elements with `SmallVector<T, N>` to make "
        -: 1156:      "sure you really want that much inline storage.");
        -: 1157:
        -: 1158:  // Discount the size of the header itself when calculating the maximum inline
        -: 1159:  // bytes.
        -: 1160:  static constexpr size_t PreferredInlineBytes =
        -: 1161:      kPreferredSmallVectorSizeof - sizeof(SmallVector<T, 0>);
        -: 1162:  static constexpr size_t NumElementsThatFit = PreferredInlineBytes / sizeof(T);
        -: 1163:  static constexpr size_t value =
        -: 1164:      NumElementsThatFit == 0 ? 1 : NumElementsThatFit;
        -: 1165:};
        -: 1166:
        -: 1167:/// This is a 'vector' (really, a variable-sized array), optimized
        -: 1168:/// for the case when the array is small.  It contains some number of elements
        -: 1169:/// in-place, which allows it to avoid heap allocation when the actual number of
        -: 1170:/// elements is below that threshold.  This allows normal "small" cases to be
        -: 1171:/// fast without losing generality for large inputs.
        -: 1172:///
        -: 1173:/// \note
        -: 1174:/// In the absence of a well-motivated choice for the number of inlined
        -: 1175:/// elements \p N, it is recommended to use \c SmallVector<T> (that is,
        -: 1176:/// omitting the \p N). This will choose a default number of inlined elements
        -: 1177:/// reasonable for allocation on the stack (for example, trying to keep \c
        -: 1178:/// sizeof(SmallVector<T>) around 64 bytes).
        -: 1179:///
        -: 1180:/// \warning This does not attempt to be exception safe.
        -: 1181:///
        -: 1182:/// \see https://llvm.org/docs/ProgrammersManual.html#llvm-adt-smallvector-h
        -: 1183:template <typename T,
        -: 1184:          unsigned N = CalculateSmallVectorDefaultInlinedElements<T>::value>
        -: 1185:class LLVM_GSL_OWNER SmallVector : public SmallVectorImpl<T>,
        -: 1186:                                   SmallVectorStorage<T, N> {
        -: 1187:public:
     194*: 1188:  SmallVector() : SmallVectorImpl<T>(N) {}
------------------
_ZN4llvm11SmallVectorIPNS_10BasicBlockELj1EEC2Ev:
function _ZN4llvm11SmallVectorIPNS_10BasicBlockELj1EEC2Ev called 0 returned 0% blocks executed 0%
    #####: 1188:  SmallVector() : SmallVectorImpl<T>(N) {}
    %%%%%: 1188-block  0
Aufruf  0 niemals ausgeführt
------------------
_ZN4llvm11SmallVectorIPNS_2cl14OptionCategoryELj1EEC2Ev:
function _ZN4llvm11SmallVectorIPNS_2cl14OptionCategoryELj1EEC2Ev called 194 returned 100% blocks executed 100%
      194: 1188:  SmallVector() : SmallVectorImpl<T>(N) {}
      194: 1188-block  0
Aufruf  0 gab 194 zurück
------------------
_ZN4llvm11SmallVectorINS_7SMFixItELj4EEC2Ev:
function _ZN4llvm11SmallVectorINS_7SMFixItELj4EEC2Ev called 0 returned 0% blocks executed 0%
    #####: 1188:  SmallVector() : SmallVectorImpl<T>(N) {}
    %%%%%: 1188-block  0
Aufruf  0 niemals ausgeführt
------------------
        -: 1189:
      39*: 1190:  ~SmallVector() {
        -: 1191:    // Destroy the constructed elements in the vector.
      39*: 1192:    this->destroy_range(this->begin(), this->end());
      39*: 1193:  }
------------------
_ZN4llvm11SmallVectorISt8functionIFbNS_9StringRefERNS_11PassManagerINS_6ModuleENS_15AnalysisManagerIS4_JEEEJEEENS_8ArrayRefINS_11PassBuilder15PipelineElementEEEEELj2EED2Ev:
function _ZN4llvm11SmallVectorISt8functionIFbNS_9StringRefERNS_11PassManagerINS_6ModuleENS_15AnalysisManagerIS4_JEEEJEEENS_8ArrayRefINS_11PassBuilder15PipelineElementEEEEELj2EED2Ev called 0 returned 0% blocks executed 0%
    #####: 1190:  ~SmallVector() {
        -: 1191:    // Destroy the constructed elements in the vector.
    #####: 1192:    this->destroy_range(this->begin(), this->end());
    %%%%%: 1192-block  0
Aufruf  0 niemals ausgeführt
Aufruf  1 niemals ausgeführt
Aufruf  2 niemals ausgeführt
    #####: 1193:  }
Aufruf  0 niemals ausgeführt
------------------
_ZN4llvm11SmallVectorINS_7SMFixItELj4EED2Ev:
function _ZN4llvm11SmallVectorINS_7SMFixItELj4EED2Ev called 0 returned 0% blocks executed 0%
    #####: 1190:  ~SmallVector() {
        -: 1191:    // Destroy the constructed elements in the vector.
    #####: 1192:    this->destroy_range(this->begin(), this->end());
    %%%%%: 1192-block  0
Aufruf  0 niemals ausgeführt
Aufruf  1 niemals ausgeführt
Aufruf  2 niemals ausgeführt
    #####: 1193:  }
Aufruf  0 niemals ausgeführt
------------------
_ZN4llvm11SmallVectorIPNS_2cl14OptionCategoryELj1EED2Ev:
function _ZN4llvm11SmallVectorIPNS_2cl14OptionCategoryELj1EED2Ev called 39 returned 100% blocks executed 100%
       39: 1190:  ~SmallVector() {
        -: 1191:    // Destroy the constructed elements in the vector.
       39: 1192:    this->destroy_range(this->begin(), this->end());
       39: 1192-block  0
Aufruf  0 gab 39 zurück
Aufruf  1 gab 39 zurück
Aufruf  2 gab 39 zurück
       39: 1193:  }
Aufruf  0 gab 39 zurück
------------------
_ZN4llvm11SmallVectorIPNS_10BasicBlockELj1EED2Ev:
function _ZN4llvm11SmallVectorIPNS_10BasicBlockELj1EED2Ev called 0 returned 0% blocks executed 0%
    #####: 1190:  ~SmallVector() {
        -: 1191:    // Destroy the constructed elements in the vector.
    #####: 1192:    this->destroy_range(this->begin(), this->end());
    %%%%%: 1192-block  0
Aufruf  0 niemals ausgeführt
Aufruf  1 niemals ausgeführt
Aufruf  2 niemals ausgeführt
    #####: 1193:  }
Aufruf  0 niemals ausgeführt
------------------
_ZN4llvm11SmallVectorISt8functionIFvRNS_11PassManagerINS_8FunctionENS_15AnalysisManagerIS3_JEEEJEEENS_17OptimizationLevelEEELj2EED2Ev:
function _ZN4llvm11SmallVectorISt8functionIFvRNS_11PassManagerINS_8FunctionENS_15AnalysisManagerIS3_JEEEJEEENS_17OptimizationLevelEEELj2EED2Ev called 0 returned 0% blocks executed 0%
    #####: 1190:  ~SmallVector() {
        -: 1191:    // Destroy the constructed elements in the vector.
    #####: 1192:    this->destroy_range(this->begin(), this->end());
    %%%%%: 1192-block  0
Aufruf  0 niemals ausgeführt
Aufruf  1 niemals ausgeführt
Aufruf  2 niemals ausgeführt
    #####: 1193:  }
Aufruf  0 niemals ausgeführt
------------------
_ZN4llvm11SmallVectorISt8functionIFvRNS_11PassManagerINS_4LoopENS_15AnalysisManagerIS3_JRNS_27LoopStandardAnalysisResultsEEEEJS6_RNS_10LPMUpdaterEEEENS_17OptimizationLevelEEELj2EED2Ev:
function _ZN4llvm11SmallVectorISt8functionIFvRNS_11PassManagerINS_4LoopENS_15AnalysisManagerIS3_JRNS_27LoopStandardAnalysisResultsEEEEJS6_RNS_10LPMUpdaterEEEENS_17OptimizationLevelEEELj2EED2Ev called 0 returned 0% blocks executed 0%
    #####: 1190:  ~SmallVector() {
        -: 1191:    // Destroy the constructed elements in the vector.
    #####: 1192:    this->destroy_range(this->begin(), this->end());
    %%%%%: 1192-block  0
Aufruf  0 niemals ausgeführt
Aufruf  1 niemals ausgeführt
Aufruf  2 niemals ausgeführt
    #####: 1193:  }
Aufruf  0 niemals ausgeführt
------------------
_ZN4llvm11SmallVectorISt8functionIFvRNS_11PassManagerINS_13LazyCallGraph3SCCENS_15AnalysisManagerIS4_JRS3_EEEJS6_RNS_17CGSCCUpdateResultEEEENS_17OptimizationLevelEEELj2EED2Ev:
function _ZN4llvm11SmallVectorISt8functionIFvRNS_11PassManagerINS_13LazyCallGraph3SCCENS_15AnalysisManagerIS4_JRS3_EEEJS6_RNS_17CGSCCUpdateResultEEEENS_17OptimizationLevelEEELj2EED2Ev called 0 returned 0% blocks executed 0%
    #####: 1190:  ~SmallVector() {
        -: 1191:    // Destroy the constructed elements in the vector.
    #####: 1192:    this->destroy_range(this->begin(), this->end());
    %%%%%: 1192-block  0
Aufruf  0 niemals ausgeführt
Aufruf  1 niemals ausgeführt
Aufruf  2 niemals ausgeführt
    #####: 1193:  }
Aufruf  0 niemals ausgeführt
------------------
_ZN4llvm11SmallVectorISt8functionIFvRNS_11PassManagerINS_6ModuleENS_15AnalysisManagerIS3_JEEEJEEENS_17OptimizationLevelEEELj2EED2Ev:
function _ZN4llvm11SmallVectorISt8functionIFvRNS_11PassManagerINS_6ModuleENS_15AnalysisManagerIS3_JEEEJEEENS_17OptimizationLevelEEELj2EED2Ev called 0 returned 0% blocks executed 0%
    #####: 1190:  ~SmallVector() {
        -: 1191:    // Destroy the constructed elements in the vector.
    #####: 1192:    this->destroy_range(this->begin(), this->end());
    %%%%%: 1192-block  0
Aufruf  0 niemals ausgeführt
Aufruf  1 niemals ausgeführt
Aufruf  2 niemals ausgeführt
    #####: 1193:  }
Aufruf  0 niemals ausgeführt
------------------
_ZN4llvm11SmallVectorISt8functionIFvRNS_15AnalysisManagerINS_6ModuleEJEEEEELj2EED2Ev:
function _ZN4llvm11SmallVectorISt8functionIFvRNS_15AnalysisManagerINS_6ModuleEJEEEEELj2EED2Ev called 0 returned 0% blocks executed 0%
    #####: 1190:  ~SmallVector() {
        -: 1191:    // Destroy the constructed elements in the vector.
    #####: 1192:    this->destroy_range(this->begin(), this->end());
    %%%%%: 1192-block  0
Aufruf  0 niemals ausgeführt
Aufruf  1 niemals ausgeführt
Aufruf  2 niemals ausgeführt
    #####: 1193:  }
Aufruf  0 niemals ausgeführt
------------------
_ZN4llvm11SmallVectorISt8functionIFbNS_9StringRefERNS_9AAManagerEEELj2EED2Ev:
function _ZN4llvm11SmallVectorISt8functionIFbNS_9StringRefERNS_9AAManagerEEELj2EED2Ev called 0 returned 0% blocks executed 0%
    #####: 1190:  ~SmallVector() {
        -: 1191:    // Destroy the constructed elements in the vector.
    #####: 1192:    this->destroy_range(this->begin(), this->end());
    %%%%%: 1192-block  0
Aufruf  0 niemals ausgeführt
Aufruf  1 niemals ausgeführt
Aufruf  2 niemals ausgeführt
    #####: 1193:  }
Aufruf  0 niemals ausgeführt
------------------
_ZN4llvm11SmallVectorISt8functionIFbRNS_11PassManagerINS_6ModuleENS_15AnalysisManagerIS3_JEEEJEEENS_8ArrayRefINS_11PassBuilder15PipelineElementEEEEELj2EED2Ev:
function _ZN4llvm11SmallVectorISt8functionIFbRNS_11PassManagerINS_6ModuleENS_15AnalysisManagerIS3_JEEEJEEENS_8ArrayRefINS_11PassBuilder15PipelineElementEEEEELj2EED2Ev called 0 returned 0% blocks executed 0%
    #####: 1190:  ~SmallVector() {
        -: 1191:    // Destroy the constructed elements in the vector.
    #####: 1192:    this->destroy_range(this->begin(), this->end());
    %%%%%: 1192-block  0
Aufruf  0 niemals ausgeführt
Aufruf  1 niemals ausgeführt
Aufruf  2 niemals ausgeführt
    #####: 1193:  }
Aufruf  0 niemals ausgeführt
------------------
_ZN4llvm11SmallVectorISt8functionIFvRNS_15AnalysisManagerINS_13LazyCallGraph3SCCEJRS3_EEEEELj2EED2Ev:
function _ZN4llvm11SmallVectorISt8functionIFvRNS_15AnalysisManagerINS_13LazyCallGraph3SCCEJRS3_EEEEELj2EED2Ev called 0 returned 0% blocks executed 0%
    #####: 1190:  ~SmallVector() {
        -: 1191:    // Destroy the constructed elements in the vector.
    #####: 1192:    this->destroy_range(this->begin(), this->end());
    %%%%%: 1192-block  0
Aufruf  0 niemals ausgeführt
Aufruf  1 niemals ausgeführt
Aufruf  2 niemals ausgeführt
    #####: 1193:  }
Aufruf  0 niemals ausgeführt
------------------
_ZN4llvm11SmallVectorISt8functionIFbNS_9StringRefERNS_11PassManagerINS_13LazyCallGraph3SCCENS_15AnalysisManagerIS5_JRS4_EEEJS7_RNS_17CGSCCUpdateResultEEEENS_8ArrayRefINS_11PassBuilder15PipelineElementEEEEELj2EED2Ev:
function _ZN4llvm11SmallVectorISt8functionIFbNS_9StringRefERNS_11PassManagerINS_13LazyCallGraph3SCCENS_15AnalysisManagerIS5_JRS4_EEEJS7_RNS_17CGSCCUpdateResultEEEENS_8ArrayRefINS_11PassBuilder15PipelineElementEEEEELj2EED2Ev called 0 returned 0% blocks executed 0%
    #####: 1190:  ~SmallVector() {
        -: 1191:    // Destroy the constructed elements in the vector.
    #####: 1192:    this->destroy_range(this->begin(), this->end());
    %%%%%: 1192-block  0
Aufruf  0 niemals ausgeführt
Aufruf  1 niemals ausgeführt
Aufruf  2 niemals ausgeführt
    #####: 1193:  }
Aufruf  0 niemals ausgeführt
------------------
_ZN4llvm11SmallVectorISt8functionIFvRNS_15AnalysisManagerINS_8FunctionEJEEEEELj2EED2Ev:
function _ZN4llvm11SmallVectorISt8functionIFvRNS_15AnalysisManagerINS_8FunctionEJEEEEELj2EED2Ev called 0 returned 0% blocks executed 0%
    #####: 1190:  ~SmallVector() {
        -: 1191:    // Destroy the constructed elements in the vector.
    #####: 1192:    this->destroy_range(this->begin(), this->end());
    %%%%%: 1192-block  0
Aufruf  0 niemals ausgeführt
Aufruf  1 niemals ausgeführt
Aufruf  2 niemals ausgeführt
    #####: 1193:  }
Aufruf  0 niemals ausgeführt
------------------
_ZN4llvm11SmallVectorISt8functionIFbNS_9StringRefERNS_11PassManagerINS_8FunctionENS_15AnalysisManagerIS4_JEEEJEEENS_8ArrayRefINS_11PassBuilder15PipelineElementEEEEELj2EED2Ev:
function _ZN4llvm11SmallVectorISt8functionIFbNS_9StringRefERNS_11PassManagerINS_8FunctionENS_15AnalysisManagerIS4_JEEEJEEENS_8ArrayRefINS_11PassBuilder15PipelineElementEEEEELj2EED2Ev called 0 returned 0% blocks executed 0%
    #####: 1190:  ~SmallVector() {
        -: 1191:    // Destroy the constructed elements in the vector.
    #####: 1192:    this->destroy_range(this->begin(), this->end());
    %%%%%: 1192-block  0
Aufruf  0 niemals ausgeführt
Aufruf  1 niemals ausgeführt
Aufruf  2 niemals ausgeführt
    #####: 1193:  }
Aufruf  0 niemals ausgeführt
------------------
_ZN4llvm11SmallVectorISt8functionIFvRNS_15AnalysisManagerINS_4LoopEJRNS_27LoopStandardAnalysisResultsEEEEEELj2EED2Ev:
function _ZN4llvm11SmallVectorISt8functionIFvRNS_15AnalysisManagerINS_4LoopEJRNS_27LoopStandardAnalysisResultsEEEEEELj2EED2Ev called 0 returned 0% blocks executed 0%
    #####: 1190:  ~SmallVector() {
        -: 1191:    // Destroy the constructed elements in the vector.
    #####: 1192:    this->destroy_range(this->begin(), this->end());
    %%%%%: 1192-block  0
Aufruf  0 niemals ausgeführt
Aufruf  1 niemals ausgeführt
Aufruf  2 niemals ausgeführt
    #####: 1193:  }
Aufruf  0 niemals ausgeführt
------------------
_ZN4llvm11SmallVectorISt8functionIFbNS_9StringRefERNS_11PassManagerINS_4LoopENS_15AnalysisManagerIS4_JRNS_27LoopStandardAnalysisResultsEEEEJS7_RNS_10LPMUpdaterEEEENS_8ArrayRefINS_11PassBuilder15PipelineElementEEEEELj2EED2Ev:
function _ZN4llvm11SmallVectorISt8functionIFbNS_9StringRefERNS_11PassManagerINS_4LoopENS_15AnalysisManagerIS4_JRNS_27LoopStandardAnalysisResultsEEEEJS7_RNS_10LPMUpdaterEEEENS_8ArrayRefINS_11PassBuilder15PipelineElementEEEEELj2EED2Ev called 0 returned 0% blocks executed 0%
    #####: 1190:  ~SmallVector() {
        -: 1191:    // Destroy the constructed elements in the vector.
    #####: 1192:    this->destroy_range(this->begin(), this->end());
    %%%%%: 1192-block  0
Aufruf  0 niemals ausgeführt
Aufruf  1 niemals ausgeführt
Aufruf  2 niemals ausgeführt
    #####: 1193:  }
Aufruf  0 niemals ausgeführt
------------------
        -: 1194:
        -: 1195:  explicit SmallVector(size_t Size, const T &Value = T())
        -: 1196:    : SmallVectorImpl<T>(N) {
        -: 1197:    this->assign(Size, Value);
        -: 1198:  }
        -: 1199:
        -: 1200:  template <typename ItTy,
        -: 1201:            typename = std::enable_if_t<std::is_convertible<
        -: 1202:                typename std::iterator_traits<ItTy>::iterator_category,
        -: 1203:                std::input_iterator_tag>::value>>
        -: 1204:  SmallVector(ItTy S, ItTy E) : SmallVectorImpl<T>(N) {
        -: 1205:    this->append(S, E);
        -: 1206:  }
        -: 1207:
        -: 1208:  template <typename RangeTy>
        -: 1209:  explicit SmallVector(const iterator_range<RangeTy> &R)
        -: 1210:      : SmallVectorImpl<T>(N) {
        -: 1211:    this->append(R.begin(), R.end());
        -: 1212:  }
        -: 1213:
        -: 1214:  SmallVector(std::initializer_list<T> IL) : SmallVectorImpl<T>(N) {
        -: 1215:    this->assign(IL);
        -: 1216:  }
        -: 1217:
        -: 1218:  SmallVector(const SmallVector &RHS) : SmallVectorImpl<T>(N) {
        -: 1219:    if (!RHS.empty())
        -: 1220:      SmallVectorImpl<T>::operator=(RHS);
        -: 1221:  }
        -: 1222:
        -: 1223:  SmallVector &operator=(const SmallVector &RHS) {
        -: 1224:    SmallVectorImpl<T>::operator=(RHS);
        -: 1225:    return *this;
        -: 1226:  }
        -: 1227:
        -: 1228:  SmallVector(SmallVector &&RHS) : SmallVectorImpl<T>(N) {
        -: 1229:    if (!RHS.empty())
        -: 1230:      SmallVectorImpl<T>::operator=(::std::move(RHS));
        -: 1231:  }
        -: 1232:
        -: 1233:  SmallVector(SmallVectorImpl<T> &&RHS) : SmallVectorImpl<T>(N) {
        -: 1234:    if (!RHS.empty())
        -: 1235:      SmallVectorImpl<T>::operator=(::std::move(RHS));
        -: 1236:  }
        -: 1237:
        -: 1238:  SmallVector &operator=(SmallVector &&RHS) {
        -: 1239:    if (N) {
        -: 1240:      SmallVectorImpl<T>::operator=(::std::move(RHS));
        -: 1241:      return *this;
        -: 1242:    }
        -: 1243:    // SmallVectorImpl<T>::operator= does not leverage N==0. Optimize the
        -: 1244:    // case.
        -: 1245:    if (this == &RHS)
        -: 1246:      return *this;
        -: 1247:    if (RHS.empty()) {
        -: 1248:      this->destroy_range(this->begin(), this->end());
        -: 1249:      this->Size = 0;
        -: 1250:    } else {
        -: 1251:      this->assignRemote(std::move(RHS));
        -: 1252:    }
        -: 1253:    return *this;
        -: 1254:  }
        -: 1255:
        -: 1256:  SmallVector &operator=(SmallVectorImpl<T> &&RHS) {
        -: 1257:    SmallVectorImpl<T>::operator=(::std::move(RHS));
        -: 1258:    return *this;
        -: 1259:  }
        -: 1260:
        -: 1261:  SmallVector &operator=(std::initializer_list<T> IL) {
        -: 1262:    this->assign(IL);
        -: 1263:    return *this;
        -: 1264:  }
        -: 1265:};
        -: 1266:
        -: 1267:template <typename T, unsigned N>
        -: 1268:inline size_t capacity_in_bytes(const SmallVector<T, N> &X) {
        -: 1269:  return X.capacity_in_bytes();
        -: 1270:}
        -: 1271:
        -: 1272:template <typename RangeType>
        -: 1273:using ValueTypeFromRangeType =
        -: 1274:    typename std::remove_const<typename std::remove_reference<
        -: 1275:        decltype(*std::begin(std::declval<RangeType &>()))>::type>::type;
        -: 1276:
        -: 1277:/// Given a range of type R, iterate the entire range and return a
        -: 1278:/// SmallVector with elements of the vector.  This is useful, for example,
        -: 1279:/// when you want to iterate a range and then sort the results.
        -: 1280:template <unsigned Size, typename R>
        -: 1281:SmallVector<ValueTypeFromRangeType<R>, Size> to_vector(R &&Range) {
        -: 1282:  return {std::begin(Range), std::end(Range)};
        -: 1283:}
        -: 1284:template <typename R>
        -: 1285:SmallVector<ValueTypeFromRangeType<R>,
        -: 1286:            CalculateSmallVectorDefaultInlinedElements<
        -: 1287:                ValueTypeFromRangeType<R>>::value>
        -: 1288:to_vector(R &&Range) {
        -: 1289:  return {std::begin(Range), std::end(Range)};
        -: 1290:}
        -: 1291:
        -: 1292:} // end namespace llvm
        -: 1293:
        -: 1294:namespace std {
        -: 1295:
        -: 1296:  /// Implement std::swap in terms of SmallVector swap.
        -: 1297:  template<typename T>
        -: 1298:  inline void
        -: 1299:  swap(llvm::SmallVectorImpl<T> &LHS, llvm::SmallVectorImpl<T> &RHS) {
        -: 1300:    LHS.swap(RHS);
        -: 1301:  }
        -: 1302:
        -: 1303:  /// Implement std::swap in terms of SmallVector swap.
        -: 1304:  template<typename T, unsigned N>
        -: 1305:  inline void
        -: 1306:  swap(llvm::SmallVector<T, N> &LHS, llvm::SmallVector<T, N> &RHS) {
        -: 1307:    LHS.swap(RHS);
        -: 1308:  }
        -: 1309:
        -: 1310:} // end namespace std
        -: 1311:
        -: 1312:#endif // LLVM_ADT_SMALLVECTOR_H
